<?xml version="1.0" encoding="utf-8"?><testsuites name="pytest tests"><testsuite name="pytest" errors="1" failures="0" skipped="0" tests="1" time="2.856" timestamp="2026-09-13T15:45:32.978374+08:00" hostname="Prawn-E14"><testcase classname="" name="tests.test_source_metadata_github" time="0.000"><error message="collection failure">tests/test_source_metadata_github.py::test_production_client_requires_budget_before_any_io: 'request' is a reserved name and cannot be used in @pytest.mark.parametrize</error></testcase></testsuite></testsuites>