<?xml version="1.0" encoding="utf-8"?><testsuites name="pytest tests"><testsuite name="pytest" errors="0" failures="0" skipped="0" tests="376" time="8.735" timestamp="2026-09-13T13:23:27.479340+08:00" hostname="Prawn-E14"><testcase classname="tests.test_readme" name="test_readme_documents_universe_source_policy" time="0.004" /><testcase classname="tests.test_readme" name="test_readme_documents_local_lamp_overlay_artifact" time="0.003" /><testcase classname="tests.test_readme" name="test_readme_documents_full_batch_approval_boundary" time="0.002" /><testcase classname="tests.test_readme" name="test_readme_does_not_overclaim_legacy_bundle_reproducibility" time="0.002" /><testcase classname="tests.test_readme" name="test_readme_monitor_requires_verified_state_without_pipeline_commands" time="0.002" /><testcase classname="tests.test_readme" name="test_readme_distinguishes_fixture_preparation_from_approved_release_and_rollback" time="0.002" /><testcase classname="tests.test_readme" name="test_readme_maintenance_ownership_is_proposed_not_activated" time="0.002" /><testcase classname="tests.test_readme" name="test_readme_distinguishes_inspection_from_production_and_backup_proof" time="0.002" /><testcase classname="tests.test_source_metadata_cli" name="test_initialization_run_check_rejects_invalid_mode_before_io[initialization0]" time="0.002" /><testcase classname="tests.test_source_metadata_cli" name="test_initialization_run_check_rejects_invalid_mode_before_io[initialization1]" time="0.002" /><testcase classname="tests.test_source_metadata_cli" name="test_initialization_run_check_rejects_invalid_mode_before_io[initialization2]" time="0.002" /><testcase classname="tests.test_source_metadata_cli" name="test_initialization_run_check_rejects_invalid_mode_before_io[initialization3]" time="0.002" /><testcase classname="tests.test_source_metadata_cli" name="test_initialization_run_check_rejects_invalid_mode_before_io[initialization4]" time="0.002" /><testcase classname="tests.test_source_metadata_cli" name="test_initialization_run_check_rejects_invalid_mode_before_io[initialization5]" time="0.002" /><testcase classname="tests.test_source_metadata_cli" name="test_initialization_run_check_rejects_invalid_mode_before_io[initialization6]" time="0.002" /><testcase classname="tests.test_source_metadata_cli" name="test_initialization_run_check_rejects_invalid_mode_before_io[initialization7]" time="0.002" /><testcase classname="tests.test_source_metadata_cli" name="test_initialization_run_check_rejects_invalid_mode_before_io[initialization8]" time="0.002" /><testcase classname="tests.test_source_metadata_cli" name="test_initialization_run_check_rejects_invalid_mode_before_io[initialization9]" time="0.001" /><testcase classname="tests.test_source_metadata_cli" name="test_initialization_run_check_rejects_invalid_mode_before_io[initialization10]" time="0.001" /><testcase classname="tests.test_source_metadata_cli" name="test_initialization_cli_rejects_missing_or_conflicting_modes_before_io[arguments0-one of the arguments --bootstrap --previous is required]" time="0.004" /><testcase classname="tests.test_source_metadata_cli" name="test_initialization_cli_rejects_missing_or_conflicting_modes_before_io[arguments1-not allowed with argument]" time="0.002" /><testcase classname="tests.test_source_metadata_cli" name="test_initialization_cli_forwards_explicit_mode_and_exit_code[0-True]" time="0.002" /><testcase classname="tests.test_source_metadata_cli" name="test_initialization_cli_forwards_explicit_mode_and_exit_code[0-False]" time="0.002" /><testcase classname="tests.test_source_metadata_cli" name="test_initialization_cli_forwards_explicit_mode_and_exit_code[1-True]" time="0.002" /><testcase classname="tests.test_source_metadata_cli" name="test_initialization_cli_forwards_explicit_mode_and_exit_code[1-False]" time="0.002" /><testcase classname="tests.test_source_metadata_cli" name="test_initialization_cli_forwards_explicit_mode_and_exit_code[2-True]" time="0.003" /><testcase classname="tests.test_source_metadata_cli" name="test_initialization_cli_forwards_explicit_mode_and_exit_code[2-False]" time="0.003" /><testcase classname="tests.test_source_metadata_cli" name="test_first_observation_writes_fresh_report_and_restorable_state_without_delivery" time="0.072" /><testcase classname="tests.test_source_metadata_cli" name="test_restored_valid_etag_is_used_and_304_preserves_publication_date" time="0.087" /><testcase classname="tests.test_source_metadata_cli" name="test_persisted_long_rate_limit_prevents_all_host_requests" time="0.101" /><testcase classname="tests.test_source_metadata_cli" name="test_uncheckable_sources_are_explicit_without_requests[manual-manual]" time="0.069" /><testcase classname="tests.test_source_metadata_cli" name="test_uncheckable_sources_are_explicit_without_requests[unsupported-unsupported]" time="0.097" /><testcase classname="tests.test_source_metadata_cli" name="test_uncheckable_sources_are_explicit_without_requests[datamall_listing-credentials_required]" time="0.056" /><testcase classname="tests.test_source_metadata_cli" name="test_invalid_catalog_fails_before_network_or_output[&lt;lambda&gt;0]" time="0.019" /><testcase classname="tests.test_source_metadata_cli" name="test_invalid_catalog_fails_before_network_or_output[&lt;lambda&gt;1]" time="0.024" /><testcase classname="tests.test_source_metadata_cli" name="test_invalid_catalog_fails_before_network_or_output[&lt;lambda&gt;2]" time="0.022" /><testcase classname="tests.test_source_metadata_cli" name="test_invalid_catalog_fails_before_network_or_output[&lt;lambda&gt;3]" time="0.024" /><testcase classname="tests.test_source_metadata_cli" name="test_invalid_catalog_fails_before_network_or_output[&lt;lambda&gt;4]" time="0.023" /><testcase classname="tests.test_source_metadata_cli" name="test_invalid_catalog_fails_before_network_or_output[&lt;lambda&gt;5]" time="0.022" /><testcase classname="tests.test_source_metadata_cli" name="test_invalid_catalog_fails_before_network_or_output[&lt;lambda&gt;6]" time="0.025" /><testcase classname="tests.test_source_metadata_cli" name="test_invalid_catalog_fails_before_network_or_output[&lt;lambda&gt;7]" time="0.023" /><testcase classname="tests.test_source_metadata_cli" name="test_invalid_catalog_fails_before_network_or_output[&lt;lambda&gt;8]" time="0.021" /><testcase classname="tests.test_source_metadata_cli" name="test_invalid_catalog_fails_before_network_or_output[&lt;lambda&gt;9]" time="0.020" /><testcase classname="tests.test_source_metadata_cli" name="test_input_hash_mismatch_stops_without_rebuilding" time="0.043" /><testcase classname="tests.test_source_metadata_cli" name="test_bad_or_duplicate_json_never_authorizes_requests[{]" time="0.019" /><testcase classname="tests.test_source_metadata_cli" name="test_bad_or_duplicate_json_never_authorizes_requests[{&quot;x&quot;: NaN}]" time="0.019" /><testcase classname="tests.test_source_metadata_cli" name="test_bad_or_duplicate_json_never_authorizes_requests[{&quot;schemaVersion&quot;:1,&quot;schemaVersion&quot;:2}]" time="0.022" /><testcase classname="tests.test_source_metadata_cli" name="test_bad_previous_state_fails_closed_without_conditional_request[invalid_state]" time="0.055" /><testcase classname="tests.test_source_metadata_cli" name="test_bad_previous_state_fails_closed_without_conditional_request[wrong_catalog]" time="0.043" /><testcase classname="tests.test_source_metadata_cli" name="test_bad_previous_state_fails_closed_without_conditional_request[missing_key]" time="0.039" /><testcase classname="tests.test_source_metadata_cli" name="test_bad_previous_state_fails_closed_without_conditional_request[future_state]" time="0.051" /><testcase classname="tests.test_source_metadata_cli" name="test_bad_previous_state_fails_closed_without_conditional_request[missing_file]" time="0.043" /><testcase classname="tests.test_source_metadata_cli" name="test_bad_previous_state_fails_closed_without_conditional_request[truncated]" time="0.035" /><testcase classname="tests.test_source_metadata_cli" name="test_bad_previous_state_fails_closed_without_conditional_request[oversized]" time="0.055" /><testcase classname="tests.test_source_metadata_cli" name="test_output_scope_rejects_non_fresh_monitor_directory[web/public/data/new]" time="0.016" /><testcase classname="tests.test_source_metadata_cli" name="test_output_scope_rejects_non_fresh_monitor_directory[qa/p10_evidence/new]" time="0.016" /><testcase classname="tests.test_source_metadata_cli" name="test_output_scope_rejects_non_fresh_monitor_directory[raw/new]" time="0.013" /><testcase classname="tests.test_source_metadata_cli" name="test_output_scope_rejects_non_fresh_monitor_directory[qa/source-monitor]" time="0.016" /><testcase classname="tests.test_source_metadata_cli" name="test_output_scope_rejects_non_fresh_monitor_directory[tmp/new]" time="0.015" /><testcase classname="tests.test_source_metadata_cli" name="test_output_scope_rejects_non_fresh_monitor_directory[qa/source-monitor/a/b]" time="0.016" /><testcase classname="tests.test_source_metadata_cli" name="test_existing_output_is_never_overwritten" time="0.060" /><testcase classname="tests.test_source_metadata_cli" name="test_mid_run_anchor_change_is_preserved_as_failure_not_success" time="0.068" /><testcase classname="tests.test_source_metadata_cli" name="test_unchanged_rerun_preserves_pending_notice_id_without_claiming_delivery" time="0.131" /><testcase classname="tests.test_source_metadata_cli" name="test_deferred_previously_available_source_is_not_an_all_clear" time="0.112" /><testcase classname="tests.test_source_metadata_cli" name="test_acknowledged_staleness_still_requires_attention" time="0.134" /><testcase classname="tests.test_source_metadata_cli" name="test_cooldown_on_one_dataset_defers_other_datasets_on_same_host" time="0.120" /><testcase classname="tests.test_source_metadata_cli" name="test_outside_or_linked_output_is_rejected_before_any_requests" time="0.012" /><testcase classname="tests.test_source_metadata_cli" name="test_invalid_credentials_stop_without_echoing_or_network" time="0.022" /><testcase classname="tests.test_source_metadata_cli" name="test_runtime_anchor_never_uses_git_identity_in_place_of_recorded_local_bytes" time="0.081" /><testcase classname="tests.test_source_metadata_cli" name="test_success_report_follows_verified_state_persistence" time="0.062" /><testcase classname="tests.test_source_metadata_cli" name="test_failed_state_write_can_only_leave_a_failure_report[False]" time="0.052" /><testcase classname="tests.test_source_metadata_cli" name="test_failed_state_write_can_only_leave_a_failure_report[True]" time="0.052" /><testcase classname="tests.test_source_metadata_cli" name="test_state_readback_failure_is_not_reported_as_success[different-valid-json]" time="0.077" /><testcase classname="tests.test_source_metadata_cli" name="test_state_readback_failure_is_not_reported_as_success[truncated-json]" time="0.061" /><testcase classname="tests.test_source_metadata_cli" name="test_state_readback_failure_is_not_reported_as_success[oversized-state]" time="0.093" /><testcase classname="tests.test_source_metadata_cli" name="test_state_fsync_failure_does_not_authorize_a_completion_report_or_restore" time="0.081" /><testcase classname="tests.test_source_metadata_cli" name="test_previous_state_requires_matching_verified_completion_receipt[missing]" time="0.058" /><testcase classname="tests.test_source_metadata_cli" name="test_previous_state_requires_matching_verified_completion_receipt[bad_hash]" time="0.063" /><testcase classname="tests.test_source_metadata_cli" name="test_previous_state_requires_matching_verified_completion_receipt[failed]" time="0.048" /><testcase classname="tests.test_source_metadata_cli" name="test_previous_state_requires_matching_verified_completion_receipt[unverified]" time="0.045" /><testcase classname="tests.test_source_metadata_cli" name="test_previous_state_requires_matching_verified_completion_receipt[different_catalog]" time="0.047" /><testcase classname="tests.test_source_metadata_cli" name="test_previous_state_requires_matching_verified_completion_receipt[different_finish]" time="0.051" /><testcase classname="tests.test_source_metadata_cli" name="test_report_write_or_close_error_cannot_publish_success[before-write]" time="0.068" /><testcase classname="tests.test_source_metadata_cli" name="test_report_write_or_close_error_cannot_publish_success[after-write]" time="0.063" /><testcase classname="tests.test_source_metadata_cli" name="test_report_fsync_error_cannot_publish_success" time="0.046" /><testcase classname="tests.test_source_metadata_cli" name="test_report_readback_mismatch_never_publishes_success" time="0.053" /><testcase classname="tests.test_source_metadata_cli" name="test_report_publication_error_preserves_prior_files_without_fallback_write[False]" time="0.073" /><testcase classname="tests.test_source_metadata_cli" name="test_report_publication_error_preserves_prior_files_without_fallback_write[True]" time="0.061" /><testcase classname="tests.test_source_metadata_catalog" name="test_catalog_reuses_policy_and_never_substitutes_fetch_time" time="0.002" /><testcase classname="tests.test_source_metadata_catalog" name="test_catalog_preserves_manual_unsupported_and_absent_baseline" time="0.001" /><testcase classname="tests.test_source_metadata_catalog" name="test_recorded_http_date_is_preserved_as_an_instant" time="0.001" /><testcase classname="tests.test_source_metadata_catalog" name="test_unsafe_endpoint_identifiers_are_rejected[datagov_polldownload-dataset_id-../download]" time="0.001" /><testcase classname="tests.test_source_metadata_catalog" name="test_unsafe_endpoint_identifiers_are_rejected[datamall_geospatial_listing-search_keyword-x&amp;payload=1]" time="0.001" /><testcase classname="tests.test_source_metadata_catalog" name="test_ambiguous_recorded_dates_stay_unknown[2026-09-09]" time="0.002" /><testcase classname="tests.test_source_metadata_catalog" name="test_ambiguous_recorded_dates_stay_unknown[2026-09-09T01:00:00]" time="0.002" /><testcase classname="tests.test_source_metadata_catalog" name="test_ambiguous_recorded_dates_stay_unknown[bad]" time="0.002" /><testcase classname="tests.test_source_metadata_catalog" name="test_ambiguous_recorded_dates_stay_unknown[None]" time="0.002" /><testcase classname="tests.test_source_metadata_catalog" name="test_metadata_identity_records_both_hashes_without_mutating_crlf_bytes[raw/manifest.json]" time="0.002" /><testcase classname="tests.test_source_metadata_catalog" name="test_metadata_identity_records_both_hashes_without_mutating_crlf_bytes[pipeline/config/sources.yaml]" time="0.003" /><testcase classname="tests.test_source_metadata_catalog" name="test_identical_metadata_keeps_identical_raw_hashes" time="0.002" /><testcase classname="tests.test_source_metadata_catalog" name="test_semantic_or_other_byte_differences_are_not_line_ending_exceptions[{ }\n]" time="0.002" /><testcase classname="tests.test_source_metadata_catalog" name="test_semantic_or_other_byte_differences_are_not_line_ending_exceptions[{}\r]" time="0.002" /><testcase classname="tests.test_source_metadata_catalog" name="test_semantic_or_other_byte_differences_are_not_line_ending_exceptions[{}]" time="0.002" /><testcase classname="tests.test_source_metadata_catalog" name="test_semantic_or_other_byte_differences_are_not_line_ending_exceptions[{}\n\n]" time="0.002" /><testcase classname="tests.test_source_metadata_catalog" name="test_semantic_or_other_byte_differences_are_not_line_ending_exceptions[\xef\xbb\xbf{}\n]" time="0.002" /><testcase classname="tests.test_source_metadata_catalog" name="test_semantic_or_other_byte_differences_are_not_line_ending_exceptions[{&quot;sources&quot;:null}\n]" time="0.001" /><testcase classname="tests.test_source_metadata_catalog" name="test_semantic_or_other_byte_differences_are_not_line_ending_exceptions[\xff\n]" time="0.001" /><testcase classname="tests.test_source_metadata_catalog" name="test_metadata_exception_cannot_be_applied_to_any_other_input[pipeline/config/weights.yaml]" time="0.001" /><testcase classname="tests.test_source_metadata_catalog" name="test_metadata_exception_cannot_be_applied_to_any_other_input[raw/shelter.zip]" time="0.002" /><testcase classname="tests.test_source_metadata_catalog" name="test_metadata_exception_cannot_be_applied_to_any_other_input[processed/network_island.parquet]" time="0.002" /><testcase classname="tests.test_source_metadata_catalog" name="test_metadata_exception_cannot_be_applied_to_any_other_input[qa/releases/manifest.json]" time="0.001" /><testcase classname="tests.test_source_metadata_catalog" name="test_metadata_exception_cannot_be_applied_to_any_other_input[../raw/manifest.json]" time="0.001" /><testcase classname="tests.test_source_metadata_catalog" name="test_same_json_with_reordered_keys_is_not_accepted" time="0.001" /><testcase classname="tests.test_source_metadata_catalog" name="test_invalid_committed_text_is_not_silently_normalized[{}\r\n]" time="0.001" /><testcase classname="tests.test_source_metadata_catalog" name="test_invalid_committed_text_is_not_silently_normalized[{}\r]" time="0.002" /><testcase classname="tests.test_source_metadata_catalog" name="test_invalid_committed_text_is_not_silently_normalized[\xef\xbb\xbf{}\n]" time="0.002" /><testcase classname="tests.test_source_metadata_catalog" name="test_invalid_committed_text_is_not_silently_normalized[\x00\n]" time="0.001" /><testcase classname="tests.test_source_metadata_catalog" name="test_invalid_committed_text_is_not_silently_normalized[\xff\n]" time="0.001" /><testcase classname="tests.test_source_metadata_catalog" name="test_catalog_retains_distinct_git_and_local_anchor_identities" time="0.001" /><testcase classname="tests.test_source_metadata_http" name="test_success_only_gets_metadata_and_closes_connection" time="0.002" /><testcase classname="tests.test_source_metadata_http" name="test_non_allowlisted_endpoints_never_connect[http://api-production.data.gov.sg/v2/public/api/datasets/d_abc/metadata]" time="0.002" /><testcase classname="tests.test_source_metadata_http" name="test_non_allowlisted_endpoints_never_connect[https://example.com/v2/public/api/datasets/d_abc/metadata]" time="0.002" /><testcase classname="tests.test_source_metadata_http" name="test_non_allowlisted_endpoints_never_connect[https://api-production.data.gov.sg/v2/public/api/datasets/d_abc/list-rows]" time="0.002" /><testcase classname="tests.test_source_metadata_http" name="test_non_allowlisted_endpoints_never_connect[https://api-open.data.gov.sg/v1/public/api/datasets/d_abc/initiate-download]" time="0.001" /><testcase classname="tests.test_source_metadata_http" name="test_non_allowlisted_endpoints_never_connect[https://api-production.data.gov.sg/v2/public/api/datasets/d_abc/metadata?url=x]" time="0.001" /><testcase classname="tests.test_source_metadata_http" name="test_non_allowlisted_endpoints_never_connect[https://user:secret@api-production.data.gov.sg/v2/public/api/datasets/d_abc/metadata]" time="0.001" /><testcase classname="tests.test_source_metadata_http" name="test_non_allowlisted_endpoints_never_connect[https://api-production.data.gov.sg:444/v2/public/api/datasets/d_abc/metadata]" time="0.001" /><testcase classname="tests.test_source_metadata_http" name="test_non_allowlisted_endpoints_never_connect[https://api-production.data.gov.sg/v2/public/api/datasets/d_abc/metadata#fragment]" time="0.003" /><testcase classname="tests.test_source_metadata_http" name="test_non_allowlisted_endpoints_never_connect[https://datamall2.mytransport.sg/ltaodataservice/BusStops]" time="0.002" /><testcase classname="tests.test_source_metadata_http" name="test_non_allowlisted_endpoints_never_connect[https://datamall2.mytransport.sg/ltaodataservice/GeospatialWholeIsland?ID=CoveredLinkWay&amp;other=x]" time="0.003" /><testcase classname="tests.test_source_metadata_http" name="test_credentials_are_never_sent_to_data_gov" time="0.002" /><testcase classname="tests.test_source_metadata_http" name="test_unapproved_headers_never_connect[headers0]" time="0.002" /><testcase classname="tests.test_source_metadata_http" name="test_unapproved_headers_never_connect[headers1]" time="0.002" /><testcase classname="tests.test_source_metadata_http" name="test_redirect_is_not_followed_or_read" time="0.002" /><testcase classname="tests.test_source_metadata_http" name="test_rate_limit_defers_host_without_retry_and_honors_bounded_retry_after" time="0.002" /><testcase classname="tests.test_source_metadata_http" name="test_bad_or_short_retry_after_uses_minimum_cooldown[garbage]" time="0.002" /><testcase classname="tests.test_source_metadata_http" name="test_bad_or_short_retry_after_uses_minimum_cooldown[-8]" time="0.001" /><testcase classname="tests.test_source_metadata_http" name="test_bad_or_short_retry_after_uses_minimum_cooldown[0]" time="0.005" /><testcase classname="tests.test_source_metadata_http" name="test_304_does_not_read_response_body" time="0.002" /><testcase classname="tests.test_source_metadata_http" name="test_http_errors_are_bounded_and_do_not_print_body[401]" time="0.002" /><testcase classname="tests.test_source_metadata_http" name="test_http_errors_are_bounded_and_do_not_print_body[403]" time="0.002" /><testcase classname="tests.test_source_metadata_http" name="test_http_errors_are_bounded_and_do_not_print_body[404]" time="0.003" /><testcase classname="tests.test_source_metadata_http" name="test_http_errors_are_bounded_and_do_not_print_body[500]" time="0.002" /><testcase classname="tests.test_source_metadata_http" name="test_http_errors_are_bounded_and_do_not_print_body[503]" time="0.002" /><testcase classname="tests.test_source_metadata_http" name="test_timeout_is_not_retried_or_echoed" time="0.002" /><testcase classname="tests.test_source_metadata_http" name="test_total_request_budget_prevents_more_connections" time="0.002" /><testcase classname="tests.test_source_metadata_http" name="test_spacing_that_cannot_fit_deadline_defers_instead_of_sleeping" time="0.002" /><testcase classname="tests.test_source_metadata_http" name="test_per_host_spacing_is_enforced" time="0.002" /><testcase classname="tests.test_source_metadata_http" name="test_malformed_or_wrong_payload_never_becomes_observation[{-headers0]" time="0.002" /><testcase classname="tests.test_source_metadata_http" name="test_malformed_or_wrong_payload_never_becomes_observation[\xff-headers1]" time="0.002" /><testcase classname="tests.test_source_metadata_http" name="test_malformed_or_wrong_payload_never_becomes_observation[{&quot;x&quot;:NaN}-headers2]" time="0.002" /><testcase classname="tests.test_source_metadata_http" name="test_malformed_or_wrong_payload_never_becomes_observation[{}-headers3]" time="0.002" /><testcase classname="tests.test_source_metadata_http" name="test_malformed_or_wrong_payload_never_becomes_observation[{}-headers4]" time="0.003" /><testcase classname="tests.test_source_metadata_http" name="test_oversized_header_is_rejected_without_reading_body" time="0.002" /><testcase classname="tests.test_source_metadata_http" name="test_stream_without_size_header_reads_only_limit_plus_one" time="0.002" /><testcase classname="tests.test_source_metadata_http" name="test_observer_validates_dataset_identity_and_excludes_unrelated_metadata" time="0.002" /><testcase classname="tests.test_source_metadata_http" name="test_wrong_dataset_is_not_observed" time="0.002" /><testcase classname="tests.test_source_metadata_http" name="test_no_request_for_manual_unsupported_or_missing_credentials[manual-manual]" time="0.002" /><testcase classname="tests.test_source_metadata_http" name="test_no_request_for_manual_unsupported_or_missing_credentials[unsupported-unsupported]" time="0.002" /><testcase classname="tests.test_source_metadata_http" name="test_no_request_for_manual_unsupported_or_missing_credentials[datamall_listing-credentials_required]" time="0.001" /><testcase classname="tests.test_source_metadata_http" name="test_listing_reference_discards_rotating_signatures_and_never_follows_link" time="0.002" /><testcase classname="tests.test_source_metadata_http" name="test_missing_publisher_timestamp_stays_unknown" time="0.001" /><testcase classname="tests.test_source_metadata_http" name="test_long_retry_after_is_not_shortened_to_one_day[259200]" time="0.001" /><testcase classname="tests.test_source_metadata_http" name="test_long_retry_after_is_not_shortened_to_one_day[Sat, 12 Sep 2026 00:00:00 GMT]" time="0.002" /><testcase classname="tests.test_source_metadata_http" name="test_unrepresentable_retry_after_requires_indefinite_manual_wait" time="0.001" /><testcase classname="tests.test_source_metadata_http" name="test_late_304_is_timeout_not_success" time="0.001" /><testcase classname="tests.test_source_metadata_http" name="test_late_eof_is_timeout_not_success" time="0.001" /><testcase classname="tests.test_source_metadata_http" name="test_real_stalled_worker_is_killed_and_waited_without_network" time="0.214" /><testcase classname="tests.test_source_metadata_http" name="test_malformed_listing_urls_are_source_errors_not_uncaught_exceptions[https://[broken]" time="0.002" /><testcase classname="tests.test_source_metadata_http" name="test_malformed_listing_urls_are_source_errors_not_uncaught_exceptions[https://dmgeospatial.s3.ap-southeast-1.amazonaws.com:bad/CoveredLinkWay.zip]" time="0.002" /><testcase classname="tests.test_source_metadata_http" name="test_cleanup_failure_is_recorded_without_exception_details" time="0.001" /><testcase classname="tests.test_source_metadata_http" name="test_publisher_instant_overflow_is_unknown_not_a_crash[0001-01-01T00:00:00+14:00]" time="0.001" /><testcase classname="tests.test_source_metadata_http" name="test_publisher_instant_overflow_is_unknown_not_a_crash[9999-12-31T23:59:59-14:00]" time="0.001" /><testcase classname="tests.test_source_metadata_http" name="test_late_429_headers_retain_cooldown_before_deadline_rejection" time="0.001" /><testcase classname="tests.test_source_metadata_http" name="test_observed_429_cleanup_error_preserves_cooldown_and_host_block" time="0.002" /><testcase classname="tests.test_source_metadata_http" name="test_parent_blocks_observed_429_independently_of_outcome_and_final_deadline[False-rate_limited]" time="0.001" /><testcase classname="tests.test_source_metadata_http" name="test_parent_blocks_observed_429_independently_of_outcome_and_final_deadline[False-http_error]" time="0.001" /><testcase classname="tests.test_source_metadata_http" name="test_parent_blocks_observed_429_independently_of_outcome_and_final_deadline[False-timeout]" time="0.001" /><testcase classname="tests.test_source_metadata_http" name="test_parent_blocks_observed_429_independently_of_outcome_and_final_deadline[True-rate_limited]" time="0.001" /><testcase classname="tests.test_source_metadata_http" name="test_parent_blocks_observed_429_independently_of_outcome_and_final_deadline[True-http_error]" time="0.002" /><testcase classname="tests.test_source_metadata_http" name="test_parent_blocks_observed_429_independently_of_outcome_and_final_deadline[True-timeout]" time="0.002" /><testcase classname="tests.test_source_metadata_http" name="test_worker_timeout_retains_only_complete_safe_early_receipt[False]" time="0.002" /><testcase classname="tests.test_source_metadata_http" name="test_worker_timeout_retains_only_complete_safe_early_receipt[True]" time="0.002" /><testcase classname="tests.test_source_metadata_http" name="test_completed_worker_keeps_early_429_on_cleanup_exit_or_bad_final_result[0-final0]" time="0.002" /><testcase classname="tests.test_source_metadata_http" name="test_completed_worker_keeps_early_429_on_cleanup_exit_or_bad_final_result[0-final1]" time="0.002" /><testcase classname="tests.test_source_metadata_http" name="test_completed_worker_keeps_early_429_on_cleanup_exit_or_bad_final_result[1-None]" time="0.002" /><testcase classname="tests.test_source_metadata_http" name="test_completed_worker_keeps_early_429_on_cleanup_exit_or_bad_final_result[0-incomplete final result]" time="0.001" /><testcase classname="tests.test_source_metadata_http" name="test_partial_or_malformed_progress_is_not_an_observed_cooldown[{&quot;type&quot;: &quot;rate_limit&quot;, &quot;statusCode&quot;: 429, &quot;retryAt&quot;: &quot;2026-09-12T00:00:00+00:00&quot;}]" time="0.001" /><testcase classname="tests.test_source_metadata_http" name="test_partial_or_malformed_progress_is_not_an_observed_cooldown[{&quot;type&quot;: &quot;rate_limit&quot;, &quot;statusCode&quot;: 429, &quot;retryAt&quot;: &quot;not a date&quot;}\n]" time="0.001" /><testcase classname="tests.test_source_metadata_http" name="test_partial_or_malformed_progress_is_not_an_observed_cooldown[{&quot;type&quot;:&quot;rate_limit&quot;,&quot;statusCode&quot;:304,&quot;retryAt&quot;:&quot;2026-09-12T00:00:00+00:00&quot;}\n]" time="0.001" /><testcase classname="tests.test_source_metadata_http" name="test_partial_or_malformed_progress_is_not_an_observed_cooldown[{&quot;type&quot;:&quot;rate_limit&quot;,&quot;statusCode&quot;:429,&quot;retryAt&quot;:&quot;2026-09-12T00:00:00+00:00&quot;,&quot;secret&quot;:&quot;x&quot;}\n]" time="0.001" /><testcase classname="tests.test_source_metadata_http" name="test_real_worker_emits_429_before_stalled_cleanup_and_is_killed_without_network" time="3.042" /><testcase classname="tests.test_source_metadata_http" name="test_early_429_receipt_precedes_deadline_and_cleanup_and_contains_only_safe_fields" time="0.002" /><testcase classname="tests.test_source_metadata_http" name="test_early_429_cannot_be_overridden_by_a_conflicting_final_304" time="0.002" /><testcase classname="tests.test_source_metadata_http" name="test_completed_worker_without_429_still_accepts_original_single_result_protocol" time="0.002" /><testcase classname="tests.test_source_metadata_state" name="test_old_source_stays_old_when_checked_today_and_new_upstream_is_seen" time="0.002" /><testcase classname="tests.test_source_metadata_state" name="test_unknown_invalid_naive_or_future_dates_never_become_fresh[None]" time="0.002" /><testcase classname="tests.test_source_metadata_state" name="test_unknown_invalid_naive_or_future_dates_never_become_fresh[2026-02-30T00:00:00Z]" time="0.003" /><testcase classname="tests.test_source_metadata_state" name="test_unknown_invalid_naive_or_future_dates_never_become_fresh[2026-09-01]" time="0.004" /><testcase classname="tests.test_source_metadata_state" name="test_unknown_invalid_naive_or_future_dates_never_become_fresh[2026-09-01T00:00:00]" time="0.003" /><testcase classname="tests.test_source_metadata_state" name="test_unknown_invalid_naive_or_future_dates_never_become_fresh[2027-01-01T00:00:00Z]" time="0.003" /><testcase classname="tests.test_source_metadata_state" name="test_equivalent_timezone_instants_have_equal_state_and_no_private_clock" time="0.005" /><testcase classname="tests.test_source_metadata_state" name="test_action_time_requires_an_explicit_valid_instant[None]" time="0.003" /><testcase classname="tests.test_source_metadata_state" name="test_action_time_requires_an_explicit_valid_instant[bad]" time="0.002" /><testcase classname="tests.test_source_metadata_state" name="test_action_time_requires_an_explicit_valid_instant[2026-09-09]" time="0.002" /><testcase classname="tests.test_source_metadata_state" name="test_action_time_requires_an_explicit_valid_instant[2026-09-09T00:00:00]" time="0.002" /><testcase classname="tests.test_source_metadata_state" name="test_action_time_requires_an_explicit_valid_instant[now4]" time="0.002" /><testcase classname="tests.test_source_metadata_state" name="test_first_good_observation_establishes_baseline_without_claiming_a_change" time="0.002" /><testcase classname="tests.test_source_metadata_state" name="test_unchanged_revision_does_not_notify_and_keeps_episode" time="0.003" /><testcase classname="tests.test_source_metadata_state" name="test_revision_change_pending_intent_survives_unchanged_checks_until_acknowledged" time="0.004" /><testcase classname="tests.test_source_metadata_state" name="test_failure_preserves_last_good_and_reports_availability_separately[unsupported]" time="0.004" /><testcase classname="tests.test_source_metadata_state" name="test_failure_preserves_last_good_and_reports_availability_separately[credentials_required]" time="0.003" /><testcase classname="tests.test_source_metadata_state" name="test_failure_preserves_last_good_and_reports_availability_separately[rate_limited]" time="0.002" /><testcase classname="tests.test_source_metadata_state" name="test_failure_preserves_last_good_and_reports_availability_separately[timeout]" time="0.002" /><testcase classname="tests.test_source_metadata_state" name="test_failure_preserves_last_good_and_reports_availability_separately[http_error]" time="0.003" /><testcase classname="tests.test_source_metadata_state" name="test_failure_preserves_last_good_and_reports_availability_separately[malformed]" time="0.003" /><testcase classname="tests.test_source_metadata_state" name="test_failure_preserves_last_good_and_reports_availability_separately[oversized]" time="0.003" /><testcase classname="tests.test_source_metadata_state" name="test_failure_preserves_last_good_and_reports_availability_separately[redirect_blocked]" time="0.003" /><testcase classname="tests.test_source_metadata_state" name="test_rate_limit_deferred_evaluation_retains_cooldown_failure_and_notice" time="0.003" /><testcase classname="tests.test_source_metadata_state" name="test_retry_time_and_check_time_do_not_create_new_episodes" time="0.002" /><testcase classname="tests.test_source_metadata_state" name="test_failure_recovery_and_recurrence_have_monotonic_distinct_intents" time="0.004" /><testcase classname="tests.test_source_metadata_state" name="test_acknowledging_unknown_ids_is_a_copy_without_state_changes_or_delivery_claims" time="0.002" /><testcase classname="tests.test_source_metadata_state" name="test_not_modified_requires_previous_success_and_preserves_original_observation_time" time="0.002" /><testcase classname="tests.test_source_metadata_state" name="test_not_modified_without_trusted_observation_is_unknown_not_success" time="0.001" /><testcase classname="tests.test_source_metadata_state" name="test_not_modified_can_recover_after_transport_failure_without_discarding_last_good" time="0.002" /><testcase classname="tests.test_source_metadata_state" name="test_listing_references_never_claim_catalogue_or_payload_revision_identity" time="0.004" /><testcase classname="tests.test_source_metadata_state" name="test_signature_rotation_does_not_change_reference_condition_or_notice" time="0.002" /><testcase classname="tests.test_source_metadata_state" name="test_listing_observation_does_not_overwrite_last_known_catalogue_revision" time="0.003" /><testcase classname="tests.test_source_metadata_state" name="test_expected_manual_source_has_no_attempt_or_alarm" time="0.002" /><testcase classname="tests.test_source_metadata_state" name="test_missing_credentials_without_attempt_is_actionable_but_not_a_successful_check" time="0.002" /><testcase classname="tests.test_source_metadata_state" name="test_empty_metadata_is_unknown_and_cannot_authorize_a_later_304" time="0.002" /><testcase classname="tests.test_source_metadata_state" name="test_malformed_previous_state_cannot_authorize_unchanged_claim[change0]" time="0.003" /><testcase classname="tests.test_source_metadata_state" name="test_malformed_previous_state_cannot_authorize_unchanged_claim[change1]" time="0.002" /><testcase classname="tests.test_source_metadata_state" name="test_malformed_previous_state_cannot_authorize_unchanged_claim[change2]" time="0.002" /><testcase classname="tests.test_source_metadata_state" name="test_malformed_previous_state_cannot_authorize_unchanged_claim[change3]" time="0.003" /><testcase classname="tests.test_source_metadata_state" name="test_malformed_previous_state_cannot_authorize_unchanged_claim[change4]" time="0.002" /><testcase classname="tests.test_source_metadata_state" name="test_malformed_previous_state_cannot_authorize_unchanged_claim[change5]" time="0.002" /><testcase classname="tests.test_source_metadata_state" name="test_malformed_previous_state_cannot_authorize_unchanged_claim[change6]" time="0.002" /><testcase classname="tests.test_source_metadata_state" name="test_malformed_previous_state_cannot_authorize_unchanged_claim[change7]" time="0.003" /><testcase classname="tests.test_source_metadata_state" name="test_malformed_previous_state_cannot_authorize_unchanged_claim[change8]" time="0.002" /><testcase classname="tests.test_source_metadata_state" name="test_changed_source_policy_invalidates_trusted_prior_context" time="0.003" /><testcase classname="tests.test_source_metadata_state" name="test_malformed_results_do_not_replace_last_good[result0]" time="0.003" /><testcase classname="tests.test_source_metadata_state" name="test_malformed_results_do_not_replace_last_good[result1]" time="0.002" /><testcase classname="tests.test_source_metadata_state" name="test_malformed_results_do_not_replace_last_good[result2]" time="0.002" /><testcase classname="tests.test_source_metadata_state" name="test_freshness_threshold_crossing_not_daily_age_counters_changes_notice_episode" time="0.002" /><testcase classname="tests.test_source_metadata_state" name="test_transition_and_acknowledge_do_not_mutate_any_input" time="0.002" /><testcase classname="tests.test_source_metadata_state" name="test_time_moving_backwards_is_rejected_instead_of_rewriting_history" time="0.003" /><testcase classname="tests.test_source_metadata_state" name="test_contradictory_or_non_scalar_outcome_cannot_claim_success[result0]" time="0.003" /><testcase classname="tests.test_source_metadata_state" name="test_contradictory_or_non_scalar_outcome_cannot_claim_success[result1]" time="0.002" /><testcase classname="tests.test_source_metadata_state" name="test_contradictory_or_non_scalar_outcome_cannot_claim_success[result2]" time="0.003" /><testcase classname="tests.test_source_metadata_state" name="test_contradictory_or_non_scalar_outcome_cannot_claim_success[result3]" time="0.003" /><testcase classname="tests.test_source_metadata_state" name="test_contradictory_or_non_scalar_outcome_cannot_claim_success[result4]" time="0.003" /><testcase classname="tests.test_source_metadata_state" name="test_malformed_persisted_observation_does_not_authorize_304[observedAt-2027-01-01T00:00:00Z]" time="0.002" /><testcase classname="tests.test_source_metadata_state" name="test_malformed_persisted_observation_does_not_authorize_304[kind-future-kind]" time="0.003" /><testcase classname="tests.test_source_metadata_state" name="test_malformed_persisted_observation_does_not_authorize_304[identity-value2]" time="0.002" /><testcase classname="tests.test_source_metadata_state" name="test_last_known_revision_cannot_be_forged_from_a_listing" time="0.002" /><testcase classname="tests.test_source_metadata_state" name="test_malformed_prior_with_valid_observation_reestablishes_trust_without_unchanged_claim" time="0.002" /><testcase classname="tests.test_source_metadata_state" name="test_stale_notice_is_superseded_by_current_recovery_not_delivered_late" time="0.002" /><testcase classname="tests.test_source_metadata_state" name="test_acknowledgment_time_does_not_rewrite_evaluation_or_check_time" time="0.003" /><testcase classname="tests.test_source_metadata_state" name="test_trusted_previous_is_a_deep_copy_without_evaluation_or_notice_changes" time="0.004" /><testcase classname="tests.test_source_metadata_state" name="test_trusted_previous_absent_or_malformed_state_is_none[None]" time="0.002" /><testcase classname="tests.test_source_metadata_state" name="test_trusted_previous_absent_or_malformed_state_is_none[previous1]" time="0.002" /><testcase classname="tests.test_source_metadata_state" name="test_trusted_previous_absent_or_malformed_state_is_none[previous2]" time="0.002" /><testcase classname="tests.test_source_metadata_state" name="test_trusted_previous_absent_or_malformed_state_is_none[invalid]" time="0.003" /><testcase classname="tests.test_source_metadata_state" name="test_trusted_previous_rejects_invalid_complete_state[change0]" time="0.003" /><testcase classname="tests.test_source_metadata_state" name="test_trusted_previous_rejects_invalid_complete_state[change1]" time="0.002" /><testcase classname="tests.test_source_metadata_state" name="test_trusted_previous_rejects_invalid_complete_state[change2]" time="0.003" /><testcase classname="tests.test_source_metadata_state" name="test_trusted_previous_rejects_invalid_complete_state[change3]" time="0.003" /><testcase classname="tests.test_source_metadata_state" name="test_trusted_previous_rejects_invalid_complete_state[change4]" time="0.003" /><testcase classname="tests.test_source_metadata_state" name="test_trusted_previous_rejects_invalid_complete_state[change5]" time="0.003" /><testcase classname="tests.test_source_metadata_state" name="test_trusted_previous_rejects_valid_but_different_source_context[changes0]" time="0.002" /><testcase classname="tests.test_source_metadata_state" name="test_trusted_previous_rejects_valid_but_different_source_context[changes1]" time="0.002" /><testcase classname="tests.test_source_metadata_state" name="test_trusted_previous_rejects_valid_but_different_source_context[changes2]" time="0.002" /><testcase classname="tests.test_source_metadata_state" name="test_trusted_previous_rejects_valid_but_different_source_context[changes3]" time="0.003" /><testcase classname="tests.test_source_metadata_state" name="test_trusted_previous_rejects_valid_but_different_source_context[changes4]" time="0.004" /><testcase classname="tests.test_source_metadata_state" name="test_trusted_previous_rejects_time_before_valid_evaluation_or_acknowledgment[False]" time="0.012" /><testcase classname="tests.test_source_metadata_state" name="test_trusted_previous_rejects_time_before_valid_evaluation_or_acknowledgment[True]" time="0.005" /><testcase classname="tests.test_source_metadata_state" name="test_trusted_previous_future_cooldown_and_unknown_publisher_age_are_not_clock_rollback" time="0.005" /><testcase classname="tests.test_source_metadata_state" name="test_trusted_previous_does_not_read_ordering_from_untrusted_or_mismatched_state" time="0.005" /><testcase classname="tests.test_source_metadata_state" name="test_trusted_previous_validates_caller_time_and_source_even_without_prior_state" time="0.004" /><testcase classname="tests.test_source_metadata_delivery" name="test_planning_is_deterministic_bounded_and_not_an_acknowledgement" time="0.005" /><testcase classname="tests.test_source_metadata_delivery" name="test_delivery_requires_ordered_issue_and_receipt_readback" time="0.004" /><testcase classname="tests.test_source_metadata_delivery" name="test_repeats_and_restart_deduplicate_exact_ids_without_rewriting_receipt" time="0.004" /><testcase classname="tests.test_source_metadata_delivery" name="test_new_monitor_identity_updates_receipt_not_issue_for_same_notice" time="0.006" /><testcase classname="tests.test_source_metadata_delivery" name="test_failure_recovery_and_recurrence_are_distinct_deliveries" time="0.004" /><testcase classname="tests.test_source_metadata_delivery" name="test_failed_send_never_acknowledges_even_when_remote_write_happened[raise]" time="0.003" /><testcase classname="tests.test_source_metadata_delivery" name="test_failed_send_never_acknowledges_even_when_remote_write_happened[reject]" time="0.002" /><testcase classname="tests.test_source_metadata_delivery" name="test_failed_send_never_acknowledges_even_when_remote_write_happened[after_write]" time="0.003" /><testcase classname="tests.test_source_metadata_delivery" name="test_invalid_or_failed_issue_reads_never_acknowledge[fault0-1]" time="0.003" /><testcase classname="tests.test_source_metadata_delivery" name="test_invalid_or_failed_issue_reads_never_acknowledge[fault0-2]" time="0.003" /><testcase classname="tests.test_source_metadata_delivery" name="test_invalid_or_failed_issue_reads_never_acknowledge[fault1-1]" time="0.003" /><testcase classname="tests.test_source_metadata_delivery" name="test_invalid_or_failed_issue_reads_never_acknowledge[fault1-2]" time="0.003" /><testcase classname="tests.test_source_metadata_delivery" name="test_invalid_or_failed_issue_reads_never_acknowledge[fault2-1]" time="0.002" /><testcase classname="tests.test_source_metadata_delivery" name="test_invalid_or_failed_issue_reads_never_acknowledge[fault2-2]" time="0.002" /><testcase classname="tests.test_source_metadata_delivery" name="test_invalid_or_failed_issue_reads_never_acknowledge[fault3-1]" time="0.002" /><testcase classname="tests.test_source_metadata_delivery" name="test_invalid_or_failed_issue_reads_never_acknowledge[fault3-2]" time="0.002" /><testcase classname="tests.test_source_metadata_delivery" name="test_invalid_or_failed_issue_reads_never_acknowledge[fault4-1]" time="0.002" /><testcase classname="tests.test_source_metadata_delivery" name="test_invalid_or_failed_issue_reads_never_acknowledge[fault4-2]" time="0.002" /><testcase classname="tests.test_source_metadata_delivery" name="test_invalid_or_failed_issue_reads_never_acknowledge[fault5-1]" time="0.002" /><testcase classname="tests.test_source_metadata_delivery" name="test_invalid_or_failed_issue_reads_never_acknowledge[fault5-2]" time="0.002" /><testcase classname="tests.test_source_metadata_delivery" name="test_exact_body_readback_required_not_notice_substring_match" time="0.002" /><testcase classname="tests.test_source_metadata_delivery" name="test_bootstrap_never_overwrites_unrelated_issue_content" time="0.003" /><testcase classname="tests.test_source_metadata_delivery" name="test_failed_receipt_commit_never_acknowledges[raise]" time="0.003" /><testcase classname="tests.test_source_metadata_delivery" name="test_failed_receipt_commit_never_acknowledges[reject]" time="0.002" /><testcase classname="tests.test_source_metadata_delivery" name="test_failed_receipt_commit_never_acknowledges[after_write]" time="0.002" /><testcase classname="tests.test_source_metadata_delivery" name="test_receipt_read_errors_and_corruption_fail_closed[fault0-1]" time="0.002" /><testcase classname="tests.test_source_metadata_delivery" name="test_receipt_read_errors_and_corruption_fail_closed[fault0-2]" time="0.002" /><testcase classname="tests.test_source_metadata_delivery" name="test_receipt_read_errors_and_corruption_fail_closed[{-1]" time="0.002" /><testcase classname="tests.test_source_metadata_delivery" name="test_receipt_read_errors_and_corruption_fail_closed[{-2]" time="0.002" /><testcase classname="tests.test_source_metadata_delivery" name="test_receipt_read_errors_and_corruption_fail_closed[-1]" time="0.002" /><testcase classname="tests.test_source_metadata_delivery" name="test_receipt_read_errors_and_corruption_fail_closed[-2]" time="0.002" /><testcase classname="tests.test_source_metadata_delivery" name="test_receipt_read_errors_and_corruption_fail_closed[not bytes-1]" time="0.002" /><testcase classname="tests.test_source_metadata_delivery" name="test_receipt_read_errors_and_corruption_fail_closed[not bytes-2]" time="0.003" /><testcase classname="tests.test_source_metadata_delivery" name="test_restart_after_interruption_reconciles_exact_attempt_without_resend[send]" time="0.003" /><testcase classname="tests.test_source_metadata_delivery" name="test_restart_after_interruption_reconciles_exact_attempt_without_resend[commit]" time="0.002" /><testcase classname="tests.test_source_metadata_delivery" name="test_repeat_still_requires_destination_readback_before_acknowledging" time="0.003" /><testcase classname="tests.test_source_metadata_delivery" name="test_invalid_bootstrap_identity_and_missing_pins_fail_before_io[changes0]" time="0.002" /><testcase classname="tests.test_source_metadata_delivery" name="test_invalid_bootstrap_identity_and_missing_pins_fail_before_io[changes1]" time="0.002" /><testcase classname="tests.test_source_metadata_delivery" name="test_invalid_bootstrap_identity_and_missing_pins_fail_before_io[changes2]" time="0.002" /><testcase classname="tests.test_source_metadata_delivery" name="test_invalid_bootstrap_identity_and_missing_pins_fail_before_io[changes3]" time="0.002" /><testcase classname="tests.test_source_metadata_delivery" name="test_invalid_bootstrap_identity_and_missing_pins_fail_before_io[changes4]" time="0.002" /><testcase classname="tests.test_source_metadata_delivery" name="test_invalid_bootstrap_identity_and_missing_pins_fail_before_io[changes5]" time="0.003" /><testcase classname="tests.test_source_metadata_delivery" name="test_invalid_bootstrap_identity_and_missing_pins_fail_before_io[changes6]" time="0.002" /><testcase classname="tests.test_source_metadata_delivery" name="test_interrupted_or_invalid_prior_receipt_rejected_even_with_matching_hash[change0]" time="0.002" /><testcase classname="tests.test_source_metadata_delivery" name="test_interrupted_or_invalid_prior_receipt_rejected_even_with_matching_hash[change1]" time="0.002" /><testcase classname="tests.test_source_metadata_delivery" name="test_interrupted_or_invalid_prior_receipt_rejected_even_with_matching_hash[change2]" time="0.004" /><testcase classname="tests.test_source_metadata_delivery" name="test_interrupted_or_invalid_prior_receipt_rejected_even_with_matching_hash[change3]" time="0.002" /><testcase classname="tests.test_source_metadata_delivery" name="test_interrupted_or_invalid_prior_receipt_rejected_even_with_matching_hash[change4]" time="0.002" /><testcase classname="tests.test_source_metadata_delivery" name="test_interrupted_or_invalid_prior_receipt_rejected_even_with_matching_hash[change5]" time="0.002" /><testcase classname="tests.test_source_metadata_delivery" name="test_interrupted_or_invalid_prior_receipt_rejected_even_with_matching_hash[change6]" time="0.002" /><testcase classname="tests.test_source_metadata_delivery" name="test_interrupted_or_invalid_prior_receipt_rejected_even_with_matching_hash[change7]" time="0.002" /><testcase classname="tests.test_source_metadata_delivery" name="test_interrupted_or_invalid_prior_receipt_rejected_even_with_matching_hash[change8]" time="0.003" /><testcase classname="tests.test_source_metadata_delivery" name="test_interrupted_or_invalid_prior_receipt_rejected_even_with_matching_hash[change9]" time="0.002" /><testcase classname="tests.test_source_metadata_delivery" name="test_noncanonical_truncated_duplicate_or_oversized_receipt_is_not_restored[&lt;lambda&gt;0]" time="0.002" /><testcase classname="tests.test_source_metadata_delivery" name="test_noncanonical_truncated_duplicate_or_oversized_receipt_is_not_restored[&lt;lambda&gt;1]" time="0.002" /><testcase classname="tests.test_source_metadata_delivery" name="test_noncanonical_truncated_duplicate_or_oversized_receipt_is_not_restored[&lt;lambda&gt;2]" time="0.002" /><testcase classname="tests.test_source_metadata_delivery" name="test_noncanonical_truncated_duplicate_or_oversized_receipt_is_not_restored[&lt;lambda&gt;3]" time="0.002" /><testcase classname="tests.test_source_metadata_delivery" name="test_noncanonical_truncated_duplicate_or_oversized_receipt_is_not_restored[&lt;lambda&gt;4]" time="0.002" /><testcase classname="tests.test_source_metadata_delivery" name="test_missing_or_rolled_back_store_cannot_be_treated_as_first_run" time="0.002" /><testcase classname="tests.test_source_metadata_delivery" name="test_notice_validation_cannot_forward_free_text_or_report_fields[change0]" time="0.001" /><testcase classname="tests.test_source_metadata_delivery" name="test_notice_validation_cannot_forward_free_text_or_report_fields[change1]" time="0.001" /><testcase classname="tests.test_source_metadata_delivery" name="test_notice_validation_cannot_forward_free_text_or_report_fields[change2]" time="0.001" /><testcase classname="tests.test_source_metadata_delivery" name="test_notice_validation_cannot_forward_free_text_or_report_fields[change3]" time="0.001" /><testcase classname="tests.test_source_metadata_delivery" name="test_notice_validation_cannot_forward_free_text_or_report_fields[change4]" time="0.001" /><testcase classname="tests.test_source_metadata_delivery" name="test_notice_validation_cannot_forward_free_text_or_report_fields[change5]" time="0.001" /><testcase classname="tests.test_source_metadata_delivery" name="test_notice_validation_cannot_forward_free_text_or_report_fields[change6]" time="0.001" /><testcase classname="tests.test_source_metadata_delivery" name="test_notice_validation_cannot_forward_free_text_or_report_fields[change7]" time="0.001" /><testcase classname="tests.test_source_metadata_delivery" name="test_notice_validation_cannot_forward_free_text_or_report_fields[change8]" time="0.001" /><testcase classname="tests.test_source_metadata_delivery" name="test_notice_validation_cannot_forward_free_text_or_report_fields[change9]" time="0.002" /><testcase classname="tests.test_source_metadata_delivery" name="test_notice_validation_cannot_forward_free_text_or_report_fields[change10]" time="0.002" /><testcase classname="tests.test_source_metadata_delivery" name="test_notice_validation_cannot_forward_free_text_or_report_fields[change11]" time="0.002" /><testcase classname="tests.test_source_metadata_delivery" name="test_notice_validation_cannot_forward_free_text_or_report_fields[change12]" time="0.002" /><testcase classname="tests.test_source_metadata_delivery" name="test_conflicting_payload_for_same_exact_id_is_not_silently_deduplicated" time="0.004" /><testcase classname="tests.test_source_metadata_delivery" name="test_empty_bootstrap_does_nothing_and_does_not_establish_a_receipt" time="0.001" /><testcase classname="tests.test_source_metadata_delivery" name="test_capacity_failures_never_prune_or_make_transport_calls" time="0.004" /><testcase classname="tests.test_source_metadata_delivery" name="test_report_state_and_metadata_tokens_never_enter_issue_or_change_inputs" time="0.003" /><testcase classname="tests.test_source_metadata_delivery" name="test_restart_of_later_generation_reconciles_only_exact_inflight_attempt[send]" time="0.003" /><testcase classname="tests.test_source_metadata_delivery" name="test_restart_of_later_generation_reconciles_only_exact_inflight_attempt[commit]" time="0.002" /><testcase classname="tests.test_source_metadata_delivery" name="test_changed_attempt_after_interrupted_send_does_not_overwrite_unknown_body" time="0.002" /><testcase classname="tests.test_source_metadata_delivery" name="test_receipt_claiming_completed_attempt_does_not_authorize_repairing_issue" time="0.002" /><testcase classname="tests.test_source_metadata_delivery" name="test_concurrent_issue_change_is_not_overwritten" time="0.001" /><testcase classname="tests.test_source_metadata_delivery" name="test_concurrent_receipt_change_is_not_overwritten" time="0.002" /><testcase classname="tests.test_source_metadata_delivery" name="test_truthy_provider_responses_are_not_explicit_success[None-update]" time="0.002" /><testcase classname="tests.test_source_metadata_delivery" name="test_truthy_provider_responses_are_not_explicit_success[None-commit]" time="0.002" /><testcase classname="tests.test_source_metadata_delivery" name="test_truthy_provider_responses_are_not_explicit_success[1-update]" time="0.002" /><testcase classname="tests.test_source_metadata_delivery" name="test_truthy_provider_responses_are_not_explicit_success[1-commit]" time="0.002" /><testcase classname="tests.test_source_metadata_delivery" name="test_truthy_provider_responses_are_not_explicit_success[success-update]" time="0.002" /><testcase classname="tests.test_source_metadata_delivery" name="test_truthy_provider_responses_are_not_explicit_success[success-commit]" time="0.002" /><testcase classname="tests.test_source_metadata_delivery" name="test_truthy_provider_responses_are_not_explicit_success[response3-update]" time="0.002" /><testcase classname="tests.test_source_metadata_delivery" name="test_truthy_provider_responses_are_not_explicit_success[response3-commit]" time="0.002" /><testcase classname="tests.test_source_metadata_delivery" name="test_caller_input_mutation_after_planning_cannot_change_plan" time="0.002" /><testcase classname="tests.test_source_metadata_delivery" name="test_exact_id_matching_does_not_confuse_episode_prefixes" time="0.002" /><testcase classname="tests.test_source_metadata_delivery" name="test_equivalent_instants_and_reason_order_plan_identically" time="0.001" /><testcase classname="tests.test_source_metadata_delivery" name="test_receipt_maximum_counts_verified_status_bytes" time="0.003" /><testcase classname="tests.test_source_metadata_delivery" name="test_hash_pin_mismatch_or_catalog_change_is_not_silently_rebased" time="0.002" /><testcase classname="tests.test_source_metadata_delivery" name="test_generation_exhaustion_does_not_reset_history" time="0.002" /></testsuite></testsuites>