{"numTotalTestSuites":17,"numPassedTestSuites":17,"numFailedTestSuites":0,"numPendingTestSuites":0,"numTotalTests":469,"numPassedTests":469,"numFailedTests":0,"numPendingTests":0,"numTodoTests":0,"snapshot":{"added":0,"failure":false,"filesAdded":0,"filesRemoved":0,"filesRemovedList":[],"filesUnmatched":0,"filesUpdated":0,"matched":0,"total":0,"unchecked":0,"uncheckedKeysByFile":[],"unmatched":0,"updated":0,"didUpdate":false},"startTime":1789452140709,"success":true,"testResults":[{"assertionResults":[{"ancestorTitles":["Private owner console handlers and lifecycle"],"fullName":"Private owner console handlers and lifecycle defaults to unavailable without login controls or provider operations","status":"passed","title":"defaults to unavailable without login controls or provider operations","duration":65.64409999999998,"failureMessages":[],"meta":{},"tags":[]},{"ancestorTitles":["Private owner console handlers and lifecycle"],"fullName":"Private owner console handlers and lifecycle clears the password while login is pending and prevents a duplicate submission","status":"passed","title":"clears the password while login is pending and prevents a duplicate submission","duration":30.957499999999982,"failureMessages":[],"meta":{},"tags":[]},{"ancestorTitles":["Private owner console handlers and lifecycle"],"fullName":"Private owner console handlers and lifecycle requires confirmation before one accepted decision write","status":"passed","title":"requires confirmation before one accepted decision write","duration":273.0362,"failureMessages":[],"meta":{},"tags":[]},{"ancestorTitles":["Private owner console handlers and lifecycle"],"fullName":"Private owner console handlers and lifecycle requires confirmation before one rejected decision write","status":"passed","title":"requires confirmation before one rejected decision write","duration":90.97389999999996,"failureMessages":[],"meta":{},"tags":[]},{"ancestorTitles":["Private owner console handlers and lifecycle"],"fullName":"Private owner console handlers and lifecycle requires confirmation before one duplicate decision write","status":"passed","title":"requires confirmation before one duplicate decision write","duration":121.29480000000012,"failureMessages":[],"meta":{},"tags":[]},{"ancestorTitles":["Private owner console handlers and lifecycle"],"fullName":"Private owner console handlers and lifecycle rejects invalid decision reason 0 before dispatch","status":"passed","title":"rejects invalid decision reason 0 before dispatch","duration":65.32180000000017,"failureMessages":[],"meta":{},"tags":[]},{"ancestorTitles":["Private owner console handlers and lifecycle"],"fullName":"Private owner console handlers and lifecycle rejects invalid decision reason 1 before dispatch","status":"passed","title":"rejects invalid decision reason 1 before dispatch","duration":67.6229000000003,"failureMessages":[],"meta":{},"tags":[]},{"ancestorTitles":["Private owner console handlers and lifecycle"],"fullName":"Private owner console handlers and lifecycle rejects invalid decision reason 2 before dispatch","status":"passed","title":"rejects invalid decision reason 2 before dispatch","duration":64.88969999999972,"failureMessages":[],"meta":{},"tags":[]},{"ancestorTitles":["Private owner console handlers and lifecycle"],"fullName":"Private owner console handlers and lifecycle rejects invalid decision reason 3 before dispatch","status":"passed","title":"rejects invalid decision reason 3 before dispatch","duration":44.36709999999994,"failureMessages":[],"meta":{},"tags":[]},{"ancestorTitles":["Private owner console handlers and lifecycle"],"fullName":"Private owner console handlers and lifecycle permits editing only before dispatch and requires another review","status":"passed","title":"permits editing only before dispatch and requires another review","duration":92.19129999999996,"failureMessages":[],"meta":{},"tags":[]},{"ancestorTitles":["Private owner console handlers and lifecycle"],"fullName":"Private owner console handlers and lifecycle passes geometry only to the local preview and escapes resident text in markup","status":"passed","title":"passes geometry only to the local preview and escapes resident text in markup","duration":72.67829999999958,"failureMessages":[],"meta":{},"tags":[]},{"ancestorTitles":["Private owner console handlers and lifecycle"],"fullName":"Private owner console handlers and lifecycle targets the review, confirmation, recovery and saved headings rather than the root on each phase","status":"passed","title":"targets the review, confirmation, recovery and saved headings rather than the root on each phase","duration":107.7528999999995,"failureMessages":[],"meta":{},"tags":[]},{"ancestorTitles":["Private owner console handlers and lifecycle"],"fullName":"Private owner console handlers and lifecycle keeps an unknown write unknown after repeated pending reads, with no retry","status":"passed","title":"keeps an unknown write unknown after repeated pending reads, with no retry","duration":102.49409999999989,"failureMessages":[],"meta":{},"tags":[]},{"ancestorTitles":["Private owner console handlers and lifecycle"],"fullName":"Private owner console handlers and lifecycle does not erase uncertainty after a conflict reconciliation read","status":"passed","title":"does not erase uncertainty after a conflict reconciliation read","duration":84.37089999999989,"failureMessages":[],"meta":{},"tags":[]},{"ancestorTitles":["Private owner console handlers and lifecycle"],"fullName":"Private owner console handlers and lifecycle does not erase uncertainty after a unavailable reconciliation read","status":"passed","title":"does not erase uncertainty after a unavailable reconciliation read","duration":70.71169999999984,"failureMessages":[],"meta":{},"tags":[]},{"ancestorTitles":["Private owner console handlers and lifecycle"],"fullName":"Private owner console handlers and lifecycle a direct conflict offers a read, not an automatic write retry","status":"passed","title":"a direct conflict offers a read, not an automatic write retry","duration":71.20519999999942,"failureMessages":[],"meta":{},"tags":[]},{"ancestorTitles":["Private owner console handlers and lifecycle"],"fullName":"Private owner console handlers and lifecycle terminal reconciliation shows the saved status/reason without attributing another decision to this attempt","status":"passed","title":"terminal reconciliation shows the saved status/reason without attributing another decision to this attempt","duration":80.20469999999932,"failureMessages":[],"meta":{},"tags":[]},{"ancestorTitles":["Private owner console handlers and lifecycle"],"fullName":"Private owner console handlers and lifecycle expiry clears all content and credentials but retains only opaque recovery metadata for re-login","status":"passed","title":"expiry clears all content and credentials but retains only opaque recovery metadata for re-login","duration":67.19929999999931,"failureMessages":[],"meta":{},"tags":[]},{"ancestorTitles":["Private owner console handlers and lifecycle"],"fullName":"Private owner console handlers and lifecycle captures a sending command before session expiry and ignores its late response after re-login","status":"passed","title":"captures a sending command before session expiry and ignores its late response after re-login","duration":78.0033999999996,"failureMessages":[],"meta":{},"tags":[]},{"ancestorTitles":["Private owner console handlers and lifecycle"],"fullName":"Private owner console handlers and lifecycle expires retained selected content and audit after reconciliation removed the queue row","status":"passed","title":"expires retained selected content and audit after reconciliation removed the queue row","duration":89.8175999999994,"failureMessages":[],"meta":{},"tags":[]},{"ancestorTitles":["Private owner console handlers and lifecycle"],"fullName":"Private owner console handlers and lifecycle expires a recovered audit with no selected report and no queue rows","status":"passed","title":"expires a recovered audit with no selected report and no queue rows","duration":85.26540000000023,"failureMessages":[],"meta":{},"tags":[]},{"ancestorTitles":["Private owner console handlers and lifecycle"],"fullName":"Private owner console handlers and lifecycle clears private UI immediately on explicit logout and reports failed remote revocation honestly","status":"passed","title":"clears private UI immediately on explicit logout and reports failed remote revocation honestly","duration":87.4380999999994,"failureMessages":[],"meta":{},"tags":[]},{"ancestorTitles":["Private owner console handlers and lifecycle"],"fullName":"Private owner console handlers and lifecycle declining logout preserves the uncertain command and makes no revocation call","status":"passed","title":"declining logout preserves the uncertain command and makes no revocation call","duration":77.41309999999976,"failureMessages":[],"meta":{},"tags":[]},{"ancestorTitles":["Private owner console handlers and lifecycle"],"fullName":"Private owner console handlers and lifecycle ignores an old queue response arriving after sign-out","status":"passed","title":"ignores an old queue response arriving after sign-out","duration":19.70510000000013,"failureMessages":[],"meta":{},"tags":[]},{"ancestorTitles":["Private owner console handlers and lifecycle"],"fullName":"Private owner console handlers and lifecycle an older queue response cannot replace a newer login session","status":"passed","title":"an older queue response cannot replace a newer login session","duration":33.650800000000345,"failureMessages":[],"meta":{},"tags":[]},{"ancestorTitles":["Private owner console handlers and lifecycle"],"fullName":"Private owner console handlers and lifecycle models synchronous clearing before pagehide/page restoration unhides, without claiming native DOM acceptance","status":"passed","title":"models synchronous clearing before pagehide/page restoration unhides, without claiming native DOM acceptance","duration":91.73210000000017,"failureMessages":[],"meta":{},"tags":[]},{"ancestorTitles":["Private owner console handlers and lifecycle"],"fullName":"Private owner console handlers and lifecycle late login responses cannot repopulate a page-hidden session","status":"passed","title":"late login responses cannot repopulate a page-hidden session","duration":19.27810000000045,"failureMessages":[],"meta":{},"tags":[]},{"ancestorTitles":["Private owner console handlers and lifecycle"],"fullName":"Private owner console handlers and lifecycle late queue responses cannot repopulate a page-hidden session","status":"passed","title":"late queue responses cannot repopulate a page-hidden session","duration":26.72940000000017,"failureMessages":[],"meta":{},"tags":[]},{"ancestorTitles":["Private owner console handlers and lifecycle"],"fullName":"Private owner console handlers and lifecycle late decision responses cannot repopulate a page-hidden session","status":"passed","title":"late decision responses cannot repopulate a page-hidden session","duration":71.6877999999997,"failureMessages":[],"meta":{},"tags":[]},{"ancestorTitles":["Private owner console handlers and lifecycle"],"fullName":"Private owner console handlers and lifecycle unmount removes listeners, clears the client and ignores late reconciliation","status":"passed","title":"unmount removes listeners, clears the client and ignores late reconciliation","duration":77.84779999999955,"failureMessages":[],"meta":{},"tags":[]},{"ancestorTitles":["Private owner console handlers and lifecycle"],"fullName":"Private owner console handlers and lifecycle guards native departure and internal back/root navigation without issuing writes","status":"passed","title":"guards native departure and internal back/root navigation without issuing writes","duration":83.69839999999931,"failureMessages":[],"meta":{},"tags":[]},{"ancestorTitles":["Private owner console handlers and lifecycle"],"fullName":"Private owner console handlers and lifecycle uses visibility return to clear an expired session even without firing the timer first","status":"passed","title":"uses visibility return to clear an expired session even without firing the timer first","duration":74.1282000000001,"failureMessages":[],"meta":{},"tags":[]},{"ancestorTitles":["Private owner console handlers and lifecycle"],"fullName":"Private owner console handlers and lifecycle preserves exact pagination cursors and makes page 101 reachable","status":"passed","title":"preserves exact pagination cursors and makes page 101 reachable","duration":3409.7749000000003,"failureMessages":[],"meta":{},"tags":[]}],"startTime":1789452163272,"endTime":1789452169174.775,"status":"passed","message":"","name":"C:/sgSHIOK2026/web/lib/__tests__/moderation-console.test.tsx"},{"assertionResults":[{"ancestorTitles":["Private moderation page release boundary"],"fullName":"Private moderation page release boundary is not available for switch value 0","status":"passed","title":"is not available for switch value 0","duration":13.461499999999887,"failureMessages":[],"meta":{},"tags":[]},{"ancestorTitles":["Private moderation page release boundary"],"fullName":"Private moderation page release boundary is not available for switch value 1","status":"passed","title":"is not available for switch value 1","duration":1.9723999999998796,"failureMessages":[],"meta":{},"tags":[]},{"ancestorTitles":["Private moderation page release boundary"],"fullName":"Private moderation page release boundary is not available for switch value 2","status":"passed","title":"is not available for switch value 2","duration":1.8497999999999593,"failureMessages":[],"meta":{},"tags":[]},{"ancestorTitles":["Private moderation page release boundary"],"fullName":"Private moderation page release boundary is not available for switch value 3","status":"passed","title":"is not available for switch value 3","duration":1.8628999999998541,"failureMessages":[],"meta":{},"tags":[]},{"ancestorTitles":["Private moderation page release boundary"],"fullName":"Private moderation page release boundary is not available for switch value 4","status":"passed","title":"is not available for switch value 4","duration":1.7306999999998425,"failureMessages":[],"meta":{},"tags":[]},{"ancestorTitles":["Private moderation page release boundary"],"fullName":"Private moderation page release boundary renders only the explicitly enabled client console, without exposing server configuration","status":"passed","title":"renders only the explicitly enabled client console, without exposing server configuration","duration":7.039299999999912,"failureMessages":[],"meta":{},"tags":[]},{"ancestorTitles":["Private moderation page release boundary"],"fullName":"Private moderation page release boundary uses dynamic rendering and private-page indexing metadata","status":"passed","title":"uses dynamic rendering and private-page indexing metadata","duration":1.7619999999999436,"failureMessages":[],"meta":{},"tags":[]},{"ancestorTitles":["Declared private-page header configuration, not served Next/Vercel headers"],"fullName":"Declared private-page header configuration, not served Next/Vercel headers declares a later moderation override without duplicating header keys","status":"passed","title":"declares a later moderation override without duplicating header keys","duration":4.8596,"failureMessages":[],"meta":{},"tags":[]},{"ancestorTitles":["Declared private-page header configuration, not served Next/Vercel headers"],"fullName":"Declared private-page header configuration, not served Next/Vercel headers declares browser/CDN private no-store, no referrer and no indexing","status":"passed","title":"declares browser/CDN private no-store, no referrer and no indexing","duration":98.1681000000001,"failureMessages":[],"meta":{},"tags":[]},{"ancestorTitles":["Declared private-page header configuration, not served Next/Vercel headers"],"fullName":"Declared private-page header configuration, not served Next/Vercel headers restricts private-page connections/images to local resources and disables workers/framing","status":"passed","title":"restricts private-page connections/images to local resources and disables workers/framing","duration":4.942099999999982,"failureMessages":[],"meta":{},"tags":[]},{"ancestorTitles":["Declared private-page header configuration, not served Next/Vercel headers"],"fullName":"Declared private-page header configuration, not served Next/Vercel headers keeps OneMap connectivity scoped to the existing general map policy","status":"passed","title":"keeps OneMap connectivity scoped to the existing general map policy","duration":1.4379999999998745,"failureMessages":[],"meta":{},"tags":[]},{"ancestorTitles":["Executed service-worker exclusion of private moderation traffic"],"fullName":"Executed service-worker exclusion of private moderation traffic does not intercept or cache private page /moderation","status":"passed","title":"does not intercept or cache private page /moderation","duration":11.269700000000057,"failureMessages":[],"meta":{},"tags":[]},{"ancestorTitles":["Executed service-worker exclusion of private moderation traffic"],"fullName":"Executed service-worker exclusion of private moderation traffic does not intercept or cache private page /moderation/","status":"passed","title":"does not intercept or cache private page /moderation/","duration":7.412699999999859,"failureMessages":[],"meta":{},"tags":[]},{"ancestorTitles":["Executed service-worker exclusion of private moderation traffic"],"fullName":"Executed service-worker exclusion of private moderation traffic does not intercept or cache private page /moderation/review","status":"passed","title":"does not intercept or cache private page /moderation/review","duration":6.288400000000138,"failureMessages":[],"meta":{},"tags":[]},{"ancestorTitles":["Executed service-worker exclusion of private moderation traffic"],"fullName":"Executed service-worker exclusion of private moderation traffic does not intercept or cache private page /moderation?_rsc=synthetic","status":"passed","title":"does not intercept or cache private page /moderation?_rsc=synthetic","duration":6.91800000000012,"failureMessages":[],"meta":{},"tags":[]},{"ancestorTitles":["Executed service-worker exclusion of private moderation traffic"],"fullName":"Executed service-worker exclusion of private moderation traffic leaves both GET and POST /api/moderation/login outside worker caches","status":"passed","title":"leaves both GET and POST /api/moderation/login outside worker caches","duration":16.884700000000066,"failureMessages":[],"meta":{},"tags":[]},{"ancestorTitles":["Executed service-worker exclusion of private moderation traffic"],"fullName":"Executed service-worker exclusion of private moderation traffic leaves both GET and POST /api/moderation/logout outside worker caches","status":"passed","title":"leaves both GET and POST /api/moderation/logout outside worker caches","duration":8.195200000000114,"failureMessages":[],"meta":{},"tags":[]},{"ancestorTitles":["Executed service-worker exclusion of private moderation traffic"],"fullName":"Executed service-worker exclusion of private moderation traffic leaves both GET and POST /api/moderation/queue outside worker caches","status":"passed","title":"leaves both GET and POST /api/moderation/queue outside worker caches","duration":8.861900000000105,"failureMessages":[],"meta":{},"tags":[]},{"ancestorTitles":["Executed service-worker exclusion of private moderation traffic"],"fullName":"Executed service-worker exclusion of private moderation traffic leaves both GET and POST /api/moderation/context outside worker caches","status":"passed","title":"leaves both GET and POST /api/moderation/context outside worker caches","duration":6.4155000000000655,"failureMessages":[],"meta":{},"tags":[]},{"ancestorTitles":["Executed service-worker exclusion of private moderation traffic"],"fullName":"Executed service-worker exclusion of private moderation traffic leaves both GET and POST /api/moderation/decision outside worker caches","status":"passed","title":"leaves both GET and POST /api/moderation/decision outside worker caches","duration":7.807500000000118,"failureMessages":[],"meta":{},"tags":[]},{"ancestorTitles":["Executed service-worker exclusion of private moderation traffic"],"fullName":"Executed service-worker exclusion of private moderation traffic positive control still intercepts a public icon through the same actual listener","status":"passed","title":"positive control still intercepts a public icon through the same actual listener","duration":17.287399999999934,"failureMessages":[],"meta":{},"tags":[]}],"startTime":1789452170440,"endTime":1789452170679.2874,"status":"passed","message":"","name":"C:/sgSHIOK2026/web/lib/__tests__/moderation-route.test.ts"},{"assertionResults":[{"ancestorTitles":["Browser moderator session contract"],"fullName":"Browser moderator session contract returns exactly the seven methods and stores no enumerable session fields","status":"passed","title":"returns exactly the seven methods and stores no enumerable session fields","duration":41.99130000000059,"failureMessages":[],"meta":{},"tags":[]},{"ancestorTitles":["Browser moderator session contract"],"fullName":"Browser moderator session contract uses the exact local login endpoint and exposes only expiry","status":"passed","title":"uses the exact local login endpoint and exposes only expiry","duration":101.51430000000073,"failureMessages":[],"meta":{},"tags":[]},{"ancestorTitles":["Browser moderator session contract"],"fullName":"Browser moderator session contract does not infer authorization from claims or leak their arbitrary fields","status":"passed","title":"does not infer authorization from claims or leak their arbitrary fields","duration":30.61609999999928,"failureMessages":[],"meta":{},"tags":[]},{"ancestorTitles":["Browser moderator session contract"],"fullName":"Browser moderator session contract fails closed on malformed/mismatched/expired login 0","status":"passed","title":"fails closed on malformed/mismatched/expired login 0","duration":8.807399999999689,"failureMessages":[],"meta":{},"tags":[]},{"ancestorTitles":["Browser moderator session contract"],"fullName":"Browser moderator session contract fails closed on malformed/mismatched/expired login 1","status":"passed","title":"fails closed on malformed/mismatched/expired login 1","duration":8.087900000000445,"failureMessages":[],"meta":{},"tags":[]},{"ancestorTitles":["Browser moderator session contract"],"fullName":"Browser moderator session contract fails closed on malformed/mismatched/expired login 2","status":"passed","title":"fails closed on malformed/mismatched/expired login 2","duration":15.680500000000393,"failureMessages":[],"meta":{},"tags":[]},{"ancestorTitles":["Browser moderator session contract"],"fullName":"Browser moderator session contract fails closed on malformed/mismatched/expired login 3","status":"passed","title":"fails closed on malformed/mismatched/expired login 3","duration":7.35740000000078,"failureMessages":[],"meta":{},"tags":[]},{"ancestorTitles":["Browser moderator session contract"],"fullName":"Browser moderator session contract fails closed on malformed/mismatched/expired login 4","status":"passed","title":"fails closed on malformed/mismatched/expired login 4","duration":7.7520999999997,"failureMessages":[],"meta":{},"tags":[]},{"ancestorTitles":["Browser moderator session contract"],"fullName":"Browser moderator session contract fails closed on malformed/mismatched/expired login 5","status":"passed","title":"fails closed on malformed/mismatched/expired login 5","duration":8.860200000000077,"failureMessages":[],"meta":{},"tags":[]},{"ancestorTitles":["Browser moderator session contract"],"fullName":"Browser moderator session contract fails closed on malformed/mismatched/expired login 6","status":"passed","title":"fails closed on malformed/mismatched/expired login 6","duration":29.249400000000605,"failureMessages":[],"meta":{},"tags":[]},{"ancestorTitles":["Browser moderator session contract"],"fullName":"Browser moderator session contract fails closed on malformed/mismatched/expired login 7","status":"passed","title":"fails closed on malformed/mismatched/expired login 7","duration":8.350199999999859,"failureMessages":[],"meta":{},"tags":[]},{"ancestorTitles":["Browser moderator session contract"],"fullName":"Browser moderator session contract fails closed on malformed/mismatched/expired login 8","status":"passed","title":"fails closed on malformed/mismatched/expired login 8","duration":7.791699999999764,"failureMessages":[],"meta":{},"tags":[]},{"ancestorTitles":["Browser moderator session contract"],"fullName":"Browser moderator session contract fails closed on malformed/mismatched/expired login 9","status":"passed","title":"fails closed on malformed/mismatched/expired login 9","duration":6.462899999999536,"failureMessages":[],"meta":{},"tags":[]},{"ancestorTitles":["Browser moderator session contract"],"fullName":"Browser moderator session contract fails closed on malformed/mismatched/expired login 10","status":"passed","title":"fails closed on malformed/mismatched/expired login 10","duration":14.370499999999993,"failureMessages":[],"meta":{},"tags":[]},{"ancestorTitles":["Browser moderator session contract"],"fullName":"Browser moderator session contract fails closed on malformed/mismatched/expired login 11","status":"passed","title":"fails closed on malformed/mismatched/expired login 11","duration":6.3431000000000495,"failureMessages":[],"meta":{},"tags":[]},{"ancestorTitles":["Browser moderator session contract"],"fullName":"Browser moderator session contract fails closed on malformed/mismatched/expired login 12","status":"passed","title":"fails closed on malformed/mismatched/expired login 12","duration":6.28690000000006,"failureMessages":[],"meta":{},"tags":[]},{"ancestorTitles":["Browser moderator session contract"],"fullName":"Browser moderator session contract fails closed on malformed/mismatched/expired login 13","status":"passed","title":"fails closed on malformed/mismatched/expired login 13","duration":7.805100000000493,"failureMessages":[],"meta":{},"tags":[]},{"ancestorTitles":["Browser moderator session contract"],"fullName":"Browser moderator session contract fails closed on malformed/mismatched/expired login 14","status":"passed","title":"fails closed on malformed/mismatched/expired login 14","duration":6.653000000000247,"failureMessages":[],"meta":{},"tags":[]},{"ancestorTitles":["Browser moderator session contract"],"fullName":"Browser moderator session contract fails closed on malformed/mismatched/expired login 15","status":"passed","title":"fails closed on malformed/mismatched/expired login 15","duration":11.277799999999843,"failureMessages":[],"meta":{},"tags":[]},{"ancestorTitles":["Browser moderator session contract"],"fullName":"Browser moderator session contract fails closed on malformed/mismatched/expired login 16","status":"passed","title":"fails closed on malformed/mismatched/expired login 16","duration":8.940099999999802,"failureMessages":[],"meta":{},"tags":[]},{"ancestorTitles":["Browser moderator session contract"],"fullName":"Browser moderator session contract fails closed on malformed/mismatched/expired login 17","status":"passed","title":"fails closed on malformed/mismatched/expired login 17","duration":45.326500000000124,"failureMessages":[],"meta":{},"tags":[]},{"ancestorTitles":["Browser moderator session contract"],"fullName":"Browser moderator session contract fails closed on malformed/mismatched/expired login 18","status":"passed","title":"fails closed on malformed/mismatched/expired login 18","duration":6.891200000000026,"failureMessages":[],"meta":{},"tags":[]},{"ancestorTitles":["Browser moderator session contract"],"fullName":"Browser moderator session contract fails closed on malformed/mismatched/expired login 19","status":"passed","title":"fails closed on malformed/mismatched/expired login 19","duration":14.52349999999933,"failureMessages":[],"meta":{},"tags":[]},{"ancestorTitles":["Browser moderator session contract"],"fullName":"Browser moderator session contract fails closed on malformed/mismatched/expired login 20","status":"passed","title":"fails closed on malformed/mismatched/expired login 20","duration":5.764600000000428,"failureMessages":[],"meta":{},"tags":[]},{"ancestorTitles":["Browser moderator session contract"],"fullName":"Browser moderator session contract rejects invalid/bound-exceeding credentials without IO 0","status":"passed","title":"rejects invalid/bound-exceeding credentials without IO 0","duration":4.591400000000249,"failureMessages":[],"meta":{},"tags":[]},{"ancestorTitles":["Browser moderator session contract"],"fullName":"Browser moderator session contract rejects invalid/bound-exceeding credentials without IO 1","status":"passed","title":"rejects invalid/bound-exceeding credentials without IO 1","duration":3.557600000000093,"failureMessages":[],"meta":{},"tags":[]},{"ancestorTitles":["Browser moderator session contract"],"fullName":"Browser moderator session contract rejects invalid/bound-exceeding credentials without IO 2","status":"passed","title":"rejects invalid/bound-exceeding credentials without IO 2","duration":3.173899999999776,"failureMessages":[],"meta":{},"tags":[]},{"ancestorTitles":["Browser moderator session contract"],"fullName":"Browser moderator session contract rejects invalid/bound-exceeding credentials without IO 3","status":"passed","title":"rejects invalid/bound-exceeding credentials without IO 3","duration":5.92830000000049,"failureMessages":[],"meta":{},"tags":[]},{"ancestorTitles":["Browser moderator session contract"],"fullName":"Browser moderator session contract rejects invalid/bound-exceeding credentials without IO 4","status":"passed","title":"rejects invalid/bound-exceeding credentials without IO 4","duration":8.196200000000317,"failureMessages":[],"meta":{},"tags":[]},{"ancestorTitles":["Browser moderator session contract"],"fullName":"Browser moderator session contract rejects invalid/bound-exceeding credentials without IO 5","status":"passed","title":"rejects invalid/bound-exceeding credentials without IO 5","duration":14.384299999999712,"failureMessages":[],"meta":{},"tags":[]},{"ancestorTitles":["Browser moderator session contract"],"fullName":"Browser moderator session contract rejects invalid/bound-exceeding credentials without IO 6","status":"passed","title":"rejects invalid/bound-exceeding credentials without IO 6","duration":5.813300000000709,"failureMessages":[],"meta":{},"tags":[]},{"ancestorTitles":["Browser moderator session contract"],"fullName":"Browser moderator session contract rejects invalid/bound-exceeding credentials without IO 7","status":"passed","title":"rejects invalid/bound-exceeding credentials without IO 7","duration":3.3437999999996464,"failureMessages":[],"meta":{},"tags":[]},{"ancestorTitles":["Browser moderator session contract"],"fullName":"Browser moderator session contract rejects invalid/bound-exceeding credentials without IO 8","status":"passed","title":"rejects invalid/bound-exceeding credentials without IO 8","duration":30.667699999999968,"failureMessages":[],"meta":{},"tags":[]},{"ancestorTitles":["Browser moderator session contract"],"fullName":"Browser moderator session contract trims/lowercases email like the server while preserving password bytes exactly","status":"passed","title":"trims/lowercases email like the server while preserving password bytes exactly","duration":8.483299999999872,"failureMessages":[],"meta":{},"tags":[]},{"ancestorTitles":["Browser moderator session contract"],"fullName":"Browser moderator session contract accepts an email of exactly 254 characters","status":"passed","title":"accepts an email of exactly 254 characters","duration":8.869399999999587,"failureMessages":[],"meta":{},"tags":[]},{"ancestorTitles":["Browser moderator session contract"],"fullName":"Browser moderator session contract rejects raw/normalized oversized or invalid scalar email 0 before IO","status":"passed","title":"rejects raw/normalized oversized or invalid scalar email 0 before IO","duration":19.103399999999965,"failureMessages":[],"meta":{},"tags":[]},{"ancestorTitles":["Browser moderator session contract"],"fullName":"Browser moderator session contract rejects raw/normalized oversized or invalid scalar email 1 before IO","status":"passed","title":"rejects raw/normalized oversized or invalid scalar email 1 before IO","duration":3.2874000000001615,"failureMessages":[],"meta":{},"tags":[]},{"ancestorTitles":["Browser moderator session contract"],"fullName":"Browser moderator session contract rejects raw/normalized oversized or invalid scalar email 2 before IO","status":"passed","title":"rejects raw/normalized oversized or invalid scalar email 2 before IO","duration":2.8834999999999127,"failureMessages":[],"meta":{},"tags":[]},{"ancestorTitles":["Browser moderator session contract"],"fullName":"Browser moderator session contract rejects raw/normalized oversized or invalid scalar email 3 before IO","status":"passed","title":"rejects raw/normalized oversized or invalid scalar email 3 before IO","duration":2.7479999999995925,"failureMessages":[],"meta":{},"tags":[]},{"ancestorTitles":["Browser moderator session contract"],"fullName":"Browser moderator session contract rejects raw/normalized oversized or invalid scalar email 4 before IO","status":"passed","title":"rejects raw/normalized oversized or invalid scalar email 4 before IO","duration":4.270999999999731,"failureMessages":[],"meta":{},"tags":[]},{"ancestorTitles":["Browser moderator session contract"],"fullName":"Browser moderator session contract accepts a password of exactly 1024 UTF-8 bytes 0 without normalization","status":"passed","title":"accepts a password of exactly 1024 UTF-8 bytes 0 without normalization","duration":9.473899999999958,"failureMessages":[],"meta":{},"tags":[]},{"ancestorTitles":["Browser moderator session contract"],"fullName":"Browser moderator session contract accepts a password of exactly 1024 UTF-8 bytes 1 without normalization","status":"passed","title":"accepts a password of exactly 1024 UTF-8 bytes 1 without normalization","duration":11.95180000000073,"failureMessages":[],"meta":{},"tags":[]},{"ancestorTitles":["Browser moderator session contract"],"fullName":"Browser moderator session contract accepts a password of exactly 1024 UTF-8 bytes 2 without normalization","status":"passed","title":"accepts a password of exactly 1024 UTF-8 bytes 2 without normalization","duration":30.536300000000665,"failureMessages":[],"meta":{},"tags":[]},{"ancestorTitles":["Browser moderator session contract"],"fullName":"Browser moderator session contract accepts a password of exactly 1024 UTF-8 bytes 3 without normalization","status":"passed","title":"accepts a password of exactly 1024 UTF-8 bytes 3 without normalization","duration":6.6611000000002605,"failureMessages":[],"meta":{},"tags":[]},{"ancestorTitles":["Browser moderator session contract"],"fullName":"Browser moderator session contract rejects a password of 1025 UTF-8 bytes 0 before transport","status":"passed","title":"rejects a password of 1025 UTF-8 bytes 0 before transport","duration":5.600300000000061,"failureMessages":[],"meta":{},"tags":[]},{"ancestorTitles":["Browser moderator session contract"],"fullName":"Browser moderator session contract rejects a password of 1025 UTF-8 bytes 1 before transport","status":"passed","title":"rejects a password of 1025 UTF-8 bytes 1 before transport","duration":3.431399999999485,"failureMessages":[],"meta":{},"tags":[]},{"ancestorTitles":["Browser moderator session contract"],"fullName":"Browser moderator session contract rejects a password of 1025 UTF-8 bytes 2 before transport","status":"passed","title":"rejects a password of 1025 UTF-8 bytes 2 before transport","duration":3.3840000000000146,"failureMessages":[],"meta":{},"tags":[]},{"ancestorTitles":["Browser moderator session contract"],"fullName":"Browser moderator session contract rejects a password of 1025 UTF-8 bytes 3 before transport","status":"passed","title":"rejects a password of 1025 UTF-8 bytes 3 before transport","duration":3.345200000000659,"failureMessages":[],"meta":{},"tags":[]},{"ancestorTitles":["Browser moderator session contract"],"fullName":"Browser moderator session contract never reads browser storage, cookies or logs credentials/session/data","status":"passed","title":"never reads browser storage, cookies or logs credentials/session/data","duration":26.866699999999582,"failureMessages":[],"meta":{},"tags":[]},{"ancestorTitles":["Browser moderator session contract"],"fullName":"Browser moderator session contract does not dispatch queue without a session","status":"passed","title":"does not dispatch queue without a session","duration":3.9309000000002925,"failureMessages":[],"meta":{},"tags":[]},{"ancestorTitles":["Browser moderator session contract"],"fullName":"Browser moderator session contract does not dispatch context without a session","status":"passed","title":"does not dispatch context without a session","duration":3.480899999999565,"failureMessages":[],"meta":{},"tags":[]},{"ancestorTitles":["Browser moderator session contract"],"fullName":"Browser moderator session contract does not dispatch decide without a session","status":"passed","title":"does not dispatch decide without a session","duration":4.417899999999463,"failureMessages":[],"meta":{},"tags":[]},{"ancestorTitles":["Browser moderator session contract"],"fullName":"Browser moderator session contract expires without refreshing or retrying","status":"passed","title":"expires without refreshing or retrying","duration":7.039400000000569,"failureMessages":[],"meta":{},"tags":[]},{"ancestorTitles":["Browser moderator session contract"],"fullName":"Browser moderator session contract fails closed when injected clock is invalid 0","status":"passed","title":"fails closed when injected clock is invalid 0","duration":28.513600000000224,"failureMessages":[],"meta":{},"tags":[]},{"ancestorTitles":["Browser moderator session contract"],"fullName":"Browser moderator session contract fails closed when injected clock is invalid 1","status":"passed","title":"fails closed when injected clock is invalid 1","duration":5.304299999999785,"failureMessages":[],"meta":{},"tags":[]},{"ancestorTitles":["Browser moderator session contract"],"fullName":"Browser moderator session contract fails closed when injected clock is invalid 2","status":"passed","title":"fails closed when injected clock is invalid 2","duration":7.9965000000001965,"failureMessages":[],"meta":{},"tags":[]},{"ancestorTitles":["Browser moderator session contract"],"fullName":"Browser moderator session contract fails closed when injected clock is invalid 3","status":"passed","title":"fails closed when injected clock is invalid 3","duration":6.291299999999865,"failureMessages":[],"meta":{},"tags":[]},{"ancestorTitles":["Session epochs and cross-call races"],"fullName":"Session epochs and cross-call races clear immediately aborts all readers, invalidates pending login and prevents late session restoration","status":"passed","title":"clear immediately aborts all readers, invalidates pending login and prevents late session restoration","duration":10.85360000000037,"failureMessages":[],"meta":{},"tags":[]},{"ancestorTitles":["Session epochs and cross-call races"],"fullName":"Session epochs and cross-call races new login replaces the epoch, late old login cannot replace the new token","status":"passed","title":"new login replaces the epoch, late old login cannot replace the new token","duration":16.545600000000377,"failureMessages":[],"meta":{},"tags":[]},{"ancestorTitles":["Session epochs and cross-call races"],"fullName":"Session epochs and cross-call races invalid login also discards the prior local session","status":"passed","title":"invalid login also discards the prior local session","duration":31.683399999999892,"failureMessages":[],"meta":{},"tags":[]},{"ancestorTitles":["Session epochs and cross-call races"],"fullName":"Session epochs and cross-call races logout clears and aborts immediately then attempts server revocation once with captured token","status":"passed","title":"logout clears and aborts immediately then attempts server revocation once with captured token","duration":22.08259999999973,"failureMessages":[],"meta":{},"tags":[]},{"ancestorTitles":["Session epochs and cross-call races"],"fullName":"Session epochs and cross-call races reports server logout failure while preserving immediate local signout","status":"passed","title":"reports server logout failure while preserving immediate local signout","duration":22.114800000000287,"failureMessages":[],"meta":{},"tags":[]},{"ancestorTitles":["Session epochs and cross-call races"],"fullName":"Session epochs and cross-call races rejects malformed logout acknowledgement 0","status":"passed","title":"rejects malformed logout acknowledgement 0","duration":11.765400000000227,"failureMessages":[],"meta":{},"tags":[]},{"ancestorTitles":["Session epochs and cross-call races"],"fullName":"Session epochs and cross-call races rejects malformed logout acknowledgement 1","status":"passed","title":"rejects malformed logout acknowledgement 1","duration":9.287099999999555,"failureMessages":[],"meta":{},"tags":[]},{"ancestorTitles":["Session epochs and cross-call races"],"fullName":"Session epochs and cross-call races rejects malformed logout acknowledgement 2","status":"passed","title":"rejects malformed logout acknowledgement 2","duration":8.849100000000362,"failureMessages":[],"meta":{},"tags":[]},{"ancestorTitles":["Session epochs and cross-call races"],"fullName":"Session epochs and cross-call races rejects malformed logout acknowledgement 3","status":"passed","title":"rejects malformed logout acknowledgement 3","duration":12.401700000000346,"failureMessages":[],"meta":{},"tags":[]},{"ancestorTitles":["Session epochs and cross-call races"],"fullName":"Session epochs and cross-call races a late logout denial cannot clear a newly logged-in session","status":"passed","title":"a late logout denial cannot clear a newly logged-in session","duration":19.85609999999997,"failureMessages":[],"meta":{},"tags":[]},{"ancestorTitles":["Session epochs and cross-call races"],"fullName":"Session epochs and cross-call races logout during login aborts it even before any token has been received","status":"passed","title":"logout during login aborts it even before any token has been received","duration":6.633200000000215,"failureMessages":[],"meta":{},"tags":[]},{"ancestorTitles":["Session epochs and cross-call races"],"fullName":"Session epochs and cross-call races status 401 clears/aborts all outstanding calls even with malformed body","status":"passed","title":"status 401 clears/aborts all outstanding calls even with malformed body","duration":15.291600000000471,"failureMessages":[],"meta":{},"tags":[]},{"ancestorTitles":["Session epochs and cross-call races"],"fullName":"Session epochs and cross-call races status 403 clears/aborts all outstanding calls even with malformed body","status":"passed","title":"status 403 clears/aborts all outstanding calls even with malformed body","duration":11.591100000000552,"failureMessages":[],"meta":{},"tags":[]},{"ancestorTitles":["Session epochs and cross-call races"],"fullName":"Session epochs and cross-call races late reader auth failure does not clear the replacement login","status":"passed","title":"late reader auth failure does not clear the replacement login","duration":12.110100000000784,"failureMessages":[],"meta":{},"tags":[]},{"ancestorTitles":["Session epochs and cross-call races"],"fullName":"Session epochs and cross-call races session expiry aborts an uncooperative in-flight read before the aggregate deadline","status":"passed","title":"session expiry aborts an uncooperative in-flight read before the aggregate deadline","duration":19.11409999999978,"failureMessages":[],"meta":{},"tags":[]},{"ancestorTitles":["Session epochs and cross-call races"],"fullName":"Session epochs and cross-call races session expiry after decision dispatch preserves outcome_unknown","status":"passed","title":"session expiry after decision dispatch preserves outcome_unknown","duration":13.34439999999995,"failureMessages":[],"meta":{},"tags":[]},{"ancestorTitles":["Session epochs and cross-call races"],"fullName":"Session epochs and cross-call races clearing while a response body is pending aborts its reader and never returns the old report","status":"passed","title":"clearing while a response body is pending aborts its reader and never returns the old report","duration":12.388200000000325,"failureMessages":[],"meta":{},"tags":[]},{"ancestorTitles":["Session epochs and cross-call races"],"fullName":"Session epochs and cross-call races cannot restore login if a reentrant clock clears its epoch during response validation","status":"passed","title":"cannot restore login if a reentrant clock clears its epoch during response validation","duration":9.208000000000538,"failureMessages":[],"meta":{},"tags":[]},{"ancestorTitles":["Safe local requests and API response projection"],"fullName":"Safe local requests and API response projection posts queue/context/decision to exact relative paths with no cookies, redirects or cache","status":"passed","title":"posts queue/context/decision to exact relative paths with no cookies, redirects or cache","duration":48.97069999999985,"failureMessages":[],"meta":{},"tags":[]},{"ancestorTitles":["Safe local requests and API response projection"],"fullName":"Safe local requests and API response projection preserves microsecond cursor spelling and snapshots the request","status":"passed","title":"preserves microsecond cursor spelling and snapshots the request","duration":56.14840000000004,"failureMessages":[],"meta":{},"tags":[]},{"ancestorTitles":["Safe local requests and API response projection"],"fullName":"Safe local requests and API response projection accepts validated pending rows with only safe content/audit fields","status":"passed","title":"accepts validated pending rows with only safe content/audit fields","duration":33.28529999999955,"failureMessages":[],"meta":{},"tags":[]},{"ancestorTitles":["Safe local requests and API response projection"],"fullName":"Safe local requests and API response projection accepts validated accepted rows with only safe content/audit fields","status":"passed","title":"accepts validated accepted rows with only safe content/audit fields","duration":10.840900000001056,"failureMessages":[],"meta":{},"tags":[]},{"ancestorTitles":["Safe local requests and API response projection"],"fullName":"Safe local requests and API response projection accepts validated rejected rows with only safe content/audit fields","status":"passed","title":"accepts validated rejected rows with only safe content/audit fields","duration":15.107200000000375,"failureMessages":[],"meta":{},"tags":[]},{"ancestorTitles":["Safe local requests and API response projection"],"fullName":"Safe local requests and API response projection accepts validated duplicate rows with only safe content/audit fields","status":"passed","title":"accepts validated duplicate rows with only safe content/audit fields","duration":10.879699999999502,"failureMessages":[],"meta":{},"tags":[]},{"ancestorTitles":["Safe local requests and API response projection"],"fullName":"Safe local requests and API response projection rejects malformed queue request 0 without dispatch","status":"passed","title":"rejects malformed queue request 0 without dispatch","duration":8.267300000001342,"failureMessages":[],"meta":{},"tags":[]},{"ancestorTitles":["Safe local requests and API response projection"],"fullName":"Safe local requests and API response projection rejects malformed queue request 1 without dispatch","status":"passed","title":"rejects malformed queue request 1 without dispatch","duration":6.976500000000669,"failureMessages":[],"meta":{},"tags":[]},{"ancestorTitles":["Safe local requests and API response projection"],"fullName":"Safe local requests and API response projection rejects malformed queue request 2 without dispatch","status":"passed","title":"rejects malformed queue request 2 without dispatch","duration":21.516300000001138,"failureMessages":[],"meta":{},"tags":[]},{"ancestorTitles":["Safe local requests and API response projection"],"fullName":"Safe local requests and API response projection rejects malformed queue request 3 without dispatch","status":"passed","title":"rejects malformed queue request 3 without dispatch","duration":7.3104999999995925,"failureMessages":[],"meta":{},"tags":[]},{"ancestorTitles":["Safe local requests and API response projection"],"fullName":"Safe local requests and API response projection rejects malformed queue request 4 without dispatch","status":"passed","title":"rejects malformed queue request 4 without dispatch","duration":16.681500000000597,"failureMessages":[],"meta":{},"tags":[]},{"ancestorTitles":["Safe local requests and API response projection"],"fullName":"Safe local requests and API response projection rejects malformed queue request 5 without dispatch","status":"passed","title":"rejects malformed queue request 5 without dispatch","duration":6.322000000000116,"failureMessages":[],"meta":{},"tags":[]},{"ancestorTitles":["Safe local requests and API response projection"],"fullName":"Safe local requests and API response projection rejects malformed queue request 6 without dispatch","status":"passed","title":"rejects malformed queue request 6 without dispatch","duration":7.321300000001429,"failureMessages":[],"meta":{},"tags":[]},{"ancestorTitles":["Safe local requests and API response projection"],"fullName":"Safe local requests and API response projection rejects malformed queue request 7 without dispatch","status":"passed","title":"rejects malformed queue request 7 without dispatch","duration":16.423099999999977,"failureMessages":[],"meta":{},"tags":[]},{"ancestorTitles":["Safe local requests and API response projection"],"fullName":"Safe local requests and API response projection rejects malformed queue request 8 without dispatch","status":"passed","title":"rejects malformed queue request 8 without dispatch","duration":7.17489999999998,"failureMessages":[],"meta":{},"tags":[]},{"ancestorTitles":["Safe local requests and API response projection"],"fullName":"Safe local requests and API response projection rejects bad context receipt 0 without dispatch","status":"passed","title":"rejects bad context receipt 0 without dispatch","duration":7.558799999998882,"failureMessages":[],"meta":{},"tags":[]},{"ancestorTitles":["Safe local requests and API response projection"],"fullName":"Safe local requests and API response projection rejects bad context receipt 1 without dispatch","status":"passed","title":"rejects bad context receipt 1 without dispatch","duration":6.665100000000166,"failureMessages":[],"meta":{},"tags":[]},{"ancestorTitles":["Safe local requests and API response projection"],"fullName":"Safe local requests and API response projection rejects bad context receipt 2 without dispatch","status":"passed","title":"rejects bad context receipt 2 without dispatch","duration":10.552400000000489,"failureMessages":[],"meta":{},"tags":[]},{"ancestorTitles":["Safe local requests and API response projection"],"fullName":"Safe local requests and API response projection rejects bad context receipt 3 without dispatch","status":"passed","title":"rejects bad context receipt 3 without dispatch","duration":6.683000000000902,"failureMessages":[],"meta":{},"tags":[]},{"ancestorTitles":["Safe local requests and API response projection"],"fullName":"Safe local requests and API response projection rejects bad context receipt 4 without dispatch","status":"passed","title":"rejects bad context receipt 4 without dispatch","duration":7.854500000001281,"failureMessages":[],"meta":{},"tags":[]},{"ancestorTitles":["Safe local requests and API response projection"],"fullName":"Safe local requests and API response projection rejects bad context receipt 5 without dispatch","status":"passed","title":"rejects bad context receipt 5 without dispatch","duration":10.639299999998912,"failureMessages":[],"meta":{},"tags":[]},{"ancestorTitles":["Safe local requests and API response projection"],"fullName":"Safe local requests and API response projection rejects bad context receipt 6 without dispatch","status":"passed","title":"rejects bad context receipt 6 without dispatch","duration":8.210000000000946,"failureMessages":[],"meta":{},"tags":[]},{"ancestorTitles":["Safe local requests and API response projection"],"fullName":"Safe local requests and API response projection rejects unsafe/inconsistent queue response 0 without exposing fields","status":"passed","title":"rejects unsafe/inconsistent queue response 0 without exposing fields","duration":16.700300000000425,"failureMessages":[],"meta":{},"tags":[]},{"ancestorTitles":["Safe local requests and API response projection"],"fullName":"Safe local requests and API response projection rejects unsafe/inconsistent queue response 1 without exposing fields","status":"passed","title":"rejects unsafe/inconsistent queue response 1 without exposing fields","duration":10.747199999999793,"failureMessages":[],"meta":{},"tags":[]},{"ancestorTitles":["Safe local requests and API response projection"],"fullName":"Safe local requests and API response projection rejects unsafe/inconsistent queue response 2 without exposing fields","status":"passed","title":"rejects unsafe/inconsistent queue response 2 without exposing fields","duration":9.319500000001426,"failureMessages":[],"meta":{},"tags":[]},{"ancestorTitles":["Safe local requests and API response projection"],"fullName":"Safe local requests and API response projection rejects unsafe/inconsistent queue response 3 without exposing fields","status":"passed","title":"rejects unsafe/inconsistent queue response 3 without exposing fields","duration":38.67540000000008,"failureMessages":[],"meta":{},"tags":[]},{"ancestorTitles":["Safe local requests and API response projection"],"fullName":"Safe local requests and API response projection rejects unsafe/inconsistent queue response 4 without exposing fields","status":"passed","title":"rejects unsafe/inconsistent queue response 4 without exposing fields","duration":18.21270000000004,"failureMessages":[],"meta":{},"tags":[]},{"ancestorTitles":["Safe local requests and API response projection"],"fullName":"Safe local requests and API response projection rejects unsafe/inconsistent queue response 5 without exposing fields","status":"passed","title":"rejects unsafe/inconsistent queue response 5 without exposing fields","duration":31.637899999999718,"failureMessages":[],"meta":{},"tags":[]},{"ancestorTitles":["Safe local requests and API response projection"],"fullName":"Safe local requests and API response projection rejects unsafe/inconsistent queue response 6 without exposing fields","status":"passed","title":"rejects unsafe/inconsistent queue response 6 without exposing fields","duration":13.757400000000416,"failureMessages":[],"meta":{},"tags":[]},{"ancestorTitles":["Safe local requests and API response projection"],"fullName":"Safe local requests and API response projection rejects unsafe/inconsistent queue response 7 without exposing fields","status":"passed","title":"rejects unsafe/inconsistent queue response 7 without exposing fields","duration":14.037099999999555,"failureMessages":[],"meta":{},"tags":[]},{"ancestorTitles":["Safe local requests and API response projection"],"fullName":"Safe local requests and API response projection rejects unsafe/inconsistent queue response 8 without exposing fields","status":"passed","title":"rejects unsafe/inconsistent queue response 8 without exposing fields","duration":33.702400000000125,"failureMessages":[],"meta":{},"tags":[]},{"ancestorTitles":["Safe local requests and API response projection"],"fullName":"Safe local requests and API response projection rejects unsafe/inconsistent queue response 9 without exposing fields","status":"passed","title":"rejects unsafe/inconsistent queue response 9 without exposing fields","duration":11.497000000001208,"failureMessages":[],"meta":{},"tags":[]},{"ancestorTitles":["Safe local requests and API response projection"],"fullName":"Safe local requests and API response projection rejects unsafe/inconsistent queue response 10 without exposing fields","status":"passed","title":"rejects unsafe/inconsistent queue response 10 without exposing fields","duration":11.592900000001464,"failureMessages":[],"meta":{},"tags":[]},{"ancestorTitles":["Safe local requests and API response projection"],"fullName":"Safe local requests and API response projection rejects unsafe/inconsistent queue response 11 without exposing fields","status":"passed","title":"rejects unsafe/inconsistent queue response 11 without exposing fields","duration":32.65390000000116,"failureMessages":[],"meta":{},"tags":[]},{"ancestorTitles":["Safe local requests and API response projection"],"fullName":"Safe local requests and API response projection rejects unsafe/inconsistent queue response 12 without exposing fields","status":"passed","title":"rejects unsafe/inconsistent queue response 12 without exposing fields","duration":8.925900000000183,"failureMessages":[],"meta":{},"tags":[]},{"ancestorTitles":["Safe local requests and API response projection"],"fullName":"Safe local requests and API response projection rejects unsafe/inconsistent queue response 13 without exposing fields","status":"passed","title":"rejects unsafe/inconsistent queue response 13 without exposing fields","duration":8.77599999999984,"failureMessages":[],"meta":{},"tags":[]},{"ancestorTitles":["Safe local requests and API response projection"],"fullName":"Safe local requests and API response projection rejects unsafe/inconsistent queue response 14 without exposing fields","status":"passed","title":"rejects unsafe/inconsistent queue response 14 without exposing fields","duration":24.671199999998862,"failureMessages":[],"meta":{},"tags":[]},{"ancestorTitles":["Safe local requests and API response projection"],"fullName":"Safe local requests and API response projection rejects unsafe/inconsistent queue response 15 without exposing fields","status":"passed","title":"rejects unsafe/inconsistent queue response 15 without exposing fields","duration":11.267499999999927,"failureMessages":[],"meta":{},"tags":[]},{"ancestorTitles":["Safe local requests and API response projection"],"fullName":"Safe local requests and API response projection rejects unsafe/inconsistent queue response 16 without exposing fields","status":"passed","title":"rejects unsafe/inconsistent queue response 16 without exposing fields","duration":13.087299999999232,"failureMessages":[],"meta":{},"tags":[]},{"ancestorTitles":["Safe local requests and API response projection"],"fullName":"Safe local requests and API response projection rejects unsafe/inconsistent queue response 17 without exposing fields","status":"passed","title":"rejects unsafe/inconsistent queue response 17 without exposing fields","duration":23.47320000000036,"failureMessages":[],"meta":{},"tags":[]},{"ancestorTitles":["Safe local requests and API response projection"],"fullName":"Safe local requests and API response projection rejects unsafe/inconsistent queue response 18 without exposing fields","status":"passed","title":"rejects unsafe/inconsistent queue response 18 without exposing fields","duration":43.27390000000014,"failureMessages":[],"meta":{},"tags":[]},{"ancestorTitles":["Safe local requests and API response projection"],"fullName":"Safe local requests and API response projection rejects unsafe/inconsistent queue response 19 without exposing fields","status":"passed","title":"rejects unsafe/inconsistent queue response 19 without exposing fields","duration":10.317500000001019,"failureMessages":[],"meta":{},"tags":[]},{"ancestorTitles":["Safe local requests and API response projection"],"fullName":"Safe local requests and API response projection rejects unsafe/inconsistent queue response 20 without exposing fields","status":"passed","title":"rejects unsafe/inconsistent queue response 20 without exposing fields","duration":9.485599999999977,"failureMessages":[],"meta":{},"tags":[]},{"ancestorTitles":["Safe local requests and API response projection"],"fullName":"Safe local requests and API response projection enforces exact cursor order, including sub-millisecond differences and offsets","status":"passed","title":"enforces exact cursor order, including sub-millisecond differences and offsets","duration":15.22479999999996,"failureMessages":[],"meta":{},"tags":[]},{"ancestorTitles":["Safe local requests and API response projection"],"fullName":"Safe local requests and API response projection accepts receipt-specific pending reconciliation without traversing old targets","status":"passed","title":"accepts receipt-specific pending reconciliation without traversing old targets","duration":10.592399999999543,"failureMessages":[],"meta":{},"tags":[]},{"ancestorTitles":["Safe local requests and API response projection"],"fullName":"Safe local requests and API response projection accepts receipt-specific accepted reconciliation without traversing old targets","status":"passed","title":"accepts receipt-specific accepted reconciliation without traversing old targets","duration":10.568600000000515,"failureMessages":[],"meta":{},"tags":[]},{"ancestorTitles":["Safe local requests and API response projection"],"fullName":"Safe local requests and API response projection accepts receipt-specific rejected reconciliation without traversing old targets","status":"passed","title":"accepts receipt-specific rejected reconciliation without traversing old targets","duration":12.104800000000978,"failureMessages":[],"meta":{},"tags":[]},{"ancestorTitles":["Safe local requests and API response projection"],"fullName":"Safe local requests and API response projection accepts receipt-specific duplicate reconciliation without traversing old targets","status":"passed","title":"accepts receipt-specific duplicate reconciliation without traversing old targets","duration":11.215199999998731,"failureMessages":[],"meta":{},"tags":[]},{"ancestorTitles":["Safe local requests and API response projection"],"fullName":"Safe local requests and API response projection rejects mismatched/expired/unsafe context 0","status":"passed","title":"rejects mismatched/expired/unsafe context 0","duration":10.529500000000553,"failureMessages":[],"meta":{},"tags":[]},{"ancestorTitles":["Safe local requests and API response projection"],"fullName":"Safe local requests and API response projection rejects mismatched/expired/unsafe context 1","status":"passed","title":"rejects mismatched/expired/unsafe context 1","duration":9.599699999998847,"failureMessages":[],"meta":{},"tags":[]},{"ancestorTitles":["Safe local requests and API response projection"],"fullName":"Safe local requests and API response projection rejects mismatched/expired/unsafe context 2","status":"passed","title":"rejects mismatched/expired/unsafe context 2","duration":10.882799999999406,"failureMessages":[],"meta":{},"tags":[]},{"ancestorTitles":["Safe local requests and API response projection"],"fullName":"Safe local requests and API response projection rejects mismatched/expired/unsafe context 3","status":"passed","title":"rejects mismatched/expired/unsafe context 3","duration":8.315500000000611,"failureMessages":[],"meta":{},"tags":[]},{"ancestorTitles":["Safe local requests and API response projection"],"fullName":"Safe local requests and API response projection rejects mismatched/expired/unsafe context 4","status":"passed","title":"rejects mismatched/expired/unsafe context 4","duration":8.365499999999884,"failureMessages":[],"meta":{},"tags":[]},{"ancestorTitles":["Safe local requests and API response projection"],"fullName":"Safe local requests and API response projection rejects mismatched/expired/unsafe context 5","status":"passed","title":"rejects mismatched/expired/unsafe context 5","duration":13.946700000000419,"failureMessages":[],"meta":{},"tags":[]},{"ancestorTitles":["Safe local requests and API response projection"],"fullName":"Safe local requests and API response projection rejects mismatched/expired/unsafe context 6","status":"passed","title":"rejects mismatched/expired/unsafe context 6","duration":8.567300000000614,"failureMessages":[],"meta":{},"tags":[]},{"ancestorTitles":["Safe local requests and API response projection"],"fullName":"Safe local requests and API response projection rejects mismatched/expired/unsafe context 7","status":"passed","title":"rejects mismatched/expired/unsafe context 7","duration":8.036700000000565,"failureMessages":[],"meta":{},"tags":[]},{"ancestorTitles":["Safe local requests and API response projection"],"fullName":"Safe local requests and API response projection rejects mismatched/expired/unsafe context 8","status":"passed","title":"rejects mismatched/expired/unsafe context 8","duration":9.500099999999293,"failureMessages":[],"meta":{},"tags":[]},{"ancestorTitles":["Safe local requests and API response projection"],"fullName":"Safe local requests and API response projection rejects mismatched/expired/unsafe context 9","status":"passed","title":"rejects mismatched/expired/unsafe context 9","duration":12.492700000000696,"failureMessages":[],"meta":{},"tags":[]},{"ancestorTitles":["Safe local requests and API response projection"],"fullName":"Safe local requests and API response projection rejects mismatched/expired/unsafe context 10","status":"passed","title":"rejects mismatched/expired/unsafe context 10","duration":21.088999999999942,"failureMessages":[],"meta":{},"tags":[]},{"ancestorTitles":["Safe local requests and API response projection"],"fullName":"Safe local requests and API response projection rejects mismatched/expired/unsafe context 11","status":"passed","title":"rejects mismatched/expired/unsafe context 11","duration":8.931099999999788,"failureMessages":[],"meta":{},"tags":[]},{"ancestorTitles":["Safe local requests and API response projection"],"fullName":"Safe local requests and API response projection rejects mismatched/expired/unsafe context 12","status":"passed","title":"rejects mismatched/expired/unsafe context 12","duration":9.585199999999531,"failureMessages":[],"meta":{},"tags":[]},{"ancestorTitles":["Safe local requests and API response projection"],"fullName":"Safe local requests and API response projection projects only exact known failure 400/invalid_request without retry","status":"passed","title":"projects only exact known failure 400/invalid_request without retry","duration":31.20759999999973,"failureMessages":[],"meta":{},"tags":[]},{"ancestorTitles":["Safe local requests and API response projection"],"fullName":"Safe local requests and API response projection projects only exact known failure 408/request_timeout without retry","status":"passed","title":"projects only exact known failure 408/request_timeout without retry","duration":9.940400000001318,"failureMessages":[],"meta":{},"tags":[]},{"ancestorTitles":["Safe local requests and API response projection"],"fullName":"Safe local requests and API response projection projects only exact known failure 409/conflict without retry","status":"passed","title":"projects only exact known failure 409/conflict without retry","duration":8.091499999998632,"failureMessages":[],"meta":{},"tags":[]},{"ancestorTitles":["Safe local requests and API response projection"],"fullName":"Safe local requests and API response projection projects only exact known failure 429/limited without retry","status":"passed","title":"projects only exact known failure 429/limited without retry","duration":9.252200000000812,"failureMessages":[],"meta":{},"tags":[]},{"ancestorTitles":["Safe local requests and API response projection"],"fullName":"Safe local requests and API response projection projects only exact known failure 503/unavailable without retry","status":"passed","title":"projects only exact known failure 503/unavailable without retry","duration":8.549199999999473,"failureMessages":[],"meta":{},"tags":[]},{"ancestorTitles":["Safe local requests and API response projection"],"fullName":"Safe local requests and API response projection projects only exact known failure 503/outcome_unknown without retry","status":"passed","title":"projects only exact known failure 503/outcome_unknown without retry","duration":7.458000000000538,"failureMessages":[],"meta":{},"tags":[]},{"ancestorTitles":["Safe local requests and API response projection"],"fullName":"Safe local requests and API response projection suppresses unknown or mismatched failures 0","status":"passed","title":"suppresses unknown or mismatched failures 0","duration":7.047099999999773,"failureMessages":[],"meta":{},"tags":[]},{"ancestorTitles":["Safe local requests and API response projection"],"fullName":"Safe local requests and API response projection suppresses unknown or mismatched failures 1","status":"passed","title":"suppresses unknown or mismatched failures 1","duration":18.64929999999913,"failureMessages":[],"meta":{},"tags":[]},{"ancestorTitles":["Safe local requests and API response projection"],"fullName":"Safe local requests and API response projection suppresses unknown or mismatched failures 2","status":"passed","title":"suppresses unknown or mismatched failures 2","duration":9.780300000000352,"failureMessages":[],"meta":{},"tags":[]},{"ancestorTitles":["Safe local requests and API response projection"],"fullName":"Safe local requests and API response projection suppresses unknown or mismatched failures 3","status":"passed","title":"suppresses unknown or mismatched failures 3","duration":8.27690000000075,"failureMessages":[],"meta":{},"tags":[]},{"ancestorTitles":["Safe local requests and API response projection"],"fullName":"Safe local requests and API response projection suppresses unknown or mismatched failures 4","status":"passed","title":"suppresses unknown or mismatched failures 4","duration":13.734000000000378,"failureMessages":[],"meta":{},"tags":[]},{"ancestorTitles":["Mutation snapshots and uncertain outcomes"],"fullName":"Mutation snapshots and uncertain outcomes validates and acknowledges exactly the requested accepted mutation","status":"passed","title":"validates and acknowledges exactly the requested accepted mutation","duration":11.22479999999996,"failureMessages":[],"meta":{},"tags":[]},{"ancestorTitles":["Mutation snapshots and uncertain outcomes"],"fullName":"Mutation snapshots and uncertain outcomes validates and acknowledges exactly the requested rejected mutation","status":"passed","title":"validates and acknowledges exactly the requested rejected mutation","duration":8.889500000001135,"failureMessages":[],"meta":{},"tags":[]},{"ancestorTitles":["Mutation snapshots and uncertain outcomes"],"fullName":"Mutation snapshots and uncertain outcomes validates and acknowledges exactly the requested duplicate mutation","status":"passed","title":"validates and acknowledges exactly the requested duplicate mutation","duration":9.137099999999919,"failureMessages":[],"meta":{},"tags":[]},{"ancestorTitles":["Mutation snapshots and uncertain outcomes"],"fullName":"Mutation snapshots and uncertain outcomes rejects bad decision 0 locally with zero mutating calls","status":"passed","title":"rejects bad decision 0 locally with zero mutating calls","duration":10.615099999999074,"failureMessages":[],"meta":{},"tags":[]},{"ancestorTitles":["Mutation snapshots and uncertain outcomes"],"fullName":"Mutation snapshots and uncertain outcomes rejects bad decision 1 locally with zero mutating calls","status":"passed","title":"rejects bad decision 1 locally with zero mutating calls","duration":6.743900000001304,"failureMessages":[],"meta":{},"tags":[]},{"ancestorTitles":["Mutation snapshots and uncertain outcomes"],"fullName":"Mutation snapshots and uncertain outcomes rejects bad decision 2 locally with zero mutating calls","status":"passed","title":"rejects bad decision 2 locally with zero mutating calls","duration":6.407499999999345,"failureMessages":[],"meta":{},"tags":[]},{"ancestorTitles":["Mutation snapshots and uncertain outcomes"],"fullName":"Mutation snapshots and uncertain outcomes rejects bad decision 3 locally with zero mutating calls","status":"passed","title":"rejects bad decision 3 locally with zero mutating calls","duration":6.603800000000774,"failureMessages":[],"meta":{},"tags":[]},{"ancestorTitles":["Mutation snapshots and uncertain outcomes"],"fullName":"Mutation snapshots and uncertain outcomes rejects bad decision 4 locally with zero mutating calls","status":"passed","title":"rejects bad decision 4 locally with zero mutating calls","duration":16.0637999999999,"failureMessages":[],"meta":{},"tags":[]},{"ancestorTitles":["Mutation snapshots and uncertain outcomes"],"fullName":"Mutation snapshots and uncertain outcomes rejects bad decision 5 locally with zero mutating calls","status":"passed","title":"rejects bad decision 5 locally with zero mutating calls","duration":8.198699999999008,"failureMessages":[],"meta":{},"tags":[]},{"ancestorTitles":["Mutation snapshots and uncertain outcomes"],"fullName":"Mutation snapshots and uncertain outcomes rejects bad decision 6 locally with zero mutating calls","status":"passed","title":"rejects bad decision 6 locally with zero mutating calls","duration":7.041200000001481,"failureMessages":[],"meta":{},"tags":[]},{"ancestorTitles":["Mutation snapshots and uncertain outcomes"],"fullName":"Mutation snapshots and uncertain outcomes rejects bad decision 7 locally with zero mutating calls","status":"passed","title":"rejects bad decision 7 locally with zero mutating calls","duration":10.723900000000867,"failureMessages":[],"meta":{},"tags":[]},{"ancestorTitles":["Mutation snapshots and uncertain outcomes"],"fullName":"Mutation snapshots and uncertain outcomes rejects bad decision 8 locally with zero mutating calls","status":"passed","title":"rejects bad decision 8 locally with zero mutating calls","duration":6.917100000000573,"failureMessages":[],"meta":{},"tags":[]},{"ancestorTitles":["Mutation snapshots and uncertain outcomes"],"fullName":"Mutation snapshots and uncertain outcomes rejects bad decision 9 locally with zero mutating calls","status":"passed","title":"rejects bad decision 9 locally with zero mutating calls","duration":9.27690000000075,"failureMessages":[],"meta":{},"tags":[]},{"ancestorTitles":["Mutation snapshots and uncertain outcomes"],"fullName":"Mutation snapshots and uncertain outcomes rejects bad decision 10 locally with zero mutating calls","status":"passed","title":"rejects bad decision 10 locally with zero mutating calls","duration":6.874599999999191,"failureMessages":[],"meta":{},"tags":[]},{"ancestorTitles":["Mutation snapshots and uncertain outcomes"],"fullName":"Mutation snapshots and uncertain outcomes rejects bad decision 11 locally with zero mutating calls","status":"passed","title":"rejects bad decision 11 locally with zero mutating calls","duration":7.112800000000789,"failureMessages":[],"meta":{},"tags":[]},{"ancestorTitles":["Mutation snapshots and uncertain outcomes"],"fullName":"Mutation snapshots and uncertain outcomes rejects bad decision 12 locally with zero mutating calls","status":"passed","title":"rejects bad decision 12 locally with zero mutating calls","duration":6.889199999999619,"failureMessages":[],"meta":{},"tags":[]},{"ancestorTitles":["Mutation snapshots and uncertain outcomes"],"fullName":"Mutation snapshots and uncertain outcomes rejects bad decision 13 locally with zero mutating calls","status":"passed","title":"rejects bad decision 13 locally with zero mutating calls","duration":5.829999999999927,"failureMessages":[],"meta":{},"tags":[]},{"ancestorTitles":["Mutation snapshots and uncertain outcomes"],"fullName":"Mutation snapshots and uncertain outcomes rejects bad decision 14 locally with zero mutating calls","status":"passed","title":"rejects bad decision 14 locally with zero mutating calls","duration":18.301799999999275,"failureMessages":[],"meta":{},"tags":[]},{"ancestorTitles":["Mutation snapshots and uncertain outcomes"],"fullName":"Mutation snapshots and uncertain outcomes rejects bad decision 15 locally with zero mutating calls","status":"passed","title":"rejects bad decision 15 locally with zero mutating calls","duration":6.077299999999013,"failureMessages":[],"meta":{},"tags":[]},{"ancestorTitles":["Mutation snapshots and uncertain outcomes"],"fullName":"Mutation snapshots and uncertain outcomes rejects bad decision 16 locally with zero mutating calls","status":"passed","title":"rejects bad decision 16 locally with zero mutating calls","duration":6.894199999998818,"failureMessages":[],"meta":{},"tags":[]},{"ancestorTitles":["Mutation snapshots and uncertain outcomes"],"fullName":"Mutation snapshots and uncertain outcomes rejects bad decision 17 locally with zero mutating calls","status":"passed","title":"rejects bad decision 17 locally with zero mutating calls","duration":6.202499999999418,"failureMessages":[],"meta":{},"tags":[]},{"ancestorTitles":["Mutation snapshots and uncertain outcomes"],"fullName":"Mutation snapshots and uncertain outcomes rejects bad decision 18 locally with zero mutating calls","status":"passed","title":"rejects bad decision 18 locally with zero mutating calls","duration":6.121099999998478,"failureMessages":[],"meta":{},"tags":[]},{"ancestorTitles":["Mutation snapshots and uncertain outcomes"],"fullName":"Mutation snapshots and uncertain outcomes rejects getters/proxies/nonenumerable and inherited/symbol fields without evaluating a getter","status":"passed","title":"rejects getters/proxies/nonenumerable and inherited/symbol fields without evaluating a getter","duration":13.850900000001275,"failureMessages":[],"meta":{},"tags":[]},{"ancestorTitles":["Mutation snapshots and uncertain outcomes"],"fullName":"Mutation snapshots and uncertain outcomes snapshots the command and limits any concurrent second mutation instead of aliasing its promise","status":"passed","title":"snapshots the command and limits any concurrent second mutation instead of aliasing its promise","duration":16.53689999999915,"failureMessages":[],"meta":{},"tags":[]},{"ancestorTitles":["Mutation snapshots and uncertain outcomes"],"fullName":"Mutation snapshots and uncertain outcomes treats malformed acknowledgement 0 as unknown, never success","status":"passed","title":"treats malformed acknowledgement 0 as unknown, never success","duration":8.712199999999939,"failureMessages":[],"meta":{},"tags":[]},{"ancestorTitles":["Mutation snapshots and uncertain outcomes"],"fullName":"Mutation snapshots and uncertain outcomes treats malformed acknowledgement 1 as unknown, never success","status":"passed","title":"treats malformed acknowledgement 1 as unknown, never success","duration":9.958299999998417,"failureMessages":[],"meta":{},"tags":[]},{"ancestorTitles":["Mutation snapshots and uncertain outcomes"],"fullName":"Mutation snapshots and uncertain outcomes treats malformed acknowledgement 2 as unknown, never success","status":"passed","title":"treats malformed acknowledgement 2 as unknown, never success","duration":9.019000000000233,"failureMessages":[],"meta":{},"tags":[]},{"ancestorTitles":["Mutation snapshots and uncertain outcomes"],"fullName":"Mutation snapshots and uncertain outcomes treats malformed acknowledgement 3 as unknown, never success","status":"passed","title":"treats malformed acknowledgement 3 as unknown, never success","duration":9.927200000000084,"failureMessages":[],"meta":{},"tags":[]},{"ancestorTitles":["Mutation snapshots and uncertain outcomes"],"fullName":"Mutation snapshots and uncertain outcomes treats malformed acknowledgement 4 as unknown, never success","status":"passed","title":"treats malformed ac
[...]
le":"does not let owner email override a revoked moderator","duration":17.26989999999978,"failureMessages":[],"meta":{},"tags":[]},{"ancestorTitles":["Moderator password-session server boundary"],"fullName":"Moderator password-session server boundary does not let owner email override a signed-out session","status":"passed","title":"does not let owner email override a signed-out session","duration":11.304900000000089,"failureMessages":[],"meta":{},"tags":[]},{"ancestorTitles":["Moderator password-session server boundary"],"fullName":"Moderator password-session server boundary does not let owner email override a banned account","status":"passed","title":"does not let owner email override a banned account","duration":8.925199999999677,"failureMessages":[],"meta":{},"tags":[]},{"ancestorTitles":["Moderator password-session server boundary"],"fullName":"Moderator password-session server boundary checks the Auth verification response redirected before reading authority","status":"passed","title":"checks the Auth verification response redirected before reading authority","duration":7.038299999999708,"failureMessages":[],"meta":{},"tags":[]},{"ancestorTitles":["Moderator password-session server boundary"],"fullName":"Moderator password-session server boundary checks the Auth verification response url before reading authority","status":"passed","title":"checks the Auth verification response url before reading authority","duration":7.301199999999881,"failureMessages":[],"meta":{},"tags":[]},{"ancestorTitles":["Moderator password-session server boundary"],"fullName":"Moderator password-session server boundary checks the Auth verification response mime before reading authority","status":"passed","title":"checks the Auth verification response mime before reading authority","duration":7.438799999999901,"failureMessages":[],"meta":{},"tags":[]},{"ancestorTitles":["Moderator password-session server boundary"],"fullName":"Moderator password-session server boundary never returns a token when the database response is malformed or unavailable","status":"passed","title":"never returns a token when the database response is malformed or unavailable","duration":8.42910000000029,"failureMessages":[],"meta":{},"tags":[]},{"ancestorTitles":["Moderator password-session server boundary"],"fullName":"Moderator password-session server boundary accepts a full legal 25-report authorization page and discards the content","status":"passed","title":"accepts a full legal 25-report authorization page and discards the content","duration":31.966099999999642,"failureMessages":[],"meta":{},"tags":[]},{"ancestorTitles":["Moderator password-session server boundary"],"fullName":"Moderator password-session server boundary does not log secrets on success or thrown provider errors","status":"passed","title":"does not log secrets on success or thrown provider errors","duration":14.411200000000008,"failureMessages":[],"meta":{},"tags":[]},{"ancestorTitles":["Session pressure and whole-request deadline"],"fullName":"Session pressure and whole-request deadline admits only six attempts per minute, retains no identity, and rejects clock regression","status":"passed","title":"admits only six attempts per minute, retains no identity, and rejects clock regression","duration":3.320199999999204,"failureMessages":[],"meta":{},"tags":[]},{"ancestorTitles":["Session pressure and whole-request deadline"],"fullName":"Session pressure and whole-request deadline applies pressure before body/Auth IO and never sends credentials to the limiter","status":"passed","title":"applies pressure before body/Auth IO and never sends credentials to the limiter","duration":9.534300000000258,"failureMessages":[],"meta":{},"tags":[]},{"ancestorTitles":["Session pressure and whole-request deadline"],"fullName":"Session pressure and whole-request deadline shares a bounded limiter across wrong-owner attempts rather than keying it by email","status":"passed","title":"shares a bounded limiter across wrong-owner attempts rather than keying it by email","duration":17.69040000000041,"failureMessages":[],"meta":{},"tags":[]},{"ancestorTitles":["Session pressure and whole-request deadline"],"fullName":"Session pressure and whole-request deadline bounds a never-ending body independently of its cancel promise","status":"passed","title":"bounds a never-ending body independently of its cancel promise","duration":23.802700000000186,"failureMessages":[],"meta":{},"tags":[]},{"ancestorTitles":["Session pressure and whole-request deadline"],"fullName":"Session pressure and whole-request deadline does not auto-retry a token request with lost acknowledgement, or call that session cleaned up","status":"passed","title":"does not auto-retry a token request with lost acknowledgement, or call that session cleaned up","duration":7.374499999999898,"failureMessages":[],"meta":{},"tags":[]},{"ancestorTitles":["Session pressure and whole-request deadline"],"fullName":"Session pressure and whole-request deadline cancels a late token response and never follows it into Auth or queue","status":"passed","title":"cancels a late token response and never follows it into Auth or queue","duration":10.05540000000019,"failureMessages":[],"meta":{},"tags":[]},{"ancestorTitles":["Session pressure and whole-request deadline"],"fullName":"Session pressure and whole-request deadline bounds a streaming token response after a successful HTTP status","status":"passed","title":"bounds a streaming token response after a successful HTTP status","duration":8.902399999999943,"failureMessages":[],"meta":{},"tags":[]},{"ancestorTitles":["Session pressure and whole-request deadline"],"fullName":"Session pressure and whole-request deadline uses a total deadline across delayed grant, verified Auth, and database authorization","status":"passed","title":"uses a total deadline across delayed grant, verified Auth, and database authorization","duration":16.090400000000045,"failureMessages":[],"meta":{},"tags":[]},{"ancestorTitles":["Session pressure and whole-request deadline"],"fullName":"Session pressure and whole-request deadline lets the shorter Auth deadline fail without granting a late successful session","status":"passed","title":"lets the shorter Auth deadline fail without granting a late successful session","duration":11.267900000000736,"failureMessages":[],"meta":{},"tags":[]},{"ancestorTitles":["Session pressure and whole-request deadline"],"fullName":"Session pressure and whole-request deadline rejects and cancels empty-progress Auth verification bodies","status":"passed","title":"rejects and cancels empty-progress Auth verification bodies","duration":6.511499999999614,"failureMessages":[],"meta":{},"tags":[]},{"ancestorTitles":["Session pressure and whole-request deadline"],"fullName":"Session pressure and whole-request deadline honors caller abort before and after dispatch with no late success","status":"passed","title":"honors caller abort before and after dispatch with no late success","duration":12.625199999999495,"failureMessages":[],"meta":{},"tags":[]},{"ancestorTitles":["Session pressure and whole-request deadline"],"fullName":"Session pressure and whole-request deadline rechecks token expiry after database authorization","status":"passed","title":"rechecks token expiry after database authorization","duration":10.721800000000258,"failureMessages":[],"meta":{},"tags":[]},{"ancestorTitles":["Local-session-only sign-out"],"fullName":"Local-session-only sign-out bounds both token attempts and total attempts with bounded hash state and a fresh minute reset","status":"passed","title":"bounds both token attempts and total attempts with bounded hash state and a fresh minute reset","duration":9.877800000000207,"failureMessages":[],"meta":{},"tags":[]},{"ancestorTitles":["Local-session-only sign-out"],"fullName":"Local-session-only sign-out rejects invalid limiter keys and clocks without retaining plaintext tokens","status":"passed","title":"rejects invalid limiter keys and clocks without retaining plaintext tokens","duration":3.275300000000243,"failureMessages":[],"meta":{},"tags":[]},{"ancestorTitles":["Local-session-only sign-out"],"fullName":"Local-session-only sign-out stops a repeated syntactically valid fake token before provider dispatch at its cap","status":"passed","title":"stops a repeated syntactically valid fake token before provider dispatch at its cap","duration":20.277000000000044,"failureMessages":[],"meta":{},"tags":[]},{"ancestorTitles":["Local-session-only sign-out"],"fullName":"Local-session-only sign-out caps rotating fake tokens without relying on email, allowlist or Auth verification","status":"passed","title":"caps rotating fake tokens without relying on email, allowlist or Auth verification","duration":99.32700000000023,"failureMessages":[],"meta":{},"tags":[]},{"ancestorTitles":["Local-session-only sign-out"],"fullName":"Local-session-only sign-out passes only a hash and clock into the logout shield and cancels capped bodies before IO","status":"passed","title":"passes only a hash and clock into the logout shield and cancels capped bodies before IO","duration":5.483100000000377,"failureMessages":[],"meta":{},"tags":[]},{"ancestorTitles":["Local-session-only sign-out"],"fullName":"Local-session-only sign-out fails closed if the logout shield throws, without dispatch or false revocation confirmation","status":"passed","title":"fails closed if the logout shield throws, without dispatch or false revocation confirmation","duration":3.7952000000004773,"failureMessages":[],"meta":{},"tags":[]},{"ancestorTitles":["Local-session-only sign-out"],"fullName":"Local-session-only sign-out does not present a warm-instance shield as a distributed quota","status":"passed","title":"does not present a warm-instance shield as a distributed quota","duration":2.6261999999996988,"failureMessages":[],"meta":{},"tags":[]},{"ancestorTitles":["Local-session-only sign-out"],"fullName":"Local-session-only sign-out lets a revoked moderator sign out without owner-email or allowlist checks","status":"passed","title":"lets a revoked moderator sign out without owner-email or allowlist checks","duration":24.714700000000448,"failureMessages":[],"meta":{},"tags":[]},{"ancestorTitles":["Local-session-only sign-out"],"fullName":"Local-session-only sign-out does not reject an expired-shaped token before Auth can handle its session logout","status":"passed","title":"does not reject an expired-shaped token before Auth can handle its session logout","duration":4.067600000000311,"failureMessages":[],"meta":{},"tags":[]},{"ancestorTitles":["Local-session-only sign-out"],"fullName":"Local-session-only sign-out requires a bounded exact bearer rather than cookies 0","status":"passed","title":"requires a bounded exact bearer rather than cookies 0","duration":4.416299999999865,"failureMessages":[],"meta":{},"tags":[]},{"ancestorTitles":["Local-session-only sign-out"],"fullName":"Local-session-only sign-out requires a bounded exact bearer rather than cookies 1","status":"passed","title":"requires a bounded exact bearer rather than cookies 1","duration":3.4780999999993583,"failureMessages":[],"meta":{},"tags":[]},{"ancestorTitles":["Local-session-only sign-out"],"fullName":"Local-session-only sign-out requires a bounded exact bearer rather than cookies 2","status":"passed","title":"requires a bounded exact bearer rather than cookies 2","duration":3.7925999999997657,"failureMessages":[],"meta":{},"tags":[]},{"ancestorTitles":["Local-session-only sign-out"],"fullName":"Local-session-only sign-out requires a bounded exact bearer rather than cookies 3","status":"passed","title":"requires a bounded exact bearer rather than cookies 3","duration":3.550799999999981,"failureMessages":[],"meta":{},"tags":[]},{"ancestorTitles":["Local-session-only sign-out"],"fullName":"Local-session-only sign-out requires a bounded exact bearer rather than cookies 4","status":"passed","title":"requires a bounded exact bearer rather than cookies 4","duration":3.2082000000000335,"failureMessages":[],"meta":{},"tags":[]},{"ancestorTitles":["Local-session-only sign-out"],"fullName":"Local-session-only sign-out requires a bounded exact bearer rather than cookies 5","status":"passed","title":"requires a bounded exact bearer rather than cookies 5","duration":3.659599999999955,"failureMessages":[],"meta":{},"tags":[]},{"ancestorTitles":["Local-session-only sign-out"],"fullName":"Local-session-only sign-out requires an exact empty logout body 0","status":"passed","title":"requires an exact empty logout body 0","duration":5.065200000000004,"failureMessages":[],"meta":{},"tags":[]},{"ancestorTitles":["Local-session-only sign-out"],"fullName":"Local-session-only sign-out requires an exact empty logout body 1","status":"passed","title":"requires an exact empty logout body 1","duration":3.483700000000681,"failureMessages":[],"meta":{},"tags":[]},{"ancestorTitles":["Local-session-only sign-out"],"fullName":"Local-session-only sign-out requires an exact empty logout body 2","status":"passed","title":"requires an exact empty logout body 2","duration":3.474199999999655,"failureMessages":[],"meta":{},"tags":[]},{"ancestorTitles":["Local-session-only sign-out"],"fullName":"Local-session-only sign-out requires an exact empty logout body 3","status":"passed","title":"requires an exact empty logout body 3","duration":3.7262000000000626,"failureMessages":[],"meta":{},"tags":[]},{"ancestorTitles":["Local-session-only sign-out"],"fullName":"Local-session-only sign-out requires an exact empty logout body 4","status":"passed","title":"requires an exact empty logout body 4","duration":3.318099999999504,"failureMessages":[],"meta":{},"tags":[]},{"ancestorTitles":["Local-session-only sign-out"],"fullName":"Local-session-only sign-out requires an exact empty logout body 5","status":"passed","title":"requires an exact empty logout body 5","duration":4.29739999999947,"failureMessages":[],"meta":{},"tags":[]},{"ancestorTitles":["Local-session-only sign-out"],"fullName":"Local-session-only sign-out requires an exact empty logout body 6","status":"passed","title":"requires an exact empty logout body 6","duration":3.9166000000004715,"failureMessages":[],"meta":{},"tags":[]},{"ancestorTitles":["Local-session-only sign-out"],"fullName":"Local-session-only sign-out does not claim confirmed revocation on status 200","status":"passed","title":"does not claim confirmed revocation on status 200","duration":4.441600000000108,"failureMessages":[],"meta":{},"tags":[]},{"ancestorTitles":["Local-session-only sign-out"],"fullName":"Local-session-only sign-out does not claim confirmed revocation on status 201","status":"passed","title":"does not claim confirmed revocation on status 201","duration":5.954399999999623,"failureMessages":[],"meta":{},"tags":[]},{"ancestorTitles":["Local-session-only sign-out"],"fullName":"Local-session-only sign-out does not claim confirmed revocation on status 302","status":"passed","title":"does not claim confirmed revocation on status 302","duration":6.9713999999994485,"failureMessages":[],"meta":{},"tags":[]},{"ancestorTitles":["Local-session-only sign-out"],"fullName":"Local-session-only sign-out does not claim confirmed revocation on status 400","status":"passed","title":"does not claim confirmed revocation on status 400","duration":5.207400000000234,"failureMessages":[],"meta":{},"tags":[]},{"ancestorTitles":["Local-session-only sign-out"],"fullName":"Local-session-only sign-out does not claim confirmed revocation on status 401","status":"passed","title":"does not claim confirmed revocation on status 401","duration":4.279400000000351,"failureMessages":[],"meta":{},"tags":[]},{"ancestorTitles":["Local-session-only sign-out"],"fullName":"Local-session-only sign-out does not claim confirmed revocation on status 403","status":"passed","title":"does not claim confirmed revocation on status 403","duration":4.440000000000509,"failureMessages":[],"meta":{},"tags":[]},{"ancestorTitles":["Local-session-only sign-out"],"fullName":"Local-session-only sign-out does not claim confirmed revocation on status 404","status":"passed","title":"does not claim confirmed revocation on status 404","duration":4.412199999999757,"failureMessages":[],"meta":{},"tags":[]},{"ancestorTitles":["Local-session-only sign-out"],"fullName":"Local-session-only sign-out does not claim confirmed revocation on status 429","status":"passed","title":"does not claim confirmed revocation on status 429","duration":4.952799999999115,"failureMessages":[],"meta":{},"tags":[]},{"ancestorTitles":["Local-session-only sign-out"],"fullName":"Local-session-only sign-out does not claim confirmed revocation on status 500","status":"passed","title":"does not claim confirmed revocation on status 500","duration":4.799200000000383,"failureMessages":[],"meta":{},"tags":[]},{"ancestorTitles":["Local-session-only sign-out"],"fullName":"Local-session-only sign-out does not claim confirmed revocation on status 503","status":"passed","title":"does not claim confirmed revocation on status 503","duration":4.241799999999785,"failureMessages":[],"meta":{},"tags":[]},{"ancestorTitles":["Local-session-only sign-out"],"fullName":"Local-session-only sign-out does not let failed-login throttling prevent sign-out","status":"passed","title":"does not let failed-login throttling prevent sign-out","duration":4.740899999999783,"failureMessages":[],"meta":{},"tags":[]},{"ancestorTitles":["Local-session-only sign-out"],"fullName":"Local-session-only sign-out reports uncertain sign-out as unavailable after disconnect, never successful local-only clearing","status":"passed","title":"reports uncertain sign-out as unavailable after disconnect, never successful local-only clearing","duration":10.951799999999821,"failureMessages":[],"meta":{},"tags":[]},{"ancestorTitles":["Local-session-only sign-out"],"fullName":"Local-session-only sign-out does not accept a redirected 204 or an arbitrary logout target","status":"passed","title":"does not accept a redirected 204 or an arbitrary logout target","duration":5.716399999999339,"failureMessages":[],"meta":{},"tags":[]},{"ancestorTitles":["Session route adapters"],"fullName":"Session route adapters uses node, private dynamic POST and explicit method denials 0","status":"passed","title":"uses node, private dynamic POST and explicit method denials 0","duration":13.686599999999999,"failureMessages":[],"meta":{},"tags":[]},{"ancestorTitles":["Session route adapters"],"fullName":"Session route adapters uses node, private dynamic POST and explicit method denials 1","status":"passed","title":"uses node, private dynamic POST and explicit method denials 1","duration":11.079000000000633,"failureMessages":[],"meta":{},"tags":[]},{"ancestorTitles":["Session route adapters"],"fullName":"Session route adapters denies direct non-POST handler calls: login","status":"passed","title":"denies direct non-POST handler calls: login","duration":3.1817000000000917,"failureMessages":[],"meta":{},"tags":[]},{"ancestorTitles":["Session route adapters"],"fullName":"Session route adapters denies direct non-POST handler calls: logout","status":"passed","title":"denies direct non-POST handler calls: logout","duration":2.373000000000502,"failureMessages":[],"meta":{},"tags":[]},{"ancestorTitles":["Session route adapters"],"fullName":"Session route adapters keeps a route disabled without runtime activation 0","status":"passed","title":"keeps a route disabled without runtime activation 0","duration":4.7354999999997744,"failureMessages":[],"meta":{},"tags":[]},{"ancestorTitles":["Session route adapters"],"fullName":"Session route adapters keeps a route disabled without runtime activation 1","status":"passed","title":"keeps a route disabled without runtime activation 1","duration":4.89640000000054,"failureMessages":[],"meta":{},"tags":[]}],"startTime":1789452158228,"endTime":1789452159975.8965,"status":"passed","message":"","name":"C:/sgSHIOK2026/web/lib/__tests__/moderator-session.test.ts"}]}