{"numTotalTestSuites":6,"numPassedTestSuites":6,"numFailedTestSuites":0,"numPendingTestSuites":0,"numTotalTests":93,"numPassedTests":93,"numFailedTests":0,"numPendingTests":0,"numTodoTests":0,"snapshot":{"added":0,"failure":false,"filesAdded":0,"filesRemoved":0,"filesRemovedList":[],"filesUnmatched":0,"filesUpdated":0,"matched":0,"total":0,"unchecked":0,"uncheckedKeysByFile":[],"unmatched":0,"updated":0,"didUpdate":false},"startTime":1789454637112,"success":true,"testResults":[{"assertionResults":[{"ancestorTitles":["cached alternate-format recovery"],"fullName":"cached alternate-format recovery loads unchanged published scores from cached JSON after gzip 503","status":"passed","title":"loads unchanged published scores from cached JSON after gzip 503","duration":268.5063,"failureMessages":[],"meta":{},"tags":[]},{"ancestorTitles":["cached alternate-format recovery"],"fullName":"cached alternate-format recovery loads unchanged published scores from cached JSON after gzip network rejection","status":"passed","title":"loads unchanged published scores from cached JSON after gzip network rejection","duration":10.129899999999907,"failureMessages":[],"meta":{},"tags":[]},{"ancestorTitles":["cached alternate-format recovery"],"fullName":"cached alternate-format recovery preserves the original HTTP failure on a cache miss, then permits a clean retry","status":"passed","title":"preserves the original HTTP failure on a cache miss, then permits a clean retry","duration":16.69360000000006,"failureMessages":[],"meta":{},"tags":[]},{"ancestorTitles":["cached alternate-format recovery"],"fullName":"cached alternate-format recovery preserves the original network failure when the cache-only fetch rejects","status":"passed","title":"preserves the original network failure when the cache-only fetch rejects","duration":6.630200000000059,"failureMessages":[],"meta":{},"tags":[]},{"ancestorTitles":["cached alternate-format recovery"],"fullName":"cached alternate-format recovery preserves cancellation without probing the cache","status":"passed","title":"preserves cancellation without probing the cache","duration":5.550300000000107,"failureMessages":[],"meta":{},"tags":[]},{"ancestorTitles":["cached alternate-format recovery"],"fullName":"cached alternate-format recovery retains the original error when a malformed configured URL prevents cache eligibility","status":"passed","title":"retains the original error when a malformed configured URL prevents cache eligibility","duration":7.076900000000023,"failureMessages":[],"meta":{},"tags":[]},{"ancestorTitles":["cached alternate-format recovery"],"fullName":"cached alternate-format recovery does not mask HTTP 400 with a cache fallback","status":"passed","title":"does not mask HTTP 400 with a cache fallback","duration":7.533300000000054,"failureMessages":[],"meta":{},"tags":[]},{"ancestorTitles":["cached alternate-format recovery"],"fullName":"cached alternate-format recovery does not mask HTTP 401 with a cache fallback","status":"passed","title":"does not mask HTTP 401 with a cache fallback","duration":5.01949999999988,"failureMessages":[],"meta":{},"tags":[]},{"ancestorTitles":["cached alternate-format recovery"],"fullName":"cached alternate-format recovery does not mask HTTP 403 with a cache fallback","status":"passed","title":"does not mask HTTP 403 with a cache fallback","duration":4.871800000000121,"failureMessages":[],"meta":{},"tags":[]},{"ancestorTitles":["cached alternate-format recovery"],"fullName":"cached alternate-format recovery does not mask HTTP 429 with a cache fallback","status":"passed","title":"does not mask HTTP 429 with a cache fallback","duration":4.897899999999936,"failureMessages":[],"meta":{},"tags":[]},{"ancestorTitles":["cached alternate-format recovery"],"fullName":"cached alternate-format recovery does not conceal malformed successful gzip JSON","status":"passed","title":"does not conceal malformed successful gzip JSON","duration":6.323899999999867,"failureMessages":[],"meta":{},"tags":[]},{"ancestorTitles":["cached alternate-format recovery"],"fullName":"cached alternate-format recovery does not conceal malformed successful gzip bytes","status":"passed","title":"does not conceal malformed successful gzip bytes","duration":35.69599999999991,"failureMessages":[],"meta":{},"tags":[]},{"ancestorTitles":["cached alternate-format recovery"],"fullName":"cached alternate-format recovery surfaces corrupt cached plain JSON without starting another request","status":"passed","title":"surfaces corrupt cached plain JSON without starting another request","duration":12.871900000000096,"failureMessages":[],"meta":{},"tags":[]},{"ancestorTitles":["cached alternate-format recovery"],"fullName":"cached alternate-format recovery does not use browser cache-only semantics on the server","status":"passed","title":"does not use browser cache-only semantics on the server","duration":3.470100000000002,"failureMessages":[],"meta":{},"tags":[]},{"ancestorTitles":["cached alternate-format recovery"],"fullName":"cached alternate-format recovery does not probe a cross-origin plain artifact","status":"passed","title":"does not probe a cross-origin plain artifact","duration":2.9756999999999607,"failureMessages":[],"meta":{},"tags":[]},{"ancestorTitles":["cached alternate-format recovery"],"fullName":"cached alternate-format recovery does not probe plain JSON for compressed-only transit shards","status":"passed","title":"does not probe plain JSON for compressed-only transit shards","duration":5.78430000000003,"failureMessages":[],"meta":{},"tags":[]},{"ancestorTitles":["cached alternate-format recovery"],"fullName":"cached alternate-format recovery does not probe compressed-only transit JSON after network rejection","status":"passed","title":"does not probe compressed-only transit JSON after network rejection","duration":2.736799999999903,"failureMessages":[],"meta":{},"tags":[]},{"ancestorTitles":["cached alternate-format recovery"],"fullName":"cached alternate-format recovery deduplicates concurrent score artifact recovery without the manifest promise cache","status":"passed","title":"deduplicates concurrent score artifact recovery without the manifest promise cache","duration":20.45270000000005,"failureMessages":[],"meta":{},"tags":[]},{"ancestorTitles":["cached alternate-format recovery"],"fullName":"cached alternate-format recovery deduplicates concurrent reads through the cache fallback","status":"passed","title":"deduplicates concurrent reads through the cache fallback","duration":5.482400000000098,"failureMessages":[],"meta":{},"tags":[]}],"startTime":1789454641117,"endTime":1789454641550.4824,"status":"passed","message":"","name":"C:/sgSHIOK2026/web/lib/__tests__/data-cache-recovery.test.ts"},{"assertionResults":[{"ancestorTitles":["artifact diagnostics at actual reader boundaries"],"fullName":"artifact diagnostics at actual reader boundaries reports HTTP 401 without probing a plain fallback","status":"passed","title":"reports HTTP 401 without probing a plain fallback","duration":98.52179999999998,"failureMessages":[],"meta":{},"tags":[]},{"ancestorTitles":["artifact diagnostics at actual reader boundaries"],"fullName":"artifact diagnostics at actual reader boundaries reports HTTP 403 without probing a plain fallback","status":"passed","title":"reports HTTP 403 without probing a plain fallback","duration":4.1235000000000355,"failureMessages":[],"meta":{},"tags":[]},{"ancestorTitles":["artifact diagnostics at actual reader boundaries"],"fullName":"artifact diagnostics at actual reader boundaries reports HTTP 429 without probing a plain fallback","status":"passed","title":"reports HTTP 429 without probing a plain fallback","duration":3.6499000000000024,"failureMessages":[],"meta":{},"tags":[]},{"ancestorTitles":["artifact diagnostics at actual reader boundaries"],"fullName":"artifact diagnostics at actual reader boundaries retains the gzip HTTP status and timing when a slower cache-only miss follows","status":"passed","title":"retains the gzip HTTP status and timing when a slower cache-only miss follows","duration":6.1802000000000135,"failureMessages":[],"meta":{},"tags":[]},{"ancestorTitles":["artifact diagnostics at actual reader boundaries"],"fullName":"artifact diagnostics at actual reader boundaries preserves original network error identity after cache rejection","status":"passed","title":"preserves original network error identity after cache rejection","duration":4.237600000000043,"failureMessages":[],"meta":{},"tags":[]},{"ancestorTitles":["artifact diagnostics at actual reader boundaries"],"fullName":"artifact diagnostics at actual reader boundaries preserves original network error identity after cache miss","status":"passed","title":"preserves original network error identity after cache miss","duration":4.434399999999982,"failureMessages":[],"meta":{},"tags":[]},{"ancestorTitles":["artifact diagnostics at actual reader boundaries"],"fullName":"artifact diagnostics at actual reader boundaries preserves original network error identity after malformed base","status":"passed","title":"preserves original network error identity after malformed base","duration":4.319999999999936,"failureMessages":[],"meta":{},"tags":[]},{"ancestorTitles":["artifact diagnostics at actual reader boundaries"],"fullName":"artifact diagnostics at actual reader boundaries preserves original network error identity after server","status":"passed","title":"preserves original network error identity after server","duration":3.6625999999999976,"failureMessages":[],"meta":{},"tags":[]},{"ancestorTitles":["artifact diagnostics at actual reader boundaries"],"fullName":"artifact diagnostics at actual reader boundaries preserves original network error identity after cross origin","status":"passed","title":"preserves original network error identity after cross origin","duration":3.9624000000000024,"failureMessages":[],"meta":{},"tags":[]},{"ancestorTitles":["artifact diagnostics at actual reader boundaries"],"fullName":"artifact diagnostics at actual reader boundaries does not turn gzip fetch cancellation into an artifact failure","status":"passed","title":"does not turn gzip fetch cancellation into an artifact failure","duration":3.0458999999999605,"failureMessages":[],"meta":{},"tags":[]},{"ancestorTitles":["artifact diagnostics at actual reader boundaries"],"fullName":"artifact diagnostics at actual reader boundaries does not turn plain fetch cancellation into an artifact failure","status":"passed","title":"does not turn plain fetch cancellation into an artifact failure","duration":3.9477999999999156,"failureMessages":[],"meta":{},"tags":[]},{"ancestorTitles":["artifact diagnostics at actual reader boundaries"],"fullName":"artifact diagnostics at actual reader boundaries preserves a frozen error with a throwing name getter at the gzip fetch boundary","status":"passed","title":"preserves a frozen error with a throwing name getter at the gzip fetch boundary","duration":4.142000000000053,"failureMessages":[],"meta":{},"tags":[]},{"ancestorTitles":["artifact diagnostics at actual reader boundaries"],"fullName":"artifact diagnostics at actual reader boundaries preserves a frozen error with a throwing name getter at the plain fetch boundary","status":"passed","title":"preserves a frozen error with a throwing name getter at the plain fetch boundary","duration":3.183899999999994,"failureMessages":[],"meta":{},"tags":[]},{"ancestorTitles":["artifact diagnostics at actual reader boundaries"],"fullName":"artifact diagnostics at actual reader boundaries preserves a frozen error with a throwing name getter at the decode boundary","status":"passed","title":"preserves a frozen error with a throwing name getter at the decode boundary","duration":5.127500000000055,"failureMessages":[],"meta":{},"tags":[]},{"ancestorTitles":["artifact diagnostics at actual reader boundaries"],"fullName":"artifact diagnostics at actual reader boundaries does not replace a fetch rejection if diagnostic timing throws","status":"passed","title":"does not replace a fetch rejection if diagnostic timing throws","duration":5.989100000000008,"failureMessages":[],"meta":{},"tags":[]},{"ancestorTitles":["artifact diagnostics at actual reader boundaries"],"fullName":"artifact diagnostics at actual reader boundaries does not replace a decode rejection if diagnostic timing throws","status":"passed","title":"does not replace a decode rejection if diagnostic timing throws","duration":2.3174999999999955,"failureMessages":[],"meta":{},"tags":[]},{"ancestorTitles":["artifact diagnostics at actual reader boundaries"],"fullName":"artifact diagnostics at actual reader boundaries still loads successful gzip data when the initial clock read throws","status":"passed","title":"still loads successful gzip data when the initial clock read throws","duration":4.245999999999981,"failureMessages":[],"meta":{},"tags":[]},{"ancestorTitles":["artifact diagnostics at actual reader boundaries"],"fullName":"artifact diagnostics at actual reader boundaries still loads successful plain data when the initial clock read throws","status":"passed","title":"still loads successful plain data when the initial clock read throws","duration":2.6674000000000433,"failureMessages":[],"meta":{},"tags":[]},{"ancestorTitles":["artifact diagnostics at actual reader boundaries"],"fullName":"artifact diagnostics at actual reader boundaries decodes successful cached plain recovery after 503 even if the clock then throws","status":"passed","title":"decodes successful cached plain recovery after 503 even if the clock then throws","duration":3.031500000000051,"failureMessages":[],"meta":{},"tags":[]},{"ancestorTitles":["artifact diagnostics at actual reader boundaries"],"fullName":"artifact diagnostics at actual reader boundaries decodes successful cached plain recovery after network even if the clock then throws","status":"passed","title":"decodes successful cached plain recovery after network even if the clock then throws","duration":2.4026000000000067,"failureMessages":[],"meta":{},"tags":[]},{"ancestorTitles":["artifact diagnostics at actual reader boundaries"],"fullName":"artifact diagnostics at actual reader boundaries retains http failure details with unavailable timing from the start","status":"passed","title":"retains http failure details with unavailable timing from the start","duration":3.311900000000037,"failureMessages":[],"meta":{},"tags":[]},{"ancestorTitles":["artifact diagnostics at actual reader boundaries"],"fullName":"artifact diagnostics at actual reader boundaries retains decode failure details with unavailable timing from the start","status":"passed","title":"retains decode failure details with unavailable timing from the start","duration":2.635400000000004,"failureMessages":[],"meta":{},"tags":[]},{"ancestorTitles":["artifact diagnostics at actual reader boundaries"],"fullName":"artifact diagnostics at actual reader boundaries does not invent elapsed time when the clock recovers after a missing start","status":"passed","title":"does not invent elapsed time when the clock recovers after a missing start","duration":3.3894000000000233,"failureMessages":[],"meta":{},"tags":[]},{"ancestorTitles":["artifact diagnostics at actual reader boundaries"],"fullName":"artifact diagnostics at actual reader boundaries preserves cancellation and avoids fallback even when the clock is unavailable","status":"passed","title":"preserves cancellation and avoids fallback even when the clock is unavailable","duration":2.32120000000009,"failureMessages":[],"meta":{},"tags":[]},{"ancestorTitles":["artifact diagnostics at actual reader boundaries"],"fullName":"artifact diagnostics at actual reader boundaries successful cached recovery after 503 has no returned failure and retains published values","status":"passed","title":"successful cached recovery after 503 has no returned failure and retains published values","duration":3.370900000000006,"failureMessages":[],"meta":{},"tags":[]},{"ancestorTitles":["artifact diagnostics at actual reader boundaries"],"fullName":"artifact diagnostics at actual reader boundaries successful cached recovery after network has no returned failure and retains published values","status":"passed","title":"successful cached recovery after network has no returned failure and retains published values","duration":3.6517000000000053,"failureMessages":[],"meta":{},"tags":[]},{"ancestorTitles":["artifact diagnostics at actual reader boundaries"],"fullName":"artifact diagnostics at actual reader boundaries keeps gzip404 then online plain success unchanged","status":"passed","title":"keeps gzip404 then online plain success unchanged","duration":2.9472999999999274,"failureMessages":[],"meta":{},"tags":[]},{"ancestorTitles":["artifact diagnostics at actual reader boundaries"],"fullName":"artifact diagnostics at actual reader boundaries records the final plain http failure after gzip404 with its own timing","status":"passed","title":"records the final plain http failure after gzip404 with its own timing","duration":3.3869000000000824,"failureMessages":[],"meta":{},"tags":[]},{"ancestorTitles":["artifact diagnostics at actual reader boundaries"],"fullName":"artifact diagnostics at actual reader boundaries records the final plain network failure after gzip404 with its own timing","status":"passed","title":"records the final plain network failure after gzip404 with its own timing","duration":3.683499999999981,"failureMessages":[],"meta":{},"tags":[]},{"ancestorTitles":["artifact diagnostics at actual reader boundaries"],"fullName":"artifact diagnostics at actual reader boundaries records gzip JSON rejection as decode rather than fetch","status":"passed","title":"records gzip JSON rejection as decode rather than fetch","duration":2.851699999999937,"failureMessages":[],"meta":{},"tags":[]},{"ancestorTitles":["artifact diagnostics at actual reader boundaries"],"fullName":"artifact diagnostics at actual reader boundaries records plain JSON rejection as decode rather than fetch","status":"passed","title":"records plain JSON rejection as decode rather than fetch","duration":3.01520000000005,"failureMessages":[],"meta":{},"tags":[]},{"ancestorTitles":["artifact diagnostics at actual reader boundaries"],"fullName":"artifact diagnostics at actual reader boundaries records cached plain JSON rejection as decode rather than fetch","status":"passed","title":"records cached plain JSON rejection as decode rather than fetch","duration":4.281499999999937,"failureMessages":[],"meta":{},"tags":[]},{"ancestorTitles":["artifact diagnostics at actual reader boundaries"],"fullName":"artifact diagnostics at actual reader boundaries classifies corrupt gzip bytes as decode error without requesting a plain artifact","status":"passed","title":"classifies corrupt gzip bytes as decode error without requesting a plain artifact","duration":24.080900000000042,"failureMessages":[],"meta":{},"tags":[]},{"ancestorTitles":["artifact diagnostics at actual reader boundaries"],"fullName":"artifact diagnostics at actual reader boundaries distinguishes missing gzip decoder without changing the rejection message","status":"passed","title":"distinguishes missing gzip decoder without changing the rejection message","duration":8.298599999999965,"failureMessages":[],"meta":{},"tags":[]},{"ancestorTitles":["artifact diagnostics at actual reader boundaries"],"fullName":"artifact diagnostics at actual reader boundaries distinguishes missing gzip body without changing the rejection message","status":"passed","title":"distinguishes missing gzip body without changing the rejection message","duration":2.7764000000000806,"failureMessages":[],"meta":{},"tags":[]},{"ancestorTitles":["artifact diagnostics at actual reader boundaries"],"fullName":"artifact diagnostics at actual reader boundaries distinguishes missing gzip body and decoder without changing the rejection message","status":"passed","title":"distinguishes missing gzip body and decoder without changing the rejection message","duration":2.539800000000014,"failureMessages":[],"meta":{},"tags":[]},{"ancestorTitles":["artifact diagnostics at actual reader boundaries"],"fullName":"artifact diagnostics at actual reader boundaries preserves decode cancellation without diagnostics or recovery requests","status":"passed","title":"preserves decode cancellation without diagnostics or recovery requests","duration":2.581299999999942,"failureMessages":[],"meta":{},"tags":[]},{"ancestorTitles":["artifact diagnostics at actual reader boundaries"],"fullName":"artifact diagnostics at actual reader boundaries uses monotonic timing despite wall-clock adjustment 3600000","status":"passed","title":"uses monotonic timing despite wall-clock adjustment 3600000","duration":2.1603000000000065,"failureMessages":[],"meta":{},"tags":[]},{"ancestorTitles":["artifact diagnostics at actual reader boundaries"],"fullName":"artifact diagnostics at actual reader boundaries uses monotonic timing despite wall-clock adjustment -3600000","status":"passed","title":"uses monotonic timing despite wall-clock adjustment -3600000","duration":2.70150000000001,"failureMessages":[],"meta":{},"tags":[]},{"ancestorTitles":["artifact diagnostics at actual reader boundaries"],"fullName":"artifact diagnostics at actual reader boundaries reduces actual score index path to a safe role","status":"passed","title":"reduces actual score index path to a safe role","duration":4.287199999999984,"failureMessages":[],"meta":{},"tags":[]},{"ancestorTitles":["artifact diagnostics at actual reader boundaries"],"fullName":"artifact diagnostics at actual reader boundaries reduces actual score shard path to a safe role","status":"passed","title":"reduces actual score shard path to a safe role","duration":3.2209000000000287,"failureMessages":[],"meta":{},"tags":[]},{"ancestorTitles":["artifact diagnostics at actual reader boundaries"],"fullName":"artifact diagnostics at actual reader boundaries reduces actual geometry prefix index path to a safe role","status":"passed","title":"reduces actual geometry prefix index path to a safe role","duration":3.6135000000000446,"failureMessages":[],"meta":{},"tags":[]},{"ancestorTitles":["artifact diagnostics at actual reader boundaries"],"fullName":"artifact diagnostics at actual reader boundaries reduces actual geometry postal index path to a safe role","status":"passed","title":"reduces actual geometry postal index path to a safe role","duration":3.315099999999916,"failureMessages":[],"meta":{},"tags":[]},{"ancestorTitles":["artifact diagnostics at actual reader boundaries"],"fullName":"artifact diagnostics at actual reader boundaries reduces actual geometry H3 index path to a safe role","status":"passed","title":"reduces actual geometry H3 index path to a safe role","duration":3.843499999999949,"failureMessages":[],"meta":{},"tags":[]},{"ancestorTitles":["artifact diagnostics at actual reader boundaries"],"fullName":"artifact diagnostics at actual reader boundaries reduces actual geometry shard path to a safe role","status":"passed","title":"reduces actual geometry shard path to a safe role","duration":3.012899999999945,"failureMessages":[],"meta":{},"tags":[]},{"ancestorTitles":["artifact diagnostics at actual reader boundaries"],"fullName":"artifact diagnostics at actual reader boundaries attaches a score-prefix role while keeping that optional failure silent","status":"passed","title":"attaches a score-prefix role while keeping that optional failure silent","duration":4.8460999999999785,"failureMessages":[],"meta":{},"tags":[]},{"ancestorTitles":["artifact diagnostics at actual reader boundaries"],"fullName":"artifact diagnostics at actual reader boundaries preserves optional transit pois behavior while tagging a caught network failure","status":"passed","title":"preserves optional transit pois behavior while tagging a caught network failure","duration":2.997199999999907,"failureMessages":[],"meta":{},"tags":[]},{"ancestorTitles":["artifact diagnostics at actual reader boundaries"],"fullName":"artifact diagnostics at actual reader boundaries preserves optional transit shard behavior while tagging a caught network failure","status":"passed","title":"preserves optional transit shard behavior while tagging a caught network failure","duration":3.4330999999999676,"failureMessages":[],"meta":{},"tags":[]},{"ancestorTitles":["artifact diagnostics at actual reader boundaries"],"fullName":"artifact diagnostics at actual reader boundaries keeps missing optional geometry missing, not a surfaced artifact failure","status":"passed","title":"keeps missing optional geometry missing, not a surfaced artifact failure","duration":2.564899999999966,"failureMessages":[],"meta":{},"tags":[]},{"ancestorTitles":["artifact diagnostics at actual reader boundaries"],"fullName":"artifact diagnostics at actual reader boundaries shares the same annotated error across concurrent requests and retries normally afterwards","status":"passed","title":"shares the same annotated error across concurrent requests and retries normally afterwards","duration":3.0352000000000317,"failureMessages":[],"meta":{},"tags":[]}],"startTime":1789454642336,"endTime":1789454642633.0352,"status":"passed","message":"","name":"C:/sgSHIOK2026/web/lib/__tests__/data-failure-diagnostics.test.ts"},{"assertionResults":[{"ancestorTitles":["retained frontend release contract"],"fullName":"retained frontend release contract uses the explicit supported Webpack release command without a private root override","status":"passed","title":"uses the explicit supported Webpack release command without a private root override","duration":82.88370000000009,"failureMessages":[],"meta":{},"tags":[]},{"ancestorTitles":["retained frontend release contract"],"fullName":"retained frontend release contract retains actual ESM runtime filenames and the accompanying license","status":"passed","title":"retains actual ESM runtime filenames and the accompanying license","duration":90.89599999999996,"failureMessages":[],"meta":{},"tags":[]},{"ancestorTitles":["retained frontend release contract"],"fullName":"retained frontend release contract resolves missing old URLs only after the current filesystem","status":"passed","title":"resolves missing old URLs only after the current filesystem","duration":1.2835000000000036,"failureMessages":[],"meta":{},"tags":[]},{"ancestorTitles":["retained frontend release contract"],"fullName":"retained frontend release contract keeps the retained static namespace immutable and noindex","status":"passed","title":"keeps the retained static namespace immutable and noindex","duration":1.1404999999999745,"failureMessages":[],"meta":{},"tags":[]},{"ancestorTitles":["retained frontend release contract"],"fullName":"retained frontend release contract checks archives before building and compares new output afterwards","status":"passed","title":"checks archives before building and compares new output afterwards","duration":60.781200000000354,"failureMessages":[],"meta":{},"tags":[]},{"ancestorTitles":["retained frontend release contract"],"fullName":"retained frontend release contract does not build if a retained file changes","status":"passed","title":"does not build if a retained file changes","duration":29.7808,"failureMessages":[],"meta":{},"tags":[]},{"ancestorTitles":["retained frontend release contract"],"fullName":"retained frontend release contract does not pretend a failed compiler completed a release","status":"passed","title":"does not pretend a failed compiler completed a release","duration":27.088999999999942,"failureMessages":[],"meta":{},"tags":[]},{"ancestorTitles":["retained frontend release contract"],"fullName":"retained frontend release contract blocks current generated chunks with a conflicting old URL","status":"passed","title":"blocks current generated chunks with a conflicting old URL","duration":59.87259999999969,"failureMessages":[],"meta":{},"tags":[]},{"ancestorTitles":["retained frontend release contract"],"fullName":"retained frontend release contract allows identical shared chunks","status":"passed","title":"allows identical shared chunks","duration":51.61040000000003,"failureMessages":[],"meta":{},"tags":[]},{"ancestorTitles":["retained frontend release contract"],"fullName":"retained frontend release contract blocks a changed same-version worker","status":"passed","title":"blocks a changed same-version worker","duration":47.270500000000084,"failureMessages":[],"meta":{},"tags":[]},{"ancestorTitles":["retained frontend release contract"],"fullName":"retained frontend release contract keeps a previous worker even when the new build has another version","status":"passed","title":"keeps a previous worker even when the new build has another version","duration":47.51700000000028,"failureMessages":[],"meta":{},"tags":[]},{"ancestorTitles":["retained frontend release contract"],"fullName":"retained frontend release contract rejects case aliases in the current public worker tree","status":"passed","title":"rejects case aliases in the current public worker tree","duration":41.7837999999997,"failureMessages":[],"meta":{},"tags":[]},{"ancestorTitles":["retained frontend release contract"],"fullName":"retained frontend release contract requires a completed build identity","status":"passed","title":"requires a completed build identity","duration":25.612600000000384,"failureMessages":[],"meta":{},"tags":[]},{"ancestorTitles":["retained frontend release contract"],"fullName":"retained frontend release contract rejects new unlisted assets","status":"passed","title":"rejects new unlisted assets","duration":29.582400000000234,"failureMessages":[],"meta":{},"tags":[]},{"ancestorTitles":["retained frontend release contract"],"fullName":"retained frontend release contract rejects linked directories","status":"passed","title":"rejects linked directories","duration":20.429099999999835,"failureMessages":[],"meta":{},"tags":[]},{"ancestorTitles":["retained frontend release contract"],"fullName":"retained frontend release contract rejects metadata rewritten during the build","status":"passed","title":"rejects metadata rewritten during the build","duration":57.783300000000054,"failureMessages":[],"meta":{},"tags":[]},{"ancestorTitles":["retained frontend release contract"],"fullName":"retained frontend release contract rejects unsafe runtime path ../private.js","status":"passed","title":"rejects unsafe runtime path ../private.js","duration":23.694200000000365,"failureMessages":[],"meta":{},"tags":[]},{"ancestorTitles":["retained frontend release contract"],"fullName":"retained frontend release contract rejects unsafe runtime path _next/static/private.html","status":"passed","title":"rejects unsafe runtime path _next/static/private.html","duration":35.804299999999785,"failureMessages":[],"meta":{},"tags":[]},{"ancestorTitles":["retained frontend release contract"],"fullName":"retained frontend release contract rejects unsafe runtime path _next/static/source.js.map","status":"passed","title":"rejects unsafe runtime path _next/static/source.js.map","duration":26.45069999999987,"failureMessages":[],"meta":{},"tags":[]},{"ancestorTitles":["retained frontend release contract"],"fullName":"retained frontend release contract rejects unsafe runtime path api/private.js","status":"passed","title":"rejects unsafe runtime path api/private.js","duration":31.73869999999988,"failureMessages":[],"meta":{},"tags":[]},{"ancestorTitles":["retained frontend release contract"],"fullName":"retained frontend release contract rejects unsafe runtime path maplibre/latest/worker.js","status":"passed","title":"rejects unsafe runtime path maplibre/latest/worker.js","duration":40.67290000000003,"failureMessages":[],"meta":{},"tags":[]},{"ancestorTitles":["retained frontend release contract"],"fullName":"retained frontend release contract rejects unsafe runtime path _next/static/a%2fb.js","status":"passed","title":"rejects unsafe runtime path _next/static/a%2fb.js","duration":46.23439999999982,"failureMessages":[],"meta":{},"tags":[]},{"ancestorTitles":["retained frontend release contract"],"fullName":"retained frontend release contract rejects duplicate case-folded URLs","status":"passed","title":"rejects duplicate case-folded URLs","duration":24.408700000000408,"failureMessages":[],"meta":{},"tags":[]},{"ancestorTitles":["retained frontend release contract"],"fullName":"retained frontend release contract rejects excessive generations or false totals","status":"passed","title":"rejects excessive generations or false totals","duration":38.809999999999945,"failureMessages":[],"meta":{},"tags":[]}],"startTime":1789454639205,"endTime":1789454640151.81,"status":"passed","message":"","name":"C:/sgSHIOK2026/web/lib/__tests__/frontend-retention.test.ts"}]}