<?xml version="1.0" encoding="utf-8"?><testsuites name="pytest tests"><testsuite name="pytest" errors="0" failures="2" skipped="0" tests="312" time="3.279" timestamp="2026-09-13T14:09:35.857429+08:00" hostname="Prawn-E14"><testcase classname="tests.test_source_metadata_comments" name="test_comment_plan_is_deterministic_and_binds_only_allowlisted_notice_fields" time="0.004" /><testcase classname="tests.test_source_metadata_comments" name="test_bad_author_never_plans[True]" time="0.002" /><testcase classname="tests.test_source_metadata_comments" name="test_bad_author_never_plans[False]" time="0.002" /><testcase classname="tests.test_source_metadata_comments" name="test_bad_author_never_plans[0]" time="0.001" /><testcase classname="tests.test_source_metadata_comments" name="test_bad_author_never_plans[-1]" time="0.001" /><testcase classname="tests.test_source_metadata_comments" name="test_bad_author_never_plans[9007199254740992]" time="0.001" /><testcase classname="tests.test_source_metadata_comments" name="test_bad_author_never_plans[314]" time="0.001" /><testcase classname="tests.test_source_metadata_comments" name="test_bad_author_never_plans[None]" time="0.001" /><testcase classname="tests.test_source_metadata_comments" name="test_bad_destination_never_plans[https://example.test/]" time="0.001" /><testcase classname="tests.test_source_metadata_comments" name="test_bad_destination_never_plans[owner/repo#0]" time="0.003" /><testcase classname="tests.test_source_metadata_comments" name="test_bad_destination_never_plans[owner/../repo#7]" time="0.002" /><testcase classname="tests.test_source_metadata_comments" name="test_bad_destination_never_plans[owner/repo#7\n]" time="0.002" /><testcase classname="tests.test_source_metadata_comments" name="test_bad_destination_never_plans[]" time="0.002" /><testcase classname="tests.test_source_metadata_comments" name="test_bad_destination_never_plans[None]" time="0.002" /><testcase classname="tests.test_source_metadata_comments" name="test_original_notice_not_mutated" time="0.002" /><testcase classname="tests.test_source_metadata_comments" name="test_journal_is_explicit_unique_pinned_and_reopenable" time="0.033" /><testcase classname="tests.test_source_metadata_comments" name="test_absent_journal_does_not_bootstrap" time="0.029" /><testcase classname="tests.test_source_metadata_comments" name="test_no_journal_can_target_protected_or_undesignated_paths[raw]" time="0.002" /><testcase classname="tests.test_source_metadata_comments" name="test_no_journal_can_target_protected_or_undesignated_paths[processed]" time="0.002" /><testcase classname="tests.test_source_metadata_comments" name="test_no_journal_can_target_protected_or_undesignated_paths[qa/verification]" time="0.002" /><testcase classname="tests.test_source_metadata_comments" name="test_no_journal_can_target_protected_or_undesignated_paths[web/public/data]" time="0.002" /><testcase classname="tests.test_source_metadata_comments" name="test_no_journal_can_target_protected_or_undesignated_paths[tmp]" time="0.002" /><testcase classname="tests.test_source_metadata_comments" name="test_relative_and_parent_escape_rejected_before_io" time="0.002" /><testcase classname="tests.test_source_metadata_comments" name="test_real_journal_claim_has_single_winner_and_exact_immutable_intent" time="0.036" /><testcase classname="tests.test_source_metadata_comments" name="test_changed_monitor_body_cannot_bypass_existing_claim" time="0.031" /><testcase classname="tests.test_source_metadata_comments" name="test_send_claim_exists_before_post_and_receipt_follows_readback" time="0.050" /><testcase classname="tests.test_source_metadata_comments" name="test_restart_verifies_exact_saved_comment_without_second_post" time="0.052" /><testcase classname="tests.test_source_metadata_comments" name="test_lost_post_response_recovers_exact_comment_read_only" time="0.051" /><testcase classname="tests.test_source_metadata_comments" name="test_rejected_or_uncertain_post_never_retried_even_when_no_match[fault0]" time="0.046" /><testcase classname="tests.test_source_metadata_comments" name="test_rejected_or_uncertain_post_never_retried_even_when_no_match[fault1]" time="0.053" /><testcase classname="tests.test_source_metadata_comments" name="test_rejected_or_uncertain_post_never_retried_even_when_no_match[fault2]" time="0.052" /><testcase classname="tests.test_source_metadata_comments" name="test_interrupt_propagates_but_claim_prevents_next_post[fault0]" time="0.053" /><testcase classname="tests.test_source_metadata_comments" name="test_interrupt_propagates_but_claim_prevents_next_post[fault1]" time="0.043" /><testcase classname="tests.test_source_metadata_comments" name="test_forged_or_edited_marker_cannot_authorize_acknowledgement[changes0]" time="0.055" /><testcase classname="tests.test_source_metadata_comments" name="test_forged_or_edited_marker_cannot_authorize_acknowledgement[changes1]" time="0.046" /><testcase classname="tests.test_source_metadata_comments" name="test_forged_or_edited_marker_cannot_authorize_acknowledgement[changes2]" time="0.042" /><testcase classname="tests.test_source_metadata_comments" name="test_forged_or_edited_marker_cannot_authorize_acknowledgement[changes3]" time="0.044" /><testcase classname="tests.test_source_metadata_comments" name="test_forged_or_edited_marker_cannot_authorize_acknowledgement[changes4]" time="0.047" /><testcase classname="tests.test_source_metadata_comments" name="test_forged_or_edited_marker_cannot_authorize_acknowledgement[changes5]" time="0.045" /><testcase classname="tests.test_source_metadata_comments" name="test_forged_or_edited_marker_cannot_authorize_acknowledgement[changes6]" time="0.058" /><testcase classname="tests.test_source_metadata_comments" name="test_duplicate_exact_comments_require_operator" time="0.055" /><testcase classname="tests.test_source_metadata_comments" name="test_readback_failure_keeps_notice_unacknowledged_then_reconciles" time="0.083" /><testcase classname="tests.test_source_metadata_comments" name="test_deleted_or_edited_verified_comment_stops_without_replacement" time="0.091" /><testcase classname="tests.test_source_metadata_comments" name="test_torn_intent_is_retained_and_stops_before_network" time="0.038" /><testcase classname="tests.test_source_metadata_comments" name="test_corrupt_receipt_is_not_overwritten_or_used" time="0.050" /><testcase classname="tests.test_source_metadata_comments" name="test_fsync_failure_never_posts_and_partial_claim_blocks_retry" time="0.047" /><testcase classname="tests.test_source_metadata_comments" name="test_receipt_failure_then_restart_reconciles_without_post" time="0.063" /><testcase classname="tests.test_source_metadata_comments" name="test_concurrent_invocations_only_one_posts" time="0.069" /><testcase classname="tests.test_source_metadata_comments" name="test_forged_plan_stops_before_journal_or_network[key]" time="0.028" /><testcase classname="tests.test_source_metadata_comments" name="test_forged_plan_stops_before_journal_or_network[body]" time="0.025" /><testcase classname="tests.test_source_metadata_comments" name="test_forged_plan_stops_before_journal_or_network[intent-json]" time="0.028" /><testcase classname="tests.test_source_metadata_comments" name="test_forged_plan_stops_before_journal_or_network[notice]" time="0.025" /><testcase classname="tests.test_source_metadata_comments" name="test_forged_plan_stops_before_journal_or_network[author]" time="0.023" /><testcase classname="tests.test_source_metadata_comments" name="test_forged_plan_stops_before_journal_or_network[oversized-intent]" time="0.028" /><testcase classname="tests.test_source_metadata_comments" name="test_adapter_and_real_local_journal_end_to_end_with_synthetic_http" time="0.062" /><testcase classname="tests.test_source_metadata_github" name="test_method_allowlist_rejects_before_http[PATCH]" time="0.002" /><testcase classname="tests.test_source_metadata_github" name="test_method_allowlist_rejects_before_http[PUT]" time="0.002" /><testcase classname="tests.test_source_metadata_github" name="test_method_allowlist_rejects_before_http[DELETE]" time="0.002" /><testcase classname="tests.test_source_metadata_github" name="test_method_allowlist_rejects_before_http[HEAD]" time="0.002" /><testcase classname="tests.test_source_metadata_github" name="test_method_allowlist_rejects_before_http[OPTIONS]" time="0.002" /><testcase classname="tests.test_source_metadata_github" name="test_method_allowlist_rejects_before_http[post]" time="0.002" /><testcase classname="tests.test_source_metadata_github" name="test_method_allowlist_rejects_before_http[get]" time="0.002" /><testcase classname="tests.test_source_metadata_github" name="test_method_allowlist_rejects_before_http[]" time="0.003" /><testcase classname="tests.test_source_metadata_github" name="test_method_allowlist_rejects_before_http[None]" time="0.003" /><testcase classname="tests.test_source_metadata_github" name="test_method_allowlist_rejects_before_http[method9]" time="0.003" /><testcase classname="tests.test_source_metadata_github" name="test_get_url_allowlist_rejects_before_http[https://api.github.com/repos/synthetic-owner/synthetic-repo/issues/17/comments?per_page=100&amp;page=1]" time="0.003" /><testcase classname="tests.test_source_metadata_github" name="test_get_url_allowlist_rejects_before_http[https://example.invalid/repos/synthetic-owner/synthetic-repo/issues/17/comments?per_page=100&amp;page=1]" time="0.003" /><testcase classname="tests.test_source_metadata_github" name="test_get_url_allowlist_rejects_before_http[//api.github.com/repos/synthetic-owner/synthetic-repo/issues/17/comments?per_page=100&amp;page=1]" time="0.003" /><testcase classname="tests.test_source_metadata_github" name="test_get_url_allowlist_rejects_before_http[/repos/synthetic-owner/synthetic-repo/issues/17/comments?per_page=100&amp;page=1#fragment]" time="0.003" /><testcase classname="tests.test_source_metadata_github" name="test_get_url_allowlist_rejects_before_http[/repos/synthetic-owner/synthetic-repo/issues/17/comments?per_page=100&amp;page=1&amp;token=bad]" time="0.002" /><testcase classname="tests.test_source_metadata_github" name="test_get_url_allowlist_rejects_before_http[/repos/synthetic-owner/synthetic-repo/issues/17/comments]" time="0.002" /><testcase classname="tests.test_source_metadata_github" name="test_get_url_allowlist_rejects_before_http[/repos/synthetic-owner/synthetic-repo/issues/17/comments?page=1&amp;per_page=100]" time="0.002" /><testcase classname="tests.test_source_metadata_github" name="test_get_url_allowlist_rejects_before_http[/repos/synthetic-owner/synthetic-repo/issues/17/comments?per_page=30&amp;page=1]" time="0.002" /><testcase classname="tests.test_source_metadata_github" name="test_get_url_allowlist_rejects_before_http[/repos/synthetic-owner/synthetic-repo/issues/17/comments?per_page=100&amp;page=0]" time="0.003" /><testcase classname="tests.test_source_metadata_github" name="test_get_url_allowlist_rejects_before_http[/repos/synthetic-owner/synthetic-repo/issues/17/comments?per_page=100&amp;page=4]" time="0.002" /><testcase classname="tests.test_source_metadata_github" name="test_get_url_allowlist_rejects_before_http[/repos/synthetic-owner/synthetic-repo/issues/17/comments?per_page=100&amp;page=01]" time="0.002" /><testcase classname="tests.test_source_metadata_github" name="test_get_url_allowlist_rejects_before_http[/repos/synthetic-owner/synthetic-repo/issues/17/comments?per_page=100&amp;page=1&amp;page=1]" time="0.004" /><testcase classname="tests.test_source_metadata_github" name="test_get_url_allowlist_rejects_before_http[/repos/synthetic-owner/synthetic-repo/issues/17/comments?per_page=100&amp;page=1\r\nX-Test: bad]" time="0.003" /><testcase classname="tests.test_source_metadata_github" name="test_get_url_allowlist_rejects_before_http[/repos/synthetic-owner/synthetic-repo/issues/0/comments?per_page=100&amp;page=1]" time="0.002" /><testcase classname="tests.test_source_metadata_github" name="test_get_url_allowlist_rejects_before_http[/repos/synthetic-owner/synthetic-repo/issues/01/comments?per_page=100&amp;page=1]" time="0.002" /><testcase classname="tests.test_source_metadata_github" name="test_get_url_allowlist_rejects_before_http[/repos/../synthetic-repo/issues/17/comments?per_page=100&amp;page=1]" time="0.001" /><testcase classname="tests.test_source_metadata_github" name="test_get_url_allowlist_rejects_before_http[/repos/synthetic-owner/%2e%2e/issues/17/comments?per_page=100&amp;page=1]" time="0.002" /><testcase classname="tests.test_source_metadata_github" name="test_get_url_allowlist_rejects_before_http[/repos/synthetic-owner/synthetic-repo/issues/comments/0]" time="0.003" /><testcase classname="tests.test_source_metadata_github" name="test_get_url_allowlist_rejects_before_http[/repos/synthetic-owner/synthetic-repo/issues/comments/01]" time="0.003" /><testcase classname="tests.test_source_metadata_github" name="test_get_url_allowlist_rejects_before_http[/repos/synthetic-owner/synthetic-repo/issues/comments/99999999999999999]" time="0.004" /><testcase classname="tests.test_source_metadata_github" name="test_get_url_allowlist_rejects_before_http[/user]" time="0.003" /><testcase classname="tests.test_source_metadata_github" name="test_get_url_allowlist_rejects_before_http[None]" time="0.003" /><testcase classname="tests.test_source_metadata_github" name="test_get_url_allowlist_rejects_before_http[17]" time="0.004" /><testcase classname="tests.test_source_metadata_github" name="test_post_only_targets_issue_comment_creation[/repos/synthetic-owner/synthetic-repo/issues/17/comments?per_page=100&amp;page=1]" time="0.005" /><testcase classname="tests.test_source_metadata_github" name="test_post_only_targets_issue_comment_creation[/repos/synthetic-owner/synthetic-repo/issues/17/comments/]" time="0.003" /><testcase classname="tests.test_source_metadata_github" name="test_post_only_targets_issue_comment_creation[/repos/synthetic-owner/synthetic-repo/issues/17/comments?page=1]" time="0.004" /><testcase classname="tests.test_source_metadata_github" name="test_post_only_targets_issue_comment_creation[/repos/synthetic-owner/synthetic-repo/issues/17]" time="0.003" /><testcase classname="tests.test_source_metadata_github" name="test_post_only_targets_issue_comment_creation[/repos/synthetic-owner/synthetic-repo/issues/comments/101]" time="0.003" /><testcase classname="tests.test_source_metadata_github" name="test_post_only_targets_issue_comment_creation[https://api.github.com/repos/synthetic-owner/synthetic-repo/issues/17/comments]" time="0.003" /><testcase classname="tests.test_source_metadata_github" name="test_post_payload_schema_and_utf8_bound[payload0]" time="0.002" /><testcase classname="tests.test_source_metadata_github" name="test_post_payload_schema_and_utf8_bound[payload1]" time="0.002" /><testcase classname="tests.test_source_metadata_github" name="test_post_payload_schema_and_utf8_bound[payload2]" time="0.002" /><testcase classname="tests.test_source_metadata_github" name="test_post_payload_schema_and_utf8_bound[payload3]" time="0.002" /><testcase classname="tests.test_source_metadata_github" name="test_post_payload_schema_and_utf8_bound[payload4]" time="0.002" /><testcase classname="tests.test_source_metadata_github" name="test_post_payload_schema_and_utf8_bound[payload5]" time="0.002" /><testcase classname="tests.test_source_metadata_github" name="test_post_payload_schema_and_utf8_bound[payload6]" time="0.002" /><testcase classname="tests.test_source_metadata_github" name="test_post_payload_schema_and_utf8_bound[payload7]" time="0.002" /><testcase classname="tests.test_source_metadata_github" name="test_post_accepts_exact_byte_boundary[one-byte]" time="0.002" /><testcase classname="tests.test_source_metadata_github" name="test_post_accepts_exact_byte_boundary[ascii-boundary]" time="0.002" /><testcase classname="tests.test_source_metadata_github" name="test_post_accepts_exact_byte_boundary[utf8-boundary]" time="0.003" /><testcase classname="tests.test_source_metadata_github" name="test_request_requires_exact_schema[None]" time="0.002" /><testcase classname="tests.test_source_metadata_github" name="test_request_requires_exact_schema[value1]" time="0.002" /><testcase classname="tests.test_source_metadata_github" name="test_request_requires_exact_schema[value2]" time="0.002" /><testcase classname="tests.test_source_metadata_github" name="test_request_requires_exact_schema[value3]" time="0.002" /><testcase classname="tests.test_source_metadata_github" name="test_request_requires_exact_schema[value4]" time="0.002" /><testcase classname="tests.test_source_metadata_github" name="test_request_requires_exact_schema[value5]" time="0.002" /><testcase classname="tests.test_source_metadata_github" name="test_invalid_token_rejected_without_io_or_leak[none]" time="0.002" /><testcase classname="tests.test_source_metadata_github" name="test_invalid_token_rejected_without_io_or_leak[integer]" time="0.002" /><testcase classname="tests.test_source_metadata_github" name="test_invalid_token_rejected_without_io_or_leak[bytes]" time="0.002" /><testcase classname="tests.test_source_metadata_github" name="test_invalid_token_rejected_without_io_or_leak[empty]" time="0.002" /><testcase classname="tests.test_source_metadata_github" name="test_invalid_token_rejected_without_io_or_leak[leading-space]" time="0.002" /><testcase classname="tests.test_source_metadata_github" name="test_invalid_token_rejected_without_io_or_leak[trailing-space]" time="0.002" /><testcase classname="tests.test_source_metadata_github" name="test_invalid_token_rejected_without_io_or_leak[newline]" time="0.003" /><testcase classname="tests.test_source_metadata_github" name="test_invalid_token_rejected_without_io_or_leak[header-injection]" time="0.002" /><testcase classname="tests.test_source_metadata_github" name="test_invalid_token_rejected_without_io_or_leak[tab]" time="0.002" /><testcase classname="tests.test_source_metadata_github" name="test_invalid_token_rejected_without_io_or_leak[nul]" time="0.002" /><testcase classname="tests.test_source_metadata_github" name="test_invalid_token_rejected_without_io_or_leak[del]" time="0.002" /><testcase classname="tests.test_source_metadata_github" name="test_invalid_token_rejected_without_io_or_leak[unicode]" time="0.002" /><testcase classname="tests.test_source_metadata_github" name="test_invalid_token_rejected_without_io_or_leak[over-bound]" time="0.002" /><testcase classname="tests.test_source_metadata_github" name="test_token_boundary_and_client_repr_do_not_emit_credentials" time="0.003" /><testcase classname="tests.test_source_metadata_github" name="test_constructor_requires_numeric_author_identity[True]" time="0.002" /><testcase classname="tests.test_source_metadata_github" name="test_constructor_requires_numeric_author_identity[False]" time="0.001" /><testcase classname="tests.test_source_metadata_github" name="test_constructor_requires_numeric_author_identity[0]" time="0.001" /><testcase classname="tests.test_source_metadata_github" name="test_constructor_requires_numeric_author_identity[-1]" time="0.001" /><testcase classname="tests.test_source_metadata_github" name="test_constructor_requires_numeric_author_identity[9007199254740992]" time="0.001" /><testcase classname="tests.test_source_metadata_github" name="test_constructor_requires_numeric_author_identity[12345]" time="0.002" /><testcase classname="tests.test_source_metadata_github" name="test_constructor_requires_numeric_author_identity[None]" time="0.002" /><testcase classname="tests.test_source_metadata_github" name="test_constructor_rejects_invalid_destination[None]" time="0.002" /><testcase classname="tests.test_source_metadata_github" name="test_constructor_rejects_invalid_destination[]" time="0.002" /><testcase classname="tests.test_source_metadata_github" name="test_constructor_rejects_invalid_destination[owner/repo]" time="0.002" /><testcase classname="tests.test_source_metadata_github" name="test_constructor_rejects_invalid_destination[owner/repo#0]" time="0.001" /><testcase classname="tests.test_source_metadata_github" name="test_constructor_rejects_invalid_destination[owner/repo#01]" time="0.002" /><testcase classname="tests.test_source_metadata_github" name="test_constructor_rejects_invalid_destination[owner/repo#1/../../]" time="0.002" /><testcase classname="tests.test_source_metadata_github" name="test_constructor_rejects_invalid_destination[https://github.com/owner/repo#1]" time="0.002" /><testcase classname="tests.test_source_metadata_github" name="test_plan_binding_mismatch_stops_before_request[author-create]" time="0.002" /><testcase classname="tests.test_source_metadata_github" name="test_plan_binding_mismatch_stops_before_request[author-read]" time="0.002" /><testcase classname="tests.test_source_metadata_github" name="test_plan_binding_mismatch_stops_before_request[author-find]" time="0.002" /><testcase classname="tests.test_source_metadata_github" name="test_plan_binding_mismatch_stops_before_request[destination-create]" time="0.004" /><testcase classname="tests.test_source_metadata_github" name="test_plan_binding_mismatch_stops_before_request[destination-read]" time="0.003" /><testcase classname="tests.test_source_metadata_github" name="test_plan_binding_mismatch_stops_before_request[destination-find]" time="0.003" /><testcase classname="tests.test_source_metadata_github" name="test_tampered_plan_stops_before_request[create]" time="0.004" /><testcase classname="tests.test_source_metadata_github" name="test_tampered_plan_stops_before_request[read]" time="0.003" /><testcase classname="tests.test_source_metadata_github" name="test_tampered_plan_stops_before_request[find]" time="0.003" /><testcase classname="tests.test_source_metadata_github" name="test_create_read_find_use_only_expected_methods_and_exact_body" time="0.004" /><testcase classname="tests.test_source_metadata_github" name="test_read_rejects_invalid_comment_id_before_request[True]" time="0.003" /><testcase classname="tests.test_source_metadata_github" name="test_read_rejects_invalid_comment_id_before_request[False]" time="0.003" /><testcase classname="tests.test_source_metadata_github" name="test_read_rejects_invalid_comment_id_before_request[0]" time="0.003" /><testcase classname="tests.test_source_metadata_github" name="test_read_rejects_invalid_comment_id_before_request[-1]" time="0.002" /><testcase classname="tests.test_source_metadata_github" name="test_read_rejects_invalid_comment_id_before_request[9007199254740992]" time="0.002" /><testcase classname="tests.test_source_metadata_github" name="test_read_rejects_invalid_comment_id_before_request[1.0]" time="0.002" /><testcase classname="tests.test_source_metadata_github" name="test_read_rejects_invalid_comment_id_before_request[101]" time="0.002" /><testcase classname="tests.test_source_metadata_github" name="test_read_rejects_invalid_comment_id_before_request[None]" time="0.002" /><testcase classname="tests.test_source_metadata_github" name="test_read_rejects_wrong_or_malformed_issue_url[None]" time="0.002" /><testcase classname="tests.test_source_metadata_github" name="test_read_rejects_wrong_or_malformed_issue_url[1]" time="0.004" /><testcase classname="tests.test_source_metadata_github" name="test_read_rejects_wrong_or_malformed_issue_url[]" time="0.003" /><testcase classname="tests.test_source_metadata_github" name="test_read_rejects_wrong_or_malformed_issue_url[https://api.github.com/repos/synthetic-owner/synthetic-repo/issues/17/]" time="0.002" /><testcase classname="tests.test_source_metadata_github" name="test_read_rejects_wrong_or_malformed_issue_url[https://api.github.com/repos/synthetic-owner/synthetic-repo/issues/17?x=1]" time="0.003" /><testcase classname="tests.test_source_metadata_github" name="test_read_rejects_wrong_or_malformed_issue_url[https://api.github.com/repos/synthetic-owner/synthetic-repo/issues/17#x]" time="0.003" /><testcase classname="tests.test_source_metadata_github" name="test_read_rejects_wrong_or_malformed_issue_url[https://api.github.com/repos/synthetic-owner/synthetic-repo/issues/18]" time="0.004" /><testcase classname="tests.test_source_metadata_github" name="test_read_rejects_wrong_or_malformed_issue_url[http://api.github.com/repos/synthetic-owner/synthetic-repo/issues/17]" time="0.003" /><testcase classname="tests.test_source_metadata_github" name="test_read_rejects_wrong_or_malformed_issue_url[https://api.github.com.evil.invalid/repos/synthetic-owner/synthetic-repo/issues/17]" time="0.002" /><testcase classname="tests.test_source_metadata_github" name="test_read_rejects_wrong_or_malformed_issue_url[https://user@api.github.com/repos/synthetic-owner/synthetic-repo/issues/17]" time="0.002" /><testcase classname="tests.test_source_metadata_github" name="test_read_rejects_wrong_or_malformed_issue_url[https://api.github.com/repos/synthetic-owner/other-repo/issues/17]" time="0.002" /><testcase classname="tests.test_source_metadata_github" name="test_read_rejects_wrong_or_malformed_issue_url[https://api.github.com/repos/synthetic-owner/synthetic-repo/issues/17\n]" time="0.003" /><testcase classname="tests.test_source_metadata_github" name="test_comment_readback_schema_and_utf8_size[changes0]" time="0.004" /><testcase classname="tests.test_source_metadata_github" name="test_comment_readback_schema_and_utf8_size[changes1]" time="0.002" /><testcase classname="tests.test_source_metadata_github" name="test_comment_readback_schema_and_utf8_size[changes2]" time="0.003" /><testcase classname="tests.test_source_metadata_github" name="test_comment_readback_schema_and_utf8_size[changes3]" time="0.003" /><testcase classname="tests.test_source_metadata_github" name="test_comment_readback_schema_and_utf8_size[changes4]" time="0.003" /><testcase classname="tests.test_source_metadata_github" name="test_comment_readback_schema_and_utf8_size[changes5]" time="0.003" /><testcase classname="tests.test_source_metadata_github" name="test_comment_readback_schema_and_utf8_size[changes6]" time="0.003" /><testcase classname="tests.test_source_metadata_github" name="test_comment_readback_schema_and_utf8_size[changes7]" time="0.003" /><testcase classname="tests.test_source_metadata_github" name="test_comment_readback_schema_and_utf8_size[changes8]" time="0.004" /><testcase classname="tests.test_source_metadata_github" name="test_comment_readback_schema_and_utf8_size[changes9]" time="0.003" /><testcase classname="tests.test_source_metadata_github" name="test_comment_readback_schema_and_utf8_size[changes10]" time="0.002" /><testcase classname="tests.test_source_metadata_github" name="test_comment_readback_schema_and_utf8_size[changes11]" time="0.002" /><testcase classname="tests.test_source_metadata_github" name="test_comment_readback_schema_and_utf8_size[changes12]" time="0.004" /><testcase classname="tests.test_source_metadata_github" name="test_comment_readback_schema_and_utf8_size[changes13]" time="0.003" /><testcase classname="tests.test_source_metadata_github" name="test_comment_readback_schema_and_utf8_size[changes14]" time="0.003" /><testcase classname="tests.test_source_metadata_github" name="test_comment_readback_schema_and_utf8_size[changes15]" time="0.002" /><testcase classname="tests.test_source_metadata_github" name="test_comment_readback_schema_and_utf8_size[changes16]" time="0.003" /><testcase classname="tests.test_source_metadata_github" name="test_required_readback_fields_cannot_be_replaced_with_rendered_fields[id]" time="0.003" /><testcase classname="tests.test_source_metadata_github" name="test_required_readback_fields_cannot_be_replaced_with_rendered_fields[user]" time="0.003" /><testcase classname="tests.test_source_metadata_github" name="test_required_readback_fields_cannot_be_replaced_with_rendered_fields[issue_url]" time="0.003" /><testcase classname="tests.test_source_metadata_github" name="test_required_readback_fields_cannot_be_replaced_with_rendered_fields[body]" time="0.003" /><testcase classname="tests.test_source_metadata_github" name="test_adapter_preserves_exact_raw_markdown_for_core_comparison[empty]" time="0.002" /><testcase classname="tests.test_source_metadata_github" name="test_adapter_preserves_exact_raw_markdown_for_core_comparison[markdown-crlf]" time="0.002" /><testcase classname="tests.test_source_metadata_github" name="test_adapter_preserves_exact_raw_markdown_for_core_comparison[composed]" time="0.002" /><testcase classname="tests.test_source_metadata_github" name="test_adapter_preserves_exact_raw_markdown_for_core_comparison[decomposed]" time="0.002" /><testcase classname="tests.test_source_metadata_github" name="test_adapter_preserves_exact_raw_markdown_for_core_comparison[ascii-boundary]" time="0.002" /><testcase classname="tests.test_source_metadata_github" name="test_adapter_preserves_exact_raw_markdown_for_core_comparison[utf8-boundary]" time="0.002" /><testcase classname="tests.test_source_metadata_github" name="test_adapter_does_not_mask_author_or_content_conflicts_from_core" time="0.002" /><testcase classname="tests.test_source_metadata_github" name="test_read_must_reject_a_different_comment_id" time="0.002"><failure message="Failed: DID NOT RAISE &lt;class 'scripts.source_metadata_delivery.DeliveryError'&gt;">plan = CommentPlan(destination='synthetic-owner/synthetic-repo#17', author_id=12345, notice_id='synthetic_source:1:dddddddddd..."noticeId":"synthetic_source:1:dddddddddddddddddddddddddddddddddddddddddddddddddddddddddddddddd","schemaVersion":1}\n')

    def test_read_must_reject_a_different_comment_id(plan):
        """The transport promises a GET of the exact comment, not only its issue."""
        requests = FakeRequests(envelope(comment(plan, identifier=102)))
&gt;       with pytest.raises(DeliveryError):
             ^^^^^^^^^^^^^^^^^^^^^^^^^^^^
E       Failed: DID NOT RAISE &lt;class 'scripts.source_metadata_delivery.DeliveryError'&gt;

tests\test_source_metadata_github.py:312: Failed</failure></testcase><testcase classname="tests.test_source_metadata_github" name="test_response_envelope_is_strict[None]" time="0.002" /><testcase classname="tests.test_source_metadata_github" name="test_response_envelope_is_strict[result1]" time="0.002" /><testcase classname="tests.test_source_metadata_github" name="test_response_envelope_is_strict[result2]" time="0.002" /><testcase classname="tests.test_source_metadata_github" name="test_response_envelope_is_strict[result3]" time="0.002" /><testcase classname="tests.test_source_metadata_github" name="test_response_envelope_is_strict[result4]" time="0.002" /><testcase classname="tests.test_source_metadata_github" name="test_response_envelope_is_strict[result5]" time="0.002" /><testcase classname="tests.test_source_metadata_github" name="test_response_envelope_is_strict[result6]" time="0.002" /><testcase classname="tests.test_source_metadata_github" name="test_response_envelope_is_strict[result7]" time="0.002" /><testcase classname="tests.test_source_metadata_github" name="test_response_envelope_is_strict[result8]" time="0.002" /><testcase classname="tests.test_source_metadata_github" name="test_response_envelope_is_strict[result9]" time="0.002" /><testcase classname="tests.test_source_metadata_github" name="test_single_comment_response_cannot_advertise_next_page[create]" time="0.002" /><testcase classname="tests.test_source_metadata_github" name="test_single_comment_response_cannot_advertise_next_page[read]" time="0.002" /><testcase classname="tests.test_source_metadata_github" name="test_absent_link_has_no_next_page[None]" time="0.001" /><testcase classname="tests.test_source_metadata_github" name="test_absent_link_has_no_next_page[]" time="0.001" /><testcase classname="tests.test_source_metadata_github" name="test_next_link_order_and_complete_final_page" time="0.003" /><testcase classname="tests.test_source_metadata_github" name="test_malformed_or_untrusted_pagination_links_stop[garbage]" time="0.002" /><testcase classname="tests.test_source_metadata_github" name="test_malformed_or_untrusted_pagination_links_stop[&lt;https://api.github.com/repos/synthetic-owner/synthetic-repo/issues/17/comments?per_page=100&amp;page=2&gt;; rel=&quot;next&quot;, &lt;https://api.github.com/repos/synthetic-owner/synthetic-repo/issues/17/comments?per_page=100&amp;page=2&gt;; rel=&quot;next&quot;]" time="0.001" /><testcase classname="tests.test_source_metadata_github" name="test_malformed_or_untrusted_pagination_links_stop[&lt;https://api.github.com/repos/synthetic-owner/synthetic-repo/issues/17/comments?per_page=100&amp;page=2&gt;; rel=&quot;unknown&quot;]" time="0.001" /><testcase classname="tests.test_source_metadata_github" name="test_malformed_or_untrusted_pagination_links_stop[&lt;https://api.github.com/repos/synthetic-owner/synthetic-repo/issues/17/comments?per_page=100&amp;page=2&gt;; rel=next]" time="0.001" /><testcase classname="tests.test_source_metadata_github" name="test_malformed_or_untrusted_pagination_links_stop[&lt;https://api.github.com/repos/synthetic-owner/synthetic-repo/issues/17/comments?per_page=100&amp;page=2&gt;; rel=&quot;next last&quot;]" time="0.001" /><testcase classname="tests.test_source_metadata_github" name="test_malformed_or_untrusted_pagination_links_stop[&lt;http://api.github.com/repos/synthetic-owner/synthetic-repo/issues/17/comments?per_page=100&amp;page=2&gt;; rel=&quot;next&quot;]" time="0.001" /><testcase classname="tests.test_source_metadata_github" name="test_malformed_or_untrusted_pagination_links_stop[&lt;https://example.invalid/repos/synthetic-owner/synthetic-repo/issues/17/comments?per_page=100&amp;page=2&gt;; rel=&quot;next&quot;]" time="0.001" /><testcase classname="tests.test_source_metadata_github" name="test_malformed_or_untrusted_pagination_links_stop[&lt;https://api.github.com:443/repos/synthetic-owner/synthetic-repo/issues/17/comments?per_page=100&amp;page=2&gt;; rel=&quot;next&quot;]" time="0.001" /><testcase classname="tests.test_source_metadata_github" name="test_malformed_or_untrusted_pagination_links_stop[&lt;https://user@api.github.com/repos/synthetic-owner/synthetic-repo/issues/17/comments?per_page=100&amp;page=2&gt;; rel=&quot;next&quot;]" time="0.001" /><testcase classname="tests.test_source_metadata_github" name="test_malformed_or_untrusted_pagination_links_stop[&lt;https://api.github.com/repos/synthetic-owner/synthetic-repo/issues/17/comments?per_page=100&amp;page=2#fragment&gt;; rel=&quot;next&quot;]" time="0.001" /><testcase classname="tests.test_source_metadata_github" name="test_malformed_or_untrusted_pagination_links_stop[&lt;https://api.github.com/repos/synthetic-owner/synthetic-repo/issues/18/comments?per_page=100&amp;page=2&gt;; rel=&quot;next&quot;]" time="0.001" /><testcase classname="tests.test_source_metadata_github" name="test_malformed_or_untrusted_pagination_links_stop[&lt;https://api.github.com/repos/synthetic-owner/synthetic-repo/issues/17/comments?per_page=30&amp;page=2&gt;; rel=&quot;next&quot;]" time="0.001" /><testcase classname="tests.test_source_metadata_github" name="test_malformed_or_untrusted_pagination_links_stop[&lt;https://api.github.com/repos/synthetic-owner/synthetic-repo/issues/17/comments?per_page=100&amp;page=2&amp;page=3&gt;; rel=&quot;next&quot;]" time="0.001" /><testcase classname="tests.test_source_metadata_github" name="test_malformed_or_untrusted_pagination_links_stop[&lt;https://api.github.com/repos/synthetic-owner/synthetic-repo/issues/17/comments?per_page=100&amp;page=2&amp;since=2026-01-01&gt;; rel=&quot;next&quot;]" time="0.001" /><testcase classname="tests.test_source_metadata_github" name="test_malformed_or_untrusted_pagination_links_stop[&lt;https://api.github.com/repos/synthetic-owner/synthetic-repo/issues/17/comments?per_page=100&amp;page=&gt;; rel=&quot;next&quot;]" time="0.001" /><testcase classname="tests.test_source_metadata_github" name="test_malformed_or_untrusted_pagination_links_stop[&lt;https://api.github.com/repos/synthetic-owner/synthetic-repo/issues/17/comments?per_page=100&amp;page=02&gt;; rel=&quot;next&quot;]" time="0.001" /><testcase classname="tests.test_source_metadata_github" name="test_malformed_or_untrusted_pagination_links_stop[&lt;https://api.github.com/repos/synthetic-owner/synthetic-repo/issues/17/comments?page=2&gt;; rel=&quot;next&quot;]" time="0.001" /><testcase classname="tests.test_source_metadata_github" name="test_malformed_or_untrusted_pagination_links_stop[&lt;https://api.github.com/repos/synthetic-owner/synthetic-repo/issues/17/comments?per_page=100&amp;page=0&gt;; rel=&quot;next&quot;]" time="0.001" /><testcase classname="tests.test_source_metadata_github" name="test_malformed_or_untrusted_pagination_links_stop[&lt;https://api.github.com/repos/synthetic-owner/synthetic-repo/issues/17/comments?per_page=100&amp;page=1&gt;; rel=&quot;next&quot;]" time="0.001" /><testcase classname="tests.test_source_metadata_github" name="test_malformed_or_untrusted_pagination_links_stop[&lt;https://api.github.com/repos/synthetic-owner/synthetic-repo/issues/17/comments?per_page=100&amp;page=3&gt;; rel=&quot;next&quot;]" time="0.001" /><testcase classname="tests.test_source_metadata_github" name="test_malformed_or_untrusted_pagination_links_stop[&lt;https://api.github.com/repos/synthetic-owner/synthetic-repo/issues/17/comments?per_page=100&amp;page=1000000000&gt;; rel=&quot;next&quot;]" time="0.001" /><testcase classname="tests.test_source_metadata_github" name="test_malformed_or_untrusted_pagination_links_stop[header-over-bound]" time="0.002" /><testcase classname="tests.test_source_metadata_github" name="test_malformed_or_untrusted_pagination_links_stop[&lt;https://api.github.com/repos/synthetic-owner/synthetic-repo/issues/17/comments?per_page=100&amp;page=2&gt;; rel=&quot;next&quot;; title=unexpected]" time="0.002" /><testcase classname="tests.test_source_metadata_github" name="test_non_list_endpoint_rejects_link_header" time="0.002" /><testcase classname="tests.test_source_metadata_github" name="test_last_link_to_later_page_without_next_must_not_prove_completion" time="0.001"><failure message="Failed: DID NOT RAISE &lt;class 'scripts.source_metadata_delivery.DeliveryError'&gt;">def test_last_link_to_later_page_without_next_must_not_prove_completion():
        """A contradictory Link header cannot turn an incomplete scan into absence."""
&gt;       with pytest.raises(DeliveryError):
             ^^^^^^^^^^^^^^^^^^^^^^^^^^^^
E       Failed: DID NOT RAISE &lt;class 'scripts.source_metadata_delivery.DeliveryError'&gt;

tests\test_source_metadata_github.py:372: Failed</failure></testcase><testcase classname="tests.test_source_metadata_github" name="test_find_fetches_all_pages_even_after_match_and_preserves_conflicts" time="0.002" /><testcase classname="tests.test_source_metadata_github" name="test_repeated_or_nonascending_ids_stop_within_and_across_pages[pages0]" time="0.002" /><testcase classname="tests.test_source_metadata_github" name="test_repeated_or_nonascending_ids_stop_within_and_across_pages[pages1]" time="0.002" /><testcase classname="tests.test_source_metadata_github" name="test_repeated_or_nonascending_ids_stop_within_and_across_pages[pages2]" time="0.004" /><testcase classname="tests.test_source_metadata_github" name="test_repeated_or_nonascending_ids_stop_within_and_across_pages[pages3]" time="0.004" /><testcase classname="tests.test_source_metadata_github" name="test_repeated_or_nonascending_ids_stop_within_and_across_pages[pages4]" time="0.002" /><testcase classname="tests.test_source_metadata_github" name="test_find_rejects_nonconsecutive_next_page[1]" time="0.003" /><testcase classname="tests.test_source_metadata_github" name="test_find_rejects_nonconsecutive_next_page[3]" time="0.003" /><testcase classname="tests.test_source_metadata_github" name="test_find_rejects_nonconsecutive_next_page[4]" time="0.002" /><testcase classname="tests.test_source_metadata_github" name="test_three_page_incomplete_scan_stops_without_partial_result[False]" time="0.002" /><testcase classname="tests.test_source_metadata_github" name="test_three_page_incomplete_scan_stops_without_partial_result[True]" time="0.002" /><testcase classname="tests.test_source_metadata_github" name="test_invalid_list_page_or_comment_stops[None]" time="0.002" /><testcase classname="tests.test_source_metadata_github" name="test_invalid_list_page_or_comment_stops[data1]" time="0.002" /><testcase classname="tests.test_source_metadata_github" name="test_invalid_list_page_or_comment_stops[[]]" time="0.002" /><testcase classname="tests.test_source_metadata_github" name="test_invalid_list_page_or_comment_stops[data3]" time="0.002" /><testcase classname="tests.test_source_metadata_github" name="test_invalid_list_page_or_comment_stops[data4]" time="0.002" /><testcase classname="tests.test_source_metadata_github" name="test_page_size_bound_and_empty_complete_scan" time="0.002" /><testcase classname="tests.test_source_metadata_github" name="test_transport_failure_is_not_retried[create]" time="0.002" /><testcase classname="tests.test_source_metadata_github" name="test_transport_failure_is_not_retried[read]" time="0.002" /><testcase classname="tests.test_source_metadata_github" name="test_transport_failure_is_not_retried[find]" time="0.002" /><testcase classname="tests.test_source_metadata_github" name="test_http_request_headers_payload_and_connection_cleanup[GET-200]" time="0.002" /><testcase classname="tests.test_source_metadata_github" name="test_http_request_headers_payload_and_connection_cleanup[POST-201]" time="0.002" /><testcase classname="tests.test_source_metadata_github" name="test_http_errors_and_redirects_stop_without_read_or_retry[201]" time="0.002" /><testcase classname="tests.test_source_metadata_github" name="test_http_errors_and_redirects_stop_without_read_or_retry[204]" time="0.001" /><testcase classname="tests.test_source_metadata_github" name="test_http_errors_and_redirects_stop_without_read_or_retry[301]" time="0.002" /><testcase classname="tests.test_source_metadata_github" name="test_http_errors_and_redirects_stop_without_read_or_retry[302]" time="0.001" /><testcase classname="tests.test_source_metadata_github" name="test_http_errors_and_redirects_stop_without_read_or_retry[303]" time="0.001" /><testcase classname="tests.test_source_metadata_github" name="test_http_errors_and_redirects_stop_without_read_or_retry[307]" time="0.001" /><testcase classname="tests.test_source_metadata_github" name="test_http_errors_and_redirects_stop_without_read_or_retry[308]" time="0.001" /><testcase classname="tests.test_source_metadata_github" name="test_http_errors_and_redirects_stop_without_read_or_retry[400]" time="0.001" /><testcase classname="tests.test_source_metadata_github" name="test_http_errors_and_redirects_stop_without_read_or_retry[401]" time="0.002" /><testcase classname="tests.test_source_metadata_github" name="test_http_errors_and_redirects_stop_without_read_or_retry[403]" time="0.002" /><testcase classname="tests.test_source_metadata_github" name="test_http_errors_and_redirects_stop_without_read_or_retry[404]" time="0.002" /><testcase classname="tests.test_source_metadata_github" name="test_http_errors_and_redirects_stop_without_read_or_retry[410]" time="0.002" /><testcase classname="tests.test_source_metadata_github" name="test_http_errors_and_redirects_stop_without_read_or_retry[422]" time="0.001" /><testcase classname="tests.test_source_metadata_github" name="test_http_errors_and_redirects_stop_without_read_or_retry[429]" time="0.001" /><testcase classname="tests.test_source_metadata_github" name="test_http_errors_and_redirects_stop_without_read_or_retry[500]" time="0.002" /><testcase classname="tests.test_source_metadata_github" name="test_http_errors_and_redirects_stop_without_read_or_retry[502]" time="0.001" /><testcase classname="tests.test_source_metadata_github" name="test_http_errors_and_redirects_stop_without_read_or_retry[503]" time="0.003" /><testcase classname="tests.test_source_metadata_github" name="test_http_errors_and_redirects_stop_without_read_or_retry[504]" time="0.002" /><testcase classname="tests.test_source_metadata_github" name="test_post_requires_201_not_200" time="0.002" /><testcase classname="tests.test_source_metadata_github" name="test_encoded_http_responses_are_rejected_before_body_read[gzip]" time="0.001" /><testcase classname="tests.test_source_metadata_github" name="test_encoded_http_responses_are_rejected_before_body_read[br]" time="0.001" /><testcase classname="tests.test_source_metadata_github" name="test_encoded_http_responses_are_rejected_before_body_read[deflate]" time="0.002" /><testcase classname="tests.test_source_metadata_github" name="test_encoded_http_responses_are_rejected_before_body_read[identity, gzip]" time="0.001" /><testcase classname="tests.test_source_metadata_github" name="test_encoded_http_responses_are_rejected_before_body_read[]" time="0.001" /><testcase classname="tests.test_source_metadata_github" name="test_encoded_http_responses_are_rejected_before_body_read[IDENTITY]" time="0.001" /><testcase classname="tests.test_source_metadata_github" name="test_http_response_limit_counts_actual_bytes_not_content_length[False]" time="0.007" /><testcase classname="tests.test_source_metadata_github" name="test_http_response_limit_counts_actual_bytes_not_content_length[True]" time="0.004" /><testcase classname="tests.test_source_metadata_github" name="test_invalid_http_json_or_utf8_always_closes_connection[]" time="0.001" /><testcase classname="tests.test_source_metadata_github" name="test_invalid_http_json_or_utf8_always_closes_connection[{]" time="0.001" /><testcase classname="tests.test_source_metadata_github" name="test_invalid_http_json_or_utf8_always_closes_connection[\xff]" time="0.001" /><testcase classname="tests.test_source_metadata_github" name="test_invalid_http_json_or_utf8_always_closes_connection[null]" time="0.001" /><testcase classname="tests.test_source_metadata_github" name="test_invalid_http_json_or_utf8_always_closes_connection[true]" time="0.001" /><testcase classname="tests.test_source_metadata_github" name="test_invalid_http_json_or_utf8_always_closes_connection[42]" time="0.002" /><testcase classname="tests.test_source_metadata_github" name="test_invalid_http_json_or_utf8_always_closes_connection[&quot;string&quot;]" time="0.002" /><testcase classname="tests.test_source_metadata_github" name="test_invalid_http_json_or_utf8_always_closes_connection[{} trailing]" time="0.001" /><testcase classname="tests.test_source_metadata_github" name="test_http_transport_exceptions_close_connection_without_retry[request]" time="0.001" /><testcase classname="tests.test_source_metadata_github" name="test_http_transport_exceptions_close_connection_without_retry[read]" time="0.001" /><testcase classname="tests.test_source_metadata_github" name="test_http_next_link_is_parsed_before_return" time="0.001" /><testcase classname="tests.test_source_metadata_github" name="test_isolated_worker_kwargs_credentials_and_environment" time="0.002" /><testcase classname="tests.test_source_metadata_github" name="test_injected_worker_failures_are_sanitized_without_retry[timeout]" time="0.003" /><testcase classname="tests.test_source_metadata_github" name="test_injected_worker_failures_are_sanitized_without_retry[oserror]" time="0.002" /><testcase classname="tests.test_source_metadata_github" name="test_injected_worker_failures_are_sanitized_without_retry[valueerror]" time="0.002" /><testcase classname="tests.test_source_metadata_github" name="test_injected_worker_failures_are_sanitized_without_retry[recursion]" time="0.002" /><testcase classname="tests.test_source_metadata_github" name="test_worker_status_output_schema_and_size_are_sanitized[nonzero]" time="0.002" /><testcase classname="tests.test_source_metadata_github" name="test_worker_status_output_schema_and_size_are_sanitized[nonzero-secret]" time="0.002" /><testcase classname="tests.test_source_metadata_github" name="test_worker_status_output_schema_and_size_are_sanitized[invalid-json]" time="0.002" /><testcase classname="tests.test_source_metadata_github" name="test_worker_status_output_schema_and_size_are_sanitized[array]" time="0.002" /><testcase classname="tests.test_source_metadata_github" name="test_worker_status_output_schema_and_size_are_sanitized[empty-object]" time="0.003" /><testcase classname="tests.test_source_metadata_github" name="test_worker_status_output_schema_and_size_are_sanitized[missing-field]" time="0.002" /><testcase classname="tests.test_source_metadata_github" name="test_worker_status_output_schema_and_size_are_sanitized[extra-field]" time="0.002" /><testcase classname="tests.test_source_metadata_github" name="test_worker_status_output_schema_and_size_are_sanitized[over-bound]" time="0.009" /><testcase classname="tests.test_source_metadata_github" name="test_invalid_worker_input_never_starts_subprocess" time="0.001" /></testsuite></testsuites>