<?xml version="1.0" encoding="utf-8"?><testsuites name="pytest tests"><testsuite name="pytest" errors="0" failures="0" skipped="0" tests="55" time="2.517" timestamp="2026-09-13T14:04:51.962295+08:00" hostname="Prawn-E14"><testcase classname="tests.test_source_metadata_comments" name="test_comment_plan_is_deterministic_and_binds_only_allowlisted_notice_fields" time="0.004" /><testcase classname="tests.test_source_metadata_comments" name="test_bad_author_never_plans[True]" time="0.002" /><testcase classname="tests.test_source_metadata_comments" name="test_bad_author_never_plans[False]" time="0.002" /><testcase classname="tests.test_source_metadata_comments" name="test_bad_author_never_plans[0]" time="0.002" /><testcase classname="tests.test_source_metadata_comments" name="test_bad_author_never_plans[-1]" time="0.002" /><testcase classname="tests.test_source_metadata_comments" name="test_bad_author_never_plans[9007199254740992]" time="0.002" /><testcase classname="tests.test_source_metadata_comments" name="test_bad_author_never_plans[314]" time="0.002" /><testcase classname="tests.test_source_metadata_comments" name="test_bad_author_never_plans[None]" time="0.002" /><testcase classname="tests.test_source_metadata_comments" name="test_bad_destination_never_plans[https://example.test/]" time="0.002" /><testcase classname="tests.test_source_metadata_comments" name="test_bad_destination_never_plans[owner/repo#0]" time="0.002" /><testcase classname="tests.test_source_metadata_comments" name="test_bad_destination_never_plans[owner/../repo#7]" time="0.002" /><testcase classname="tests.test_source_metadata_comments" name="test_bad_destination_never_plans[owner/repo#7\n]" time="0.003" /><testcase classname="tests.test_source_metadata_comments" name="test_bad_destination_never_plans[]" time="0.003" /><testcase classname="tests.test_source_metadata_comments" name="test_bad_destination_never_plans[None]" time="0.003" /><testcase classname="tests.test_source_metadata_comments" name="test_original_notice_not_mutated" time="0.003" /><testcase classname="tests.test_source_metadata_comments" name="test_journal_is_explicit_unique_pinned_and_reopenable" time="0.034" /><testcase classname="tests.test_source_metadata_comments" name="test_absent_journal_does_not_bootstrap" time="0.029" /><testcase classname="tests.test_source_metadata_comments" name="test_no_journal_can_target_protected_or_undesignated_paths[raw]" time="0.002" /><testcase classname="tests.test_source_metadata_comments" name="test_no_journal_can_target_protected_or_undesignated_paths[processed]" time="0.002" /><testcase classname="tests.test_source_metadata_comments" name="test_no_journal_can_target_protected_or_undesignated_paths[qa/verification]" time="0.002" /><testcase classname="tests.test_source_metadata_comments" name="test_no_journal_can_target_protected_or_undesignated_paths[web/public/data]" time="0.002" /><testcase classname="tests.test_source_metadata_comments" name="test_no_journal_can_target_protected_or_undesignated_paths[tmp]" time="0.002" /><testcase classname="tests.test_source_metadata_comments" name="test_relative_and_parent_escape_rejected_before_io" time="0.002" /><testcase classname="tests.test_source_metadata_comments" name="test_real_journal_claim_has_single_winner_and_exact_immutable_intent" time="0.042" /><testcase classname="tests.test_source_metadata_comments" name="test_changed_monitor_body_cannot_bypass_existing_claim" time="0.039" /><testcase classname="tests.test_source_metadata_comments" name="test_send_claim_exists_before_post_and_receipt_follows_readback" time="0.063" /><testcase classname="tests.test_source_metadata_comments" name="test_restart_verifies_exact_saved_comment_without_second_post" time="0.073" /><testcase classname="tests.test_source_metadata_comments" name="test_lost_post_response_recovers_exact_comment_read_only" time="0.073" /><testcase classname="tests.test_source_metadata_comments" name="test_rejected_or_uncertain_post_never_retried_even_when_no_match[fault0]" time="0.069" /><testcase classname="tests.test_source_metadata_comments" name="test_rejected_or_uncertain_post_never_retried_even_when_no_match[fault1]" time="0.068" /><testcase classname="tests.test_source_metadata_comments" name="test_rejected_or_uncertain_post_never_retried_even_when_no_match[fault2]" time="0.060" /><testcase classname="tests.test_source_metadata_comments" name="test_interrupt_propagates_but_claim_prevents_next_post[fault0]" time="0.056" /><testcase classname="tests.test_source_metadata_comments" name="test_interrupt_propagates_but_claim_prevents_next_post[fault1]" time="0.073" /><testcase classname="tests.test_source_metadata_comments" name="test_forged_or_edited_marker_cannot_authorize_acknowledgement[changes0]" time="0.086" /><testcase classname="tests.test_source_metadata_comments" name="test_forged_or_edited_marker_cannot_authorize_acknowledgement[changes1]" time="0.094" /><testcase classname="tests.test_source_metadata_comments" name="test_forged_or_edited_marker_cannot_authorize_acknowledgement[changes2]" time="0.068" /><testcase classname="tests.test_source_metadata_comments" name="test_forged_or_edited_marker_cannot_authorize_acknowledgement[changes3]" time="0.069" /><testcase classname="tests.test_source_metadata_comments" name="test_forged_or_edited_marker_cannot_authorize_acknowledgement[changes4]" time="0.064" /><testcase classname="tests.test_source_metadata_comments" name="test_forged_or_edited_marker_cannot_authorize_acknowledgement[changes5]" time="0.071" /><testcase classname="tests.test_source_metadata_comments" name="test_forged_or_edited_marker_cannot_authorize_acknowledgement[changes6]" time="0.068" /><testcase classname="tests.test_source_metadata_comments" name="test_duplicate_exact_comments_require_operator" time="0.052" /><testcase classname="tests.test_source_metadata_comments" name="test_readback_failure_keeps_notice_unacknowledged_then_reconciles" time="0.085" /><testcase classname="tests.test_source_metadata_comments" name="test_deleted_or_edited_verified_comment_stops_without_replacement" time="0.095" /><testcase classname="tests.test_source_metadata_comments" name="test_torn_intent_is_retained_and_stops_before_network" time="0.044" /><testcase classname="tests.test_source_metadata_comments" name="test_corrupt_receipt_is_not_overwritten_or_used" time="0.057" /><testcase classname="tests.test_source_metadata_comments" name="test_fsync_failure_never_posts_and_partial_claim_blocks_retry" time="0.050" /><testcase classname="tests.test_source_metadata_comments" name="test_receipt_failure_then_restart_reconciles_without_post" time="0.069" /><testcase classname="tests.test_source_metadata_comments" name="test_concurrent_invocations_only_one_posts" time="0.070" /><testcase classname="tests.test_source_metadata_comments" name="test_forged_plan_stops_before_journal_or_network[key]" time="0.034" /><testcase classname="tests.test_source_metadata_comments" name="test_forged_plan_stops_before_journal_or_network[body]" time="0.031" /><testcase classname="tests.test_source_metadata_comments" name="test_forged_plan_stops_before_journal_or_network[intent-json]" time="0.028" /><testcase classname="tests.test_source_metadata_comments" name="test_forged_plan_stops_before_journal_or_network[notice]" time="0.036" /><testcase classname="tests.test_source_metadata_comments" name="test_forged_plan_stops_before_journal_or_network[author]" time="0.031" /><testcase classname="tests.test_source_metadata_comments" name="test_forged_plan_stops_before_journal_or_network[oversized-intent]" time="0.028" /><testcase classname="tests.test_source_metadata_comments" name="test_adapter_and_real_local_journal_end_to_end_with_synthetic_http" time="0.087" /></testsuite></testsuites>