<?xml version="1.0" encoding="utf-8"?><testsuites name="pytest tests"><testsuite name="pytest" errors="0" failures="0" skipped="0" tests="719" time="17.106" timestamp="2026-09-13T14:24:10.554188+08:00" hostname="Prawn-E14"><testcase classname="tests.test_source_metadata_comments" name="test_comment_plan_is_deterministic_and_binds_only_allowlisted_notice_fields" time="0.005" /><testcase classname="tests.test_source_metadata_comments" name="test_bad_author_never_plans[True]" time="0.003" /><testcase classname="tests.test_source_metadata_comments" name="test_bad_author_never_plans[False]" time="0.002" /><testcase classname="tests.test_source_metadata_comments" name="test_bad_author_never_plans[0]" time="0.002" /><testcase classname="tests.test_source_metadata_comments" name="test_bad_author_never_plans[-1]" time="0.002" /><testcase classname="tests.test_source_metadata_comments" name="test_bad_author_never_plans[9007199254740992]" time="0.002" /><testcase classname="tests.test_source_metadata_comments" name="test_bad_author_never_plans[314]" time="0.002" /><testcase classname="tests.test_source_metadata_comments" name="test_bad_author_never_plans[None]" time="0.002" /><testcase classname="tests.test_source_metadata_comments" name="test_bad_destination_never_plans[https://example.test/]" time="0.002" /><testcase classname="tests.test_source_metadata_comments" name="test_bad_destination_never_plans[owner/repo#0]" time="0.002" /><testcase classname="tests.test_source_metadata_comments" name="test_bad_destination_never_plans[owner/../repo#7]" time="0.003" /><testcase classname="tests.test_source_metadata_comments" name="test_bad_destination_never_plans[owner/repo#7\n]" time="0.003" /><testcase classname="tests.test_source_metadata_comments" name="test_bad_destination_never_plans[]" time="0.003" /><testcase classname="tests.test_source_metadata_comments" name="test_bad_destination_never_plans[None]" time="0.004" /><testcase classname="tests.test_source_metadata_comments" name="test_original_notice_not_mutated" time="0.002" /><testcase classname="tests.test_source_metadata_comments" name="test_journal_is_explicit_unique_pinned_and_reopenable" time="0.035" /><testcase classname="tests.test_source_metadata_comments" name="test_absent_journal_does_not_bootstrap" time="0.034" /><testcase classname="tests.test_source_metadata_comments" name="test_no_journal_can_target_protected_or_undesignated_paths[raw]" time="0.002" /><testcase classname="tests.test_source_metadata_comments" name="test_no_journal_can_target_protected_or_undesignated_paths[processed]" time="0.003" /><testcase classname="tests.test_source_metadata_comments" name="test_no_journal_can_target_protected_or_undesignated_paths[qa/verification]" time="0.003" /><testcase classname="tests.test_source_metadata_comments" name="test_no_journal_can_target_protected_or_undesignated_paths[web/public/data]" time="0.003" /><testcase classname="tests.test_source_metadata_comments" name="test_no_journal_can_target_protected_or_undesignated_paths[tmp]" time="0.002" /><testcase classname="tests.test_source_metadata_comments" name="test_relative_and_parent_escape_rejected_before_io" time="0.002" /><testcase classname="tests.test_source_metadata_comments" name="test_real_journal_claim_has_single_winner_and_exact_immutable_intent" time="0.059" /><testcase classname="tests.test_source_metadata_comments" name="test_changed_monitor_body_cannot_bypass_existing_claim" time="0.065" /><testcase classname="tests.test_source_metadata_comments" name="test_send_claim_exists_before_post_and_receipt_follows_readback" time="0.093" /><testcase classname="tests.test_source_metadata_comments" name="test_restart_verifies_exact_saved_comment_without_second_post" time="0.092" /><testcase classname="tests.test_source_metadata_comments" name="test_lost_post_response_recovers_exact_comment_read_only" time="0.078" /><testcase classname="tests.test_source_metadata_comments" name="test_rejected_or_uncertain_post_never_retried_even_when_no_match[fault0]" time="0.075" /><testcase classname="tests.test_source_metadata_comments" name="test_rejected_or_uncertain_post_never_retried_even_when_no_match[fault1]" time="0.075" /><testcase classname="tests.test_source_metadata_comments" name="test_rejected_or_uncertain_post_never_retried_even_when_no_match[fault2]" time="0.078" /><testcase classname="tests.test_source_metadata_comments" name="test_interrupt_propagates_but_claim_prevents_next_post[fault0]" time="0.063" /><testcase classname="tests.test_source_metadata_comments" name="test_interrupt_propagates_but_claim_prevents_next_post[fault1]" time="0.075" /><testcase classname="tests.test_source_metadata_comments" name="test_forged_or_edited_marker_cannot_authorize_acknowledgement[changes0]" time="0.067" /><testcase classname="tests.test_source_metadata_comments" name="test_forged_or_edited_marker_cannot_authorize_acknowledgement[changes1]" time="0.069" /><testcase classname="tests.test_source_metadata_comments" name="test_forged_or_edited_marker_cannot_authorize_acknowledgement[changes2]" time="0.061" /><testcase classname="tests.test_source_metadata_comments" name="test_forged_or_edited_marker_cannot_authorize_acknowledgement[changes3]" time="0.055" /><testcase classname="tests.test_source_metadata_comments" name="test_forged_or_edited_marker_cannot_authorize_acknowledgement[changes4]" time="0.071" /><testcase classname="tests.test_source_metadata_comments" name="test_forged_or_edited_marker_cannot_authorize_acknowledgement[changes5]" time="0.091" /><testcase classname="tests.test_source_metadata_comments" name="test_forged_or_edited_marker_cannot_authorize_acknowledgement[changes6]" time="0.090" /><testcase classname="tests.test_source_metadata_comments" name="test_duplicate_exact_comments_require_operator" time="0.059" /><testcase classname="tests.test_source_metadata_comments" name="test_readback_failure_keeps_notice_unacknowledged_then_reconciles" time="0.091" /><testcase classname="tests.test_source_metadata_comments" name="test_deleted_or_edited_verified_comment_stops_without_replacement" time="0.117" /><testcase classname="tests.test_source_metadata_comments" name="test_torn_intent_is_retained_and_stops_before_network" time="0.044" /><testcase classname="tests.test_source_metadata_comments" name="test_corrupt_receipt_is_not_overwritten_or_used" time="0.069" /><testcase classname="tests.test_source_metadata_comments" name="test_orphan_receipt_stays_an_incident_on_every_attempt" time="0.054" /><testcase classname="tests.test_source_metadata_comments" name="test_conflicting_receipt_publication_never_overwrites" time="0.088" /><testcase classname="tests.test_source_metadata_comments" name="test_existing_link_is_rejected_before_read_or_write" time="0.033" /><testcase classname="tests.test_source_metadata_comments" name="test_identity_corruption_is_retained_and_stops_before_network" time="0.061" /><testcase classname="tests.test_source_metadata_comments" name="test_fsync_failure_never_posts_and_partial_claim_blocks_retry" time="0.066" /><testcase classname="tests.test_source_metadata_comments" name="test_receipt_failure_then_restart_reconciles_without_post" time="0.121" /><testcase classname="tests.test_source_metadata_comments" name="test_received_post_id_is_not_acknowledgement_but_avoids_pagination_on_restart" time="0.119" /><testcase classname="tests.test_source_metadata_comments" name="test_orphan_post_observation_does_not_create_missing_intent" time="0.071" /><testcase classname="tests.test_source_metadata_comments" name="test_conflicting_post_observation_and_receipt_stop_before_network" time="0.112" /><testcase classname="tests.test_source_metadata_comments" name="test_corrupt_post_observation_stops_without_resend[empty]" time="0.073" /><testcase classname="tests.test_source_metadata_comments" name="test_corrupt_post_observation_stops_without_resend[invalid]" time="0.073" /><testcase classname="tests.test_source_metadata_comments" name="test_corrupt_post_observation_stops_without_resend[oversized]" time="0.090" /><testcase classname="tests.test_source_metadata_comments" name="test_concurrent_invocations_only_one_posts" time="0.081" /><testcase classname="tests.test_source_metadata_comments" name="test_forged_plan_stops_before_journal_or_network[key]" time="0.029" /><testcase classname="tests.test_source_metadata_comments" name="test_forged_plan_stops_before_journal_or_network[body]" time="0.027" /><testcase classname="tests.test_source_metadata_comments" name="test_forged_plan_stops_before_journal_or_network[intent-json]" time="0.027" /><testcase classname="tests.test_source_metadata_comments" name="test_forged_plan_stops_before_journal_or_network[notice]" time="0.028" /><testcase classname="tests.test_source_metadata_comments" name="test_forged_plan_stops_before_journal_or_network[author]" time="0.033" /><testcase classname="tests.test_source_metadata_comments" name="test_forged_plan_stops_before_journal_or_network[oversized-intent]" time="0.032" /><testcase classname="tests.test_source_metadata_comments" name="test_adapter_and_real_local_journal_end_to_end_with_synthetic_http" time="0.127" /><testcase classname="tests.test_source_metadata_github" name="test_method_allowlist_rejects_before_http[PATCH]" time="0.005" /><testcase classname="tests.test_source_metadata_github" name="test_method_allowlist_rejects_before_http[PUT]" time="0.003" /><testcase classname="tests.test_source_metadata_github" name="test_method_allowlist_rejects_before_http[DELETE]" time="0.002" /><testcase classname="tests.test_source_metadata_github" name="test_method_allowlist_rejects_before_http[HEAD]" time="0.002" /><testcase classname="tests.test_source_metadata_github" name="test_method_allowlist_rejects_before_http[OPTIONS]" time="0.003" /><testcase classname="tests.test_source_metadata_github" name="test_method_allowlist_rejects_before_http[post]" time="0.004" /><testcase classname="tests.test_source_metadata_github" name="test_method_allowlist_rejects_before_http[get]" time="0.003" /><testcase classname="tests.test_source_metadata_github" name="test_method_allowlist_rejects_before_http[]" time="0.003" /><testcase classname="tests.test_source_metadata_github" name="test_method_allowlist_rejects_before_http[None]" time="0.003" /><testcase classname="tests.test_source_metadata_github" name="test_method_allowlist_rejects_before_http[method9]" time="0.003" /><testcase classname="tests.test_source_metadata_github" name="test_get_url_allowlist_rejects_before_http[https://api.github.com/repos/synthetic-owner/synthetic-repo/issues/17/comments?per_page=100&amp;page=1]" time="0.003" /><testcase classname="tests.test_source_metadata_github" name="test_get_url_allowlist_rejects_before_http[https://example.invalid/repos/synthetic-owner/synthetic-repo/issues/17/comments?per_page=100&amp;page=1]" time="0.003" /><testcase classname="tests.test_source_metadata_github" name="test_get_url_allowlist_rejects_before_http[//api.github.com/repos/synthetic-owner/synthetic-repo/issues/17/comments?per_page=100&amp;page=1]" time="0.003" /><testcase classname="tests.test_source_metadata_github" name="test_get_url_allowlist_rejects_before_http[/repos/synthetic-owner/synthetic-repo/issues/17/comments?per_page=100&amp;page=1#fragment]" time="0.003" /><testcase classname="tests.test_source_metadata_github" name="test_get_url_allowlist_rejects_before_http[/repos/synthetic-owner/synthetic-repo/issues/17/comments?per_page=100&amp;page=1&amp;token=bad]" time="0.003" /><testcase classname="tests.test_source_metadata_github" name="test_get_url_allowlist_rejects_before_http[/repos/synthetic-owner/synthetic-repo/issues/17/comments]" time="0.004" /><testcase classname="tests.test_source_metadata_github" name="test_get_url_allowlist_rejects_before_http[/repos/synthetic-owner/synthetic-repo/issues/17/comments?page=1&amp;per_page=100]" time="0.003" /><testcase classname="tests.test_source_metadata_github" name="test_get_url_allowlist_rejects_before_http[/repos/synthetic-owner/synthetic-repo/issues/17/comments?per_page=30&amp;page=1]" time="0.003" /><testcase classname="tests.test_source_metadata_github" name="test_get_url_allowlist_rejects_before_http[/repos/synthetic-owner/synthetic-repo/issues/17/comments?per_page=100&amp;page=0]" time="0.003" /><testcase classname="tests.test_source_metadata_github" name="test_get_url_allowlist_rejects_before_http[/repos/synthetic-owner/synthetic-repo/issues/17/comments?per_page=100&amp;page=4]" time="0.003" /><testcase classname="tests.test_source_metadata_github" name="test_get_url_allowlist_rejects_before_http[/repos/synthetic-owner/synthetic-repo/issues/17/comments?per_page=100&amp;page=2]" time="0.002" /><testcase classname="tests.test_source_metadata_github" name="test_get_url_allowlist_rejects_before_http[/repos/synthetic-owner/synthetic-repo/issues/17/comments?per_page=100&amp;page=3]" time="0.003" /><testcase classname="tests.test_source_metadata_github" name="test_get_url_allowlist_rejects_before_http[/repos/synthetic-owner/synthetic-repo/issues/17/comments?per_page=100&amp;page=01]" time="0.003" /><testcase classname="tests.test_source_metadata_github" name="test_get_url_allowlist_rejects_before_http[/repos/synthetic-owner/synthetic-repo/issues/17/comments?per_page=100&amp;page=1&amp;page=1]" time="0.003" /><testcase classname="tests.test_source_metadata_github" name="test_get_url_allowlist_rejects_before_http[/repos/synthetic-owner/synthetic-repo/issues/17/comments?per_page=100&amp;page=1\r\nX-Test: bad]" time="0.003" /><testcase classname="tests.test_source_metadata_github" name="test_get_url_allowlist_rejects_before_http[/repos/synthetic-owner/synthetic-repo/issues/0/comments?per_page=100&amp;page=1]" time="0.003" /><testcase classname="tests.test_source_metadata_github" name="test_get_url_allowlist_rejects_before_http[/repos/synthetic-owner/synthetic-repo/issues/01/comments?per_page=100&amp;page=1]" time="0.003" /><testcase classname="tests.test_source_metadata_github" name="test_get_url_allowlist_rejects_before_http[/repos/../synthetic-repo/issues/17/comments?per_page=100&amp;page=1]" time="0.004" /><testcase classname="tests.test_source_metadata_github" name="test_get_url_allowlist_rejects_before_http[/repos/synthetic-owner/%2e%2e/issues/17/comments?per_page=100&amp;page=1]" time="0.003" /><testcase classname="tests.test_source_metadata_github" name="test_get_url_allowlist_rejects_before_http[/repos/synthetic-owner/synthetic-repo/issues/comments/0]" time="0.003" /><testcase classname="tests.test_source_metadata_github" name="test_get_url_allowlist_rejects_before_http[/repos/synthetic-owner/synthetic-repo/issues/comments/01]" time="0.002" /><testcase classname="tests.test_source_metadata_github" name="test_get_url_allowlist_rejects_before_http[/repos/synthetic-owner/synthetic-repo/issues/comments/99999999999999999]" time="0.002" /><testcase classname="tests.test_source_metadata_github" name="test_get_url_allowlist_rejects_before_http[/user]" time="0.002" /><testcase classname="tests.test_source_metadata_github" name="test_get_url_allowlist_rejects_before_http[None]" time="0.002" /><testcase classname="tests.test_source_metadata_github" name="test_get_url_allowlist_rejects_before_http[17]" time="0.002" /><testcase classname="tests.test_source_metadata_github" name="test_post_only_targets_issue_comment_creation[/repos/synthetic-owner/synthetic-repo/issues/17/comments?per_page=100&amp;page=1]" time="0.003" /><testcase classname="tests.test_source_metadata_github" name="test_post_only_targets_issue_comment_creation[/repos/synthetic-owner/synthetic-repo/issues/17/comments/]" time="0.003" /><testcase classname="tests.test_source_metadata_github" name="test_post_only_targets_issue_comment_creation[/repos/synthetic-owner/synthetic-repo/issues/17/comments?page=1]" time="0.002" /><testcase classname="tests.test_source_metadata_github" name="test_post_only_targets_issue_comment_creation[/repos/synthetic-owner/synthetic-repo/issues/17]" time="0.003" /><testcase classname="tests.test_source_metadata_github" name="test_post_only_targets_issue_comment_creation[/repos/synthetic-owner/synthetic-repo/issues/comments/101]" time="0.002" /><testcase classname="tests.test_source_metadata_github" name="test_post_only_targets_issue_comment_creation[https://api.github.com/repos/synthetic-owner/synthetic-repo/issues/17/comments]" time="0.002" /><testcase classname="tests.test_source_metadata_github" name="test_post_payload_schema_and_utf8_bound[payload0]" time="0.002" /><testcase classname="tests.test_source_metadata_github" name="test_post_payload_schema_and_utf8_bound[payload1]" time="0.001" /><testcase classname="tests.test_source_metadata_github" name="test_post_payload_schema_and_utf8_bound[payload2]" time="0.001" /><testcase classname="tests.test_source_metadata_github" name="test_post_payload_schema_and_utf8_bound[payload3]" time="0.001" /><testcase classname="tests.test_source_metadata_github" name="test_post_payload_schema_and_utf8_bound[payload4]" time="0.001" /><testcase classname="tests.test_source_metadata_github" name="test_post_payload_schema_and_utf8_bound[payload5]" time="0.001" /><testcase classname="tests.test_source_metadata_github" name="test_post_payload_schema_and_utf8_bound[payload6]" time="0.002" /><testcase classname="tests.test_source_metadata_github" name="test_post_payload_schema_and_utf8_bound[payload7]" time="0.002" /><testcase classname="tests.test_source_metadata_github" name="test_post_accepts_exact_byte_boundary[one-byte]" time="0.002" /><testcase classname="tests.test_source_metadata_github" name="test_post_accepts_exact_byte_boundary[ascii-boundary]" time="0.002" /><testcase classname="tests.test_source_metadata_github" name="test_post_accepts_exact_byte_boundary[utf8-boundary]" time="0.002" /><testcase classname="tests.test_source_metadata_github" name="test_request_requires_exact_schema[None]" time="0.002" /><testcase classname="tests.test_source_metadata_github" name="test_request_requires_exact_schema[value1]" time="0.002" /><testcase classname="tests.test_source_metadata_github" name="test_request_requires_exact_schema[value2]" time="0.002" /><testcase classname="tests.test_source_metadata_github" name="test_request_requires_exact_schema[value3]" time="0.001" /><testcase classname="tests.test_source_metadata_github" name="test_request_requires_exact_schema[value4]" time="0.001" /><testcase classname="tests.test_source_metadata_github" name="test_request_requires_exact_schema[value5]" time="0.005" /><testcase classname="tests.test_source_metadata_github" name="test_invalid_token_rejected_without_io_or_leak[none]" time="0.002" /><testcase classname="tests.test_source_metadata_github" name="test_invalid_token_rejected_without_io_or_leak[integer]" time="0.002" /><testcase classname="tests.test_source_metadata_github" name="test_invalid_token_rejected_without_io_or_leak[bytes]" time="0.003" /><testcase classname="tests.test_source_metadata_github" name="test_invalid_token_rejected_without_io_or_leak[empty]" time="0.003" /><testcase classname="tests.test_source_metadata_github" name="test_invalid_token_rejected_without_io_or_leak[leading-space]" time="0.002" /><testcase classname="tests.test_source_metadata_github" name="test_invalid_token_rejected_without_io_or_leak[trailing-space]" time="0.002" /><testcase classname="tests.test_source_metadata_github" name="test_invalid_token_rejected_without_io_or_leak[newline]" time="0.002" /><testcase classname="tests.test_source_metadata_github" name="test_invalid_token_rejected_without_io_or_leak[header-injection]" time="0.004" /><testcase classname="tests.test_source_metadata_github" name="test_invalid_token_rejected_without_io_or_leak[tab]" time="0.003" /><testcase classname="tests.test_source_metadata_github" name="test_invalid_token_rejected_without_io_or_leak[nul]" time="0.004" /><testcase classname="tests.test_source_metadata_github" name="test_invalid_token_rejected_without_io_or_leak[del]" time="0.004" /><testcase classname="tests.test_source_metadata_github" name="test_invalid_token_rejected_without_io_or_leak[unicode]" time="0.002" /><testcase classname="tests.test_source_metadata_github" name="test_invalid_token_rejected_without_io_or_leak[over-bound]" time="0.002" /><testcase classname="tests.test_source_metadata_github" name="test_token_boundary_and_client_repr_do_not_emit_credentials" time="0.003" /><testcase classname="tests.test_source_metadata_github" name="test_constructor_requires_numeric_author_identity[True]" time="0.002" /><testcase classname="tests.test_source_metadata_github" name="test_constructor_requires_numeric_author_identity[False]" time="0.002" /><testcase classname="tests.test_source_metadata_github" name="test_constructor_requires_numeric_author_identity[0]" time="0.001" /><testcase classname="tests.test_source_metadata_github" name="test_constructor_requires_numeric_author_identity[-1]" time="0.001" /><testcase classname="tests.test_source_metadata_github" name="test_constructor_requires_numeric_author_identity[9007199254740992]" time="0.002" /><testcase classname="tests.test_source_metadata_github" name="test_constructor_requires_numeric_author_identity[12345]" time="0.002" /><testcase classname="tests.test_source_metadata_github" name="test_constructor_requires_numeric_author_identity[None]" time="0.001" /><testcase classname="tests.test_source_metadata_github" name="test_constructor_rejects_invalid_destination[None]" time="0.001" /><testcase classname="tests.test_source_metadata_github" name="test_constructor_rejects_invalid_destination[]" time="0.002" /><testcase classname="tests.test_source_metadata_github" name="test_constructor_rejects_invalid_destination[owner/repo]" time="0.002" /><testcase classname="tests.test_source_metadata_github" name="test_constructor_rejects_invalid_destination[owner/repo#0]" time="0.001" /><testcase classname="tests.test_source_metadata_github" name="test_constructor_rejects_invalid_destination[owner/repo#01]" time="0.003" /><testcase classname="tests.test_source_metadata_github" name="test_constructor_rejects_invalid_destination[owner/repo#1/../../]" time="0.002" /><testcase classname="tests.test_source_metadata_github" name="test_constructor_rejects_invalid_destination[https://github.com/owner/repo#1]" time="0.002" /><testcase classname="tests.test_source_metadata_github" name="test_plan_binding_mismatch_stops_before_request[author-create]" time="0.003" /><testcase classname="tests.test_source_metadata_github" name="test_plan_binding_mismatch_stops_before_request[author-read]" time="0.003" /><testcase classname="tests.test_source_metadata_github" name="test_plan_binding_mismatch_stops_before_request[author-find]" time="0.003" /><testcase classname="tests.test_source_metadata_github" name="test_plan_binding_mismatch_stops_before_request[destination-create]" time="0.002" /><testcase classname="tests.test_source_metadata_github" name="test_plan_binding_mismatch_stops_before_request[destination-read]" time="0.002" /><testcase classname="tests.test_source_metadata_github" name="test_plan_binding_mismatch_stops_before_request[destination-find]" time="0.003" /><testcase classname="tests.test_source_metadata_github" name="test_tampered_plan_stops_before_request[create]" time="0.002" /><testcase classname="tests.test_source_metadata_github" name="test_tampered_plan_stops_before_request[read]" time="0.002" /><testcase classname="tests.test_source_metadata_github" name="test_tampered_plan_stops_before_request[find]" time="0.002" /><testcase classname="tests.test_source_metadata_github" name="test_create_read_find_use_only_expected_methods_and_exact_body" time="0.004" /><testcase classname="tests.test_source_metadata_github" name="test_read_rejects_invalid_comment_id_before_request[True]" time="0.003" /><testcase classname="tests.test_source_metadata_github" name="test_read_rejects_invalid_comment_id_before_request[False]" time="0.003" /><testcase classname="tests.test_source_metadata_github" name="test_read_rejects_invalid_comment_id_before_request[0]" time="0.003" /><testcase classname="tests.test_source_metadata_github" name="test_read_rejects_invalid_comment_id_before_request[-1]" time="0.004" /><testcase classname="tests.test_source_metadata_github" name="test_read_rejects_invalid_comment_id_before_request[9007199254740992]" time="0.002" /><testcase classname="tests.test_source_metadata_github" name="test_read_rejects_invalid_comment_id_before_request[1.0]" time="0.002" /><testcase classname="tests.test_source_metadata_github" name="test_read_rejects_invalid_comment_id_before_request[101]" time="0.003" /><testcase classname="tests.test_source_metadata_github" name="test_read_rejects_invalid_comment_id_before_request[None]" time="0.003" /><testcase classname="tests.test_source_metadata_github" name="test_read_rejects_wrong_or_malformed_issue_url[None]" time="0.003" /><testcase classname="tests.test_source_metadata_github" name="test_read_rejects_wrong_or_malformed_issue_url[1]" time="0.003" /><testcase classname="tests.test_source_metadata_github" name="test_read_rejects_wrong_or_malformed_issue_url[]" time="0.004" /><testcase classname="tests.test_source_metadata_github" name="test_read_rejects_wrong_or_malformed_issue_url[https://api.github.com/repos/synthetic-owner/synthetic-repo/issues/17/]" time="0.004" /><testcase classname="tests.test_source_metadata_github" name="test_read_rejects_wrong_or_malformed_issue_url[https://api.github.com/repos/synthetic-owner/synthetic-repo/issues/17?x=1]" time="0.003" /><testcase classname="tests.test_source_metadata_github" name="test_read_rejects_wrong_or_malformed_issue_url[https://api.github.com/repos/synthetic-owner/synthetic-repo/issues/17#x]" time="0.003" /><testcase classname="tests.test_source_metadata_github" name="test_read_rejects_wrong_or_malformed_issue_url[https://api.github.com/repos/synthetic-owner/synthetic-repo/issues/18]" time="0.003" /><testcase classname="tests.test_source_metadata_github" name="test_read_rejects_wrong_or_malformed_issue_url[http://api.github.com/repos/synthetic-owner/synthetic-repo/issues/17]" time="0.003" /><testcase classname="tests.test_source_metadata_github" name="test_read_rejects_wrong_or_malformed_issue_url[https://api.github.com.evil.invalid/repos/synthetic-owner/synthetic-repo/issues/17]" time="0.003" /><testcase classname="tests.test_source_metadata_github" name="test_read_rejects_wrong_or_malformed_issue_url[https://user@api.github.com/repos/synthetic-owner/synthetic-repo/issues/17]" time="0.002" /><testcase classname="tests.test_source_metadata_github" name="test_read_rejects_wrong_or_malformed_issue_url[https://api.github.com/repos/synthetic-owner/other-repo/issues/17]" time="0.002" /><testcase classname="tests.test_source_metadata_github" name="test_read_rejects_wrong_or_malformed_issue_url[https://api.github.com/repos/synthetic-owner/synthetic-repo/issues/17\n]" time="0.002" /><testcase classname="tests.test_source_metadata_github" name="test_comment_readback_schema_and_utf8_size[changes0]" time="0.002" /><testcase classname="tests.test_source_metadata_github" name="test_comment_readback_schema_and_utf8_size[changes1]" time="0.004" /><testcase classname="tests.test_source_metadata_github" name="test_comment_readback_schema_and_utf8_size[changes2]" time="0.005" /><testcase classname="tests.test_source_metadata_github" name="test_comment_readback_schema_and_utf8_size[changes3]" time="0.003" /><testcase classname="tests.test_source_metadata_github" name="test_comment_readback_schema_and_utf8_size[changes4]" time="0.003" /><testcase classname="tests.test_source_metadata_github" name="test_comment_readback_schema_and_utf8_size[changes5]" time="0.004" /><testcase classname="tests.test_source_metadata_github" name="test_comment_readback_schema_and_utf8_size[changes6]" time="0.004" /><testcase classname="tests.test_source_metadata_github" name="test_comment_readback_schema_and_utf8_size[changes7]" time="0.004" /><testcase classname="tests.test_source_metadata_github" name="test_comment_readback_schema_and_utf8_size[changes8]" time="0.003" /><testcase classname="tests.test_source_metadata_github" name="test_comment_readback_schema_and_utf8_size[changes9]" time="0.003" /><testcase classname="tests.test_source_metadata_github" name="test_comment_readback_schema_and_utf8_size[changes10]" time="0.003" /><testcase classname="tests.test_source_metadata_github" name="test_comment_readback_schema_and_utf8_size[changes11]" time="0.004" /><testcase classname="tests.test_source_metadata_github" name="test_comment_readback_schema_and_utf8_size[changes12]" time="0.003" /><testcase classname="tests.test_source_metadata_github" name="test_comment_readback_schema_and_utf8_size[changes13]" time="0.003" /><testcase classname="tests.test_source_metadata_github" name="test_comment_readback_schema_and_utf8_size[changes14]" time="0.004" /><testcase classname="tests.test_source_metadata_github" name="test_comment_readback_schema_and_utf8_size[changes15]" time="0.003" /><testcase classname="tests.test_source_metadata_github" name="test_comment_readback_schema_and_utf8_size[changes16]" time="0.003" /><testcase classname="tests.test_source_metadata_github" name="test_required_readback_fields_cannot_be_replaced_with_rendered_fields[id]" time="0.003" /><testcase classname="tests.test_source_metadata_github" name="test_required_readback_fields_cannot_be_replaced_with_rendered_fields[user]" time="0.002" /><testcase classname="tests.test_source_metadata_github" name="test_required_readback_fields_cannot_be_replaced_with_rendered_fields[issue_url]" time="0.002" /><testcase classname="tests.test_source_metadata_github" name="test_required_readback_fields_cannot_be_replaced_with_rendered_fields[body]" time="0.002" /><testcase classname="tests.test_source_metadata_github" name="test_adapter_preserves_exact_raw_markdown_for_core_comparison[empty]" time="0.002" /><testcase classname="tests.test_source_metadata_github" name="test_adapter_preserves_exact_raw_markdown_for_core_comparison[markdown-crlf]" time="0.003" /><testcase classname="tests.test_source_metadata_github" name="test_adapter_preserves_exact_raw_markdown_for_core_comparison[composed]" time="0.002" /><testcase classname="tests.test_source_metadata_github" name="test_adapter_preserves_exact_raw_markdown_for_core_comparison[decomposed]" time="0.002" /><testcase classname="tests.test_source_metadata_github" name="test_adapter_preserves_exact_raw_markdown_for_core_comparison[ascii-boundary]" time="0.002" /><testcase classname="tests.test_source_metadata_github" name="test_adapter_preserves_exact_raw_markdown_for_core_comparison[utf8-boundary]" time="0.003" /><testcase classname="tests.test_source_metadata_github" name="test_adapter_does_not_mask_author_or_content_conflicts_from_core" time="0.002" /><testcase classname="tests.test_source_metadata_github" name="test_read_must_reject_a_different_comment_id" time="0.002" /><testcase classname="tests.test_source_metadata_github" name="test_response_envelope_is_strict[None]" time="0.002" /><testcase classname="tests.test_source_metadata_github" name="test_response_envelope_is_strict[result1]" time="0.002" /><testcase classname="tests.test_source_metadata_github" name="test_response_envelope_is_strict[result2]" time="0.004" /><testcase classname="tests.test_source_metadata_github" name="test_response_envelope_is_strict[result3]" time="0.004" /><testcase classname="tests.test_source_metadata_github" name="test_response_envelope_is_strict[result4]" time="0.003" /><testcase classname="tests.test_source_metadata_github" name="test_response_envelope_is_strict[result5]" time="0.004" /><testcase classname="tests.test_source_metadata_github" name="test_response_envelope_is_strict[result6]" time="0.003" /><testcase classname="tests.test_source_metadata_github" name="test_response_envelope_is_strict[result7]" time="0.004" /><testcase classname="tests.test_source_metadata_github" name="test_response_envelope_is_strict[result8]" time="0.004" /><testcase classname="tests.test_source_metadata_github" name="test_response_envelope_is_strict[result9]" time="0.002" /><testcase classname="tests.test_source_metadata_github" name="test_response_envelope_is_strict[result10]" time="0.002" /><testcase classname="tests.test_source_metadata_github" name="test_response_envelope_is_strict[result11]" time="0.002" /><testcase classname="tests.test_source_metadata_github" name="test_single_comment_response_cannot_advertise_next_page[create]" time="0.003" /><testcase classname="tests.test_source_metadata_github" name="test_single_comment_response_cannot_advertise_next_page[read]" time="0.002" /><testcase classname="tests.test_source_metadata_github" name="test_absent_link_has_no_next_page[None]" time="0.001" /><testcase classname="tests.test_source_metadata_github" name="test_absent_link_has_no_next_page[]" time="0.001" /><testcase classname="tests.test_source_metadata_github" name="test_next_link_parsing_does_not_authorize_another_get" time="0.002" /><testcase classname="tests.test_source_metadata_github" name="test_malformed_or_untrusted_pagination_links_stop[garbage]" time="0.001" /><testcase classname="tests.test_source_metadata_github" name="test_malformed_or_untrusted_pagination_links_stop[&lt;https://api.github.com/repos/synthetic-owner/synthetic-repo/issues/17/comments?per_page=100&amp;page=2&gt;; rel=&quot;next&quot;, &lt;https://api.github.com/repos/synthetic-owner/synthetic-repo/issues/17/comments?per_page=100&amp;page=2&gt;; rel=&quot;next&quot;]" time="0.003" /><testcase classname="tests.test_source_metadata_github" name="test_malformed_or_untrusted_pagination_links_stop[&lt;https://api.github.com/repos/synthetic-owner/synthetic-repo/issues/17/comments?per_page=100&amp;page=2&gt;; rel=&quot;unknown&quot;]" time="0.002" /><testcase classname="tests.test_source_metadata_github" name="test_malformed_or_untrusted_pagination_links_stop[&lt;https://api.github.com/repos/synthetic-owner/synthetic-repo/issues/17/comments?per_page=100&amp;page=2&gt;; rel=next]" time="0.002" /><testcase classname="tests.test_source_metadata_github" name="test_malformed_or_untrusted_pagination_links_stop[&lt;https://api.github.com/repos/synthetic-owner/synthetic-repo/issues/17/comments?per_page=100&amp;page=2&gt;; rel=&quot;next last&quot;]" time="0.002" /><testcase classname="tests.test_source_metadata_github" name="test_malformed_or_untrusted_pagination_links_stop[&lt;http://api.github.com/repos/synthetic-owner/synthetic-repo/issues/17/comments?per_page=100&amp;page=2&gt;; rel=&quot;next&quot;]" time="0.002" /><testcase classname="tests.test_source_metadata_github" name="test_malformed_or_untrusted_pagination_links_stop[&lt;https://example.invalid/repos/synthetic-owner/synthetic-repo/issues/17/comments?per_page=100&amp;page=2&gt;; rel=&quot;next&quot;]" time="0.002" /><testcase classname="tests.test_source_metadata_github" name="test_malformed_or_untrusted_pagination_links_stop[&lt;https://api.github.com:443/repos/synthetic-owner/synthetic-repo/issues/17/comments?per_page=100&amp;page=2&gt;; rel=&quot;next&quot;]" time="0.002" /><testcase classname="tests.test_source_metadata_github" name="test_malformed_or_untrusted_pagination_links_stop[&lt;https://user@api.github.com/repos/synthetic-owner/synthetic-repo/issues/17/comments?per_page=100&amp;page=2&gt;; rel=&quot;next&quot;]" time="0.002" /><testcase classname="tests.test_source_metadata_github" name="test_malformed_or_untrusted_pagination_links_stop[&lt;https://api.github.com/repos/synthetic-owner/synthetic-repo/issues/17/comments?per_page=100&amp;page=2#fragment&gt;; rel=&quot;next&quot;]" time="0.002" /><testcase classname="tests.test_source_metadata_github" name="test_malformed_or_untrusted_pagination_links_stop[&lt;https://api.github.com/repos/synthetic-owner/synthetic-repo/issues/18/comments?per_page=100&amp;page=2&gt;; rel=&quot;next&quot;]" time="0.002" /><testcase classname="tests.test_source_metadata_github" name="test_malformed_or_untrusted_pagination_links_stop[&lt;https://api.github.com/repos/synthetic-owner/synthetic-repo/issues/17/comments?per_page=30&amp;page=2&gt;; rel=&quot;next&quot;]" time="0.002" /><testcase classname="tests.test_source_metadata_github" name="test_malformed_or_untrusted_pagination_links_stop[&lt;https://api.github.com/repos/synthetic-owner/synthetic-repo/issues/17/comments?per_page=100&amp;page=2&amp;page=3&gt;; rel=&quot;next&quot;]" time="0.002" /><testcase classname="tests.test_source_metadata_github" name="test_malformed_or_untrusted_pagination_links_stop[&lt;https://api.github.com/repos/synthetic-owner/synthetic-repo/issues/17/comments?per_page=100&amp;page=2&amp;since=2026-01-01&gt;; rel=&quot;next&quot;]" time="0.002" /><testcase classname="tests.test_source_metadata_github" name="test_malformed_or_untrusted_pagination_links_stop[&lt;https://api.github.com/repos/synthetic-owner/synthetic-repo/issues/17/comments?per_page=100&amp;page=&gt;; rel=&quot;next&quot;]" time="0.002" /><testcase classname="tests.test_source_metadata_github" name="test_malformed_or_untrusted_pagination_links_stop[&lt;https://api.github.com/repos/synthetic-owner/synthetic-repo/issues/17/comments?per_page=100&amp;page=02&gt;; rel=&quot;next&quot;]" time="0.001" /><testcase classname="tests.test_source_metadata_github" name="test_malformed_or_untrusted_pagination_links_stop[&lt;https://api.github.com/repos/synthetic-owner/synthetic-repo/issues/17/comments?page=2&gt;; rel=&quot;next&quot;]" time="0.002" /><testcase classname="tests.test_source_metadata_github" name="test_malformed_or_untrusted_pagination_links_stop[&lt;https://api.github.com/repos/synthetic-owner/synthetic-repo/issues/17/comments?per_page=100&amp;page=0&gt;; rel=&quot;next&quot;]" time="0.001" /><testcase classname="tests.test_source_metadata_github" name="test_malformed_or_untrusted_pagination_links_stop[&lt;https://api.github.com/repos/synthetic-owner/synthetic-repo/issues/17/comments?per_page=100&amp;page=1&gt;; rel=&quot;next&quot;]" time="0.003" /><testcase classname="tests.test_source_metadata_github" name="test_malformed_or_untrusted_pagination_links_stop[&lt;https://api.github.com/repos/synthetic-owner/synthetic-repo/issues/17/comments?per_page=100&amp;page=3&gt;; rel=&quot;next&quot;]" time="0.003" /><testcase classname="tests.test_source_metadata_github" name="test_malformed_or_untrusted_pagination_links_stop[&lt;https://api.github.com/repos/synthetic-owner/synthetic-repo/issues/17/comments?per_page=100&amp;page=1000000000&gt;; rel=&quot;next&quot;]" time="0.003" /><testcase classname="tests.test_source_metadata_github" name="test_malformed_or_untrusted_pagination_links_stop[header-over-bound]" time="0.003" /><testcase classname="tests.test_source_metadata_github" name="test_malformed_or_untrusted_pagination_links_stop[&lt;https://api.github.com/repos/synthetic-owner/synthetic-repo/issues/17/comments?per_page=100&amp;page=2&gt;; rel=&quot;next&quot;; title=unexpected]" time="0.002" /><testcase classname="tests.test_source_metadata_github" name="test_non_list_endpoint_rejects_link_header" time="0.002" /><testcase classname="tests.test_source_metadata_github" name="test_last_link_to_later_page_without_next_must_not_prove_completion" time="0.002" /><testcase classname="tests.test_source_metadata_github" name="test_contradictory_pagination_relations_stop[last-before-current]" time="0.002" /><testcase classname="tests.test_source_metadata_github" name="test_contradictory_pagination_relations_stop[last-before-current-with-prev]" time="0.002" /><testcase classname="tests.test_source_metadata_github" name="test_contradictory_pagination_relations_stop[wrong-first]" time="0.002" /><testcase classname="tests.test_source_metadata_github" name="test_contradictory_pagination_relations_stop[wrong-first-with-next]" time="0.002" /><testcase classname="tests.test_source_metadata_github" name="test_contradictory_pagination_relations_stop[prev-on-first]" time="0.002" /><testcase classname="tests.test_source_metadata_github" name="test_contradictory_pagination_relations_stop[prev-same-page]" time="0.002" /><testcase classname="tests.test_source_metadata_github" name="test_contradictory_pagination_relations_stop[prev-skips-page]" time="0.002" /><testcase classname="tests.test_source_metadata_github" name="test_contradictory_pagination_relations_stop[prev-forward]" time="0.004" /><testcase classname="tests.test_source_metadata_github" name="test_contradictory_pagination_relations_stop[last-before-next]" time="0.003" /><testcase classname="tests.test_source_metadata_github" name="test_contradictory_pagination_relations_stop[last-before-next-reversed]" time="0.004" /><testcase classname="tests.test_source_metadata_github" name="test_contradictory_pagination_relations_stop[last-before-next-later-page]" time="0.003" /><testcase classname="tests.test_source_metadata_github" name="test_contradictory_pagination_relations_stop[future-last-without-next]" time="0.003" /><testcase classname="tests.test_source_metadata_github" name="test_find_preserves_all_matches_and_conflicts_from_one_complete_page" time="0.003" /><testcase classname="tests.test_source_metadata_github" name="test_repeated_or_nonascending_ids_stop_within_one_page[identifiers0]" time="0.004" /><testcase classname="tests.test_source_metadata_github" name="test_repeated_or_nonascending_ids_stop_within_one_page[identifiers1]" time="0.003" /><testcase classname="tests.test_source_metadata_github" name="test_repeated_or_nonascending_ids_stop_within_one_page[identifiers2]" time="0.002" /><testcase classname="tests.test_source_metadata_github" name="test_repeated_or_nonascending_ids_stop_within_one_page[identifiers3]" time="0.002" /><testcase classname="tests.test_source_metadata_github" name="test_repeated_or_nonascending_ids_stop_within_one_page[identifiers4]" time="0.003" /><testcase classname="tests.test_source_metadata_github" name="test_find_rejects_unusable_next_page_without_following_it[1-STOP_GITHUB_PAGINATION_REQUIRES_OPERATOR]" time="0.003" /><testcase classname="tests.test_source_metadata_github" name="test_find_rejects_unusable_next_page_without_following_it[3-STOP_GITHUB_ENVELOPE]" time="0.004" /><testcase classname="tests.test_source_metadata_github" name="test_find_rejects_unusable_next_page_without_following_it[4-STOP_GITHUB_ENVELOPE]" time="0.003" /><testcase classname="tests.test_source_metadata_github" name="test_paginated_find_stops_after_first_get_without_partial_result[False-0]" time="0.003" /><testcase classname="tests.test_source_metadata_github" name="test_paginated_find_stops_after_first_get_without_partial_result[False-1]" time="0.003" /><testcase classname="tests.test_source_metadata_github" name="test_paginated_find_stops_after_first_get_without_partial_result[False-100]" time="0.002" /><testcase classname="tests.test_source_metadata_github" name="test_paginated_find_stops_after_first_get_without_partial_result[True-0]" time="0.003" /><testcase classname="tests.test_source_metadata_github" name="test_paginated_find_stops_after_first_get_without_partial_result[True-1]" time="0.004" /><testcase classname="tests.test_source_metadata_github" name="test_paginated_find_stops_after_first_get_without_partial_result[True-100]" time="0.003" /><testcase classname="tests.test_source_metadata_github" name="test_shifted_duplicate_after_deletion_stops_after_first_get" time="0.004" /><testcase classname="tests.test_source_metadata_github" name="test_invalid_list_page_or_comment_stops[None]" time="0.003" /><testcase classname="tests.test_source_metadata_github" name="test_invalid_list_page_or_comment_stops[data1]" time="0.003" /><testcase classname="tests.test_source_metadata_github" name="test_invalid_list_page_or_comment_stops[[]]" time="0.002" /><testcase classname="tests.test_source_metadata_github" name="test_invalid_list_page_or_comment_stops[data3]" time="0.003" /><testcase classname="tests.test_source_metadata_github" name="test_invalid_list_page_or_comment_stops[data4]" time="0.002" /><testcase classname="tests.test_source_metadata_github" name="test_page_size_bound_and_empty_complete_scan" time="0.003" /><testcase classname="tests.test_source_metadata_github" name="test_transport_failure_is_not_retried[create]" time="0.002" /><testcase classname="tests.test_source_metadata_github" name="test_transport_failure_is_not_retried[read]" time="0.002" /><testcase classname="tests.test_source_metadata_github" name="test_transport_failure_is_not_retried[find]" time="0.003" /><testcase classname="tests.test_source_metadata_github" name="test_http_request_headers_payload_and_connection_cleanup[GET-200]" time="0.003" /><testcase classname="tests.test_source_metadata_github" name="test_http_request_headers_payload_and_connection_cleanup[POST-201]" time="0.003" /><testcase classname="tests.test_source_metadata_github" name="test_http_errors_and_redirects_stop_without_read_or_retry[201]" time="0.005" /><testcase classname="tests.test_source_metadata_github" name="test_http_errors_and_redirects_stop_without_read_or_retry[204]" time="0.005" /><testcase classname="tests.test_source_metadata_github" name="test_http_errors_and_redirects_stop_without_read_or_retry[301]" time="0.004" /><testcase classname="tests.test_source_metadata_github" name="test_http_errors_and_redirects_stop_without_read_or_retry[302]" time="0.004" /><testcase classname="tests.test_source_metadata_github" name="test_http_errors_and_redirects_stop_without_read_or_retry[303]" time="0.003" /><testcase classname="tests.test_source_metadata_github" name="test_http_errors_and_redirects_stop_without_read_or_retry[307]" time="0.003" /><testcase classname="tests.test_source_metadata_github" name="test_http_errors_and_redirects_stop_without_read_or_retry[308]" time="0.003" /><testcase classname="tests.test_source_metadata_github" name="test_http_errors_and_redirects_stop_without_read_or_retry[400]" time="0.002" /><testcase classname="tests.test_source_metadata_github" name="test_http_errors_and_redirects_stop_without_read_or_retry[401]" time="0.002" /><testcase classname="tests.test_source_metadata_github" name="test_http_errors_and_redirects_stop_without_read_or_retry[403]" time="0.002" /><testcase classname="tests.test_source_metadata_github" name="test_http_errors_and_redirects_stop_without_read_or_retry[404]" time="0.004" /><testcase classname="tests.test_source_metadata_github" name="test_http_errors_and_redirects_stop_without_read_or_retry[410]" time="0.003" /><testcase classname="tests.test_source_metadata_github" name="test_http_errors_and_redirects_stop_without_read_or_retry[422]" time="0.003" /><testcase classname="tests.test_source_metadata_github" name="test_http_errors_and_redirects_stop_without_read_or_retry[429]" time="0.003" /><testcase classname="tests.test_source_metadata_github" name="test_http_errors_and_redirects_stop_without_read_or_retry[500]" time="0.003" /><testcase classname="tests.test_source_metadata_github" name="test_http_errors_and_redirects_stop_without_read_or_retry[502]" time="0.003" /><testcase classname="tests.test_source_metadata_github" name="test_http_errors_and_redirects_stop_without_read_or_retry[503]" time="0.002" /><testcase classname="tests.test_source_metadata_github" name="test_http_errors_and_redirects_stop_without_read_or_retry[504]" time="0.002" /><testcase classname="tests.test_source_metadata_github" name="test_post_requires_201_not_200" time="0.002" /><testcase classname="tests.test_source_metadata_github" name="test_encoded_http_responses_are_rejected_before_body_read[gzip]" time="0.002" /><testcase classname="tests.test_source_metadata_github" name="test_encoded_http_responses_are_rejected_before_body_read[br]" time="0.001" /><testcase classname="tests.test_source_metadata_github" name="test_encoded_http_responses_are_rejected_before_body_read[deflate]" time="0.002" /><testcase classname="tests.test_source_metadata_github" name="test_encoded_http_responses_are_rejected_before_body_read[identity, gzip]" time="0.002" /><testcase classname="tests.test_source_metadata_github" name="test_encoded_http_responses_are_rejected_before_body_read[]" time="0.001" /><testcase classname="tests.test_source_metadata_github" name="test_encoded_http_responses_are_rejected_before_body_read[IDENTITY]" time="0.004" /><testcase classname="tests.test_source_metadata_github" name="test_http_response_limit_counts_actual_bytes_not_content_length[False]" time="0.011" /><testcase classname="tests.test_source_metadata_github" name="test_http_response_limit_counts_actual_bytes_not_content_length[True]" time="0.005" /><testcase classname="tests.test_source_metadata_github" name="test_invalid_http_json_or_utf8_always_closes_connection[]" time="0.003" /><testcase classname="tests.test_source_metadata_github" name="test_invalid_http_json_or_utf8_always_closes_connection[{]" time="0.006" /><testcase classname="tests.test_source_metadata_github" name="test_invalid_http_json_or_utf8_always_closes_connection[\xff]" time="0.005" /><testcase classname="tests.test_source_metadata_github" name="test_invalid_http_json_or_utf8_always_closes_connection[null]" time="0.003" /><testcase classname="tests.test_source_metadata_github" name="test_invalid_http_json_or_utf8_always_closes_connection[true]" time="0.003" /><testcase classname="tests.test_source_metadata_github" name="test_invalid_http_json_or_utf8_always_closes_connection[42]" time="0.002" /><testcase classname="tests.test_source_metadata_github" name="test_invalid_http_json_or_utf8_always_closes_connection[&quot;string&quot;]" time="0.002" /><testcase classname="tests.test_source_metadata_github" name="test_invalid_http_json_or_utf8_always_closes_connection[{} trailing]" time="0.003" /><testcase classname="tests.test_source_metadata_github" name="test_http_transport_exceptions_close_connection_without_retry[request]" time="0.005" /><testcase classname="tests.test_source_metadata_github" name="test_http_transport_exceptions_close_connection_without_retry[read]" time="0.003" /><testcase classname="tests.test_source_metadata_github" name="test_http_next_link_is_parsed_before_return" time="0.003" /><testcase classname="tests.test_source_metadata_github" name="test_isolated_worker_kwargs_credentials_and_environment" time="0.005" /><testcase classname="tests.test_source_metadata_github" name="test_injected_worker_failures_are_sanitized_without_retry[timeout]" time="0.010" /><testcase classname="tests.test_source_metadata_github" name="test_injected_worker_failures_are_sanitized_without_retry[oserror]" time="0.004" /><testcase classname="tests.test_source_metadata_github" name="test_injected_worker_failures_are_sanitized_without_retry[valueerror]" time="0.003" /><testcase classname="tests.test_source_metadata_github" name="test_injected_worker_failures_are_sanitized_without_retry[recursion]" time="0.004" /><testcase classname="tests.test_source_metadata_github" name="test_worker_status_output_schema_and_size_are_sanitized[nonzero]" time="0.003" /><testcase classname="tests.test_source_metadata_github" name="test_worker_status_output_schema_and_size_are_sanitized[nonzero-secret]" time="0.005" /><testcase classname="tests.test_source_metadata_github" name="test_worker_status_output_schema_and_size_are_sanitized[invalid-json]" time="0.002" /><testcase classname="tests.test_source_metadata_github" name="test_worker_status_output_schema_and_size_are_sanitized[array]" time="0.004" /><testcase classname="tests.test_source_metadata_github" name="test_worker_status_output_schema_and_size_are_sanitized[empty-object]" time="0.004" /><testcase classname="tests.test_source_metadata_github" name="test_worker_status_output_schema_and_size_are_sanitized[missing-field]" time="0.004" /><testcase classname="tests.test_source_metadata_github" name="test_worker_status_output_schema_and_size_are_sanitized[extra-field]" time="0.003" /><testcase classname="tests.test_source_metadata_github" name="test_worker_status_output_schema_and_size_are_sanitized[over-bound]" time="0.009" /><testcase classname="tests.test_source_metadata_github" name="test_invalid_worker_input_never_starts_subprocess" time="0.002" /><testcase classname="tests.test_readme" name="test_readme_documents_universe_source_policy" time="0.006" /><testcase classname="tests.test_readme" name="test_readme_documents_local_lamp_overlay_artifact" time="0.004" /><testcase classname="tests.test_readme" name="test_readme_documents_full_batch_approval_boundary" time="0.003" /><testcase classname="tests.test_readme" name="test_readme_does_not_overclaim_legacy_bundle_reproducibility" time="0.005" /><testcase classname="tests.test_readme" name="test_readme_monitor_requires_verified_state_without_pipeline_commands" time="0.005" /><testcase classname="tests.test_readme" name="test_readme_distinguishes_fixture_preparation_from_approved_release_and_rollback" time="0.006" /><testcase classname="tests.test_readme" name="test_readme_maintenance_ownership_is_proposed_not_activated" time="0.004" /><testcase classname="tests.test_readme" name="test_readme_distinguishes_inspection_from_production_and_backup_proof" time="0.005" /><testcase classname="tests.test_source_metadata_cli" name="test_initialization_run_check_rejects_invalid_mode_before_io[initialization0]" time="0.003" /><testcase classname="tests.test_source_metadata_cli" name="test_initialization_run_check_rejects_invalid_mode_before_io[initialization1]" time="0.004" /><testcase classname="tests.test_source_metadata_cli" name="test_initialization_run_check_rejects_invalid_mode_before_io[initialization2]" time="0.002" /><testcase classname="tests.test_source_metadata_cli" name="test_initialization_run_check_rejects_invalid_mode_before_io[initialization3]" time="0.002" /><testcase classname="tests.test_source_metadata_cli" name="test_initialization_run_check_rejects_invalid_mode_before_io[initialization4]" time="0.005" /><testcase classname="tests.test_source_metadata_cli" name="test_initialization_run_check_rejects_invalid_mode_before_io[initialization5]" time="0.003" /><testcase classname="tests.test_source_metadata_cli" name="test_initialization_run_check_rejects_invalid_mode_before_io[initialization6]" time="0.003" /><testcase classname="tests.test_source_metadata_cli" name="test_initialization_run_check_rejects_invalid_mode_before_io[initialization7]" time="0.002" /><testcase classname="tests.test_source_metadata_cli" name="test_initialization_run_check_rejects_invalid_mode_before_io[initialization8]" time="0.002" /><testcase classname="tests.test_source_metadata_cli" name="test_initialization_run_check_rejects_invalid_mode_before_io[initialization9]" time="0.003" /><testcase classname="tests.test_source_metadata_cli" name="test_initialization_run_check_rejects_invalid_mode_before_io[initialization10]" time="0.005" /><testcase classname="tests.test_source_metadata_cli" name="test_initialization_cli_rejects_missing_or_conflicting_modes_before_io[arguments0-one of the arguments --bootstrap --previous is required]" time="0.007" /><testcase classname="tests.test_source_metadata_cli" name="test_initialization_cli_rejects_missing_or_conflicting_modes_before_io[arguments1-not allowed with argument]" time="0.006" /><testcase classname="tests.test_source_metadata_cli" name="test_initialization_cli_forwards_explicit_mode_and_exit_code[0-True]" time="0.008" /><testcase classname="tests.test_source_metadata_cli" name="test_initialization_cli_forwards_explicit_mode_and_exit_code[0-False]" time="0.006" /><testcase classname="tests.test_source_metadata_cli" name="test_initialization_cli_forwards_explicit_mode_and_exit_code[1-True]" time="0.005" /><testcase classname="tests.test_source_metadata_cli" name="test_initialization_cli_forwards_explicit_mode_and_exit_code[1-False]" time="0.005" /><testcase classname="tests.test_source_metadata_cli" name="test_initialization_cli_forwards_explicit_mode_and_exit_code[2-True]" time="0.061" /><testcase classname="tests.test_source_metadata_cli" name="test_initialization_cli_forwards_explicit_mode_and_exit_code[2-False]" time="0.005" /><testcase classname="tests.test_source_metadata_cli" name="test_first_observation_writes_fresh_report_and_restorable_state_without_delivery" time="0.133" /><testcase classname="tests.test_source_metadata_cli" name="test_restored_valid_etag_is_used_and_304_preserves_publication_date" time="0.106" /><testcase classname="tests.test_source_metadata_cli" name="test_persisted_long_rate_limit_prevents_all_host_requests" time="0.198" /><testcase classname="tests.test_source_metadata_cli" name="test_uncheckable_sources_are_explicit_without_requests[manual-manual]" time="0.106" /><testcase classname="tests.test_source_metadata_cli" name="test_uncheckable_sources_are_explicit_without_requests[unsupported-unsupported]" time="0.100" /><testcase classname="tests.test_source_metadata_cli" name="test_uncheckable_sources_are_explicit_without_requests[datamall_listing-credentials_required]" time="0.126" /><testcase classname="tests.test_source_metadata_cli" name="test_invalid_catalog_fails_before_network_or_output[&lt;lambda&gt;0]" time="0.059" /><testcase classname="tests.test_source_metadata_cli" name="test_invalid_catalog_fails_before_network_or_output[&lt;lambda&gt;1]" time="0.039" /><testcase classname="tests.test_source_metadata_cli" name="test_invalid_catalog_fails_before_network_or_output[&lt;lambda&gt;2]" time="0.039" /><testcase classname="tests.test_source_metadata_cli" name="test_invalid_catalog_fails_before_network_or_output[&lt;lambda&gt;3]" time="0.030" /><testcase classname="tests.test_source_metadata_cli" name="test_invalid_catalog_fails_before_network_or_output[&lt;lambda&gt;4]" time="0.035" /><testcase classname="tests.test_source_metadata_cli" name="test_invalid_catalog_fails_before_network_or_output[&lt;lambda&gt;5]" time="0.054" /><testcase classname="tests.test_source_metadata_cli" name="test_invalid_catalog_fails_before_network_or_output[&lt;lambda&gt;6]" time="0.050" /><testcase classname="tests.test_source_metadata_cli" name="test_invalid_catalog_fails_before_network_or_output[&lt;lambda&gt;7]" time="0.033" /><testcase classname="tests.test_source_metadata_cli" name="test_invalid_catalog_fails_before_network_or_output[&lt;lambda&gt;8]" time="0.036" /><testcase classname="tests.test_source_metadata_cli" name="test_invalid_catalog_fails_before_network_or_output[&lt;lambda&gt;9]" time="0.032" /><testcase classname="tests.test_source_metadata_cli" name="test_input_hash_mismatch_stops_without_rebuilding" time="0.051" /><testcase classname="tests.test_source_metadata_cli" name="test_bad_or_duplicate_json_never_authorizes_requests[{]" time="0.033" /><testcase classname="tests.test_source_metadata_cli" name="test_bad_or_duplicate_json_never_authorizes_requests[{&quot;x&quot;: NaN}]" time="0.048" /><testcase classname="tests.test_source_metadata_cli" name="test_bad_or_duplicate_json_never_authorizes_requests[{&quot;schemaVersion&quot;:1,&quot;schemaVersion&quot;:2}]" time="0.035" /><testcase classname="tests.test_source_metadata_cli" name="test_bad_previous_state_fails_closed_without_conditional_request[invalid_state]" time="0.115" /><testcase classname="tests.test_source_metadata_cli" name="test_bad_previous_state_fails_closed_without_conditional_request[wrong_catalog]" time="0.063" /><testcase classname="tests.test_source_metadata_cli" name="test_bad_previous_state_fails_closed_without_conditional_request[missing_key]" time="0.081" /><testcase classname="tests.test_source_metadata_cli" name="test_bad_previous_state_fails_closed_without_conditional_request[future_state]" time="0.117" /><testcase classname="tests.test_source_metadata_cli" name="test_bad_previous_state_fails_closed_without_conditional_request[missing_file]" time="0.071" /><testcase classname="tests.test_source_metadata_cli" name="test_bad_previous_state_fails_closed_without_conditional_request[truncated]" time="0.076" /><testcase classname="tests.test_source_metadata_cli" name="test_bad_previous_state_fails_closed_without_conditional_request[oversized]" time="0.115" /><testcase classname="tests.test_source_metadata_cli" name="test_output_scope_rejects_non_fresh_monitor_directory[web/public/data/new]" time="0.033" /><testcase classname="tests.test_source_metadata_cli" name="test_output_scope_rejects_non_fresh_monitor_directory[qa/p10_evidence/new]" time="0.023" /><testcase classname="tests.test_source_metadata_cli" name="test_output_scope_rejects_non_fresh_monitor_directory[raw/new]" time="0.026" /><testcase classname="tests.test_source_metadata_cli" name="test_output_scope_rejects_non_fresh_monitor_directory[qa/source-monitor]" time="0.029" /><testcase classname="tests.test_source_metadata_cli" name="test_output_scope_rejects_non_fresh_monitor_directory[tmp/new]" time="0.025" /><testcase classname="tests.test_source_metadata_cli" name="test_output_scope_rejects_non_fresh_monitor_directory[qa/source-monitor/a/b]" time="0.024" /><testcase classname="tests.test_source_metadata_cli" name="test_existing_output_is_never_overwritten" time="0.095" /><testcase classname="tests.test_source_metadata_cli" name="test_mid_run_anchor_change_is_preserved_as_failure_not_success" time="0.102" /><testcase classname="tests.test_source_metadata_cli" name="test_unchanged_rerun_preserves_pending_notice_id_without_claiming_delivery" time="0.220" /><testcase classname="tests.test_source_metadata_cli" name="test_deferred_previously_available_source_is_not_an_all_clear" time="0.201" /><testcase classname="tests.test_source_metadata_cli" name="test_acknowledged_staleness_still_requires_attention" time="0.240" /><testcase classname="tests.test_source_metadata_cli" name="test_cooldown_on_one_dataset_defers_other_datasets_on_same_host" time="0.228" /><testcase classname="tests.test_source_metadata_cli" name="test_outside_or_linked_output_is_rejected_before_any_requests" time="0.023" /><testcase classname="tests.test_source_metadata_cli" name="test_invalid_credentials_stop_without_echoing_or_network" time="0.044" /><testcase classname="tests.test_source_metadata_cli" name="test_runtime_anchor_never_uses_git_identity_in_place_of_recorded_local_bytes" time="0.161" /><testcase classname="tests.test_source_metadata_cli" name="test_success_report_follows_verified_state_persistence" time="0.075" /><testcase classname="tests.test_source_metadata_cli" name="test_failed_state_write_can_only_leave_a_failure_report[False]" time="0.113" /><testcase classname="tests.test_source_metadata_cli" name="test_failed_state_write_can_only_leave_a_failure_report[True]" time="0.091" /><testcase classname="tests.test_source_metadata_cli" name="test_state_readback_failure_is_not_reported_as_success[different-valid-json]" time="0.097" /><testcase classname="tests.test_source_metadata_cli" name="test_state_readback_failure_is_not_reported_as_success[truncated-json]" time="0.101" /><testcase classname="tests.test_source_metadata_cli" name="test_state_readback_failure_is_not_reported_as_success[oversized-state]" time="0.137" /><testcase classname="tests.test_source_metadata_cli" name="test_state_fsync_failure_does_not_authorize_a_completion_report_or_restore" time="0.134" /><testcase classname="tests.test_source_metadata_cli" name="test_previous_state_requires_matching_verified_completion_receipt[missing]" time="0.067" /><testcase classname="tests.test_source_metadata_cli" name="test_previous_state_requires_matching_verified_completion_receipt[bad_hash]" time="0.071" /><testcase classname="tests.test_source_metadata_cli" name="test_previous_state_requires_matching_verified_completion_receipt[failed]" time="0.070" /><testcase classname="tests.test_source_metadata_cli" name="test_previous_state_requires_matching_verified_completion_receipt[unverified]" time="0.064" /><testcase classname="tests.test_source_metadata_cli" name="test_previous_state_requires_matching_verified_completion_receipt[different_catalog]" time="0.093" /><testcase classname="tests.test_source_metadata_cli" name="test_previous_state_requires_matching_verified_completion_receipt[different_finish]" time="0.091" /><testcase classname="tests.test_source_metadata_cli" name="test_report_write_or_close_error_cannot_publish_success[before-write]" time="0.097" /><testcase classname="tests.test_source_metadata_cli" name="test_report_write_or_close_error_cannot_publish_success[after-write]" time="0.148" /><testcase classname="tests.test_source_metadata_cli" name="test_report_fsync_error_cannot_publish_success" time="0.075" /><testcase classname="tests.test_source_metadata_cli" name="test_report_readback_mismatch_never_publishes_success" time="0.100" /><testcase classname="tests.test_source_metadata_cli" name="test_report_publication_error_preserves_prior_files_without_fallback_write[False]" time="0.107" /><testcase classname="tests.test_source_metadata_cli" name="test_report_publication_error_preserves_prior_files_without_fallback_write[True]" time="0.109" /><testcase classname="tests.test_source_metadata_catalog" name="test_catalog_reuses_policy_and_never_substitutes_fetch_time" time="0.002" /><testcase classname="tests.test_source_metadata_catalog" name="test_catalog_preserves_manual_unsupported_and_absent_baseline" time="0.002" /><testcase classname="tests.test_source_metadata_catalog" name="test_recorded_http_date_is_preserved_as_an_instant" time="0.003" /><testcase classname="tests.test_source_metadata_catalog" name="test_unsafe_endpoint_identifiers_are_rejected[datagov_polldownload-dataset_id-../download]" time="0.003" /><testcase classname="tests.test_source_metadata_catalog" name="test_unsafe_endpoint_identifiers_are_rejected[datamall_geospatial_listing-search_keyword-x&amp;payload=1]" time="0.003" /><testcase classname="tests.test_source_metadata_catalog" name="test_ambiguous_recorded_dates_stay_unknown[2026-09-09]" time="0.003" /><testcase classname="tests.test_source_metadata_catalog" name="test_ambiguous_recorded_dates_stay_unknown[2026-09-09T01:00:00]" time="0.003" /><testcase classname="tests.test_source_metadata_catalog" name="test_ambiguous_recorded_dates_stay_unknown[bad]" time="0.003" /><testcase classname="tests.test_source_metadata_catalog" name="test_ambiguous_recorded_dates_stay_unknown[None]" time="0.003" /><testcase classname="tests.test_source_metadata_catalog" name="test_metadata_identity_records_both_hashes_without_mutating_crlf_bytes[raw/manifest.json]" time="0.005" /><testcase classname="tests.test_source_metadata_catalog" name="test_metadata_identity_records_both_hashes_without_mutating_crlf_bytes[pipeline/config/sources.yaml]" time="0.003" /><testcase classname="tests.test_source_metadata_catalog" name="test_identical_metadata_keeps_identical_raw_hashes" time="0.002" /><testcase classname="tests.test_source_metadata_catalog" name="test_semantic_or_other_byte_differences_are_not_line_ending_exceptions[{ }\n]" time="0.003" /><testcase classname="tests.test_source_metadata_catalog" name="test_semantic_or_other_byte_differences_are_not_line_ending_exceptions[{}\r]" time="0.007" /><testcase classname="tests.test_source_metadata_catalog" name="test_semantic_or_other_byte_differences_are_not_line_ending_exceptions[{}]" time="0.003" /><testcase classname="tests.test_source_metadata_catalog" name="test_semantic_or_other_byte_differences_are_not_line_ending_exceptions[{}\n\n]" time="0.003" /><testcase classname="tests.test_source_metadata_catalog" name="test_semantic_or_other_byte_differences_are_not_line_ending_exceptions[\xef\xbb\xbf{}\n]" time="0.003" /><testcase classname="tests.test_source_metadata_catalog" name="test_semantic_or_other_byte_differences_are_not_line_ending_exceptions[{&quot;sources&quot;:null}\n]" time="0.002" /><testcase classname="tests.test_source_metadata_catalog" name="test_semantic_or_other_byte_differences_are_not_line_ending_exceptions[\xff\n]" time="0.003" /><testcase classname="tests.test_source_metadata_catalog" name="test_metadata_exception_cannot_be_applied_to_any_other_input[pipeline/config/weights.yaml]" time="0.003" /><testcase classname="tests.test_source_metadata_catalog" name="test_metadata_exception_cannot_be_applied_to_any_other_input[raw/shelter.zip]" time="0.006" /><testcase classname="tests.test_source_metadata_catalog" name="test_metadata_exception_cannot_be_applied_to_any_other_input[processed/network_island.parquet]" time="0.004" /><testcase classname="tests.test_source_metadata_catalog" name="test_metadata_exception_cannot_be_applied_to_any_other_input[qa/releases/manifest.json]" time="0.002" /><testcase classname="tests.test_source_metadata_catalog" name="test_metadata_exception_cannot_be_applied_to_any_other_input[../raw/manifest.json]" time="0.002" /><testcase classname="tests.test_source_metadata_catalog" name="test_same_json_with_reordered_keys_is_not_accepted" time="0.002" /><testcase classname="tests.test_source_metadata_catalog" name="test_invalid_committed_text_is_not_silently_normalized[{}\r\n]" time="0.003" /><testcase classname="tests.test_source_metadata_catalog" name="test_invalid_committed_text_is_not_silently_normalized[{}\r]" time="0.002" /><testcase classname="tests.test_source_metadata_catalog" name="test_invalid_committed_text_is_not_silently_normalized[\xef\xbb\xbf{}\n]" time="0.002" /><testcase classname="tests.test_source_metadata_catalog" name="test_invalid_committed_text_is_not_silently_normalized[\x00\n]" time="0.002" /><testcase classname="tests.test_source_metadata_catalog" name="test_invalid_committed_text_is_not_silently_normalized[\xff\n]" time="0.003" /><testcase classname="tests.test_source_metadata_catalog" name="test_catalog_retains_distinct_git_and_local_anchor_identities" time="0.002" /><testcase classname="tests.test_source_metadata_http" name="test_success_only_gets_metadata_and_closes_connection" time="0.009" /><testcase classname="tests.test_source_metadata_http" name="test_non_allowlisted_endpoints_never_connect[http://api-production.data.gov.sg/v2/public/api/datasets/d_abc/metadata]" time="0.003" /><testcase classname="tests.test_source_metadata_http" name="test_non_allowlisted_endpoints_never_connect[https://example.com/v2/public/api/datasets/d_abc/metadata]" time="0.003" /><testcase classname="tests.test_source_metadata_http" name="test_non_allowlisted_endpoints_never_connect[https://api-production.data.gov.sg/v2/public/api/datasets/d_abc/list-rows]" time="0.003" /><testcase classname="tests.test_source_metadata_http" name="test_non_allowlisted_endpoints_never_connect[https://api-open.data.gov.sg/v1/public/api/datasets/d_abc/initiate-download]" time="0.003" /><testcase classname="tests.test_source_metadata_http" name="test_non_allowlisted_endpoints_never_connect[https://api-production.data.gov.sg/v2/public/api/datasets/d_abc/metadata?url=x]" time="0.005" /><testcase classname="tests.test_source_metadata_http" name="test_non_allowlisted_endpoints_never_connect[https://user:secret@api-production.data.gov.sg/v2/public/api/datasets/d_abc/metadata]" time="0.009" /><testcase classname="tests.test_source_metadata_http" name="test_non_allowlisted_endpoints_never_connect[https://api-production.data.gov.sg:444/v2/public/api/datasets/d_abc/metadata]" time="0.004" /><testcase classname="tests.test_source_metadata_http" name="test_non_allowlisted_endpoints_never_connect[https://api-production.data.gov.sg/v2/public/api/datasets/d_abc/metadata#fragment]" time="0.012" /><testcase classname="tests.test_source_metadata_http" name="test_non_allowlisted_endpoints_never_connect[https://datamall2.mytransport.sg/ltaodataservice/BusStops]" time="0.005" /><testcase classname="tests.test_source_metadata_http" name="test_non_allowlisted_endpoints_never_connect[https://datamall2.mytransport.sg/ltaodataservice/GeospatialWholeIsland?ID=CoveredLinkWay&amp;other=x]" time="0.007" /><testcase classname="tests.test_source_metadata_http" name="test_credentials_are_never_sent_to_data_gov" time="0.008" /><testcase classname="tests.test_source_metadata_http" name="test_unapproved_headers_never_connect[headers0]" time="0.004" /><testcase classname="tests.test_source_metadata_http" name="test_unapproved_headers_never_connect[headers1]" time="0.007" /><testcase classname="tests.test_source_metadata_http" name="test_redirect_is_not_followed_or_read" time="0.004" /><testcase classname="tests.test_source_metadata_http" name="test_rate_limit_defers_host_without_retry_and_honors_bounded_retry_after" time="0.003" /><testcase classname="tests.test_source_metadata_http" name="test_bad_or_short_retry_after_uses_minimum_cooldown[garbage]" time="0.004" /><testcase classname="tests.test_source_metadata_http" name="test_bad_or_short_retry_after_uses_minimum_cooldown[-8]" time="0.004" /><testcase classname="tests.test_source_metadata_http" name="test_bad_or_short_retry_after_uses_minimum_cooldown[0]" time="0.006" /><testcase classname="tests.test_source_metadata_http" name="test_304_does_not_read_response_body" time="0.003" /><testcase classname="tests.test_source_metadata_http" name="test_http_errors_are_bounded_and_do_not_print_body[401]" time="0.004" /><testcase classname="tests.test_source_metadata_http" name="test_http_errors_are_bounded_and_do_not_print_body[403]" time="0.005" /><testcase classname="tests.test_source_metadata_http" name="test_http_errors_are_bounded_and_do_not_print_body[404]" time="0.033" /><testcase classname="tests.test_source_metadata_http" name="test_http_errors_are_bounded_and_do_not_print_body[500]" time="0.003" /><testcase classname="tests.test_source_metadata_http" name="test_http_errors_are_bounded_and_do_not_print_body[503]" time="0.003" /><testcase classname="tests.test_source_metadata_http" name="test_timeout_is_not_retried_or_echoed" time="0.003" /><testcase classname="tests.test_source_metadata_http" name="test_total_request_budget_prevents_more_connections" time="0.004" /><testcase classname="tests.test_source_metadata_http" name="test_spacing_that_cannot_fit_deadline_defers_instead_of_sleeping" time="0.004" /><testcase classname="tests.test_source_metadata_http" name="test_per_host_spacing_is_enforced" time="0.010" /><testcase classname="tests.test_source_metadata_http" name="test_malformed_or_wrong_payload_never_becomes_observation[{-headers0]" time="0.016" /><testcase classname="tests.test_source_metadata_http" name="test_malformed_or_wrong_payload_never_becomes_observation[\xff-headers1]" time="0.004" /><testcase classname="tests.test_source_metadata_http" name="test_malformed_or_wrong_payload_never_becomes_observation[{&quot;x&quot;:NaN}-headers2]" time="0.004" /><testcase classname="tests.test_source_metadata_http" name="test_malformed_or_wrong_payload_never_becomes_observation[{}-headers3]" time="0.004" /><testcase classname="tests.test_source_metadata_http" name="test_malformed_or_wrong_payload_never_becomes_observation[{}-headers4]" time="0.004" /><testcase classname="tests.test_source_metadata_http" name="test_oversized_header_is_rejected_without_reading_body" time="0.003" /><testcase classname="tests.test_source_metadata_http" name="test_stream_without_size_header_reads_only_limit_plus_one" time="0.004" /><testcase classname="tests.test_source_metadata_http" name="test_observer_validates_dataset_identity_and_excludes_unrelated_metadata" time="0.004" /><testcase classname="tests.test_source_metadata_http" name="test_wrong_dataset_is_not_observed" time="0.003" /><testcase classname="tests.test_source_metadata_http" name="test_no_request_for_manual_unsupported_or_missing_credentials[manual-manual]" time="0.003" /><testcase classname="tests.test_source_metadata_http" name="test_no_request_for_manual_unsupported_or_missing_credentials[unsupported-unsupported]" time="0.005" /><testcase classname="tests.test_source_metadata_http" name="test_no_request_for_manual_unsupported_or_missing_credentials[datamall_listing-credentials_required]" time="0.004" /><testcase classname="tests.test_source_metadata_http" name="test_listing_reference_discards_rotating_signatures_and_never_follows_link" time="0.005" /><testcase classname="tests.test_source_metadata_http" name="test_missing_publisher_timestamp_stays_unknown" time="0.003" /><testcase classname="tests.test_source_metadata_http" name="test_long_retry_after_is_not_shortened_to_one_day[259200]" time="0.003" /><testcase classname="tests.test_source_metadata_http" name="test_long_retry_after_is_not_shortened_to_one_day[Sat, 12 Sep 2026 00:00:00 GMT]" time="0.003" /><testcase classname="tests.test_source_metadata_http" name="test_unrepresentable_retry_after_requires_indefinite_manual_wait" time="0.004" /><testcase classname="tests.test_source_metadata_http" name="test_late_304_is_timeout_not_success" time="0.003" /><testcase classname="tests.test_source_metadata_http" name="test_late_eof_is_timeout_not_success" time="0.008" /><testcase classname="tests.test_source_metadata_http" name="test_real_stalled_worker_is_killed_and_waited_without_network" time="0.256" /><testcase classname="tests.test_source_metadata_http" name="test_malformed_listing_urls_are_source_errors_not_uncaught_exceptions[https://[broken]" time="0.004" /><testcase classname="tests.test_source_metadata_http" name="test_malformed_listing_urls_are_source_errors_not_uncaught_exceptions[https://dmgeospatial.s3.ap-southeast-1.amazonaws.com:bad/CoveredLinkWay.zip]" time="0.004" /><testcase classname="tests.test_source_metadata_http" name="test_cleanup_failure_is_recorded_without_exception_details" time="0.003" /><testcase classname="tests.test_source_metadata_http" name="test_publisher_instant_overflow_is_unknown_not_a_crash[0001-01-01T00:00:00+14:00]" time="0.003" /><testcase classname="tests.test_source_metadata_http" name="test_publisher_instant_overflow_is_unknown_not_a_crash[9999-12-31T23:59:59-14:00]" time="0.003" /><testcase classname="tests.test_source_metadata_http" name="test_late_429_headers_retain_cooldown_before_deadline_rejection" time="0.003" /><testcase classname="tests.test_source_metadata_http" name="test_observed_429_cleanup_error_preserves_cooldown_and_host_block" time="0.003" /><testcase classname="tests.test_source_metadata_http" name="test_parent_blocks_observed_429_independently_of_outcome_and_final_deadline[False-rate_limited]" time="0.003" /><testcase classname="tests.test_source_metadata_http" name="test_parent_blocks_observed_429_independently_of_outcome_and_final_deadline[False-http_error]" time="0.003" /><testcase classname="tests.test_source_metadata_http" name="test_parent_blocks_observed_429_independently_of_outcome_and_final_deadline[False-timeout]" time="0.003" /><testcase classname="tests.test_source_metadata_http" name="test_parent_blocks_observed_429_independently_of_outcome_and_final_deadline[True-rate_limited]" time="0.003" /><testcase classname="tests.test_source_metadata_http" name="test_parent_blocks_observed_429_independently_of_outcome_and_final_deadline[True-http_error]" time="0.004" /><testcase classname="tests.test_source_metadata_http" name="test_parent_blocks_observed_429_independently_of_outcome_and_final_deadline[True-timeout]" time="0.005" /><testcase classname="tests.test_source_metadata_http" name="test_worker_timeout_retains_only_complete_safe_early_receipt[False]" time="0.004" /><testcase classname="tests.test_source_metadata_http" name="test_worker_timeout_retains_only_complete_safe_early_receipt[True]" time="0.003" /><testcase classname="tests.test_source_metadata_http" name="test_completed_worker_keeps_early_429_on_cleanup_exit_or_bad_final_result[0-final0]" time="0.003" /><testcase classname="tests.test_source_metadata_http" name="test_completed_worker_keeps_early_429_on_cleanup_exit_or_bad_final_result[0-final1]" time="0.003" /><testcase classname="tests.test_source_metadata_http" name="test_completed_worker_keeps_early_429_on_cleanup_exit_or_bad_final_result[1-None]" time="0.003" /><testcase clas
[...]
_malformed_results_do_not_replace_last_good[result1]" time="0.002" /><testcase classname="tests.test_source_metadata_state" name="test_malformed_results_do_not_replace_last_good[result2]" time="0.002" /><testcase classname="tests.test_source_metadata_state" name="test_freshness_threshold_crossing_not_daily_age_counters_changes_notice_episode" time="0.003" /><testcase classname="tests.test_source_metadata_state" name="test_transition_and_acknowledge_do_not_mutate_any_input" time="0.004" /><testcase classname="tests.test_source_metadata_state" name="test_time_moving_backwards_is_rejected_instead_of_rewriting_history" time="0.003" /><testcase classname="tests.test_source_metadata_state" name="test_contradictory_or_non_scalar_outcome_cannot_claim_success[result0]" time="0.004" /><testcase classname="tests.test_source_metadata_state" name="test_contradictory_or_non_scalar_outcome_cannot_claim_success[result1]" time="0.004" /><testcase classname="tests.test_source_metadata_state" name="test_contradictory_or_non_scalar_outcome_cannot_claim_success[result2]" time="0.004" /><testcase classname="tests.test_source_metadata_state" name="test_contradictory_or_non_scalar_outcome_cannot_claim_success[result3]" time="0.003" /><testcase classname="tests.test_source_metadata_state" name="test_contradictory_or_non_scalar_outcome_cannot_claim_success[result4]" time="0.002" /><testcase classname="tests.test_source_metadata_state" name="test_malformed_persisted_observation_does_not_authorize_304[observedAt-2027-01-01T00:00:00Z]" time="0.002" /><testcase classname="tests.test_source_metadata_state" name="test_malformed_persisted_observation_does_not_authorize_304[kind-future-kind]" time="0.002" /><testcase classname="tests.test_source_metadata_state" name="test_malformed_persisted_observation_does_not_authorize_304[identity-value2]" time="0.003" /><testcase classname="tests.test_source_metadata_state" name="test_last_known_revision_cannot_be_forged_from_a_listing" time="0.003" /><testcase classname="tests.test_source_metadata_state" name="test_malformed_prior_with_valid_observation_reestablishes_trust_without_unchanged_claim" time="0.003" /><testcase classname="tests.test_source_metadata_state" name="test_stale_notice_is_superseded_by_current_recovery_not_delivered_late" time="0.002" /><testcase classname="tests.test_source_metadata_state" name="test_acknowledgment_time_does_not_rewrite_evaluation_or_check_time" time="0.003" /><testcase classname="tests.test_source_metadata_state" name="test_trusted_previous_is_a_deep_copy_without_evaluation_or_notice_changes" time="0.005" /><testcase classname="tests.test_source_metadata_state" name="test_trusted_previous_absent_or_malformed_state_is_none[None]" time="0.002" /><testcase classname="tests.test_source_metadata_state" name="test_trusted_previous_absent_or_malformed_state_is_none[previous1]" time="0.005" /><testcase classname="tests.test_source_metadata_state" name="test_trusted_previous_absent_or_malformed_state_is_none[previous2]" time="0.002" /><testcase classname="tests.test_source_metadata_state" name="test_trusted_previous_absent_or_malformed_state_is_none[invalid]" time="0.003" /><testcase classname="tests.test_source_metadata_state" name="test_trusted_previous_rejects_invalid_complete_state[change0]" time="0.004" /><testcase classname="tests.test_source_metadata_state" name="test_trusted_previous_rejects_invalid_complete_state[change1]" time="0.002" /><testcase classname="tests.test_source_metadata_state" name="test_trusted_previous_rejects_invalid_complete_state[change2]" time="0.002" /><testcase classname="tests.test_source_metadata_state" name="test_trusted_previous_rejects_invalid_complete_state[change3]" time="0.003" /><testcase classname="tests.test_source_metadata_state" name="test_trusted_previous_rejects_invalid_complete_state[change4]" time="0.003" /><testcase classname="tests.test_source_metadata_state" name="test_trusted_previous_rejects_invalid_complete_state[change5]" time="0.004" /><testcase classname="tests.test_source_metadata_state" name="test_trusted_previous_rejects_valid_but_different_source_context[changes0]" time="0.003" /><testcase classname="tests.test_source_metadata_state" name="test_trusted_previous_rejects_valid_but_different_source_context[changes1]" time="0.003" /><testcase classname="tests.test_source_metadata_state" name="test_trusted_previous_rejects_valid_but_different_source_context[changes2]" time="0.003" /><testcase classname="tests.test_source_metadata_state" name="test_trusted_previous_rejects_valid_but_different_source_context[changes3]" time="0.003" /><testcase classname="tests.test_source_metadata_state" name="test_trusted_previous_rejects_valid_but_different_source_context[changes4]" time="0.003" /><testcase classname="tests.test_source_metadata_state" name="test_trusted_previous_rejects_time_before_valid_evaluation_or_acknowledgment[False]" time="0.004" /><testcase classname="tests.test_source_metadata_state" name="test_trusted_previous_rejects_time_before_valid_evaluation_or_acknowledgment[True]" time="0.004" /><testcase classname="tests.test_source_metadata_state" name="test_trusted_previous_future_cooldown_and_unknown_publisher_age_are_not_clock_rollback" time="0.004" /><testcase classname="tests.test_source_metadata_state" name="test_trusted_previous_does_not_read_ordering_from_untrusted_or_mismatched_state" time="0.003" /><testcase classname="tests.test_source_metadata_state" name="test_trusted_previous_validates_caller_time_and_source_even_without_prior_state" time="0.002" /><testcase classname="tests.test_source_metadata_delivery" name="test_planning_is_deterministic_bounded_and_not_an_acknowledgement" time="0.003" /><testcase classname="tests.test_source_metadata_delivery" name="test_delivery_requires_ordered_issue_and_receipt_readback" time="0.002" /><testcase classname="tests.test_source_metadata_delivery" name="test_repeats_and_restart_deduplicate_exact_ids_without_rewriting_receipt" time="0.003" /><testcase classname="tests.test_source_metadata_delivery" name="test_new_monitor_identity_updates_receipt_not_issue_for_same_notice" time="0.002" /><testcase classname="tests.test_source_metadata_delivery" name="test_failure_recovery_and_recurrence_are_distinct_deliveries" time="0.005" /><testcase classname="tests.test_source_metadata_delivery" name="test_failed_send_never_acknowledges_even_when_remote_write_happened[raise]" time="0.003" /><testcase classname="tests.test_source_metadata_delivery" name="test_failed_send_never_acknowledges_even_when_remote_write_happened[reject]" time="0.003" /><testcase classname="tests.test_source_metadata_delivery" name="test_failed_send_never_acknowledges_even_when_remote_write_happened[after_write]" time="0.003" /><testcase classname="tests.test_source_metadata_delivery" name="test_invalid_or_failed_issue_reads_never_acknowledge[fault0-1]" time="0.002" /><testcase classname="tests.test_source_metadata_delivery" name="test_invalid_or_failed_issue_reads_never_acknowledge[fault0-2]" time="0.004" /><testcase classname="tests.test_source_metadata_delivery" name="test_invalid_or_failed_issue_reads_never_acknowledge[fault1-1]" time="0.004" /><testcase classname="tests.test_source_metadata_delivery" name="test_invalid_or_failed_issue_reads_never_acknowledge[fault1-2]" time="0.003" /><testcase classname="tests.test_source_metadata_delivery" name="test_invalid_or_failed_issue_reads_never_acknowledge[fault2-1]" time="0.002" /><testcase classname="tests.test_source_metadata_delivery" name="test_invalid_or_failed_issue_reads_never_acknowledge[fault2-2]" time="0.002" /><testcase classname="tests.test_source_metadata_delivery" name="test_invalid_or_failed_issue_reads_never_acknowledge[fault3-1]" time="0.003" /><testcase classname="tests.test_source_metadata_delivery" name="test_invalid_or_failed_issue_reads_never_acknowledge[fault3-2]" time="0.003" /><testcase classname="tests.test_source_metadata_delivery" name="test_invalid_or_failed_issue_reads_never_acknowledge[fault4-1]" time="0.003" /><testcase classname="tests.test_source_metadata_delivery" name="test_invalid_or_failed_issue_reads_never_acknowledge[fault4-2]" time="0.003" /><testcase classname="tests.test_source_metadata_delivery" name="test_invalid_or_failed_issue_reads_never_acknowledge[fault5-1]" time="0.003" /><testcase classname="tests.test_source_metadata_delivery" name="test_invalid_or_failed_issue_reads_never_acknowledge[fault5-2]" time="0.003" /><testcase classname="tests.test_source_metadata_delivery" name="test_exact_body_readback_required_not_notice_substring_match" time="0.003" /><testcase classname="tests.test_source_metadata_delivery" name="test_bootstrap_never_overwrites_unrelated_issue_content" time="0.002" /><testcase classname="tests.test_source_metadata_delivery" name="test_failed_receipt_commit_never_acknowledges[raise]" time="0.002" /><testcase classname="tests.test_source_metadata_delivery" name="test_failed_receipt_commit_never_acknowledges[reject]" time="0.002" /><testcase classname="tests.test_source_metadata_delivery" name="test_failed_receipt_commit_never_acknowledges[after_write]" time="0.002" /><testcase classname="tests.test_source_metadata_delivery" name="test_receipt_read_errors_and_corruption_fail_closed[fault0-1]" time="0.002" /><testcase classname="tests.test_source_metadata_delivery" name="test_receipt_read_errors_and_corruption_fail_closed[fault0-2]" time="0.003" /><testcase classname="tests.test_source_metadata_delivery" name="test_receipt_read_errors_and_corruption_fail_closed[{-1]" time="0.003" /><testcase classname="tests.test_source_metadata_delivery" name="test_receipt_read_errors_and_corruption_fail_closed[{-2]" time="0.007" /><testcase classname="tests.test_source_metadata_delivery" name="test_receipt_read_errors_and_corruption_fail_closed[-1]" time="0.004" /><testcase classname="tests.test_source_metadata_delivery" name="test_receipt_read_errors_and_corruption_fail_closed[-2]" time="0.003" /><testcase classname="tests.test_source_metadata_delivery" name="test_receipt_read_errors_and_corruption_fail_closed[not bytes-1]" time="0.003" /><testcase classname="tests.test_source_metadata_delivery" name="test_receipt_read_errors_and_corruption_fail_closed[not bytes-2]" time="0.003" /><testcase classname="tests.test_source_metadata_delivery" name="test_restart_after_interruption_reconciles_exact_attempt_without_resend[send]" time="0.004" /><testcase classname="tests.test_source_metadata_delivery" name="test_restart_after_interruption_reconciles_exact_attempt_without_resend[commit]" time="0.003" /><testcase classname="tests.test_source_metadata_delivery" name="test_repeat_still_requires_destination_readback_before_acknowledging" time="0.003" /><testcase classname="tests.test_source_metadata_delivery" name="test_invalid_bootstrap_identity_and_missing_pins_fail_before_io[changes0]" time="0.002" /><testcase classname="tests.test_source_metadata_delivery" name="test_invalid_bootstrap_identity_and_missing_pins_fail_before_io[changes1]" time="0.004" /><testcase classname="tests.test_source_metadata_delivery" name="test_invalid_bootstrap_identity_and_missing_pins_fail_before_io[changes2]" time="0.003" /><testcase classname="tests.test_source_metadata_delivery" name="test_invalid_bootstrap_identity_and_missing_pins_fail_before_io[changes3]" time="0.003" /><testcase classname="tests.test_source_metadata_delivery" name="test_invalid_bootstrap_identity_and_missing_pins_fail_before_io[changes4]" time="0.003" /><testcase classname="tests.test_source_metadata_delivery" name="test_invalid_bootstrap_identity_and_missing_pins_fail_before_io[changes5]" time="0.003" /><testcase classname="tests.test_source_metadata_delivery" name="test_invalid_bootstrap_identity_and_missing_pins_fail_before_io[changes6]" time="0.003" /><testcase classname="tests.test_source_metadata_delivery" name="test_interrupted_or_invalid_prior_receipt_rejected_even_with_matching_hash[change0]" time="0.003" /><testcase classname="tests.test_source_metadata_delivery" name="test_interrupted_or_invalid_prior_receipt_rejected_even_with_matching_hash[change1]" time="0.003" /><testcase classname="tests.test_source_metadata_delivery" name="test_interrupted_or_invalid_prior_receipt_rejected_even_with_matching_hash[change2]" time="0.002" /><testcase classname="tests.test_source_metadata_delivery" name="test_interrupted_or_invalid_prior_receipt_rejected_even_with_matching_hash[change3]" time="0.002" /><testcase classname="tests.test_source_metadata_delivery" name="test_interrupted_or_invalid_prior_receipt_rejected_even_with_matching_hash[change4]" time="0.003" /><testcase classname="tests.test_source_metadata_delivery" name="test_interrupted_or_invalid_prior_receipt_rejected_even_with_matching_hash[change5]" time="0.004" /><testcase classname="tests.test_source_metadata_delivery" name="test_interrupted_or_invalid_prior_receipt_rejected_even_with_matching_hash[change6]" time="0.006" /><testcase classname="tests.test_source_metadata_delivery" name="test_interrupted_or_invalid_prior_receipt_rejected_even_with_matching_hash[change7]" time="0.004" /><testcase classname="tests.test_source_metadata_delivery" name="test_interrupted_or_invalid_prior_receipt_rejected_even_with_matching_hash[change8]" time="0.002" /><testcase classname="tests.test_source_metadata_delivery" name="test_interrupted_or_invalid_prior_receipt_rejected_even_with_matching_hash[change9]" time="0.003" /><testcase classname="tests.test_source_metadata_delivery" name="test_noncanonical_truncated_duplicate_or_oversized_receipt_is_not_restored[&lt;lambda&gt;0]" time="0.003" /><testcase classname="tests.test_source_metadata_delivery" name="test_noncanonical_truncated_duplicate_or_oversized_receipt_is_not_restored[&lt;lambda&gt;1]" time="0.002" /><testcase classname="tests.test_source_metadata_delivery" name="test_noncanonical_truncated_duplicate_or_oversized_receipt_is_not_restored[&lt;lambda&gt;2]" time="0.002" /><testcase classname="tests.test_source_metadata_delivery" name="test_noncanonical_truncated_duplicate_or_oversized_receipt_is_not_restored[&lt;lambda&gt;3]" time="0.002" /><testcase classname="tests.test_source_metadata_delivery" name="test_noncanonical_truncated_duplicate_or_oversized_receipt_is_not_restored[&lt;lambda&gt;4]" time="0.004" /><testcase classname="tests.test_source_metadata_delivery" name="test_missing_or_rolled_back_store_cannot_be_treated_as_first_run" time="0.003" /><testcase classname="tests.test_source_metadata_delivery" name="test_notice_validation_cannot_forward_free_text_or_report_fields[change0]" time="0.003" /><testcase classname="tests.test_source_metadata_delivery" name="test_notice_validation_cannot_forward_free_text_or_report_fields[change1]" time="0.002" /><testcase classname="tests.test_source_metadata_delivery" name="test_notice_validation_cannot_forward_free_text_or_report_fields[change2]" time="0.002" /><testcase classname="tests.test_source_metadata_delivery" name="test_notice_validation_cannot_forward_free_text_or_report_fields[change3]" time="0.002" /><testcase classname="tests.test_source_metadata_delivery" name="test_notice_validation_cannot_forward_free_text_or_report_fields[change4]" time="0.002" /><testcase classname="tests.test_source_metadata_delivery" name="test_notice_validation_cannot_forward_free_text_or_report_fields[change5]" time="0.001" /><testcase classname="tests.test_source_metadata_delivery" name="test_notice_validation_cannot_forward_free_text_or_report_fields[change6]" time="0.002" /><testcase classname="tests.test_source_metadata_delivery" name="test_notice_validation_cannot_forward_free_text_or_report_fields[change7]" time="0.002" /><testcase classname="tests.test_source_metadata_delivery" name="test_notice_validation_cannot_forward_free_text_or_report_fields[change8]" time="0.002" /><testcase classname="tests.test_source_metadata_delivery" name="test_notice_validation_cannot_forward_free_text_or_report_fields[change9]" time="0.002" /><testcase classname="tests.test_source_metadata_delivery" name="test_notice_validation_cannot_forward_free_text_or_report_fields[change10]" time="0.001" /><testcase classname="tests.test_source_metadata_delivery" name="test_notice_validation_cannot_forward_free_text_or_report_fields[change11]" time="0.001" /><testcase classname="tests.test_source_metadata_delivery" name="test_notice_validation_cannot_forward_free_text_or_report_fields[change12]" time="0.001" /><testcase classname="tests.test_source_metadata_delivery" name="test_conflicting_payload_for_same_exact_id_is_not_silently_deduplicated" time="0.002" /><testcase classname="tests.test_source_metadata_delivery" name="test_empty_bootstrap_does_nothing_and_does_not_establish_a_receipt" time="0.002" /><testcase classname="tests.test_source_metadata_delivery" name="test_capacity_failures_never_prune_or_make_transport_calls" time="0.005" /><testcase classname="tests.test_source_metadata_delivery" name="test_report_state_and_metadata_tokens_never_enter_issue_or_change_inputs" time="0.003" /><testcase classname="tests.test_source_metadata_delivery" name="test_restart_of_later_generation_reconciles_only_exact_inflight_attempt[send]" time="0.004" /><testcase classname="tests.test_source_metadata_delivery" name="test_restart_of_later_generation_reconciles_only_exact_inflight_attempt[commit]" time="0.003" /><testcase classname="tests.test_source_metadata_delivery" name="test_changed_attempt_after_interrupted_send_does_not_overwrite_unknown_body" time="0.002" /><testcase classname="tests.test_source_metadata_delivery" name="test_receipt_claiming_completed_attempt_does_not_authorize_repairing_issue" time="0.002" /><testcase classname="tests.test_source_metadata_delivery" name="test_concurrent_issue_change_is_not_overwritten" time="0.001" /><testcase classname="tests.test_source_metadata_delivery" name="test_concurrent_receipt_change_is_not_overwritten" time="0.002" /><testcase classname="tests.test_source_metadata_delivery" name="test_truthy_provider_responses_are_not_explicit_success[None-update]" time="0.002" /><testcase classname="tests.test_source_metadata_delivery" name="test_truthy_provider_responses_are_not_explicit_success[None-commit]" time="0.002" /><testcase classname="tests.test_source_metadata_delivery" name="test_truthy_provider_responses_are_not_explicit_success[1-update]" time="0.002" /><testcase classname="tests.test_source_metadata_delivery" name="test_truthy_provider_responses_are_not_explicit_success[1-commit]" time="0.002" /><testcase classname="tests.test_source_metadata_delivery" name="test_truthy_provider_responses_are_not_explicit_success[success-update]" time="0.002" /><testcase classname="tests.test_source_metadata_delivery" name="test_truthy_provider_responses_are_not_explicit_success[success-commit]" time="0.003" /><testcase classname="tests.test_source_metadata_delivery" name="test_truthy_provider_responses_are_not_explicit_success[response3-update]" time="0.003" /><testcase classname="tests.test_source_metadata_delivery" name="test_truthy_provider_responses_are_not_explicit_success[response3-commit]" time="0.002" /><testcase classname="tests.test_source_metadata_delivery" name="test_caller_input_mutation_after_planning_cannot_change_plan" time="0.001" /><testcase classname="tests.test_source_metadata_delivery" name="test_exact_id_matching_does_not_confuse_episode_prefixes" time="0.004" /><testcase classname="tests.test_source_metadata_delivery" name="test_equivalent_instants_and_reason_order_plan_identically" time="0.001" /><testcase classname="tests.test_source_metadata_delivery" name="test_receipt_maximum_counts_verified_status_bytes" time="0.002" /><testcase classname="tests.test_source_metadata_delivery" name="test_hash_pin_mismatch_or_catalog_change_is_not_silently_rebased" time="0.002" /><testcase classname="tests.test_source_metadata_delivery" name="test_generation_exhaustion_does_not_reset_history" time="0.002" /></testsuite></testsuites>