<?xml version="1.0" encoding="utf-8"?><testsuites name="pytest tests"><testsuite name="pytest" errors="0" failures="1" skipped="0" tests="25" time="19.365" timestamp="2026-09-13T23:45:02.897398+08:00" hostname="Prawn-E14"><testcase classname="tests.test_source_maintenance_runner" name="test_one_real_local_cycle_checks_posts_reads_and_acknowledges_without_rewriting" time="1.076" /><testcase classname="tests.test_source_maintenance_runner" name="test_healthy_check_does_not_post_or_create_ack_directory" time="0.202" /><testcase classname="tests.test_source_maintenance_runner" name="test_following_check_restores_acknowledged_state_and_source_cooldown" time="1.196" /><testcase classname="tests.test_source_maintenance_runner" name="test_github_budget_starts_after_metadata_phase_without_per_notice_reset" time="0.799" /><testcase classname="tests.test_source_maintenance_runner" name="test_nine_notices_are_processed_as_eight_then_one_with_original_plans" time="6.346" /><testcase classname="tests.test_source_maintenance_runner" name="test_failed_readback_retains_id_and_resume_never_reposts" time="1.077" /><testcase classname="tests.test_source_maintenance_runner" name="test_unknown_post_outcome_requires_operator_and_preserves_all_history" time="0.381" /><testcase classname="tests.test_source_maintenance_runner" name="test_pending_predecessor_stops_before_new_metadata_or_transport" time="0.442" /><testcase classname="tests.test_source_maintenance_runner" name="test_pin_mismatch_stops_before_new_check_with_actual_hash[state_sha256]" time="0.855" /><testcase classname="tests.test_source_maintenance_runner" name="test_pin_mismatch_stops_before_new_check_with_actual_hash[report_sha256]" time="0.742" /><testcase classname="tests.test_source_maintenance_runner" name="test_invalid_initialization_has_no_network_or_output[changes0]" time="0.065" /><testcase classname="tests.test_source_maintenance_runner" name="test_invalid_initialization_has_no_network_or_output[changes1]" time="0.063" /><testcase classname="tests.test_source_maintenance_runner" name="test_invalid_initialization_has_no_network_or_output[changes2]" time="0.072" /><testcase classname="tests.test_source_maintenance_runner" name="test_existing_output_is_never_reused[first-check]" time="0.088" /><testcase classname="tests.test_source_maintenance_runner" name="test_existing_output_is_never_reused[first-ack]" time="0.094" /><testcase classname="tests.test_source_maintenance_runner" name="test_acknowledgement_failure_does_not_clear_pending_or_resend" time="1.110" /><testcase classname="tests.test_source_maintenance_runner" name="test_acknowledged_checkpoint_cannot_masquerade_as_original_check" time="0.751" /><testcase classname="tests.test_source_maintenance_runner" name="test_input_mismatch_during_check_never_constructs_github_transport" time="0.127" /><testcase classname="tests.test_source_maintenance_runner" name="test_unbudgeted_client_is_rejected" time="0.159" /><testcase classname="tests.test_source_maintenance_runner" name="test_none_metadata_client_cannot_activate_checker_default" time="0.111" /><testcase classname="tests.test_source_maintenance_runner" name="test_valid_predecessor_substitution_is_rejected_before_github" time="0.429" /><testcase classname="tests.test_source_maintenance_runner" name="test_valid_report_substitution_at_ack_handoff_is_not_adopted" time="0.526"><failure message="AssertionError: assert 'STOP_ACK_REC...point created' == 'STOP_RUNNER_ACK_PIN_MISMATCH'&#10;  &#10;  - STOP_RUNNER_ACK_PIN_MISMATCH&#10;  + STOP_ACK_RECEIPT: recorded_receipt_invalid; no checkpoint created">setup = {'catalog': {'anchors': {'pipeline/config/sources.yaml': 'ca3d163bab055381827226140568f3bef7eaac187cebd76878e0b63e9e44...k(wall=1800000001.0, ticks=1.0, sleeps=[1.0]), 'factory': &lt;function setup.&lt;locals&gt;.factory at 0x0000028AEB22AAC0&gt;, ...}
monkeypatch = &lt;_pytest.monkeypatch.MonkeyPatch object at 0x0000028AEA89AD20&gt;

    def test_valid_report_substitution_at_ack_handoff_is_not_adopted(setup, monkeypatch):
        original = runner.publish_checkpoint
    
        def substitute(root, output, **kwargs):
            path = kwargs["previous"].with_name("report.json")
            report = json.loads(path.read_bytes())
            report["elapsedSeconds"] += 1
            path.write_text(json.dumps(report), encoding="utf8")
            return original(root, output, **kwargs)
    
        monkeypatch.setattr(runner, "publish_checkpoint", substitute)
        result = cycle(setup)
        assert result["status"] == "stopped" and result["reason"] == "acknowledgement_failed"
&gt;       assert result["detail"] == "STOP_RUNNER_ACK_PIN_MISMATCH"
E       AssertionError: assert 'STOP_ACK_REC...point created' == 'STOP_RUNNER_ACK_PIN_MISMATCH'
E         
E         - STOP_RUNNER_ACK_PIN_MISMATCH
E         + STOP_ACK_RECEIPT: recorded_receipt_invalid; no checkpoint created

tests\test_source_maintenance_runner.py:302: AssertionError</failure></testcase><testcase classname="tests.test_source_maintenance_runner" name="test_local_ack_io_failure_returns_original_pins_and_retains_receipts[write]" time="0.545" /><testcase classname="tests.test_source_maintenance_runner" name="test_local_ack_io_failure_returns_original_pins_and_retains_receipts[readback]" time="0.595" /><testcase classname="tests.test_source_maintenance_runner" name="test_rate_limit_is_persisted_and_prevents_subsequent_posts" time="0.446" /></testsuite></testsuites>