{"numTotalTestSuites":31,"numPassedTestSuites":31,"numFailedTestSuites":0,"numPendingTestSuites":0,"numTotalTests":381,"numPassedTests":381,"numFailedTests":0,"numPendingTests":0,"numTodoTests":0,"snapshot":{"added":0,"failure":false,"filesAdded":0,"filesRemoved":0,"filesRemovedList":[],"filesUnmatched":0,"filesUpdated":0,"matched":0,"total":0,"unchecked":0,"uncheckedKeysByFile":[],"unmatched":0,"updated":0,"didUpdate":false},"startTime":1789442833003,"success":true,"testResults":[{"assertionResults":[{"ancestorTitles":[],"fullName":"keeps segmented keyboard focus inside its clipping container","status":"passed","title":"keeps segmented keyboard focus inside its clipping container","duration":9.247800000000097,"failureMessages":[],"meta":{},"tags":[]},{"ancestorTitles":["rendered accessibility output"],"fullName":"rendered accessibility output formats manifest data dates for the title-card honesty line","status":"passed","title":"formats manifest data dates for the title-card honesty line","duration":142.81079999999974,"failureMessages":[],"meta":{},"tags":[]},{"ancestorTitles":["rendered accessibility output"],"fullName":"rendered accessibility output renders visible map attribution instead of relying on source-only checks","status":"passed","title":"renders visible map attribution instead of relying on source-only checks","duration":42.45719999999983,"failureMessages":[],"meta":{},"tags":[]},{"ancestorTitles":["rendered accessibility output"],"fullName":"rendered accessibility output groups failure actions in the error panel without putting them in the assertive announcement","status":"passed","title":"groups failure actions in the error panel without putting them in the assertive announcement","duration":9.793299999999817,"failureMessages":[],"meta":{},"tags":[]},{"ancestorTitles":["rendered accessibility output"],"fullName":"rendered accessibility output renders search result announcements and assertive error alerts","status":"passed","title":"renders search result announcements and assertive error alerts","duration":14.30749999999989,"failureMessages":[],"meta":{},"tags":[]},{"ancestorTitles":["rendered accessibility output"],"fullName":"rendered accessibility output keeps data commentary out of the initial map","status":"passed","title":"keeps data commentary out of the initial map","duration":28.801800000000185,"failureMessages":[],"meta":{},"tags":[]},{"ancestorTitles":["rendered accessibility output"],"fullName":"rendered accessibility output separates recorded source updates, static check, bundle generation and unknown publication","status":"passed","title":"separates recorded source updates, static check, bundle generation and unknown publication","duration":36.269700000000284,"failureMessages":[],"meta":{},"tags":[]},{"ancestorTitles":["rendered accessibility output"],"fullName":"rendered accessibility output keeps a known publisher date distinct from unknown freshness","status":"passed","title":"keeps a known publisher date distinct from unknown freshness","duration":28.24649999999974,"failureMessages":[],"meta":{},"tags":[]},{"ancestorTitles":["rendered accessibility output"],"fullName":"rendered accessibility output does not replace missing or invalid bundle dates with check dates: null","status":"passed","title":"does not replace missing or invalid bundle dates with check dates: null","duration":13.879699999999957,"failureMessages":[],"meta":{},"tags":[]},{"ancestorTitles":["rendered accessibility output"],"fullName":"rendered accessibility output does not replace missing or invalid bundle dates with check dates: {\"data_as_of\":\"2026-02-30\",\"generated_at\":\"2026-08-05T14:00:00\",\"provenance\":{}}","status":"passed","title":"does not replace missing or invalid bundle dates with check dates: {\"data_as_of\":\"2026-02-30\",\"generated_at\":\"2026-08-05T14:00:00\",\"provenance\":{}}","duration":13.067400000000362,"failureMessages":[],"meta":{},"tags":[]},{"ancestorTitles":["rendered accessibility output"],"fullName":"rendered accessibility output introduces the shelter-map panel before search","status":"passed","title":"introduces the shelter-map panel before search","duration":26.530199999999695,"failureMessages":[],"meta":{},"tags":[]},{"ancestorTitles":["rendered accessibility output"],"fullName":"rendered accessibility output renders live status for shelter-map panel load, walk mode, stop selection, and planning-area comparison","status":"passed","title":"renders live status for shelter-map panel load, walk mode, stop selection, and planning-area comparison","duration":134.23249999999962,"failureMessages":[],"meta":{},"tags":[]},{"ancestorTitles":["rendered accessibility output"],"fullName":"rendered accessibility output announces the default walk display as sheltered walk instead of the internal mode name","status":"passed","title":"announces the default walk display as sheltered walk instead of the internal mode name","duration":38.22980000000007,"failureMessages":[],"meta":{},"tags":[]},{"ancestorTitles":["rendered accessibility output"],"fullName":"rendered accessibility output uses transit stop-or-exit fallback copy when a scored walk has no named best node","status":"passed","title":"uses transit stop-or-exit fallback copy when a scored walk has no named best node","duration":31.085199999999986,"failureMessages":[],"meta":{},"tags":[]},{"ancestorTitles":["rendered accessibility output"],"fullName":"rendered accessibility output announces same shortest and sheltered display as a walk state","status":"passed","title":"announces same shortest and sheltered display as a walk state","duration":3.1403000000000247,"failureMessages":[],"meta":{},"tags":[]},{"ancestorTitles":["rendered accessibility output"],"fullName":"rendered accessibility output falls back to walk active when no selected walk label is available","status":"passed","title":"falls back to walk active when no selected walk label is available","duration":5.757099999999809,"failureMessages":[],"meta":{},"tags":[]},{"ancestorTitles":["rendered accessibility output"],"fullName":"rendered accessibility output shows when clicked-stop route preview falls back to straight-line evidence","status":"passed","title":"shows when clicked-stop route preview falls back to straight-line evidence","duration":24.52240000000029,"failureMessages":[],"meta":{},"tags":[]},{"ancestorTitles":["rendered accessibility output"],"fullName":"rendered accessibility output explains when a searched postal has no published shelter-map walk","status":"passed","title":"explains when a searched postal has no published shelter-map walk","duration":5.494799999999941,"failureMessages":[],"meta":{},"tags":[]},{"ancestorTitles":["rendered accessibility output"],"fullName":"rendered accessibility output names known P19 recent-source misses when the selected postal matches the cached list","status":"passed","title":"names known P19 recent-source misses when the selected postal matches the cached list","duration":15.207100000000082,"failureMessages":[],"meta":{},"tags":[]},{"ancestorTitles":["rendered accessibility output"],"fullName":"rendered accessibility output renders the route exposure lead and four-row score presentation","status":"passed","title":"renders the route exposure lead and four-row score presentation","duration":146.4103,"failureMessages":[],"meta":{},"tags":[]},{"ancestorTitles":["rendered accessibility output"],"fullName":"rendered accessibility output keeps covered-walkway evidence visually larger than the locked score badge","status":"passed","title":"keeps covered-walkway evidence visually larger than the locked score badge","duration":4.101999999999862,"failureMessages":[],"meta":{},"tags":[]},{"ancestorTitles":["rendered accessibility output"],"fullName":"rendered accessibility output matches planning-area empty copy to the selected comparison view","status":"passed","title":"matches planning-area empty copy to the selected comparison view","duration":39.176200000000335,"failureMessages":[],"meta":{},"tags":[]},{"ancestorTitles":["rendered accessibility output"],"fullName":"rendered accessibility output uses sentence-case comparison labels in planning-area status copy","status":"passed","title":"uses sentence-case comparison labels in planning-area status copy","duration":3.2573999999999614,"failureMessages":[],"meta":{},"tags":[]},{"ancestorTitles":["rendered accessibility output"],"fullName":"rendered accessibility output does not call crossing friction an evidence view in planning-area helper copy","status":"passed","title":"does not call crossing friction an evidence view in planning-area helper copy","duration":1.6891000000000531,"failureMessages":[],"meta":{},"tags":[]},{"ancestorTitles":["rendered accessibility output"],"fullName":"rendered accessibility output renders access-walk source labels without connector jargon","status":"passed","title":"renders access-walk source labels without connector jargon","duration":38.13899999999967,"failureMessages":[],"meta":{},"tags":[]},{"ancestorTitles":["rendered accessibility output"],"fullName":"rendered accessibility output keeps night-lighting prose out of route details","status":"passed","title":"keeps night-lighting prose out of route details","duration":76.07889999999998,"failureMessages":[],"meta":{},"tags":[]},{"ancestorTitles":["rendered accessibility output"],"fullName":"rendered accessibility output frames traced correction notes as shelter feedback","status":"passed","title":"frames traced correction notes as shelter feedback","duration":38.22889999999961,"failureMessages":[],"meta":{},"tags":[]},{"ancestorTitles":["rendered accessibility output"],"fullName":"rendered accessibility output renders exposed gap lengths with coordinates","status":"passed","title":"renders exposed gap lengths with coordinates","duration":54.88810000000012,"failureMessages":[],"meta":{},"tags":[]},{"ancestorTitles":["rendered accessibility output"],"fullName":"rendered accessibility output uses singular grammar when one exposed gap includes map coordinates","status":"passed","title":"uses singular grammar when one exposed gap includes map coordinates","duration":24.483799999999974,"failureMessages":[],"meta":{},"tags":[]},{"ancestorTitles":["rendered accessibility output"],"fullName":"rendered accessibility output matches active exposed-gap accessible labels to the selected map state","status":"passed","title":"matches active exposed-gap accessible labels to the selected map state","duration":34.98310000000038,"failureMessages":[],"meta":{},"tags":[]},{"ancestorTitles":["rendered accessibility output"],"fullName":"rendered accessibility output uses singular grammar when one exposed gap has no map coordinates","status":"passed","title":"uses singular grammar when one exposed gap has no map coordinates","duration":34.981700000000274,"failureMessages":[],"meta":{},"tags":[]},{"ancestorTitles":["rendered accessibility output"],"fullName":"rendered accessibility output names exposed gaps when the displayed gap list is truncated","status":"passed","title":"names exposed gaps when the displayed gap list is truncated","duration":49.43759999999975,"failureMessages":[],"meta":{},"tags":[]},{"ancestorTitles":["rendered accessibility output"],"fullName":"rendered accessibility output does not attach sheltered gaps to the shortest walk's exposure copy","status":"passed","title":"does not attach sheltered gaps to the shortest walk's exposure copy","duration":37.65129999999999,"failureMessages":[],"meta":{},"tags":[]},{"ancestorTitles":["rendered accessibility output"],"fullName":"rendered accessibility output keeps shortest gaps unavailable when the sheltered list is empty","status":"passed","title":"keeps shortest gaps unavailable when the sheltered list is empty","duration":30.178800000000138,"failureMessages":[],"meta":{},"tags":[]},{"ancestorTitles":["rendered accessibility output"],"fullName":"rendered accessibility output distinguishes sheltered missing versus recorded-empty gaps: null","status":"passed","title":"distinguishes sheltered missing versus recorded-empty gaps: null","duration":31.90430000000015,"failureMessages":[],"meta":{},"tags":[]},{"ancestorTitles":["rendered accessibility output"],"fullName":"rendered accessibility output distinguishes sheltered missing versus recorded-empty gaps: undefined","status":"passed","title":"distinguishes sheltered missing versus recorded-empty gaps: undefined","duration":42.202600000000075,"failureMessages":[],"meta":{},"tags":[]},{"ancestorTitles":["rendered accessibility output"],"fullName":"rendered accessibility output labels transit stop-or-exit availability before a user switches modes","status":"passed","title":"labels transit stop-or-exit availability before a user switches modes","duration":50.62989999999991,"failureMessages":[],"meta":{},"tags":[]},{"ancestorTitles":["rendered accessibility output"],"fullName":"rendered accessibility output explains no-transit records when a connected walk exists only beyond the locked range","status":"passed","title":"explains no-transit records when a connected walk exists only beyond the locked range","duration":28.513700000000426,"failureMessages":[],"meta":{},"tags":[]},{"ancestorTitles":["rendered accessibility output"],"fullName":"rendered accessibility output explains no-transit records when candidates exist but are disconnected","status":"passed","title":"explains no-transit records when candidates exist but are disconnected","duration":6.834800000000087,"failureMessages":[],"meta":{},"tags":[]},{"ancestorTitles":["rendered accessibility output"],"fullName":"rendered accessibility output explains no-transit records when no qualifying candidate was selected","status":"passed","title":"explains no-transit records when no qualifying candidate was selected","duration":8.826100000000224,"failureMessages":[],"meta":{},"tags":[]},{"ancestorTitles":["rendered accessibility output"],"fullName":"rendered accessibility output phrases mode-specific no-walk states as walks to transit stops or exits","status":"passed","title":"phrases mode-specific no-walk states as walks to transit stops or exits","duration":6.4276999999997315,"failureMessages":[],"meta":{},"tags":[]},{"ancestorTitles":["rendered accessibility output"],"fullName":"rendered accessibility output keeps null locked-term rows unavailable instead of inventing numbers","status":"passed","title":"keeps null locked-term rows unavailable instead of inventing numbers","duration":23.653600000000097,"failureMessages":[],"meta":{},"tags":[]},{"ancestorTitles":["rendered accessibility output"],"fullName":"rendered accessibility output describes awaiting bundle scoring as a frozen v1 bundle state","status":"passed","title":"describes awaiting bundle scoring as a frozen v1 bundle state","duration":7.547500000000127,"failureMessages":[],"meta":{},"tags":[]},{"ancestorTitles":["rendered accessibility output"],"fullName":"rendered accessibility output renders direct bus fallback evidence instead of a false low-bus verdict","status":"passed","title":"renders direct bus fallback evidence instead of a false low-bus verdict","duration":33.33030000000008,"failureMessages":[],"meta":{},"tags":[]},{"ancestorTitles":["rendered accessibility output"],"fullName":"rendered accessibility output renders direct bus fallback score reasons without implying a verified walk","status":"passed","title":"renders direct bus fallback score reasons without implying a verified walk","duration":22.44479999999976,"failureMessages":[],"meta":{},"tags":[]},{"ancestorTitles":["rendered accessibility output"],"fullName":"rendered accessibility output keeps the low-bus verdict for genuine zero-bus records without fallback evidence","status":"passed","title":"keeps the low-bus verdict for genuine zero-bus records without fallback evidence","duration":27.693899999999758,"failureMessages":[],"meta":{},"tags":[]},{"ancestorTitles":["rendered accessibility output"],"fullName":"rendered accessibility output does not surface record-level untrusted_subscores as a selected-route warning","status":"passed","title":"does not surface record-level untrusted_subscores as a selected-route warning","duration":146.0605999999998,"failureMessages":[],"meta":{},"tags":[]}],"startTime":1789442853562,"endTime":1789442855249.0605,"status":"passed","message":"","name":"C:/sgSHIOK2026/web/lib/__tests__/accessibility-render.test.tsx"},{"assertionResults":[{"ancestorTitles":["map-first home shell"],"fullName":"map-first home shell mounts a basemap without a selected postal or geometry","status":"passed","title":"mounts a basemap without a selected postal or geometry","duration":61.255499999999984,"failureMessages":[],"meta":{},"tags":[]},{"ancestorTitles":["map-first home shell"],"fullName":"map-first home shell puts postal search in the top-left stack and uses an accessible icon submit","status":"passed","title":"puts postal search in the top-left stack and uses an accessible icon submit","duration":6.815800000000081,"failureMessages":[],"meta":{},"tags":[]},{"ancestorTitles":["map-first home shell"],"fullName":"map-first home shell has no About data footer or comparison entry point","status":"passed","title":"has no About data footer or comparison entry point","duration":15.505699999999933,"failureMessages":[],"meta":{},"tags":[]},{"ancestorTitles":["map-first home shell"],"fullName":"map-first home shell server-renders a native root GET form for both Enter and the submit button","status":"passed","title":"server-renders a native root GET form for both Enter and the submit button","duration":7.423000000000002,"failureMessages":[],"meta":{},"tags":[]},{"ancestorTitles":["map-first home shell"],"fullName":"map-first home shell server-renders one required six-digit named text control so leading zeros survive GET","status":"passed","title":"server-renders one required six-digit named text control so leading zeros survive GET","duration":10.87350000000015,"failureMessages":[],"meta":{},"tags":[]}],"startTime":1789442862633,"endTime":1789442862734.8735,"status":"passed","message":"","name":"C:/sgSHIOK2026/web/lib/__tests__/map-first-shell.test.ts"},{"assertionResults":[{"ancestorTitles":["Home map recovery actions"],"fullName":"Home map recovery actions records the failed map stage and clears it when a later attempt starts","status":"passed","title":"records the failed map stage and clears it when a later attempt starts","duration":47.25859999999989,"failureMessages":[],"meta":{},"tags":[]},{"ancestorTitles":["Home map recovery actions"],"fullName":"Home map recovery actions does not reload on failure or rerender; no-draft explicit Reload page calls reload once","status":"passed","title":"does not reload on failure or rerender; no-draft explicit Reload page calls reload once","duration":15.072799999999916,"failureMessages":[],"meta":{},"tags":[]},{"ancestorTitles":["Home map recovery actions"],"fullName":"Home map recovery actions does not expose the retired technical-card draft tool","status":"passed","title":"does not expose the retired technical-card draft tool","duration":9.999499999999898,"failureMessages":[],"meta":{},"tags":[]},{"ancestorTitles":["Home map recovery actions"],"fullName":"Home map recovery actions ordinary partial failure increments retryKey without remounting or reloading","status":"passed","title":"ordinary partial failure increments retryKey without remounting or reloading","duration":19.778999999999996,"failureMessages":[],"meta":{},"tags":[]},{"ancestorTitles":["Home map recovery actions"],"fullName":"Home map recovery actions error after ready remounts the map without changing retryKey or reloading","status":"passed","title":"error after ready remounts the map without changing retryKey or reloading","duration":28.532199999999875,"failureMessages":[],"meta":{},"tags":[]},{"ancestorTitles":["Home map recovery actions"],"fullName":"Home map recovery actions a subsequent partial status clears an earlier reload instruction","status":"passed","title":"a subsequent partial status clears an earlier reload instruction","duration":21.37390000000005,"failureMessages":[],"meta":{},"tags":[]},{"ancestorTitles":["Home map recovery actions"],"fullName":"Home map recovery actions ready hides recovery actions and a later ordinary error does not inherit reload","status":"passed","title":"ready hides recovery actions and a later ordinary error does not inherit reload","duration":21.04139999999984,"failureMessages":[],"meta":{},"tags":[]}],"startTime":1789442860782,"endTime":1789442860946.0415,"status":"passed","message":"","name":"C:/sgSHIOK2026/web/lib/__tests__/map-recovery-actions.test.tsx"},{"assertionResults":[{"ancestorTitles":["T03 page diagnostic ownership"],"fullName":"T03 page diagnostic ownership removes comparison and data disclosures from Home and enables lighting automatically","status":"passed","title":"removes comparison and data disclosures from Home and enables lighting automatically","duration":198.84270000000015,"failureMessages":[],"meta":{},"tags":[]},{"ancestorTitles":["T03 page diagnostic ownership"],"fullName":"T03 page diagnostic ownership shows no diagnostics on success and preserves a global map failure across category changes","status":"passed","title":"shows no diagnostics on success and preserves a global map failure across category changes","duration":86.8100999999997,"failureMessages":[],"meta":{},"tags":[]},{"ancestorTitles":["T03 page diagnostic ownership"],"fullName":"T03 page diagnostic ownership keeps a terminal outer render failure global instead of falsely recovering on route change","status":"passed","title":"keeps a terminal outer render failure global instead of falsely recovering on route change","duration":76.09730000000036,"failureMessages":[],"meta":{},"tags":[]},{"ancestorTitles":["T03 page diagnostic ownership"],"fullName":"T03 page diagnostic ownership rejects a prior selected-route probe across a category ABA and clears the old snapshot synchronously","status":"passed","title":"rejects a prior selected-route probe across a category ABA and clears the old snapshot synchronously","duration":82.11869999999999,"failureMessages":[],"meta":{},"tags":[]},{"ancestorTitles":["T03 page diagnostic ownership"],"fullName":"T03 page diagnostic ownership rejects callbacks from a retired map instance after Retry map","status":"passed","title":"rejects callbacks from a retired map instance after Retry map","duration":72.6228000000001,"failureMessages":[],"meta":{},"tags":[]},{"ancestorTitles":["T03 page diagnostic ownership"],"fullName":"T03 page diagnostic ownership copies geometry role/status but never the artifact path or thrown message","status":"passed","title":"copies geometry role/status but never the artifact path or thrown message","duration":67.20730000000003,"failureMessages":[],"meta":{},"tags":[]},{"ancestorTitles":["T03 page diagnostic ownership"],"fullName":"T03 page diagnostic ownership replaces raw selection errors with fixed copy and rejects an older postal failure","status":"passed","title":"replaces raw selection errors with fixed copy and rejects an older postal failure","duration":18.725999999999658,"failureMessages":[],"meta":{},"tags":[]},{"ancestorTitles":["T03 page diagnostic ownership"],"fullName":"T03 page diagnostic ownership does not let a superseded same-postal geometry retry replace a newer success","status":"passed","title":"does not let a superseded same-postal geometry retry replace a newer success","duration":40.7478000000001,"failureMessages":[],"meta":{},"tags":[]},{"ancestorTitles":["T03 page diagnostic ownership"],"fullName":"T03 page diagnostic ownership does not attach a previous network diagnostic or retry to input-validation feedback","status":"passed","title":"does not attach a previous network diagnostic or retry to input-validation feedback","duration":25.050199999999677,"failureMessages":[],"meta":{},"tags":[]},{"ancestorTitles":["T03 page diagnostic ownership"],"fullName":"T03 page diagnostic ownership clears failed geometry and its diagnostic when navigating to the plain map","status":"passed","title":"clears failed geometry and its diagnostic when navigating to the plain map","duration":38.48620000000028,"failureMessages":[],"meta":{},"tags":[]},{"ancestorTitles":["T16 Home report integration with the real composer contract"],"fullName":"T16 Home report integration with the real composer contract keeps the public route reporting capability off and exposes no report entry or trace","status":"passed","title":"keeps the public route reporting capability off and exposes no report entry or trace","duration":43.748499999999694,"failureMessages":[],"meta":{},"tags":[]},{"ancestorTitles":["T16 Home report integration with the real composer contract"],"fullName":"T16 Home report integration with the real composer contract rejects a captured opener after the deployment capability is disabled","status":"passed","title":"rejects a captured opener after the deployment capability is disabled","duration":58.59410000000025,"failureMessages":[],"meta":{},"tags":[]},{"ancestorTitles":["T16 Home report integration with the real composer contract"],"fullName":"T16 Home report integration with the real composer contract measures only the active panel, preserving walk refs, at 1440 x 950","status":"passed","title":"measures only the active panel, preserving walk refs, at 1440 x 950","duration":70.77630000000045,"failureMessages":[],"meta":{},"tags":[]},{"ancestorTitles":["T16 Home report integration with the real composer contract"],"fullName":"T16 Home report integration with the real composer contract measures only the active panel, preserving walk refs, at 390 x 844","status":"passed","title":"measures only the active panel, preserving walk refs, at 390 x 844","duration":77.93619999999919,"failureMessages":[],"meta":{},"tags":[]},{"ancestorTitles":["T16 Home report integration with the real composer contract"],"fullName":"T16 Home report integration with the real composer contract starts empty, preserves the saved map, and passes the validated point/context with sending off","status":"passed","title":"starts empty, preserves the saved map, and passes the validated point/context with sending off","duration":129.09289999999964,"failureMessages":[],"meta":{},"tags":[]},{"ancestorTitles":["T16 Home report integration with the real composer contract"],"fullName":"T16 Home report integration with the real composer contract provides a keyboard-activatable postal point without geolocation or network","status":"passed","title":"provides a keyboard-activatable postal point without geolocation or network","duration":77.60849999999937,"failureMessages":[],"meta":{},"tags":[]},{"ancestorTitles":["T16 Home report integration with the real composer contract"],"fullName":"T16 Home report integration with the real composer contract moves focus after the report panel is mounted and restores the opener only after closing commits","status":"passed","title":"moves focus after the report panel is mounted and restores the opener only after closing commits","duration":72.05719999999928,"failureMessages":[],"meta":{},"tags":[]},{"ancestorTitles":["T16 Home report integration with the real composer contract"],"fullName":"T16 Home report integration with the real composer contract retains the entire traced section and supports undo before composition","status":"passed","title":"retains the entire traced section and supports undo before composition","duration":92.55779999999959,"failureMessages":[],"meta":{},"tags":[]},{"ancestorTitles":["T16 Home report integration with the real composer contract"],"fullName":"T16 Home report integration with the real composer contract refuses malformed/out-of-bounds points without storing them: {\"lng\":null,\"lat\":1.35}","status":"passed","title":"refuses malformed/out-of-bounds points without storing them: {\"lng\":null,\"lat\":1.35}","duration":85.20229999999992,"failureMessages":[],"meta":{},"tags":[]},{"ancestorTitles":["T16 Home report integration with the real composer contract"],"fullName":"T16 Home report integration with the real composer contract refuses malformed/out-of-bounds points without storing them: {\"lng\":0,\"lat\":0}","status":"passed","title":"refuses malformed/out-of-bounds points without storing them: {\"lng\":0,\"lat\":0}","duration":65.39480000000003,"failureMessages":[],"meta":{},"tags":[]},{"ancestorTitles":["T16 Home report integration with the real composer contract"],"fullName":"T16 Home report integration with the real composer contract refuses malformed/out-of-bounds points without storing them: {\"lng\":103.85,\"lat\":null}","status":"passed","title":"refuses malformed/out-of-bounds points without storing them: {\"lng\":103.85,\"lat\":null}","duration":48.88310000000001,"failureMessages":[],"meta":{},"tags":[]},{"ancestorTitles":["T16 Home report integration with the real composer contract"],"fullName":"T16 Home report integration with the real composer contract bounds traced path length and vertex count without silently truncating the accepted selection","status":"passed","title":"bounds traced path length and vertex count without silently truncating the accepted selection","duration":412.40009999999984,"failureMessages":[],"meta":{},"tags":[]},{"ancestorTitles":["T16 Home report integration with the real composer contract"],"fullName":"T16 Home report integration with the real composer contract requires confirmation before replacing a selected location mode","status":"passed","title":"requires confirmation before replacing a selected location mode","duration":89.83950000000004,"failureMessages":[],"meta":{},"tags":[]},{"ancestorTitles":["T16 Home report integration with the real composer contract"],"fullName":"T16 Home report integration with the real composer contract does not let captured tracing/undo/continue callbacks edit a prepared composition","status":"passed","title":"does not let captured tracing/undo/continue callbacks edit a prepared composition","duration":83.05369999999948,"failureMessages":[],"meta":{},"tags":[]},{"ancestorTitles":["T16 Home report integration with the real composer contract"],"fullName":"T16 Home report integration with the real composer contract blocks a new search and a stale captured search while an uncertain report has no leave consent","status":"passed","title":"blocks a new search and a stale captured search while an uncertain report has no leave consent","duration":92.88290000000052,"failureMessages":[],"meta":{},"tags":[]},{"ancestorTitles":["T16 Home report integration with the real composer contract"],"fullName":"T16 Home report integration with the real composer contract leaves for a new search only after explicit consent and ignores old child callbacks afterward","status":"passed","title":"leaves for a new search only after explicit consent and ignores old child callbacks afterward","duration":147.69819999999982,"failureMessages":[],"meta":{},"tags":[]},{"ancestorTitles":["T16 Home report integration with the real composer contract"],"fullName":"T16 Home report integration with the real composer contract keeps the same composer and original geometry across back/hash/plain-map navigation","status":"passed","title":"keeps the same composer and original geometry across back/hash/plain-map navigation","duration":103.92799999999988,"failureMessages":[],"meta":{},"tags":[]},{"ancestorTitles":["T16 Home report integration with the real composer contract"],"fullName":"T16 Home report integration with the real composer contract pauses an unfinished trace when history changes its walk instead of appending to a new context","status":"passed","title":"pauses an unfinished trace when history changes its walk instead of appending to a new context","duration":71.5572000000002,"failureMessages":[],"meta":{},"tags":[]},{"ancestorTitles":["T16 Home report integration with the real composer contract"],"fullName":"T16 Home report integration with the real composer contract guards selected stops, category changes, saved choices and route changes with current report state","status":"passed","title":"guards selected stops, category changes, saved choices and route changes with current report state","duration":73.94329999999991,"failureMessages":[],"meta":{},"tags":[]},{"ancestorTitles":["T16 Home report integration with the real composer contract"],"fullName":"T16 Home report integration with the real composer contract keeps the report/trace across map retry and rejects the retired map point callback","status":"passed","title":"keeps the report/trace across map retry and rejects the retired map point callback","duration":86.23389999999927,"failureMessages":[],"meta":{},"tags":[]},{"ancestorTitles":["T16 Home report integration with the real composer contract"],"fullName":"T16 Home report integration with the real composer contract requires consent for the explicit reload action without inventing cancellation of a submitted report","status":"passed","title":"requires consent for the explicit reload action without inventing cancellation of a submitted report","duration":75.33410000000003,"failureMessages":[],"meta":{},"tags":[]},{"ancestorTitles":["T16 Home report integration with the real composer contract"],"fullName":"T16 Home report integration with the real composer contract guards native unload until a confirmed receipt or explicit composer close","status":"passed","title":"guards native unload until a confirmed receipt or explicit composer close","duration":58.83629999999994,"failureMessages":[],"meta":{},"tags":[]},{"ancestorTitles":["T16 Home report integration with the real composer contract"],"fullName":"T16 Home report integration with the real composer contract intercepts same-tab links before routing and permits departures only after explicit leave consent","status":"passed","title":"intercepts same-tab links before routing and permits departures only after explicit leave consent","duration":64.67739999999958,"failureMessages":[],"meta":{},"tags":[]},{"ancestorTitles":["T16 Home report integration with the real composer contract"],"fullName":"T16 Home report integration with the real composer contract does not discard a report for a ctrlKey modified link","status":"passed","title":"does not discard a report for a ctrlKey modified link","duration":51.41489999999976,"failureMessages":[],"meta":{},"tags":[]},{"ancestorTitles":["T16 Home report integration with the real composer contract"],"fullName":"T16 Home report integration with the real composer contract does not discard a report for a metaKey modified link","status":"passed","title":"does not discard a report for a metaKey modified link","duration":62.06909999999971,"failureMessages":[],"meta":{},"tags":[]},{"ancestorTitles":["T16 Home report integration with the real composer contract"],"fullName":"T16 Home report integration with the real composer contract does not discard a report for a shiftKey modified link","status":"passed","title":"does not discard a report for a shiftKey modified link","duration":55.519500000000335,"failureMessages":[],"meta":{},"tags":[]},{"ancestorTitles":["T16 Home report integration with the real composer contract"],"fullName":"T16 Home report integration with the real composer contract does not discard a report for a altKey modified link","status":"passed","title":"does not discard a report for a altKey modified link","duration":31.684900000000198,"failureMessages":[],"meta":{},"tags":[]},{"ancestorTitles":["T16 Home report integration with the real composer contract"],"fullName":"T16 Home report integration with the real composer contract guards cancelable router/browser departures before unmount and retains same-page history","status":"passed","title":"guards cancelable router/browser departures before unmount and retains same-page history","duration":40.20350000000053,"failureMessages":[],"meta":{},"tags":[]},{"ancestorTitles":["T16 Home report integration with the real composer contract"],"fullName":"T16 Home report integration with the real composer contract fails closed if the confirmation API is unavailable or throws","status":"passed","title":"fails closed if the confirmation API is unavailable or throws","duration":33.29950000000008,"failureMessages":[],"meta":{},"tags":[]},{"ancestorTitles":["T16 Home report integration with the real composer contract"],"fullName":"T16 Home report integration with the real composer contract removes native guards and rejects captured callbacks after Home unmounts","status":"passed","title":"removes native guards and rejects captured callbacks after Home unmounts","duration":28.61409999999978,"failureMessages":[],"meta":{},"tags":[]},{"ancestorTitles":["T30 native postal search and initial navigation ownership"],"fullName":"T30 native postal search and initial navigation ownership reads the input synchronously instead of React query \"\"","status":"passed","title":"reads the input synchronously instead of React query \"\"","duration":19.835399999999936,"failureMessages":[],"meta":{},"tags":[]},{"ancestorTitles":["T30 native postal search and initial navigation ownership"],"fullName":"T30 native postal search and initial navigation ownership reads the input synchronously instead of React query \"079908\"","status":"passed","title":"reads the input synchronously instead of React query \"079908\"","duration":15.740500000000793,"failureMessages":[],"meta":{},"tags":[]},{"ancestorTitles":["T30 native postal search and initial navigation ownership"],"fullName":"T30 native postal search and initial navigation ownership trims a valid DOM postal without dropping its leading zero","status":"passed","title":"trims a valid DOM postal without dropping its leading zero","duration":23.91489999999976,"failureMessages":[],"meta":{},"tags":[]},{"ancestorTitles":["T30 native postal search and initial navigation ownership"],"fullName":"T30 native postal search and initial navigation ownership rejects invalid actual input \"\" even when React query is valid","status":"passed","title":"rejects invalid actual input \"\" even when React query is valid","duration":10.15020000000004,"failureMessages":[],"meta":{},"tags":[]},{"ancestorTitles":["T30 native postal search and initial navigation ownership"],"fullName":"T30 native postal search and initial navigation ownership rejects invalid actual input \"01895\" even when React query is valid","status":"passed","title":"rejects invalid actual input \"01895\" even when React query is valid","duration":8.883900000000722,"failureMessages":[],"meta":{},"tags":[]},{"ancestorTitles":["T30 native postal search and initial navigation ownership"],"fullName":"T30 native postal search and initial navigation ownership rejects invalid actual input \"0189567\" even when React query is valid","status":"passed","title":"rejects invalid actual input \"0189567\" even when React query is valid","duration":25.467899999999645,"failureMessages":[],"meta":{},"tags":[]},{"ancestorTitles":["T30 native postal search and initial navigation ownership"],"fullName":"T30 native postal search and initial navigation ownership rejects invalid actual input \"01895a\" even when React query is valid","status":"passed","title":"rejects invalid actual input \"01895a\" even when React query is valid","duration":13.397899999999936,"failureMessages":[],"meta":{},"tags":[]},{"ancestorTitles":["T30 native postal search and initial navigation ownership"],"fullName":"T30 native postal search and initial navigation ownership rejects invalid actual input \"  \" even when React query is valid","status":"passed","title":"rejects invalid actual input \"  \" even when React query is valid","duration":9.479400000000169,"failureMessages":[],"meta":{},"tags":[]},{"ancestorTitles":["T30 native postal search and initial navigation ownership"],"fullName":"T30 native postal search and initial navigation ownership rejects invalid actual input \"０１８９５６\" even when React query is valid","status":"passed","title":"rejects invalid actual input \"０１８９５６\" even when React query is valid","duration":15.915899999999965,"failureMessages":[],"meta":{},"tags":[]},{"ancestorTitles":["T30 native postal search and initial navigation ownership"],"fullName":"T30 native postal search and initial navigation ownership rejects a missing or wrong-kind named control null","status":"passed","title":"rejects a missing or wrong-kind named control null","duration":9.985999999999876,"failureMessages":[],"meta":{},"tags":[]},{"ancestorTitles":["T30 native postal search and initial navigation ownership"],"fullName":"T30 native postal search and initial navigation ownership rejects a missing or wrong-kind named control {\"value\":\"018956\"}","status":"passed","title":"rejects a missing or wrong-kind named control {\"value\":\"018956\"}","duration":12.468300000000454,"failureMessages":[],"meta":{},"tags":[]},{"ancestorTitles":["T30 native postal search and initial navigation ownership"],"fullName":"T30 native postal search and initial navigation ownership keeps an explicit submit authoritative when the first URL effect is still pending: ","status":"passed","title":"keeps an explicit submit authoritative when the first URL effect is still pending: ","duration":28.47480000000087,"failureMessages":[],"meta":{},"tags":[]},{"ancestorTitles":["T30 native postal search and initial navigation ownership"],"fullName":"T30 native postal search and initial navigation ownership keeps an explicit submit authoritative when the first URL effect is still pending: ?postal=079908&transit=mrt_lrt&stop=mrt:21624&route=shortest","status":"passed","title":"keeps an explicit submit authoritative when the first URL effect is still pending: ?postal=079908&transit=mrt_lrt&stop=mrt:21624&route=shortest","duration":18.34600000000046,"failureMessages":[],"meta":{},"tags":[]},{"ancestorTitles":["T30 native postal search and initial navigation ownership"],"fullName":"T30 native postal search and initial navigation ownership consumes a native GET postal once after mount with no submit handler call","status":"passed","title":"consumes a native GET postal once after mount with no submit handler call","duration":17.908800000000156,"failureMessages":[],"meta":{},"tags":[]},{"ancestorTitles":["T30 native postal search and initial navigation ownership"],"fullName":"T30 native postal search and initial navigation ownership rejects invalid direct-URL postal \"\" without loading any record or API","status":"passed","title":"rejects invalid direct-URL postal \"\" without loading any record or API","duration":10.633499999999913,"failureMessages":[],"meta":{},"tags":[]},{"ancestorTitles":["T30 native postal search and initial navigation ownership"],"fullName":"T30 native postal search and initial navigation ownership rejects invalid direct-URL postal \"01895\" without loading any record or API","status":"passed","title":"rejects invalid direct-URL postal \"01895\" without loading any record or API","duration":8.413800000000265,"failureMessages":[],"meta":{},"tags":[]},{"ancestorTitles":["T30 native postal search and initial navigation ownership"],"fullName":"T30 native postal search and initial navigation ownership rejects invalid direct-URL postal \"0189567\" without loading any record or API","status":"passed","title":"rejects invalid direct-URL postal \"0189567\" without loading any record or API","duration":13.6895999999997,"failureMessages":[],"meta":{},"tags":[]},{"ancestorTitles":["T30 native postal search and initial navigation ownership"],"fullName":"T30 native postal search and initial navigation ownership rejects invalid direct-URL postal \"01895a\" without loading any record or API","status":"passed","title":"rejects invalid direct-URL postal \"01895a\" without loading any record or API","duration":15.13630000000012,"failureMessages":[],"meta":{},"tags":[]},{"ancestorTitles":["T30 native postal search and initial navigation ownership"],"fullName":"T30 native postal search and initial navigation ownership rejects invalid direct-URL postal \"０１８９５６\" without loading any record or API","status":"passed","title":"rejects invalid direct-URL postal \"０１８９５６\" without loading any record or API","duration":11.97440000000006,"failureMessages":[],"meta":{},"tags":[]},{"ancestorTitles":["T30 native postal search and initial navigation ownership"],"fullName":"T30 native postal search and initial navigation ownership rejects invalid direct-URL postal \"<script>\" without loading any record or API","status":"passed","title":"rejects invalid direct-URL postal \"<script>\" without loading any record or API","duration":10.78399999999965,"failureMessages":[],"meta":{},"tags":[]},{"ancestorTitles":["Home cache bootstrap across entry paths"],"fullName":"Home cache bootstrap across entry paths requests cache bootstrap on initial entry  without requiring a postal search","status":"passed","title":"requests cache bootstrap on initial entry  without requiring a postal search","duration":9.69840000000022,"failureMessages":[],"meta":{},"tags":[]},{"ancestorTitles":["Home cache bootstrap across entry paths"],"fullName":"Home cache bootstrap across entry paths requests cache bootstrap on initial entry #compare=1&postals=018956&transit=bus&active=018956 without requiring a postal search","status":"passed","title":"requests cache bootstrap on initial entry #compare=1&postals=018956&transit=bus&active=018956 without requiring a postal search","duration":15.990200000000186,"failureMessages":[],"meta":{},"tags":[]},{"ancestorTitles":["Home cache bootstrap across entry paths"],"fullName":"Home cache bootstrap across entry paths requests cache bootstrap on initial entry #compare=broken without requiring a postal search","status":"passed","title":"requests cache bootstrap on initial entry #compare=broken without requiring a postal search","duration":16.528400000000147,"failureMessages":[],"meta":{},"tags":[]},{"ancestorTitles":["Retired comparison entry points"],"fullName":"Retired comparison entry points ignores saved comparison and old fragment without writing storage: ","status":"passed","title":"ignores saved comparison and old fragment without writing storage: ","duration":14.858299999999872,"failureMessages":[],"meta":{},"tags":[]},{"ancestorTitles":["Retired comparison entry points"],"fullName":"Retired comparison entry points ignores saved comparison and old fragment without writing storage: ?postal=018956","status":"passed","title":"ignores saved comparison and old fragment without writing storage: ?postal=018956","duration":50.335299999999734,"failureMessages":[],"meta":{},"tags":[]},{"ancestorTitles":["Home published-walk integration through actual handlers"],"fullName":"Home published-walk integration through actual handlers saved Exit E cross-category marker click uses the existing default with zero previews","status":"passed","title":"saved Exit E cross-category marker click uses the existing default with zero previews","duration":41.47309999999925,"failureMessages":[],"meta":{},"tags":[]},{"ancestorTitles":["Home published-walk integration through actual handlers"],"fullName":"Home published-walk integration through actual handlers saved Exit E deep link waits for POIs and canonicalizes with zero previews: ","status":"passed","title":"saved Exit E deep link waits for POIs and canonicalizes with zero previews: ","duration":20.099200000000565,"failureMessages":[],"meta":{},"tags":[]},{"ancestorTitles":["Home published-walk integration through actual handlers"],"fullName":"Home published-walk integration through actual handlers saved Exit E deep link waits for POIs and canonicalizes with zero previews: &transit=mrt_lrt","status":"passed","title":"saved Exit E deep link waits for POIs and canonicalizes with zero previews: &transit=mrt_lrt","duration":32.10140000000138,"failureMessages":[],"meta":{},"tags":[]},{"ancestorTitles":["Home published-walk integration through actual handlers"],"fullName":"Home published-walk integration through actual handlers keeps an existing postal summary and category controls without a null-score legacy card for an unavailable category","status":"passed","title":"keeps an existing postal summary and category controls without a null-score legacy card for an unavailable category","duration":41.862599999998565,"failureMessages":[],"meta":{},"tags":[]},{"ancestorTitles":["Home published-walk integration through actual handlers"],"fullName":"Home published-walk integration through actual handlers loads text independently, then renders the matching published default once deferred geometry arrives","status":"passed","title":"loads text independently, then renders the matching published default once deferred geometry arrives","duration":31.60059999999976,"failureMessages":[],"meta":{},"tags":[]},{"ancestorTitles":["Home published-walk integration through actual handlers"],"fullName":"Home published-walk integration through actual handlers publishes already-settled geometry with the first score selection, without an intermediate empty map","status":"passed","title":"publishes already-settled geometry with the first score selection, without an intermediate empty map","duration":26.433600000000297,"failureMessages":[],"meta":{},"tags":[]},{"ancestorTitles":["Home published-walk integration through actual handlers"],"fullName":"Home published-walk integration through actual handlers keeps score text when geometry has already missing without republishing identical selection","status":"passed","title":"keeps score text when geometry has already missing without republishing identical selection","duration":40.877700000000914,"failureMessages":[],"meta":{},"tags":[]},{"ancestorTitles":["Home published-walk integration through actual handlers"],"fullName":"Home published-walk integration through actual handlers keeps score text when geometry has already rejected without republishing identical selection","status":"passed","title":"keeps score text when geometry has already rejected without republishing identical selection","duration":23.168900000000576,"failureMessages":[],"meta":{},"tags":[]},{"ancestorTitles":["Home published-walk integration through actual handlers"],"fullName":"Home published-walk integration through actual handlers MRT -> candidate C -> bus -> MRT preserves original candidates and coherent summary/map values","status":"passed","title":"MRT -> candidate C -> bus -> MRT preserves original candidates and coherent summary/map values","duration":74.15860000000066,"failureMessages":[],"meta":{},"tags":[]},{"ancestorTitles":["Home published-walk integration through actual handlers"],"fullName":"Home published-walk integration through actual handlers resets to category-only Exit E with transit=mrt_lrt and no synthetic stop URL","status":"passed","title":"resets to category-only Exit E with transit=mrt_lrt and no synthetic stop URL","duration":56.73099999999977,"failureMessages":[],"meta":{},"tags":[]},{"ancestorTitles":["Home published-walk integration through actual handlers"],"fullName":"Home published-walk integration through actual handlers map stop callbacks select a published candidate and update category and URL without POIs or preview fetch","status":"passed","title":"map stop callbacks select a published candidate and update category and URL without POIs or preview fetch","duration":37.07899999999972,"failureMessages":[],"meta":{},"tags":[]},{"ancestorTitles":["Home published-walk integration through actual handlers"],"fullName":"Home published-walk integration through actual handlers ignores a stale/wrong-category canonical picker key instead of changing the map or URL","status":"passed","title":"ignores a stale/wrong-category canonical picker key instead of changing the map or URL","duration":35.00620000000163,"failureMessages":[],"meta":{},"tags":[]},{"ancestorTitles":["Home published-walk integration through actual handlers"],"fullName":"Home published-walk integration through actual handlers restores a published candidate URL before optional POIs arrive","status":"passed","title":"restores a published candidate URL before optional POIs arrive","duration":24.14100000000144,"failureMessages":[],"meta":{},"tags":[]},{"ancestorTitles":["Home published-walk integration through actual handlers"],"fullName":"Home published-walk integration through actual handlers unknown stop URL cannot select a walk and is removed after optional POIs settle","status":"passed","title":"unknown stop URL cannot select a walk and is removed after optional POIs settle","duration":31.629000000000815,"failureMessages":[],"meta":{},"tags":[]},{"ancestorTitles":["Home published-walk integration through actual handlers"],"fullName":"Home published-walk integration through actual handlers a URL explicitly asking for bus must not restore an MRT stop after delayed POI arrival","status":"passed","title":"a URL explicitly asking for bus must not restore an MRT stop after delayed POI arrival","duration":25.086099999998623,"failureMessages":[],"meta":{},"tags":[]},{"ancestorTitles":["Home published-walk integration through actual handlers"],"fullName":"Home published-walk integration through actual handlers late postal A geometry cannot overwrite the newer postal B result","status":"passed","title":"late postal A geometry cannot overwrite the newer postal B result","duration":35.22530000000006,"failureMessages":[],"meta":{},"tags":[]},{"ancestorTitles":["Home explicit preview failure and stale-response boundaries"],"fullName":"Home explicit preview failure and stale-response boundaries times out a hanging preview, ignores its late success and permits one explicit retry","status":"passed","title":"times out a hanging preview, ignores its late success and permits one explicit retry","duration":192.62790000000132,"failureMessages":[],"meta":{},"tags":[]},{"ancestorTitles":["Home explicit preview failure and stale-response boundaries"],"fullName":"Home explicit preview failure and stale-response boundaries retains the last bus walk and its marker when an unsaved MRT stop has no category geometry","status":"passed","title":"retains the last bus walk and its marker when an unsaved MRT stop has no category geometry","duration":35.9987000000001,"failureMessages":[],"meta":{},"tags":[]},{"ancestorTitles":["Home explicit preview failure and stale-response boundaries"],"fullName":"Home explicit preview failure and stale-response boundaries keeps published metrics/geometry on transport failure and resets without another request","status":"passed","title":"keeps published metrics/geometry on transport failure and resets without another request","duration":73.96470000000045,"failureMessages":[],"meta":{},"tags":[]},{"ancestorTitles":["Home explicit preview failure and stale-response boundaries"],"fullName":"Home explicit preview failure and stale-response boundaries keeps published metrics/geometry on non-ok-payload failure and resets without another request","status":"passed","title":"keeps published metrics/geometry on non-ok-payload failure and resets without another request","duration":47.037899999999354,"failureMessages":[],"meta":{},"tags":[]},{"ancestorTitles":["Home explicit preview failure and stale-response boundaries"],"fullName":"Home explicit preview failure and stale-response boundaries keeps published metrics/geometry on invalid-json failure and resets without another request","status":"passed","title":"keeps published metrics/geometry on invalid-json failure and resets without another request","duration":67.9411999999993,"failureMessages":[],"meta":{},"tags":[]},{"ancestorTitles":["Home explicit preview failure and stale-response boundaries"],"fullName":"Home explicit preview failure and stale-response boundaries does not automatically retry a failed preview; explicit Retry preview permits exactly one additional request","status":"passed","title":"does not automatically retry a failed preview; explicit Retry preview permits exactly one additional request","duration":49.6984999999986,"failureMessages":[],"meta":{},"tags":[]},{"ancestorTitles":["Home explicit preview failure and stale-response boundaries"],"fullName":"Home explicit preview failure and stale-response boundaries positive control: the same successful payload can create a labelled preview when the request is current","status":"passed","title":"positive control: the same successful payload can create a labelled preview when the request is current","duration":57.86090000000149,"failureMessages":[],"meta":{},"tags":[]},{"ancestorTitles":["Home explicit preview failure and stale-response boundaries"],"fullName":"Home explicit preview failure and stale-response boundaries ignores late preview success after selecting published candidate C","status":"passed","title":"ignores late preview success after selecting published candidate C","duration":56.96140000000014,"failureMessages":[],"meta":{},"tags":[]},{"ancestorTitles":["Home explicit preview failure and stale-response boundaries"],"fullName":"Home explicit preview failure and stale-response boundaries ignores late preview rejection after selecting published candidate C","status":"passed","title":"ignores late preview rejection after selecting published candidate C","duration":42.54609999999957,"failureMessages":[],"meta":{},"tags":[]},{"ancestorTitles":["Home explicit preview failure and stale-response boundaries"],"fullName":"Home explicit preview failure and stale-response boundaries a late successful preview for postal A cannot replace postal B or repopulate its map","status":"passed","title":"a late successful preview for postal A cannot replace postal B or repopulate its map","duration":66.77549999999974,"failureMessages":[],"meta":{},"tags":[]},{"ancestorTitles":["Home mapped-exposure selection ownership"],"fullName":"Home mapped-exposure selection ownership keeps technical score content out of both collapsed and expanded walk controls","status":"passed","title":"keeps technical score content out of both collapsed and expanded walk controls","duration":27.332400000001144,"failureMessages":[],"meta":{},"tags":[]},{"ancestorTitles":["Home mapped-exposure selection ownership"],"fullName":"Home mapped-exposure selection ownership uses one-line transit choices and disables choices without recorded paths","status":"passed","title":"uses one-line transit choices and disables choices without recorded paths","duration":36.66400000000067,"failureMessages":[],"meta":{},"tags":[]},{"ancestorTitles":["Home mapped-exposure selection ownership"],"fullName":"Home mapped-exposure selection ownership provides the explorer a stable walk-control focus return target","status":"passed","title":"provides the explorer a stable walk-control focus return target","duration":39.9966000000004,"failureMessages":[],"meta":{},"tags":[]},{"ancestorTitles":["Home mapped-exposure selection ownership"],"fullName":"Home mapped-exposure selection ownership exposes three real fragments without replacing complete logical statistics","status":"passed","title":"exposes three real fragments without replacing complete logical statistics","duration":26.608699999998862,"failureMessages":[],"meta":{},"tags":[]},{"ancestorTitles":["Home mapped-exposure selection ownership"],"fullName":"Home mapped-exposure selection ownership clears explicitly while preserving the selected walk and URL","status":"passed","title":"clears explicitly while preserving the selected walk and URL","duration":34.11709999999948,"failureMessages":[],"meta":{},"tags":[]},{"ancestorTitles":["Home mapped-exposure selection ownership"],"fullName":"Home mapped-exposure selection ownership keeps the same focus object on unrelated detail and lighting changes","status":"passed","title":"keeps the same focus object on unrelated detail and lighting changes","duration":31.934799999999086,"failureMessages":[],"meta":{},"tags":[]},{"ancestorTitles":["Home mapped-exposure selection ownership"],"fullName":"Home mapped-exposure selection ownership rejects a previous category callback before it can replace or clear new focus","status":"passed","title":"rejects a previous category callback before it can replace or clear new focus","duration":55.444799999999304,"failureMessages":[],"meta":{},"tags":[]},{"ancestorTitles":["Home mapped-exposure selection ownership"],"fullName":"Home mapped-exposure selection ownership candidate selection clears old focus and retains its own mapped fragments","status":"passed","title":"candidate selection clears old focus and retains its own mapped fragments","duration":60.81680000000051,"failureMessages":[],"meta":{},"tags":[]},{"ancestorTitles":["Home mapped-exposure selection ownership"],"fullName":"Home mapped-exposure selection ownership shortest excludes sheltered sections and returning does not resurrect old focus","status":"passed","title":"shortest excludes sheltered sections and returning does not resurrect old focus","duration":51.36670000000049,"failureMessages":[],"meta":{},"tags":[]},{"ancestorTitles":["Home mapped-exposure selection ownership"],"fullName":"Home mapped-exposure selection ownership same-postal resubmission clears focus immediately while the next reads wait","status":"passed","title":"same-postal resubmission clears focus immediately while the next reads wait","duration":61.36239999999998,"failureMessages":[],"meta":{},"tags":[]},{"ancestorTitles":["Home mapped-exposure selection ownership"],"fullName":"Home mapped-exposure selection ownership a successful explicit preview cannot retain or reopen a published section","status":"passed","title":"a successful explicit preview cannot retain or reopen a published section","duration":43.85429999999906,"failureMessages":[],"meta":{},"tags":[]},{"ancestorTitles":["Home route URL restoration"],"fullName":"Home route URL restoration restores route=shortest for the category-only default with matching variant metrics","status":"passed","title":"restores route=shortest for the category-only default with matching variant metrics","duration":52.8107,"failureMessages":[],"meta":{},"tags":[]},{"ancestorTitles":["Home route URL restoration"],"fullName":"Home route URL restoration restores route=both for the category-only default with matching variant metrics","status":"passed","title":"restores route=both for the category-only default with matching variant metrics","duration":25.49149999999827,"failureMessages":[],"meta":{},"tags":[]},{"ancestorTitles":["Home route URL restoration"],"fullName":"Home route URL restoration does not restore an unsupported route mode from the URL","status":"passed","title":"does not restore an unsupported route mode from the URL","duration":41.15179999999964,"failureMessages":[],"meta":{},"tags":[]},{"ancestorTitles":["Home URL-intent and load-completion ownership regressions"],"fullName":"Home URL-intent and load-completion ownership regressions an explicit category selection supersedes a shared unknown stop before delayed POIs resolve","status":"passed","title":"an explicit category selection supersedes a shared unknown stop before delayed POIs resolve","duration":41.178099999999176,"failureMessages":[],"meta":{},"tags":[]},{"ancestorTitles":["Home URL-intent and load-completion ownership regressions"],"fullName":"Home URL-intent and load-completion ownership regressions an explicit picker selection supersedes a shared unknown stop before delayed POIs resolve","status":"passed","title":"an explicit picker selection supersedes a shared unknown stop before delayed POIs resolve","duration":36.85100000000057,"failureMessages":[],"meta":{},"tags":[]},{"ancestorTitles":["Home URL-intent and load-completion ownership regressions"],"fullName":"Home URL-intent and load-completion ownership regressions an explicit map-stop selection supersedes a shared unknown stop before delayed POIs resolve","status":"passed","title":"an explicit map-stop selection supersedes a shared unknown stop before delayed POIs resolve","duration":50.84530000000086,"failureMessages":[],"meta":{},"tags":[]},{"ancestorTitles":["Home URL-intent and load-completion ownership regressions"],"fullName":"Home URL-intent and load-completion ownership regressions a new postal search supersedes unresolved shared-link intent even if the old stop exists in later POIs","status":"passed","title":"a new postal search supersedes unresolved shared-link intent even if the old stop exists in later POIs","duration":34.104199999999764,"failureMessages":[],"meta":{},"tags":[]},{"ancestorTitles":["Home URL-intent and load-completion ownership regressions"],"fullName":"Home URL-intent and load-completion ownership regressions MRT chosen while search geometry is pending survives completion with its URL and metrics","status":"passed","title":"MRT chosen while search geometry is pending survives completion with its URL and metrics","duration":27.785900000000765,"failureMessages":[],"meta":{},"tags":[]},{"ancestorTitles":["Home URL-intent and load-completion ownership regressions"],"fullName":"Home URL-intent and load-completion ownership regressions MRT chosen while shared-link geometry is pending survives completion with its URL and metrics","status":"passed","title":"MRT chosen while shared-link geometry is pending survives completion with its URL and metrics","duration":66.24049999999988,"failureMessages":[],"meta":{},"tags":[]},{"ancestorTitles":["Home URL-intent and load-completion ownership regressions"],"fullName":"Home URL-intent and load-completion ownership regressions re-searching the same postal resets to its default and clears stop/transit/route at score readiness","status":"passed","title":"re-searching the same postal resets to its default and clears stop/transit/route at score readiness","duration":56.30210000000079,"failureMessages":[],"meta":{},"tags":[]},{"ancestorTitles":["Home full walk-URL serialization races"],"fullName":"Home full walk-URL serialization races preserves initial shared selection and URL with geometry-first data for category-default","status":"passed","title":"preserves initial shared selection and URL with geometry-first data for category-default","duration":35.25170000000071,"failureMessages":[],"meta":{},"tags":[]},{"ancestorTitles":["Home full walk-URL serialization races"],"fullName":"Home full walk-URL serialization races preserves initial shared selection and URL with geometry-first data for candidate","status":"passed","title":"preserves initial shared selection and URL with geometry-first data for candidate","duration":55.89840000000004,"failureMessages":[],"meta":{},"tags":[]},{"ancestorTitles":["Home full walk-URL serialization races"],"fullName":"Home full walk-URL serialization races preserves initial shared selection and URL with already-resolved data for category-default","status":"passed","title":"preserves initial shared selection and URL with already-resolved data for category-default","duration":34.46599999999853,"failureMessages":[],"meta":{},"tags":[]},{"ancestorTitles":["Home full walk-URL serialization races"],"fullName":"Home full walk-URL serialization races preserves initial shared selection and URL with already-resolved data for candidate","status":"passed","title":"preserves initial shared selection and URL with already-resolved data for candidate","duration":31.721400000000358,"failureMessages":[],"meta":{},"tags":[]},{"ancestorTitles":["Home full walk-URL serialization races"],"fullName":"Home full walk-URL serialization races changing route while an unknown shared stop awaits POIs clears its URL and preserves the new route","status":"passed","title":"changing route while an unknown shared stop awaits POIs clears its URL and preserves the new route","duration":43.71939999999995,"failureMessages":[],"meta":{},"tags":[]},{"ancestorTitles":["Home full walk-URL serialization races"],"fullName":"Home full walk-URL serialization races category click while initial geometry is pending cancels unapplied route and stop query values","status":"passed","title":"category click while initial geometry is pending cancels unapplied route and stop query values","duration":33.65560000000005,"failureMessages":[],"meta":{},"tags":[]}],"startTime":1789442838078,"endTime":1789442844101.6555,"status":"passed","message":"","name":"C:/sgSHIOK2026/web/lib/__tests__/published-walk-page.test.tsx"},{"assertionResults":[{"ancestorTitles":["T16 resident ReportComposer"],"fullName":"T16 resident ReportComposer defaults to disabled with a visible unavailable explanation and disabled send","status":"passed","title":"defaults to disabled with a visible unavailable explanation and disabled send","duration":52.556299999999965,"failureMessages":[],"meta":{},"tags":[]},{"ancestorTitles":["T16 resident ReportComposer"],"fullName":"T16 resident ReportComposer starts with no report type or note and never prepopulates private content","status":"passed","title":"starts with no report type or note and never prepopulates private content","duration":9.517200000000003,"failureMessages":[],"meta":{},"tags":[]},{"ancestorTitles":["T16 resident ReportComposer"],"fullName":"T16 resident ReportComposer requires a type and prevents native form submission before preparing anything","status":"passed","title":"requires a type and prevents native form submission before preparing anything","duration":7.8177999999998065,"failureMessages":[],"meta":{},"tags":[]},{"ancestorTitles":["T16 resident ReportComposer"],"fullName":"T16 resident ReportComposer reviews mapping_error with an optional absent note before an explicit POST","status":"passed","title":"reviews mapping_error with an optional absent note before an explicit POST","duration":149.83159999999998,"failureMessages":[],"meta":{},"tags":[]},{"ancestorTitles":["T16 resident ReportComposer"],"fullName":"T16 resident ReportComposer reviews shelter_request with an optional absent note before an explicit POST","status":"passed","title":"reviews shelter_request with an optional absent note before an explicit POST","duration":33.48019999999997,"failureMessages":[],"meta":{},"tags":[]},{"ancestorTitles":["T16 resident ReportComposer"],"fullName":"T16 resident ReportComposer displays the 30-day private policy and never promises construction or agency delivery","status":"passed","title":"displays the 30-day private policy and never promises construction or agency delivery","duration":7.905399999999872,"failureMessages":[],"meta":{},"tags":[]},{"ancestorTitles":["T16 resident ReportComposer"],"fullName":"T16 resident ReportComposer leads with the point with postal and keeps coordinates inside collapsed location details","status":"passed","title":"leads with the point with postal and keeps coordinates inside collapsed location details","duration":46.949800000000096,"failureMessages":[],"meta":{},"tags":[]},{"ancestorTitles":["T16 resident ReportComposer"],"fullName":"T16 resident ReportComposer leads with the point without postal and keeps coordinates inside collapsed location details","status":"passed","title":"leads with the point without postal and keeps coordinates inside collapsed location details","duration":25.47939999999994,"failureMessages":[],"meta":{},"tags":[]},{"ancestorTitles":["T16 resident ReportComposer"],"fullName":"T16 resident ReportComposer leads with the section with postal and keeps coordinates inside collapsed location details","status":"passed","title":"leads with the section with postal and keeps coordinates inside collapsed location details","duration":44.63959999999997,"failureMessages":[],"meta":{},"tags":[]},{"ancestorTitles":["T16 resident ReportComposer"],"fullName":"T16 resident ReportComposer leads with the section without postal and keeps coordinates inside collapsed location details","status":"passed","title":"leads with the section without postal and keeps coordinates inside collapsed location details","duration":29.208000000000084,"failureMessages":[],"meta":{},"tags":[]},{"ancestorTitles":["T16 resident ReportComposer"],"fullName":"T16 resident ReportComposer rejects missing selection without identity generation or submission","status":"passed","title":"rejects missing selection without identity generation or submission","duration":10.60940000000005,"failureMessages":[],"meta":{},"tags":[]},{"ancestorTitles":["T16 resident ReportComposer"],"fullName":"T16 resident ReportComposer rejects outside bounds selection without identity generation or submission","status":"passed","title":"rejects outside bounds selection without identity generation or submission","duration":10.794499999999971,"failureMessages":[],"meta":{},"tags":[]},{"ancestorTitles":["T16 resident ReportComposer"],"fullName":"T16 resident ReportComposer rejects nonfinite selection without identity generation or submission","status":"passed","title":"rejects nonfinite selection without identity generation or submission","duration":14.001000000000204,"failureMessages":[],"meta":{},"tags":[]},{"ancestorTitles":["T16 resident ReportComposer"],"fullName":"T16 resident ReportComposer rejects oversized point selection without identity generation or submission","status":"passed","title":"rejects oversized point selection without identity generation or submission","duration":12.636799999999994,"failureMessages":[],"meta":{},"tags":[]},{"ancestorTitles":["T16 resident ReportComposer"],"fullName":"T16 resident ReportComposer rejects one vertex selection without identity generation or submission","status":"passed","title":"rejects one vertex selection without identity generation or submission","duration":12.888599999999997,"failureMessages":[],"meta":{},"tags":[]},{"ancestorTitles":["T16 resident ReportComposer"],"fullName":"T16 resident ReportComposer rejects zero length selection without identity generation or submission","status":"passed","title":"rejects zero length selection without identity generation or submission","duration":10.28690000000006,"failureMessages":[],"meta":{},"tags":[]},{"ancestorTitles":["T16 resident ReportComposer"],"fullName":"T16 resident ReportComposer rejects 33 vertices selection without identity generation or submission","status":"passed","title":"rejects 33 vertices selection without identity generation or submission","duration":15.60329999999999,"failureMessages":[],"meta":{},"tags":[]},{"ancestorTitles":["T16 resident ReportComposer"],"fullName":"T16 resident ReportComposer rejects over 1.2 km selection without identity generation or submission","status":"passed","title":"rejects over 1.2 km selection without identity generation or submission","duration":12.928899999999885,"failureMessages":[],"meta":{},"tags":[]},{"ancestorTitles":["T16 resident ReportComposer"],"fullName":"T16 resident ReportComposer rejects cumulative over 1.2 km selection without identity generation or submission","status":"passed","title":"rejects cumulative over 1.2 km selection without identity generation or submission","duration":9.758100000000013,"failureMessages":[],"meta":{},"tags":[]},{"ancestorTitles":["T16 resident ReportComposer"],"fullName":"T16 resident ReportComposer rejects invalid bundle without replacing it with a default","status":"passed","title":"rejects invalid bundle without replacing it with a default","duration":15.923400000000129,"failureMessages":[],"meta":{},"tags":[]},{"ancestorTitles":["T16 resident ReportComposer"],"fullName":"T16 resident ReportComposer rejects invalid context without replacing it with a default","status":"passed","title":"rejects invalid context without replacing it with a default","duration":24.7337,"failureMessages":[],"meta":{},"tags":[]},{"ancestorTitles":["T16 resident ReportComposer"],"fullName":"T16 resident ReportComposer keeps full segment geometry and all context in the review's location details","status":"passed","title":"keeps full segment geometry and all context in the review's location details","duration":32.46759999999995,"failureMessages":[],"meta":{},"tags":[]},{"ancestorTitles":["T16 resident ReportComposer"],"fullName":"T16 resident ReportComposer accepts exactly 1,000 Unicode characters without truncation","status":"passed","title":"accepts exactly 1,000 Unicode characters without truncation","duration":23.133599999999888,"failureMessages":[],"meta":{},"tags":[]},{"ancestorTitles":["T16 resident ReportComposer"],"fullName":"T16 resident ReportComposer accepts exactly 1,000 Unicode characters without truncation","status":"passed","title":"accepts exactly 1,000 Unicode characters without truncation","duration":26.254500000000007,"failureMessages":[],"meta":{},"tags":[]},{"ancestorTitles":["T16 resident ReportComposer"],"fullName":"T16 resident ReportComposer rejects invalid note content without sending","status":"passed","title":"rejects invalid note content without sending","duration":15.013100000000122,"failureMessages":[],"meta":{},"tags":[]},{"ancestorTitles":["T16 resident ReportComposer"],"fullName":"T16 resident ReportComposer rejects invalid note content without sending","status":"passed","title":"rejects invalid note content without sending","duration":22.886200000000144,"failureMessages":[],"meta":{},"tags":[]},{"ancestorTitles":["T16 resident ReportComposer"],"fullName":"T16 resident ReportComposer rejects invalid note content without sending","status":"passed","title":"rejects invalid note content without sending","duration":23.50819999999976,"failureMessages":[],"meta":{},"tags":[]},{"ancestorTitles":["T16 resident ReportComposer"],"fullName":"T16 resident ReportComposer bounds programmatic note changes without silently accepting a truncated report","status":"passed","title":"bounds programmatic note changes without silently accepting a truncated report","duration":17.976599999999962,"failureMessages":[],"meta":{},"tags":[]},{"ancestorTitles":["T16 resident ReportComposer"],"fullName":"T16 resident ReportComposer preserves whitespace and escapes untrusted note text in the actual markup","status":"passed","title":"preserves whitespace and escapes untrusted note text in the actual markup","duration":21.081899999999678,"failureMessages":[],"meta":{},"tags":[]},{"ancestorTitles":["T16 resident ReportComposer"],"fullName":"T16 resident ReportComposer allows editing before first send only, requiring another review","status":"passed","title":"allows editing before first send only, requiring another review","duration":56.079099999999926,"failureMessages":[],"meta":{},"tags":[]},{"ancestorTitles":["T16 resident ReportComposer"],"fullName":"T16 resident ReportComposer fails closed when secure envelope generation is unavailable","status":"passed","title":"fails closed when secure envelope generation is unavailable","duration":13.693100000000413,"failureMessages":[],"meta":{},"tags":[]},{"ancestorTitles":["T16 resident ReportComposer"],"fullName":"T16 resident ReportComposer signals draft changes and clears the guard only when empty or received","status":"passed","title":"signals draft changes and clears the guard only when empty or received","duration":53.39310000000023,"failureMessages":[],"meta":{},"tags":[]},{"ancestorTitles":["T16 resident ReportComposer"],"fullName":"T16 resident ReportComposer notifies the parent of draft, pending, uncertainty and receipt phases without exposing report content","status":"passed","title":"notifies the parent of draft, pending, uncertainty and receipt phases without exposing report content","duration":31.384199999999964,"failureMessages":[],"meta":{},"tags":[]},{"ancestorTitles":["T16 resident ReportComposer"],"fullName":"T16 resident ReportComposer publishes a single pending attempt synchronously and ignores stale edit handlers","status":"passed","title":"publishes a single pending attempt synchronously and ignores stale edit handlers","duration":24.012599999999566,"failureMessages":[],"meta":{},"tags":[]},{"ancestorTitles":["T16 resident ReportComposer"],"fullName":"T16 resident ReportComposer only displays the server-confirmed receipt and never request identity or retry proof","status":"passed","title":"only displays the server-confirmed receipt and never request identity or retry proof"
[...]
ission age or replay expiry","duration":5.826099999999997,"failureMessages":[],"meta":{},"tags":[]},{"ancestorTitles":["Proposed report contract: F01/F13 data preparation only"],"fullName":"Proposed report contract: F01/F13 data preparation only rejects unknown, server-owned, contact, upload and transport fields at every object level","status":"passed","title":"rejects unknown, server-owned, contact, upload and transport fields at every object level","duration":6.81919999999991,"failureMessages":[],"meta":{},"tags":[]},{"ancestorTitles":["Proposed report contract: F01/F13 data preparation only"],"fullName":"Proposed report contract: F01/F13 data preparation only rejects explicit null/undefined context values and malformed context fields","status":"passed","title":"rejects explicit null/undefined context values and malformed context fields","duration":2.7352999999998246,"failureMessages":[],"meta":{},"tags":[]},{"ancestorTitles":["Proposed report contract: F01/F13 data preparation only"],"fullName":"Proposed report contract: F01/F13 data preparation only bounds opaque identifiers without trimming, accepting URLs or asserting referenced data exists","status":"passed","title":"bounds opaque identifiers without trimming, accepting URLs or asserting referenced data exists","duration":10.506800000000112,"failureMessages":[],"meta":{},"tags":[]},{"ancestorTitles":["Proposed report contract: F01/F13 data preparation only"],"fullName":"Proposed report contract: F01/F13 data preparation only rejects non-JSON objects, hidden/symbol properties, getters and sparse/decorated arrays","status":"passed","title":"rejects non-JSON objects, hidden/symbol properties, getters and sparse/decorated arrays","duration":6.442700000000059,"failureMessages":[],"meta":{},"tags":[]},{"ancestorTitles":["Proposed report geometry: F02 validation preparation"],"fullName":"Proposed report geometry: F02 validation preparation accepts each inclusive box boundary in longitude/latitude order","status":"passed","title":"accepts each inclusive box boundary in longitude/latitude order","duration":1.559099999999944,"failureMessages":[],"meta":{},"tags":[]},{"ancestorTitles":["Proposed report geometry: F02 validation preparation"],"fullName":"Proposed report geometry: F02 validation preparation rejects nonfinite, coerced, swapped, out-of-box and non-2D coordinates for points and segments","status":"passed","title":"rejects nonfinite, coerced, swapped, out-of-box and non-2D coordinates for points and segments","duration":4.146600000000035,"failureMessages":[],"meta":{},"tags":[]},{"ancestorTitles":["Proposed report geometry: F02 validation preparation"],"fullName":"Proposed report geometry: F02 validation preparation rejects unsupported geometry shapes and missing fields","status":"passed","title":"rejects unsupported geometry shapes and missing fields","duration":1.4979000000000724,"failureMessages":[],"meta":{},"tags":[]},{"ancestorTitles":["Proposed report geometry: F02 validation preparation"],"fullName":"Proposed report geometry: F02 validation preparation accepts 32 vertices but rejects 33, fewer than two and zero-length traces","status":"passed","title":"accepts 32 vertices but rejects 33, fewer than two and zero-length traces","duration":2.3254000000001724,"failureMessages":[],"meta":{},"tags":[]},{"ancestorTitles":["Proposed report geometry: F02 validation preparation"],"fullName":"Proposed report geometry: F02 validation preparation checks the unrounded 1200-metre boundary using the shared haversine helper","status":"passed","title":"checks the unrounded 1200-metre boundary using the shared haversine helper","duration":1.8122000000000753,"failureMessages":[],"meta":{},"tags":[]},{"ancestorTitles":["Proposed report geometry: F02 validation preparation"],"fullName":"Proposed report geometry: F02 validation preparation bounds cumulative trace length even when endpoints coincide and each leg is short","status":"passed","title":"bounds cumulative trace length even when endpoints coincide and each leg is short","duration":0.990099999999984,"failureMessages":[],"meta":{},"tags":[]},{"ancestorTitles":["Proposed text and canonical content: F03 preparation, not safe rendering"],"fullName":"Proposed text and canonical content: F03 preparation, not safe rendering preserves markup, whitespace, newlines and possible personal text without a sanitization claim","status":"passed","title":"preserves markup, whitespace, newlines and possible personal text without a sanitization claim","duration":1.0842000000000098,"failureMessages":[],"meta":{},"tags":[]},{"ancestorTitles":["Proposed text and canonical content: F03 preparation, not safe rendering"],"fullName":"Proposed text and canonical content: F03 preparation, not safe rendering counts at most 1000 Unicode code points, not UTF-16 units, and rejects lone surrogates","status":"passed","title":"counts at most 1000 Unicode code points, not UTF-16 units, and rejects lone surrogates","duration":5.565200000000004,"failureMessages":[],"meta":{},"tags":[]},{"ancestorTitles":["Proposed text and canonical content: F03 preparation, not safe rendering"],"fullName":"Proposed text and canonical content: F03 preparation, not safe rendering canonicalizes property order and JSON spellings while keeping request identity out of content","status":"passed","title":"canonicalizes property order and JSON spellings while keeping request identity out of content","duration":15.488200000000006,"failureMessages":[],"meta":{},"tags":[]},{"ancestorTitles":["Proposed text and canonical content: F03 preparation, not safe rendering"],"fullName":"Proposed text and canonical content: F03 preparation, not safe rendering keeps meaningful content edits, omitted/empty fields and Unicode spellings distinct","status":"passed","title":"keeps meaningful content edits, omitted/empty fields and Unicode spellings distinct","duration":2.4226000000001022,"failureMessages":[],"meta":{},"tags":[]},{"ancestorTitles":["Proposed text and canonical content: F03 preparation, not safe rendering"],"fullName":"Proposed text and canonical content: F03 preparation, not safe rendering returns deeply frozen independent data without changing the input","status":"passed","title":"returns deeply frozen independent data without changing the input","duration":3.1591000000000804,"failureMessages":[],"meta":{},"tags":[]},{"ancestorTitles":["Report UTF-8 body boundary"],"fullName":"Report UTF-8 body boundary counts complete wire bytes including whitespace, accepting 8192 but rejecting 8193","status":"passed","title":"counts complete wire bytes including whitespace, accepting 8192 but rejecting 8193","duration":2.9644000000000688,"failureMessages":[],"meta":{},"tags":[]},{"ancestorTitles":["Report UTF-8 body boundary"],"fullName":"Report UTF-8 body boundary counts JSON escapes on the wire before canonicalization","status":"passed","title":"counts JSON escapes on the wire before canonicalization","duration":1.757799999999861,"failureMessages":[],"meta":{},"tags":[]},{"ancestorTitles":["Report UTF-8 body boundary"],"fullName":"Report UTF-8 body boundary keeps dense, individually maximum-sized fields within the complete canonical request cap","status":"passed","title":"keeps dense, individually maximum-sized fields within the complete canonical request cap","duration":2.787399999999934,"failureMessages":[],"meta":{},"tags":[]},{"ancestorTitles":["Report UTF-8 body boundary"],"fullName":"Report UTF-8 body boundary rejects malformed UTF-8 instead of inserting replacement characters","status":"passed","title":"rejects malformed UTF-8 instead of inserting replacement characters","duration":3.3413000000000466,"failureMessages":[],"meta":{},"tags":[]},{"ancestorTitles":["Report UTF-8 body boundary"],"fullName":"Report UTF-8 body boundary rejects empty/malformed JSON, trailing data, BOM and non-byte inputs without echoing content","status":"passed","title":"rejects empty/malformed JSON, trailing data, BOM and non-byte inputs without echoing content","duration":3.7413000000001375,"failureMessages":[],"meta":{},"tags":[]},{"ancestorTitles":["Report UTF-8 body boundary"],"fullName":"Report UTF-8 body boundary rejects duplicate keys including escaped names and nested replacements","status":"passed","title":"rejects duplicate keys including escaped names and nested replacements","duration":1.9324000000001433,"failureMessages":[],"meta":{},"tags":[]},{"ancestorTitles":["Report UTF-8 body boundary"],"fullName":"Report UTF-8 body boundary rejects escaped lone surrogates and parses only the supplied byte view","status":"passed","title":"rejects escaped lone surrogates and parses only the supplied byte view","duration":1.6665999999997894,"failureMessages":[],"meta":{},"tags":[]},{"ancestorTitles":["Bounded report stream adapter, with no HTTP/service activation"],"fullName":"Bounded report stream adapter, with no HTTP/service activation parses split multibyte UTF-8 and releases the reader lock","status":"passed","title":"parses split multibyte UTF-8 and releases the reader lock","duration":41.27189999999996,"failureMessages":[],"meta":{},"tags":[]},{"ancestorTitles":["Bounded report stream adapter, with no HTTP/service activation"],"fullName":"Bounded report stream adapter, with no HTTP/service activation accepts an exact-limit stream and rejects overflow without consuming the rest","status":"passed","title":"accepts an exact-limit stream and rejects overflow without consuming the rest","duration":8.499099999999999,"failureMessages":[],"meta":{},"tags":[]},{"ancestorTitles":["Bounded report stream adapter, with no HTTP/service activation"],"fullName":"Bounded report stream adapter, with no HTTP/service activation rejects a single oversized chunk even when cancellation rejects","status":"passed","title":"rejects a single oversized chunk even when cancellation rejects","duration":2.0967000000000553,"failureMessages":[],"meta":{},"tags":[]},{"ancestorTitles":["Bounded report stream adapter, with no HTTP/service activation"],"fullName":"Bounded report stream adapter, with no HTTP/service activation copies incoming chunks before a producer can reuse their memory","status":"passed","title":"copies incoming chunks before a producer can reuse their memory","duration":14.916600000000017,"failureMessages":[],"meta":{},"tags":[]},{"ancestorTitles":["Bounded report stream adapter, with no HTTP/service activation"],"fullName":"Bounded report stream adapter, with no HTTP/service activation handles empty, missing, locked, errored and non-byte streams with fixed errors","status":"passed","title":"handles empty, missing, locked, errored and non-byte streams with fixed errors","duration":23.336199999999963,"failureMessages":[],"meta":{},"tags":[]},{"ancestorTitles":["Bounded report stream adapter, with no HTTP/service activation"],"fullName":"Bounded report stream adapter, with no HTTP/service activation cancels an already aborted body without reading it","status":"passed","title":"cancels an already aborted body without reading it","duration":3.179100000000062,"failureMessages":[],"meta":{},"tags":[]},{"ancestorTitles":["Bounded report stream adapter, with no HTTP/service activation"],"fullName":"Bounded report stream adapter, with no HTTP/service activation lets a caller deadline abort a stalled read without waiting for cancellation","status":"passed","title":"lets a caller deadline abort a stalled read without waiting for cancellation","duration":1.9153999999998632,"failureMessages":[],"meta":{},"tags":[]}],"startTime":1789442856631,"endTime":1789442856848.9153,"status":"passed","message":"","name":"C:/sgSHIOK2026/web/lib/__tests__/reports.test.ts"},{"assertionResults":[{"ancestorTitles":["Home walk recovery focus ownership"],"fullName":"Home walk recovery focus ownership keeps map Retry focus with saved walk=false and map status=partial","status":"passed","title":"keeps map Retry focus with saved walk=false and map status=partial","duration":67.02340000000004,"failureMessages":[],"meta":{},"tags":[]},{"ancestorTitles":["Home walk recovery focus ownership"],"fullName":"Home walk recovery focus ownership keeps map Retry focus with saved walk=false and map status=error","status":"passed","title":"keeps map Retry focus with saved walk=false and map status=error","duration":44.877700000000004,"failureMessages":[],"meta":{},"tags":[]},{"ancestorTitles":["Home walk recovery focus ownership"],"fullName":"Home walk recovery focus ownership keeps map Retry focus with saved walk=true and map status=partial","status":"passed","title":"keeps map Retry focus with saved walk=true and map status=partial","duration":133.7713000000001,"failureMessages":[],"meta":{},"tags":[]},{"ancestorTitles":["Home walk recovery focus ownership"],"fullName":"Home walk recovery focus ownership keeps map Retry focus with saved walk=true and map status=error","status":"passed","title":"keeps map Retry focus with saved walk=true and map status=error","duration":79.61500000000001,"failureMessages":[],"meta":{},"tags":[]},{"ancestorTitles":["Home walk recovery focus ownership"],"fullName":"Home walk recovery focus ownership missing map Retry does not steal search focus","status":"passed","title":"missing map Retry does not steal search focus","duration":88.84899999999993,"failureMessages":[],"meta":{},"tags":[]},{"ancestorTitles":["Home walk recovery focus ownership"],"fullName":"Home walk recovery focus ownership unowned map Retry does not steal search focus","status":"passed","title":"unowned map Retry does not steal search focus","duration":73.73849999999993,"failureMessages":[],"meta":{},"tags":[]},{"ancestorTitles":["Home walk recovery focus ownership"],"fullName":"Home walk recovery focus ownership keeps terminal Reload page native without a pre-navigation focus transfer","status":"passed","title":"keeps terminal Reload page native without a pre-navigation focus transfer","duration":22.374499999999898,"failureMessages":[],"meta":{},"tags":[]},{"ancestorTitles":["Home walk recovery focus ownership"],"fullName":"Home walk recovery focus ownership moves an initial selection Retry to search before removal and leaves it there after success","status":"passed","title":"moves an initial selection Retry to search before removal and leaves it there after success","duration":42.33420000000001,"failureMessages":[],"meta":{},"tags":[]},{"ancestorTitles":["Home walk recovery focus ownership"],"fullName":"Home walk recovery focus ownership keeps selection Retry focus on the surviving walk heading while the next record is loading","status":"passed","title":"keeps selection Retry focus on the surviving walk heading while the next record is loading","duration":80.20859999999993,"failureMessages":[],"meta":{},"tags":[]},{"ancestorTitles":["Home walk recovery focus ownership"],"fullName":"Home walk recovery focus ownership late selection Retry resolve cannot reclaim focus after a newer search","status":"passed","title":"late selection Retry resolve cannot reclaim focus after a newer search","duration":86.46910000000025,"failureMessages":[],"meta":{},"tags":[]},{"ancestorTitles":["Home walk recovery focus ownership"],"fullName":"Home walk recovery focus ownership late selection Retry reject cannot reclaim focus after a newer search","status":"passed","title":"late selection Retry reject cannot reclaim focus after a newer search","duration":92.11749999999984,"failureMessages":[],"meta":{},"tags":[]},{"ancestorTitles":["Home walk recovery focus ownership"],"fullName":"Home walk recovery focus ownership missing selection Retry activation does not steal search focus","status":"passed","title":"missing selection Retry activation does not steal search focus","duration":21.896799999999985,"failureMessages":[],"meta":{},"tags":[]},{"ancestorTitles":["Home walk recovery focus ownership"],"fullName":"Home walk recovery focus ownership unowned selection Retry activation does not steal search focus","status":"passed","title":"unowned selection Retry activation does not steal search focus","duration":30.74350000000004,"failureMessages":[],"meta":{},"tags":[]},{"ancestorTitles":["Home walk recovery focus ownership"],"fullName":"Home walk recovery focus ownership does nothing when an old selection Retry handler no longer has a pending selection","status":"passed","title":"does nothing when an old selection Retry handler no longer has a pending selection","duration":28.21479999999974,"failureMessages":[],"meta":{},"tags":[]},{"ancestorTitles":["Home walk recovery focus ownership"],"fullName":"Home walk recovery focus ownership moves geometry Retry focus to the named summary heading before removal and keeps it on success","status":"passed","title":"moves geometry Retry focus to the named summary heading before removal and keeps it on success","duration":65.25900000000001,"failureMessages":[],"meta":{},"tags":[]},{"ancestorTitles":["Home walk recovery focus ownership"],"fullName":"Home walk recovery focus ownership late geometry retry failure and success cannot reclaim focus after the user moves to search","status":"passed","title":"late geometry retry failure and success cannot reclaim focus after the user moves to search","duration":93.44210000000021,"failureMessages":[],"meta":{},"tags":[]},{"ancestorTitles":["Home walk recovery focus ownership"],"fullName":"Home walk recovery focus ownership keeps the current geometry retry loading when an older postal retry completes","status":"passed","title":"keeps the current geometry retry loading when an older postal retry completes","duration":109.33130000000028,"failureMessages":[],"meta":{},"tags":[]},{"ancestorTitles":["Home walk recovery focus ownership"],"fullName":"Home walk recovery focus ownership moves preview Retry focus before its control disappears without losing the saved walk","status":"passed","title":"moves preview Retry focus before its control disappears without losing the saved walk","duration":253.4429,"failureMessages":[],"meta":{},"tags":[]},{"ancestorTitles":["Home walk recovery focus ownership"],"fullName":"Home walk recovery focus ownership late successful preview retry cannot steal search focus or overwrite a newly submitted postal","status":"passed","title":"late successful preview retry cannot steal search focus or overwrite a newly submitted postal","duration":154.25220000000036,"failureMessages":[],"meta":{},"tags":[]},{"ancestorTitles":["Home walk recovery focus ownership"],"fullName":"Home walk recovery focus ownership Back to saved walk preserves keyboard focus and saved selection without another provider request","status":"passed","title":"Back to saved walk preserves keyboard focus and saved selection without another provider request","duration":114.42699999999968,"failureMessages":[],"meta":{},"tags":[]},{"ancestorTitles":["Home walk recovery focus ownership"],"fullName":"Home walk recovery focus ownership late preview success after Back cannot reclaim focus or replace the saved walk","status":"passed","title":"late preview success after Back cannot reclaim focus or replace the saved walk","duration":165.54489999999987,"failureMessages":[],"meta":{},"tags":[]},{"ancestorTitles":["Home walk recovery focus ownership"],"fullName":"Home walk recovery focus ownership missing activation events never take search focus in any recovery handler","status":"passed","title":"missing activation events never take search focus in any recovery handler","duration":144.16240000000016,"failureMessages":[],"meta":{},"tags":[]},{"ancestorTitles":["Home walk recovery focus ownership"],"fullName":"Home walk recovery focus ownership unowned activation events never take search focus in any recovery handler","status":"passed","title":"unowned activation events never take search focus in any recovery handler","duration":128.62630000000036,"failureMessages":[],"meta":{},"tags":[]}],"startTime":1789442845854,"endTime":1789442847977.6262,"status":"passed","message":"","name":"C:/sgSHIOK2026/web/lib/__tests__/walk-recovery-focus.test.tsx"}]}