<?xml version="1.0" encoding="utf-8"?><testsuites name="pytest tests"><testsuite name="pytest" errors="0" failures="0" skipped="0" tests="19" time="0.274" timestamp="2026-09-13T13:16:53.960037+08:00" hostname="Prawn-E14"><testcase classname="tests.test_source_metadata_cli" name="test_initialization_run_check_rejects_invalid_mode_before_io[initialization0]" time="0.002" /><testcase classname="tests.test_source_metadata_cli" name="test_initialization_run_check_rejects_invalid_mode_before_io[initialization1]" time="0.001" /><testcase classname="tests.test_source_metadata_cli" name="test_initialization_run_check_rejects_invalid_mode_before_io[initialization2]" time="0.001" /><testcase classname="tests.test_source_metadata_cli" name="test_initialization_run_check_rejects_invalid_mode_before_io[initialization3]" time="0.001" /><testcase classname="tests.test_source_metadata_cli" name="test_initialization_run_check_rejects_invalid_mode_before_io[initialization4]" time="0.001" /><testcase classname="tests.test_source_metadata_cli" name="test_initialization_run_check_rejects_invalid_mode_before_io[initialization5]" time="0.001" /><testcase classname="tests.test_source_metadata_cli" name="test_initialization_run_check_rejects_invalid_mode_before_io[initialization6]" time="0.001" /><testcase classname="tests.test_source_metadata_cli" name="test_initialization_run_check_rejects_invalid_mode_before_io[initialization7]" time="0.001" /><testcase classname="tests.test_source_metadata_cli" name="test_initialization_run_check_rejects_invalid_mode_before_io[initialization8]" time="0.001" /><testcase classname="tests.test_source_metadata_cli" name="test_initialization_run_check_rejects_invalid_mode_before_io[initialization9]" time="0.001" /><testcase classname="tests.test_source_metadata_cli" name="test_initialization_run_check_rejects_invalid_mode_before_io[initialization10]" time="0.001" /><testcase classname="tests.test_source_metadata_cli" name="test_initialization_cli_rejects_missing_or_conflicting_modes_before_io[arguments0-one of the arguments --bootstrap --previous is required]" time="0.002" /><testcase classname="tests.test_source_metadata_cli" name="test_initialization_cli_rejects_missing_or_conflicting_modes_before_io[arguments1-not allowed with argument]" time="0.002" /><testcase classname="tests.test_source_metadata_cli" name="test_initialization_cli_forwards_explicit_mode_and_exit_code[0-True]" time="0.002" /><testcase classname="tests.test_source_metadata_cli" name="test_initialization_cli_forwards_explicit_mode_and_exit_code[0-False]" time="0.001" /><testcase classname="tests.test_source_metadata_cli" name="test_initialization_cli_forwards_explicit_mode_and_exit_code[1-True]" time="0.002" /><testcase classname="tests.test_source_metadata_cli" name="test_initialization_cli_forwards_explicit_mode_and_exit_code[1-False]" time="0.002" /><testcase classname="tests.test_source_metadata_cli" name="test_initialization_cli_forwards_explicit_mode_and_exit_code[2-True]" time="0.002" /><testcase classname="tests.test_source_metadata_cli" name="test_initialization_cli_forwards_explicit_mode_and_exit_code[2-False]" time="0.001" /></testsuite></testsuites>