<?xml version="1.0" encoding="utf-8"?><testsuites name="pytest tests"><testsuite name="pytest" errors="0" failures="19" skipped="0" tests="19" time="3.084" timestamp="2026-09-13T13:14:07.851837+08:00" hostname="Prawn-E14"><testcase classname="tests.test_source_metadata_cli" name="test_initialization_run_check_rejects_invalid_mode_before_io[initialization0]" time="0.004"><failure message="AssertionError: Initialization must be checked before clock, paths, client or IO">tests\test_source_metadata_cli.py:31: in test_initialization_run_check_rejects_invalid_mode_before_io
    run_check(monitor.ROOT, monitor.ROOT / "qa/source-monitor/unused",
scripts\check_source_metadata.py:185: in run_check
    started = clock()
              ^^^^^^^
tests\test_source_metadata_cli.py:26: in forbidden
    raise AssertionError("Initialization must be checked before clock, paths, client or IO")
E   AssertionError: Initialization must be checked before clock, paths, client or IO</failure></testcase><testcase classname="tests.test_source_metadata_cli" name="test_initialization_run_check_rejects_invalid_mode_before_io[initialization1]" time="0.002"><failure message="TypeError: run_check() got an unexpected keyword argument 'bootstrap'">tests\test_source_metadata_cli.py:31: in test_initialization_run_check_rejects_invalid_mode_before_io
    run_check(monitor.ROOT, monitor.ROOT / "qa/source-monitor/unused",
E   TypeError: run_check() got an unexpected keyword argument 'bootstrap'</failure></testcase><testcase classname="tests.test_source_metadata_cli" name="test_initialization_run_check_rejects_invalid_mode_before_io[initialization2]" time="0.002"><failure message="TypeError: run_check() got an unexpected keyword argument 'bootstrap'">tests\test_source_metadata_cli.py:31: in test_initialization_run_check_rejects_invalid_mode_before_io
    run_check(monitor.ROOT, monitor.ROOT / "qa/source-monitor/unused",
E   TypeError: run_check() got an unexpected keyword argument 'bootstrap'</failure></testcase><testcase classname="tests.test_source_metadata_cli" name="test_initialization_run_check_rejects_invalid_mode_before_io[initialization3]" time="0.002"><failure message="TypeError: run_check() got an unexpected keyword argument 'bootstrap'">tests\test_source_metadata_cli.py:31: in test_initialization_run_check_rejects_invalid_mode_before_io
    run_check(monitor.ROOT, monitor.ROOT / "qa/source-monitor/unused",
E   TypeError: run_check() got an unexpected keyword argument 'bootstrap'</failure></testcase><testcase classname="tests.test_source_metadata_cli" name="test_initialization_run_check_rejects_invalid_mode_before_io[initialization4]" time="0.001"><failure message="TypeError: run_check() got an unexpected keyword argument 'bootstrap'">tests\test_source_metadata_cli.py:31: in test_initialization_run_check_rejects_invalid_mode_before_io
    run_check(monitor.ROOT, monitor.ROOT / "qa/source-monitor/unused",
E   TypeError: run_check() got an unexpected keyword argument 'bootstrap'</failure></testcase><testcase classname="tests.test_source_metadata_cli" name="test_initialization_run_check_rejects_invalid_mode_before_io[initialization5]" time="0.002"><failure message="TypeError: run_check() got an unexpected keyword argument 'bootstrap'">tests\test_source_metadata_cli.py:31: in test_initialization_run_check_rejects_invalid_mode_before_io
    run_check(monitor.ROOT, monitor.ROOT / "qa/source-monitor/unused",
E   TypeError: run_check() got an unexpected keyword argument 'bootstrap'</failure></testcase><testcase classname="tests.test_source_metadata_cli" name="test_initialization_run_check_rejects_invalid_mode_before_io[initialization6]" time="0.004"><failure message="TypeError: run_check() got an unexpected keyword argument 'bootstrap'">tests\test_source_metadata_cli.py:31: in test_initialization_run_check_rejects_invalid_mode_before_io
    run_check(monitor.ROOT, monitor.ROOT / "qa/source-monitor/unused",
E   TypeError: run_check() got an unexpected keyword argument 'bootstrap'</failure></testcase><testcase classname="tests.test_source_metadata_cli" name="test_initialization_run_check_rejects_invalid_mode_before_io[initialization7]" time="0.004"><failure message="TypeError: run_check() got an unexpected keyword argument 'bootstrap'">tests\test_source_metadata_cli.py:31: in test_initialization_run_check_rejects_invalid_mode_before_io
    run_check(monitor.ROOT, monitor.ROOT / "qa/source-monitor/unused",
E   TypeError: run_check() got an unexpected keyword argument 'bootstrap'</failure></testcase><testcase classname="tests.test_source_metadata_cli" name="test_initialization_run_check_rejects_invalid_mode_before_io[initialization8]" time="0.003"><failure message="AssertionError: Initialization must be checked before clock, paths, client or IO">tests\test_source_metadata_cli.py:31: in test_initialization_run_check_rejects_invalid_mode_before_io
    run_check(monitor.ROOT, monitor.ROOT / "qa/source-monitor/unused",
scripts\check_source_metadata.py:185: in run_check
    started = clock()
              ^^^^^^^
tests\test_source_metadata_cli.py:26: in forbidden
    raise AssertionError("Initialization must be checked before clock, paths, client or IO")
E   AssertionError: Initialization must be checked before clock, paths, client or IO</failure></testcase><testcase classname="tests.test_source_metadata_cli" name="test_initialization_run_check_rejects_invalid_mode_before_io[initialization9]" time="0.003"><failure message="AssertionError: Initialization must be checked before clock, paths, client or IO">tests\test_source_metadata_cli.py:31: in test_initialization_run_check_rejects_invalid_mode_before_io
    run_check(monitor.ROOT, monitor.ROOT / "qa/source-monitor/unused",
scripts\check_source_metadata.py:185: in run_check
    started = clock()
              ^^^^^^^
tests\test_source_metadata_cli.py:26: in forbidden
    raise AssertionError("Initialization must be checked before clock, paths, client or IO")
E   AssertionError: Initialization must be checked before clock, paths, client or IO</failure></testcase><testcase classname="tests.test_source_metadata_cli" name="test_initialization_run_check_rejects_invalid_mode_before_io[initialization10]" time="0.006"><failure message="AssertionError: Initialization must be checked before clock, paths, client or IO">tests\test_source_metadata_cli.py:31: in test_initialization_run_check_rejects_invalid_mode_before_io
    run_check(monitor.ROOT, monitor.ROOT / "qa/source-monitor/unused",
scripts\check_source_metadata.py:185: in run_check
    started = clock()
              ^^^^^^^
tests\test_source_metadata_cli.py:26: in forbidden
    raise AssertionError("Initialization must be checked before clock, paths, client or IO")
E   AssertionError: Initialization must be checked before clock, paths, client or IO</failure></testcase><testcase classname="tests.test_source_metadata_cli" name="test_initialization_cli_rejects_missing_or_conflicting_modes_before_io[arguments0-one of the arguments --bootstrap --previous is required]" time="0.008"><failure message="AssertionError: Invalid CLI initialization must not construct a client or run">tests\test_source_metadata_cli.py:56: in test_initialization_cli_rejects_missing_or_conflicting_modes_before_io
    monitor.main()
scripts\check_source_metadata.py:283: in main
    client = MetadataClient(max_requests=args.max_requests, max_seconds=args.max_seconds)
             ^^^^^^^^^^^^^^^^^^^^^^^^^^^^^^^^^^^^^^^^^^^^^^^^^^^^^^^^^^^^^^^^^^^^^^^^^^^^
tests\test_source_metadata_cli.py:42: in forbidden
    raise AssertionError("Invalid CLI initialization must not construct a client or run")
E   AssertionError: Invalid CLI initialization must not construct a client or run</failure></testcase><testcase classname="tests.test_source_metadata_cli" name="test_initialization_cli_rejects_missing_or_conflicting_modes_before_io[arguments1-not allowed with argument]" time="0.009"><failure message="AssertionError: assert 'not allowed with argument' in 'usage: check_source_metadata [-h] --output OUTPUT [--previous PREVIOUS]\n                             [--max-requests...                      [--max-seconds MAX_SECONDS]\ncheck_source_metadata: error: unrecognized arguments: --bootstrap\n'&#10; +  where 'usage: check_source_metadata [-h] --output OUTPUT [--previous PREVIOUS]\n                             [--max-requests...                      [--max-seconds MAX_SECONDS]\ncheck_source_metadata: error: unrecognized arguments: --bootstrap\n' = CaptureResult(out='', err='usage: check_source_metadata [-h] --output OUTPUT [--previous PREVIOUS]\n                  ...                     [--max-seconds MAX_SECONDS]\ncheck_source_metadata: error: unrecognized arguments: --bootstrap\n').err&#10; +    where CaptureResult(out='', err='usage: check_source_metadata [-h] --output OUTPUT [--previous PREVIOUS]\n                  ...                     [--max-seconds MAX_SECONDS]\ncheck_source_metadata: error: unrecognized arguments: --bootstrap\n') = readouterr()&#10; +      where readouterr = &lt;_pytest.capture.CaptureFixture object at 0x0000018862086CF0&gt;.readouterr">tests\test_source_metadata_cli.py:58: in test_initialization_cli_rejects_missing_or_conflicting_modes_before_io
    assert diagnostic in capsys.readouterr().err
E   AssertionError: assert 'not allowed with argument' in 'usage: check_source_metadata [-h] --output OUTPUT [--previous PREVIOUS]\n                             [--max-requests...                      [--max-seconds MAX_SECONDS]\ncheck_source_metadata: error: unrecognized arguments: --bootstrap\n'
E    +  where 'usage: check_source_metadata [-h] --output OUTPUT [--previous PREVIOUS]\n                             [--max-requests...                      [--max-seconds MAX_SECONDS]\ncheck_source_metadata: error: unrecognized arguments: --bootstrap\n' = CaptureResult(out='', err='usage: check_source_metadata [-h] --output OUTPUT [--previous PREVIOUS]\n                  ...                     [--max-seconds MAX_SECONDS]\ncheck_source_metadata: error: unrecognized arguments: --bootstrap\n').err
E    +    where CaptureResult(out='', err='usage: check_source_metadata [-h] --output OUTPUT [--previous PREVIOUS]\n                  ...                     [--max-seconds MAX_SECONDS]\ncheck_source_metadata: error: unrecognized arguments: --bootstrap\n') = readouterr()
E    +      where readouterr = &lt;_pytest.capture.CaptureFixture object at 0x0000018862086CF0&gt;.readouterr</failure></testcase><testcase classname="tests.test_source_metadata_cli" name="test_initialization_cli_forwards_explicit_mode_and_exit_code[0-True]" time="0.006"><failure message="SystemExit: 2">tests\test_source_metadata_cli.py:83: in test_initialization_cli_forwards_explicit_mode_and_exit_code
    assert monitor.main() == code
           ^^^^^^^^^^^^^^
scripts\check_source_metadata.py:281: in main
    args = parser.parse_args()
           ^^^^^^^^^^^^^^^^^^^
C:\Program Files\Python312\Lib\argparse.py:1908: in parse_args
    self.error(msg)
C:\Program Files\Python312\Lib\argparse.py:2650: in error
    self.exit(2, _('%(prog)s: error: %(message)s\n') % args)
C:\Program Files\Python312\Lib\argparse.py:2637: in exit
    _sys.exit(status)
E   SystemExit: 2</failure></testcase><testcase classname="tests.test_source_metadata_cli" name="test_initialization_cli_forwards_explicit_mode_and_exit_code[0-False]" time="0.005"><failure message="KeyError: 'bootstrap'">tests\test_source_metadata_cli.py:83: in test_initialization_cli_forwards_explicit_mode_and_exit_code
    assert monitor.main() == code
           ^^^^^^^^^^^^^^
scripts\check_source_metadata.py:284: in main
    report, code = run_check(ROOT, args.output, previous=args.previous, client=client,
tests\test_source_metadata_cli.py:73: in checked
    assert kwargs["bootstrap"] is bootstrap and kwargs["previous"] == previous
           ^^^^^^^^^^^^^^^^^^^
E   KeyError: 'bootstrap'</failure></testcase><testcase classname="tests.test_source_metadata_cli" name="test_initialization_cli_forwards_explicit_mode_and_exit_code[1-True]" time="0.003"><failure message="SystemExit: 2">tests\test_source_metadata_cli.py:83: in test_initialization_cli_forwards_explicit_mode_and_exit_code
    assert monitor.main() == code
           ^^^^^^^^^^^^^^
scripts\check_source_metadata.py:281: in main
    args = parser.parse_args()
           ^^^^^^^^^^^^^^^^^^^
C:\Program Files\Python312\Lib\argparse.py:1908: in parse_args
    self.error(msg)
C:\Program Files\Python312\Lib\argparse.py:2650: in error
    self.exit(2, _('%(prog)s: error: %(message)s\n') % args)
C:\Program Files\Python312\Lib\argparse.py:2637: in exit
    _sys.exit(status)
E   SystemExit: 2</failure></testcase><testcase classname="tests.test_source_metadata_cli" name="test_initialization_cli_forwards_explicit_mode_and_exit_code[1-False]" time="0.003"><failure message="KeyError: 'bootstrap'">tests\test_source_metadata_cli.py:83: in test_initialization_cli_forwards_explicit_mode_and_exit_code
    assert monitor.main() == code
           ^^^^^^^^^^^^^^
scripts\check_source_metadata.py:284: in main
    report, code = run_check(ROOT, args.output, previous=args.previous, client=client,
tests\test_source_metadata_cli.py:73: in checked
    assert kwargs["bootstrap"] is bootstrap and kwargs["previous"] == previous
           ^^^^^^^^^^^^^^^^^^^
E   KeyError: 'bootstrap'</failure></testcase><testcase classname="tests.test_source_metadata_cli" name="test_initialization_cli_forwards_explicit_mode_and_exit_code[2-True]" time="0.004"><failure message="SystemExit: 2">tests\test_source_metadata_cli.py:83: in test_initialization_cli_forwards_explicit_mode_and_exit_code
    assert monitor.main() == code
           ^^^^^^^^^^^^^^
scripts\check_source_metadata.py:281: in main
    args = parser.parse_args()
           ^^^^^^^^^^^^^^^^^^^
C:\Program Files\Python312\Lib\argparse.py:1908: in parse_args
    self.error(msg)
C:\Program Files\Python312\Lib\argparse.py:2650: in error
    self.exit(2, _('%(prog)s: error: %(message)s\n') % args)
C:\Program Files\Python312\Lib\argparse.py:2637: in exit
    _sys.exit(status)
E   SystemExit: 2</failure></testcase><testcase classname="tests.test_source_metadata_cli" name="test_initialization_cli_forwards_explicit_mode_and_exit_code[2-False]" time="0.006"><failure message="KeyError: 'bootstrap'">tests\test_source_metadata_cli.py:83: in test_initialization_cli_forwards_explicit_mode_and_exit_code
    assert monitor.main() == code
           ^^^^^^^^^^^^^^
scripts\check_source_metadata.py:284: in main
    report, code = run_check(ROOT, args.output, previous=args.previous, client=client,
tests\test_source_metadata_cli.py:73: in checked
    assert kwargs["bootstrap"] is bootstrap and kwargs["previous"] == previous
           ^^^^^^^^^^^^^^^^^^^
E   KeyError: 'bootstrap'</failure></testcase></testsuite></testsuites>